% flexfolio Trainer!
% Published under GPLv2
% https://bitbucket.org/mlindauer/flexfolio
% Command line arguments:
% --aslib-dir MAXSAT2019/MAXSAT-2019-4-Cores/ --model-dir MAXSAT2019/models/4-core/ --preconf 3s --print-time MAXSAT2019/maxsat_results/MAXSAT-4core-3s.csv --t-aspeed 4
% Read MAXSAT2019/MAXSAT-2019-4-Cores/description.txt
% Read MAXSAT2019/MAXSAT-2019-4-Cores/algorithm_runs.arff
% Read MAXSAT2019/MAXSAT-2019-4-Cores/feature_values.arff
% Read MAXSAT2019/MAXSAT-2019-4-Cores/feature_runstatus.arff
% Read MAXSAT2019/MAXSAT-2019-4-Cores/feature_costs.arff
% Read MAXSAT2019/MAXSAT-2019-4-Cores/cv.arff
% 1-th repetition: 57,57,57,57,57,57,57,57,58,58 distribution
% Used Feature Steps (1): ALL
% Used features (54): reducedVars,VCG.CLAUSE.entropy,POSNEG.RATIO.VAR.entropy,HORNY.VAR.entropy,cluster.coeff.min,VCG.VAR.mean,VCG.VAR.entropy,HORNY.VAR.mean,nvarsOrig,POSNEG.RATIO.VAR.stdev,POSNEG.RATIO.VAR.max,nclauses,HORNY.VAR.min,VCG.VAR.coeff.variation,TRINARY.,VG.min,CG.entropy,cluster.coeff.coeff.variation,UNARY,cluster.coeff.entropy,horn.clauses.fraction,cluster.coeff.mean,CG.min,CG.max,Basic.featuretime,VG.max,VCG.VAR.min,Pre.featuretime,CG.featuretime,cluster.coeff.max,VCG.CLAUSE.min,VCG.VAR.max,VG.mean,nvars,POSNEG.RATIO.CLAUSE.coeff.variation,VCG.CLAUSE.mean,BINARY.,KLB.featuretime,POSNEG.RATIO.CLAUSE.min,VCG.CLAUSE.coeff.variation,VCG.CLAUSE.max,HORNY.VAR.coeff.variation,HORNY.VAR.max,POSNEG.RATIO.VAR.mean,POSNEG.RATIO.CLAUSE.entropy,POSNEG.RATIO.CLAUSE.max,POSNEG.RATIO.CLAUSE.mean,nclausesOrig,POSNEG.RATIO.VAR.min,CG.coeff.variation,vars.clauses.ratio,VG.coeff.variation,reducedClauses,CG.mean
% 
% Check Consistency and Completeness of input data
% Instances: 		 572
% Algorithms: 		 7
% Incomplete Feature Vector: 	 0 (maybe imputed)
% Unsolvable Instances (status): 	 128
% Unsolvable Instances (runtime): 	 128
% Valid Instances: 	 444
% Presolved: 		 0
% Average Feature Costs: 	 159.5876
% Use given CV of 1-th repetition
% >>> 1-th iteration<<<
% Backup Solver: UWrMaxSat-1.0
% 
% >>> Algorithm Scheduler: Aspeed <<<
% 
% >>> 1-th iteration<<<
% Backup Solver: UWrMaxSat-1.0
% Input Instances for Training: 464 (-unsolvable)
% Used Instances for Training: 464 (-unsolvable)
% Train with k-NN
% PAR10 on current test set: 11449.51 (51 instances)
% >>> 2-th iteration<<<
% Backup Solver: UWrMaxSat-1.0
% Input Instances for Training: 464 (-unsolvable)
% Used Instances for Training: 464 (-unsolvable)
% Train with k-NN
% PAR10 on current test set: 8578.56 (51 instances)
% >>> 3-th iteration<<<
% Backup Solver: UWrMaxSat-1.0
% Input Instances for Training: 464 (-unsolvable)
% Used Instances for Training: 464 (-unsolvable)
% Train with k-NN
% PAR10 on current test set: 11401.47 (51 instances)
% >>> 4-th iteration<<<
% Backup Solver: UWrMaxSat-1.0
% Input Instances for Training: 464 (-unsolvable)
% Used Instances for Training: 464 (-unsolvable)
% Train with k-NN
% PAR10 on current test set: 13529.69 (51 instances)
% >>> 5-th iteration<<<
% Backup Solver: UWrMaxSat-1.0
% Input Instances for Training: 464 (-unsolvable)
% Used Instances for Training: 464 (-unsolvable)
% Train with k-NN
% PAR10 on current test set: 6518.96 (51 instances)
% >>> 6-th iteration<<<
% Backup Solver: UWrMaxSat-1.0
% Input Instances for Training: 463 (-unsolvable)
% Used Instances for Training: 463 (-unsolvable)
% Train with k-NN
% PAR10 on current test set: 7039.45 (52 instances)
% >>> 7-th iteration<<<
% Backup Solver: UWrMaxSat-1.0
% Input Instances for Training: 463 (-unsolvable)
% Used Instances for Training: 463 (-unsolvable)
% Train with k-NN
% PAR10 on current test set: 11913.25 (52 instances)
% >>> 8-th iteration<<<
% Backup Solver: UWrMaxSat-1.0
% Input Instances for Training: 463 (-unsolvable)
% Used Instances for Training: 463 (-unsolvable)
% Train with k-NN
% PAR10 on current test set: 12522.73 (52 instances)
% >>> 9-th iteration<<<
% Backup Solver: UWrMaxSat-1.0
% Input Instances for Training: 463 (-unsolvable)
% Used Instances for Training: 463 (-unsolvable)
% Train with k-NN
% PAR10 on current test set: 11153.79 (52 instances)
% >>> 10-th iteration<<<
% Backup Solver: UWrMaxSat-1.0
% Input Instances for Training: 463 (-unsolvable)
% Used Instances for Training: 463 (-unsolvable)
% Train with k-NN
% PAR10 on current test set: 11176.57 (52 instances)
% 
%  >>> Instances: 515 <<<
%  >>> Oracle Evaluation (w/o unsolved) <<<
% 
% Unsolved (not by any algorithm and not by feature computation): 116
% PAR1 time: 889.794369 (101.864912)
% Par10 time: 8187.433204 (101.574186)
% #TOs: 116 (0)
% 
%  >>> Cross Fold Evaluation <<<
% 
% Presolved: 0
% Prediction ties: 0
% >>>With Unsolvable Instances
% Timeouts (with unsolved): 149
% Solved (perc) (with unsolved): 0.7107
% PAR1 (with unsolved): 1156.68
% PAR10 (with unsolved): 10530.66
% >>>Without Unsolved Instances (depends on pre-solved in feature groups)
% Timeouts (without unsolved): 33
% Solved (perc) (without unsolved): 0.9173
% PAR1 (without unsolved): 446.34
% PAR10 (without unsolved): 3126.04
% 
% Time used by each solver: {'QMaxSAT2018': 0, 'Open-WBO-ms-pre': 91194.99999999997, 'UWrMaxSat-1.0': 231681.95001000003, 'MaxHS': 165302.23002, 'Open-WBO-g': 10.1, 'maxino2018': 46333.21000000002, 'Open-WBO-ms': 18026.87}
% Optimal Time used by each solver: {'QMaxSAT2018': 420564.7700000001, 'Open-WBO-ms-pre': 15892.28, 'UWrMaxSat-1.0': 2115.59003, 'MaxHS': 14024.7, 'Open-WBO-g': 717.16, 'maxino2018': 1528.7800100000004, 'Open-WBO-ms': 3400.8199999999997}
% src/../binaries/runsolver -w /dev/null -M 6000 -W 1000 src/../binaries/gringo src/trainer/aspeed/enc/encoding-bounded-paper-Step1.lp /pfs/tc1/gscratch/hkashgar/flexfolio/MAXSAT2019/models/4-core/ASPEEDuxKG0k.facts -c maxsolver=100 -c optMode=1 -c maxPreSlice=360 -c cores=4 -c featTime=360
% src/../binaries/runsolver -w /dev/null -M 6000 -W 1000 src/../binaries/clasp /pfs/tc1/gscratch/hkashgar/flexfolio/MAXSAT2019/models/4-core/GROUNDLJBFri.gr --quiet=1,1
% 
% Schedule {1: {'claspfolio': 3600.0}, 2: {'claspfolio': 3600.0}, 3: {'claspfolio': 3600.0}, 4: {'claspfolio': 3536.0, 'MaxHS': 64}}
% 
% >>> End of Algorithm Scheduler <<<
% 
% Input Instances for Training: 515 (-unsolvable)
% Used Instances for Training: 515 (-unsolvable)
% Train with k-NN
% Pre-Solving schedule: {1: {'claspfolio': 3600.0}, 2: {'claspfolio': 3600.0}, 3: {'claspfolio': 3600.0}, 4: {'claspfolio': 3536.0, 'MaxHS': 64}}
% PAR10 on current test set: 8991.26 (57 instances)
% >>> 2-th iteration<<<
% Backup Solver: UWrMaxSat-1.0
% 
% >>> Algorithm Scheduler: Aspeed <<<
% 
% >>> 1-th iteration<<<
% Backup Solver: UWrMaxSat-1.0
% Input Instances for Training: 464 (-unsolvable)
% Used Instances for Training: 464 (-unsolvable)
% Train with k-NN
% PAR10 on current test set: 10052.74 (51 instances)
% >>> 2-th iteration<<<
% Backup Solver: UWrMaxSat-1.0
% Input Instances for Training: 464 (-unsolvable)
% Used Instances for Training: 464 (-unsolvable)
% Train with k-NN
% PAR10 on current test set: 9988.05 (51 instances)
% >>> 3-th iteration<<<
% Backup Solver: UWrMaxSat-1.0
% Input Instances for Training: 464 (-unsolvable)
% Used Instances for Training: 464 (-unsolvable)
% Train with k-NN
% PAR10 on current test set: 7871.81 (51 instances)
% >>> 4-th iteration<<<
% Backup Solver: UWrMaxSat-1.0
% Input Instances for Training: 464 (-unsolvable)
% Used Instances for Training: 464 (-unsolvable)
% Train with k-NN
% PAR10 on current test set: 13529.25 (51 instances)
% >>> 5-th iteration<<<
% Backup Solver: UWrMaxSat-1.0
% Input Instances for Training: 464 (-unsolvable)
% Used Instances for Training: 464 (-unsolvable)
% Train with k-NN
% PAR10 on current test set: 9294.33 (51 instances)
% >>> 6-th iteration<<<
% Backup Solver: UWrMaxSat-1.0
% Input Instances for Training: 463 (-unsolvable)
% Used Instances for Training: 463 (-unsolvable)
% Train with k-NN
% PAR10 on current test set: 7708.05 (52 instances)
% >>> 7-th iteration<<<
% Backup Solver: UWrMaxSat-1.0
% Input Instances for Training: 463 (-unsolvable)
% Used Instances for Training: 463 (-unsolvable)
% Train with k-NN
% PAR10 on current test set: 11996.21 (52 instances)
% >>> 8-th iteration<<<
% Backup Solver: UWrMaxSat-1.0
% Input Instances for Training: 463 (-unsolvable)
% Used Instances for Training: 463 (-unsolvable)
% Train with k-NN
% PAR10 on current test set: 13275.91 (52 instances)
% >>> 9-th iteration<<<
% Backup Solver: UWrMaxSat-1.0
% Input Instances for Training: 463 (-unsolvable)
% Used Instances for Training: 463 (-unsolvable)
% Train with k-NN
% PAR10 on current test set: 11869.82 (52 instances)
% >>> 10-th iteration<<<
% Backup Solver: UWrMaxSat-1.0
% Input Instances for Training: 463 (-unsolvable)
% Used Instances for Training: 463 (-unsolvable)
% Train with k-NN
% PAR10 on current test set: 9089.02 (52 instances)
% 
%  >>> Instances: 515 <<<
%  >>> Oracle Evaluation (w/o unsolved) <<<
% 
% Unsolved (not by any algorithm and not by feature computation): 114
% PAR1 time: 879.220058 (105.731496)
% Par10 time: 8051.037534 (105.447207)
% #TOs: 114 (0)
% 
%  >>> Cross Fold Evaluation <<<
% 
% Presolved: 0
% Prediction ties: 0
% >>>With Unsolvable Instances
% Timeouts (with unsolved): 148
% Solved (perc) (with unsolved): 0.7126
% PAR1 (with unsolved): 1159.56
% PAR10 (with unsolved): 10470.63
% >>>Without Unsolved Instances (depends on pre-solved in feature groups)
% Timeouts (without unsolved): 34
% Solved (perc) (without unsolved): 0.9152
% PAR1 (without unsolved): 465.77
% PAR10 (without unsolved): 3212.90
% 
% Time used by each solver: {'QMaxSAT2018': 0, 'Open-WBO-ms-pre': 86409.39999999998, 'UWrMaxSat-1.0': 235681.01000999988, 'MaxHS': 156861.47000000003, 'Open-WBO-g': 3599.75, 'maxino2018': 25576.080000000013, 'Open-WBO-ms': 43426.43000000001}
% Optimal Time used by each solver: {'QMaxSAT2018': 413430.49000000005, 'Open-WBO-ms-pre': 15875.82, 'UWrMaxSat-1.0': 2656.38001, 'MaxHS': 15243.09, 'Open-WBO-g': 759.5999999999999, 'maxino2018': 1387.7200000000005, 'Open-WBO-ms': 3445.2299999999996}
% src/../binaries/runsolver -w /dev/null -M 6000 -W 1000 src/../binaries/gringo src/trainer/aspeed/enc/encoding-bounded-paper-Step1.lp /pfs/tc1/gscratch/hkashgar/flexfolio/MAXSAT2019/models/4-core/ASPEEDbcqF8l.facts -c maxsolver=100 -c optMode=1 -c maxPreSlice=360 -c cores=4 -c featTime=360
% src/../binaries/runsolver -w /dev/null -M 6000 -W 1000 src/../binaries/clasp /pfs/tc1/gscratch/hkashgar/flexfolio/MAXSAT2019/models/4-core/GROUNDGBmck2.gr --quiet=1,1
% 
% Schedule {1: {'claspfolio': 3536.0, 'MaxHS': 64}, 2: {'claspfolio': 3600.0}, 3: {'claspfolio': 3600.0}, 4: {'claspfolio': 3600.0}}
% 
% >>> End of Algorithm Scheduler <<<
% 
% Input Instances for Training: 515 (-unsolvable)
% Used Instances for Training: 515 (-unsolvable)
% Train with k-NN
% Pre-Solving schedule: {1: {'claspfolio': 3536.0, 'MaxHS': 64}, 2: {'claspfolio': 3600.0}, 3: {'claspfolio': 3600.0}, 4: {'claspfolio': 3600.0}}
% PAR10 on current test set: 8947.61 (57 instances)
% >>> 3-th iteration<<<
% Backup Solver: UWrMaxSat-1.0
% 
% >>> Algorithm Scheduler: Aspeed <<<
% 
% >>> 1-th iteration<<<
% Backup Solver: UWrMaxSat-1.0
% Input Instances for Training: 464 (-unsolvable)
% Used Instances for Training: 464 (-unsolvable)
% Train with k-NN
% PAR10 on current test set: 11403.63 (51 instances)
% >>> 2-th iteration<<<
% Backup Solver: UWrMaxSat-1.0
% Input Instances for Training: 464 (-unsolvable)
% Used Instances for Training: 464 (-unsolvable)
% Train with k-NN
% PAR10 on current test set: 12096.12 (51 instances)
% >>> 3-th iteration<<<
% Backup Solver: UWrMaxSat-1.0
% Input Instances for Training: 464 (-unsolvable)
% Used Instances for Training: 464 (-unsolvable)
% Train with k-NN
% PAR10 on current test set: 6476.29 (51 instances)
% >>> 4-th iteration<<<
% Backup Solver: UWrMaxSat-1.0
% Input Instances for Training: 464 (-unsolvable)
% Used Instances for Training: 464 (-unsolvable)
% Train with k-NN
% PAR10 on current test set: 11392.26 (51 instances)
% >>> 5-th iteration<<<
% Backup Solver: UWrMaxSat-1.0
% Input Instances for Training: 464 (-unsolvable)
% Used Instances for Training: 464 (-unsolvable)
% Train with k-NN
% PAR10 on current test set: 10719.68 (51 instances)
% >>> 6-th iteration<<<
% Backup Solver: UWrMaxSat-1.0
% Input Instances for Training: 463 (-unsolvable)
% Used Instances for Training: 463 (-unsolvable)
% Train with k-NN
% PAR10 on current test set: 11208.57 (52 instances)
% >>> 7-th iteration<<<
% Backup Solver: UWrMaxSat-1.0
% Input Instances for Training: 463 (-unsolvable)
% Used Instances for Training: 463 (-unsolvable)
% Train with k-NN
% PAR10 on current test set: 11854.87 (52 instances)
% >>> 8-th iteration<<<
% Backup Solver: UWrMaxSat-1.0
% Input Instances for Training: 463 (-unsolvable)
% Used Instances for Training: 463 (-unsolvable)
% Train with k-NN
% PAR10 on current test set: 11186.39 (52 instances)
% >>> 9-th iteration<<<
% Backup Solver: UWrMaxSat-1.0
% Input Instances for Training: 463 (-unsolvable)
% Used Instances for Training: 463 (-unsolvable)
% Train with k-NN
% PAR10 on current test set: 11195.64 (52 instances)
% >>> 10-th iteration<<<
% Backup Solver: UWrMaxSat-1.0
% Input Instances for Training: 463 (-unsolvable)
% Used Instances for Training: 463 (-unsolvable)
% Train with k-NN
% PAR10 on current test set: 8430.86 (52 instances)
% 
%  >>> Instances: 515 <<<
%  >>> Oracle Evaluation (w/o unsolved) <<<
% 
% Unsolved (not by any algorithm and not by feature computation): 117
% PAR1 time: 896.892913 (102.260930)
% Par10 time: 8257.442427 (101.966960)
% #TOs: 117 (0)
% 
%  >>> Cross Fold Evaluation <<<
% 
% Presolved: 0
% Prediction ties: 0
% >>>With Unsolvable Instances
% Timeouts (with unsolved): 150
% Solved (perc) (with unsolved): 0.7087
% PAR1 (with unsolved): 1161.27
% PAR10 (with unsolved): 10598.17
% >>>Without Unsolved Instances (depends on pre-solved in feature groups)
% Timeouts (without unsolved): 33
% Solved (perc) (without unsolved): 0.9171
% PAR1 (without unsolved): 444.36
% PAR10 (without unsolved): 3130.79
% 
% Time used by each solver: {'QMaxSAT2018': 0, 'Open-WBO-ms-pre': 88670.15999999999, 'UWrMaxSat-1.0': 268457.8100099999, 'MaxHS': 109928.62002, 'Open-WBO-g': 0, 'maxino2018': 11089.72, 'Open-WBO-ms': 75683.13}
% Optimal Time used by each solver: {'QMaxSAT2018': 424025.5400000001, 'Open-WBO-ms-pre': 13512.54, 'UWrMaxSat-1.0': 2394.74003, 'MaxHS': 16222.23, 'Open-WBO-g': 812.1, 'maxino2018': 1487.4700100000002, 'Open-WBO-ms': 3445.2299999999996}
% src/../binaries/runsolver -w /dev/null -M 6000 -W 1000 src/../binaries/gringo src/trainer/aspeed/enc/encoding-bounded-paper-Step1.lp /pfs/tc1/gscratch/hkashgar/flexfolio/MAXSAT2019/models/4-core/ASPEEDmn2WiB.facts -c maxsolver=100 -c optMode=1 -c maxPreSlice=360 -c cores=4 -c featTime=360
% src/../binaries/runsolver -w /dev/null -M 6000 -W 1000 src/../binaries/clasp /pfs/tc1/gscratch/hkashgar/flexfolio/MAXSAT2019/models/4-core/GROUNDAD2B8E.gr --quiet=1,1
% 
% Schedule {1: {'claspfolio': 3600.0}, 2: {'claspfolio': 3600.0}, 3: {'claspfolio': 3600.0}, 4: {'claspfolio': 3536.0, 'MaxHS': 64}}
% 
% >>> End of Algorithm Scheduler <<<
% 
% Input Instances for Training: 515 (-unsolvable)
% Used Instances for Training: 515 (-unsolvable)
% Train with k-NN
% Pre-Solving schedule: {1: {'claspfolio': 3600.0}, 2: {'claspfolio': 3600.0}, 3: {'claspfolio': 3600.0}, 4: {'claspfolio': 3536.0, 'MaxHS': 64}}
% PAR10 on current test set: 8331.43 (57 instances)
% >>> 4-th iteration<<<
% Backup Solver: UWrMaxSat-1.0
% 
% >>> Algorithm Scheduler: Aspeed <<<
% 
% >>> 1-th iteration<<<
% Backup Solver: UWrMaxSat-1.0
% Input Instances for Training: 464 (-unsolvable)
% Used Instances for Training: 464 (-unsolvable)
% Train with k-NN
% PAR10 on current test set: 12824.43 (51 instances)
% >>> 2-th iteration<<<
% Backup Solver: UWrMaxSat-1.0
% Input Instances for Training: 464 (-unsolvable)
% Used Instances for Training: 464 (-unsolvable)
% Train with k-NN
% PAR10 on current test set: 6468.96 (51 instances)
% >>> 3-th iteration<<<
% Backup Solver: UWrMaxSat-1.0
% Input Instances for Training: 464 (-unsolvable)
% Used Instances for Training: 464 (-unsolvable)
% Train with k-NN
% PAR10 on current test set: 7197.39 (51 instances)
% >>> 4-th iteration<<<
% Backup Solver: UWrMaxSat-1.0
% Input Instances for Training: 464 (-unsolvable)
% Used Instances for Training: 464 (-unsolvable)
% Train with k-NN
% PAR10 on current test set: 11400.98 (51 instances)
% >>> 5-th iteration<<<
% Backup Solver: UWrMaxSat-1.0
% Input Instances for Training: 464 (-unsolvable)
% Used Instances for Training: 464 (-unsolvable)
% Train with k-NN
% PAR10 on current test set: 10031.49 (51 instances)
% >>> 6-th iteration<<<
% Backup Solver: UWrMaxSat-1.0
% Input Instances for Training: 463 (-unsolvable)
% Used Instances for Training: 463 (-unsolvable)
% Train with k-NN
% PAR10 on current test set: 8450.86 (52 instances)
% >>> 7-th iteration<<<
% Backup Solver: UWrMaxSat-1.0
% Input Instances for Training: 463 (-unsolvable)
% Used Instances for Training: 463 (-unsolvable)
% Train with k-NN
% PAR10 on current test set: 12560.65 (52 instances)
% >>> 8-th iteration<<<
% Backup Solver: UWrMaxSat-1.0
% Input Instances for Training: 463 (-unsolvable)
% Used Instances for Training: 463 (-unsolvable)
% Train with k-NN
% PAR10 on current test set: 12572.59 (52 instances)
% >>> 9-th iteration<<<
% Backup Solver: UWrMaxSat-1.0
% Input Instances for Training: 463 (-unsolvable)
% Used Instances for Training: 463 (-unsolvable)
% Train with k-NN
% PAR10 on current test set: 11208.64 (52 instances)
% >>> 10-th iteration<<<
% Backup Solver: UWrMaxSat-1.0
% Input Instances for Training: 463 (-unsolvable)
% Used Instances for Training: 463 (-unsolvable)
% Train with k-NN
% PAR10 on current test set: 11197.37 (52 instances)
% 
%  >>> Instances: 515 <<<
%  >>> Oracle Evaluation (w/o unsolved) <<<
% 
% Unsolved (not by any algorithm and not by feature computation): 117
% PAR1 time: 893.050680 (97.289196)
% Par10 time: 8253.600194 (96.995226)
% #TOs: 117 (0)
% 
%  >>> Cross Fold Evaluation <<<
% 
% Presolved: 0
% Prediction ties: 0
% >>>With Unsolvable Instances
% Timeouts (with unsolved): 147
% Solved (perc) (with unsolved): 0.7146
% PAR1 (with unsolved): 1151.01
% PAR10 (with unsolved): 10399.17
% >>>Without Unsolved Instances (depends on pre-solved in feature groups)
% Timeouts (without unsolved): 30
% Solved (perc) (without unsolved): 0.9246
% PAR1 (without unsolved): 431.08
% PAR10 (without unsolved): 2873.29
% 
% Time used by each solver: {'QMaxSAT2018': 0, 'Open-WBO-ms-pre': 68374.00000000001, 'UWrMaxSat-1.0': 221574.93001, 'MaxHS': 182199.3900200001, 'Open-WBO-g': 3579.39, 'maxino2018': 25354.040000000005, 'Open-WBO-ms': 46889.9}
% Optimal Time used by each solver: {'QMaxSAT2018': 424230.31000000006, 'Open-WBO-ms-pre': 16017.95, 'UWrMaxSat-1.0': 2571.67003, 'MaxHS': 12032.360000000002, 'Open-WBO-g': 811.1800000000001, 'maxino2018': 888.08001, 'Open-WBO-ms': 3369.5499999999997}
% src/../binaries/runsolver -w /dev/null -M 6000 -W 1000 src/../binaries/gringo src/trainer/aspeed/enc/encoding-bounded-paper-Step1.lp /pfs/tc1/gscratch/hkashgar/flexfolio/MAXSAT2019/models/4-core/ASPEEDzvCL08.facts -c maxsolver=100 -c optMode=1 -c maxPreSlice=360 -c cores=4 -c featTime=360
% src/../binaries/runsolver -w /dev/null -M 6000 -W 1000 src/../binaries/clasp /pfs/tc1/gscratch/hkashgar/flexfolio/MAXSAT2019/models/4-core/GROUND2CFIOz.gr --quiet=1,1
% 
% Schedule {1: {'claspfolio': 3600.0}, 2: {'claspfolio': 3600.0}, 3: {'claspfolio': 3600.0}, 4: {'claspfolio': 3240.0, 'MaxHS': 360.0}}
% 
% >>> End of Algorithm Scheduler <<<
% 
% Input Instances for Training: 515 (-unsolvable)
% Used Instances for Training: 515 (-unsolvable)
% Train with k-NN
% Pre-Solving schedule: {1: {'claspfolio': 3600.0}, 2: {'claspfolio': 3600.0}, 3: {'claspfolio': 3600.0}, 4: {'claspfolio': 3240.0, 'MaxHS': 360.0}}
% PAR10 on current test set: 10814.35 (57 instances)
% >>> 5-th iteration<<<
% Backup Solver: UWrMaxSat-1.0
% 
% >>> Algorithm Scheduler: Aspeed <<<
% 
% >>> 1-th iteration<<<
% Backup Solver: UWrMaxSat-1.0
% Input Instances for Training: 464 (-unsolvable)
% Used Instances for Training: 464 (-unsolvable)
% Train with k-NN
% PAR10 on current test set: 12849.75 (51 instances)
% >>> 2-th iteration<<<
% Backup Solver: UWrMaxSat-1.0
% Input Instances for Training: 464 (-unsolvable)
% Used Instances for Training: 464 (-unsolvable)
% Train with k-NN
% PAR10 on current test set: 9261.03 (51 instances)
% >>> 3-th iteration<<<
% Backup Solver: UWrMaxSat-1.0
% Input Instances for Training: 464 (-unsolvable)
% Used Instances for Training: 464 (-unsolvable)
% Train with k-NN
% PAR10 on current test set: 8588.66 (51 instances)
% >>> 4-th iteration<<<
% Backup Solver: UWrMaxSat-1.0
% Input Instances for Training: 464 (-unsolvable)
% Used Instances for Training: 464 (-unsolvable)
% Train with k-NN
% PAR10 on current test set: 11399.03 (51 instances)
% >>> 5-th iteration<<<
% Backup Solver: UWrMaxSat-1.0
% Input Instances for Training: 464 (-unsolvable)
% Used Instances for Training: 464 (-unsolvable)
% Train with k-NN
% PAR10 on current test set: 11419.71 (51 instances)
% >>> 6-th iteration<<<
% Backup Solver: UWrMaxSat-1.0
% Input Instances for Training: 463 (-unsolvable)
% Used Instances for Training: 463 (-unsolvable)
% Train with k-NN
% PAR10 on current test set: 8428.77 (52 instances)
% >>> 7-th iteration<<<
% Backup Solver: UWrMaxSat-1.0
% Input Instances for Training: 463 (-unsolvable)
% Used Instances for Training: 463 (-unsolvable)
% Train with k-NN
% PAR10 on current test set: 8428.52 (52 instances)
% >>> 8-th iteration<<<
% Backup Solver: UWrMaxSat-1.0
% Input Instances for Training: 463 (-unsolvable)
% Used Instances for Training: 463 (-unsolvable)
% Train with k-NN
% PAR10 on current test set: 9845.98 (52 instances)
% >>> 9-th iteration<<<
% Backup Solver: UWrMaxSat-1.0
% Input Instances for Training: 463 (-unsolvable)
% Used Instances for Training: 463 (-unsolvable)
% Train with k-NN
% PAR10 on current test set: 10516.99 (52 instances)
% >>> 10-th iteration<<<
% Backup Solver: UWrMaxSat-1.0
% Input Instances for Training: 463 (-unsolvable)
% Used Instances for Training: 463 (-unsolvable)
% Train with k-NN
% PAR10 on current test set: 9763.53 (52 instances)
% 
%  >>> Instances: 515 <<<
%  >>> Oracle Evaluation (w/o unsolved) <<<
% 
% Unsolved (not by any algorithm and not by feature computation): 114
% PAR1 time: 880.817456 (107.783018)
% Par10 time: 8052.634932 (107.498728)
% #TOs: 114 (0)
% 
%  >>> Cross Fold Evaluation <<<
% 
% Presolved: 0
% Prediction ties: 0
% >>>With Unsolvable Instances
% Timeouts (with unsolved): 142
% Solved (perc) (with unsolved): 0.7243
% PAR1 (with unsolved): 1110.26
% PAR10 (with unsolved): 10043.85
% >>>Without Unsolved Instances (depends on pre-solved in feature groups)
% Timeouts (without unsolved): 28
% Solved (perc) (without unsolved): 0.9302
% PAR1 (without unsolved): 402.45
% PAR10 (without unsolved): 2664.80
% 
% Time used by each solver: {'QMaxSAT2018': 1372.8, 'Open-WBO-ms-pre': 72500.63000000002, 'UWrMaxSat-1.0': 221050.1700099999, 'MaxHS': 147477.06002000003, 'Open-WBO-g': 12.78, 'maxino2018': 29838.71000000002, 'Open-WBO-ms': 54078.45000000001}
% Optimal Time used by each solver: {'QMaxSAT2018': 413030.6700000001, 'Open-WBO-ms-pre': 15832.26, 'UWrMaxSat-1.0': 2564.61003, 'MaxHS': 16710.800000000003, 'Open-WBO-g': 565.31, 'maxino2018': 1474.3500100000003, 'Open-WBO-ms': 3442.9899999999993}
% src/../binaries/runsolver -w /dev/null -M 6000 -W 1000 src/../binaries/gringo src/trainer/aspeed/enc/encoding-bounded-paper-Step1.lp /pfs/tc1/gscratch/hkashgar/flexfolio/MAXSAT2019/models/4-core/ASPEEDT7yWKh.facts -c maxsolver=100 -c optMode=1 -c maxPreSlice=360 -c cores=4 -c featTime=360
% src/../binaries/runsolver -w /dev/null -M 6000 -W 1000 src/../binaries/clasp /pfs/tc1/gscratch/hkashgar/flexfolio/MAXSAT2019/models/4-core/GROUNDWUjCxJ.gr --quiet=1,1
% 
% Schedule {1: {'claspfolio': 3600.0}, 2: {'claspfolio': 3600.0}, 3: {'claspfolio': 3600.0}, 4: {'claspfolio': 3536.0, 'MaxHS': 64}}
% 
% >>> End of Algorithm Scheduler <<<
% 
% Input Instances for Training: 515 (-unsolvable)
% Used Instances for Training: 515 (-unsolvable)
% Train with k-NN
% Pre-Solving schedule: {1: {'claspfolio': 3600.0}, 2: {'claspfolio': 3600.0}, 3: {'claspfolio': 3600.0}, 4: {'claspfolio': 3536.0, 'MaxHS': 64}}
% PAR10 on current test set: 10203.94 (57 instances)
% >>> 6-th iteration<<<
% Backup Solver: UWrMaxSat-1.0
% 
% >>> Algorithm Scheduler: Aspeed <<<
% 
% >>> 1-th iteration<<<
% Backup Solver: UWrMaxSat-1.0
% Input Instances for Training: 464 (-unsolvable)
% Used Instances for Training: 464 (-unsolvable)
% Train with k-NN
% PAR10 on current test set: 9365.11 (51 instances)
% >>> 2-th iteration<<<
% Backup Solver: UWrMaxSat-1.0
% Input Instances for Training: 464 (-unsolvable)
% Used Instances for Training: 464 (-unsolvable)
% Train with k-NN
% PAR10 on current test set: 13497.21 (51 instances)
% >>> 3-th iteration<<<
% Backup Solver: UWrMaxSat-1.0
% Input Instances for Training: 464 (-unsolvable)
% Used Instances for Training: 464 (-unsolvable)
% Train with k-NN
% PAR10 on current test set: 8555.48 (51 instances)
% >>> 4-th iteration<<<
% Backup Solver: UWrMaxSat-1.0
% Input Instances for Training: 464 (-unsolvable)
% Used Instances for Training: 464 (-unsolvable)
% Train with k-NN
% PAR10 on current test set: 10067.73 (51 instances)
% >>> 5-th iteration<<<
% Backup Solver: UWrMaxSat-1.0
% Input Instances for Training: 464 (-unsolvable)
% Used Instances for Training: 464 (-unsolvable)
% Train with k-NN
% PAR10 on current test set: 9967.04 (51 instances)
% >>> 6-th iteration<<<
% Backup Solver: UWrMaxSat-1.0
% Input Instances for Training: 463 (-unsolvable)
% Used Instances for Training: 463 (-unsolvable)
% Train with k-NN
% PAR10 on current test set: 7735.81 (52 instances)
% >>> 7-th iteration<<<
% Backup Solver: UWrMaxSat-1.0
% Input Instances for Training: 463 (-unsolvable)
% Used Instances for Training: 463 (-unsolvable)
% Train with k-NN
% PAR10 on current test set: 9115.86 (52 instances)
% >>> 8-th iteration<<<
% Backup Solver: UWrMaxSat-1.0
% Input Instances for Training: 463 (-unsolvable)
% Used Instances for Training: 463 (-unsolvable)
% Train with k-NN
% PAR10 on current test set: 13299.56 (52 instances)
% >>> 9-th iteration<<<
% Backup Solver: UWrMaxSat-1.0
% Input Instances for Training: 463 (-unsolvable)
% Used Instances for Training: 463 (-unsolvable)
% Train with k-NN
% PAR10 on current test set: 16676.81 (52 instances)
% >>> 10-th iteration<<<
% Backup Solver: UWrMaxSat-1.0
% Input Instances for Training: 463 (-unsolvable)
% Used Instances for Training: 463 (-unsolvable)
% Train with k-NN
% PAR10 on current test set: 7020.12 (52 instances)
% 
%  >>> Instances: 515 <<<
%  >>> Oracle Evaluation (w/o unsolved) <<<
% 
% Unsolved (not by any algorithm and not by feature computation): 119
% PAR1 time: 912.341515 (104.686566)
% Par10 time: 8398.712388 (104.386061)
% #TOs: 119 (0)
% 
%  >>> Cross Fold Evaluation <<<
% 
% Presolved: 0
% Prediction ties: 0
% >>>With Unsolvable Instances
% Timeouts (with unsolved): 149
% Solved (perc) (with unsolved): 0.7107
% PAR1 (with unsolved): 1158.42
% PAR10 (with unsolved): 10532.40
% >>>Without Unsolved Instances (depends on pre-solved in feature groups)
% Timeouts (without unsolved): 30
% Solved (perc) (without unsolved): 0.9242
% PAR1 (without unsolved): 424.71
% PAR10 (without unsolved): 2879.26
% 
% Time used by each solver: {'QMaxSAT2018': 0, 'Open-WBO-ms-pre': 71941.49000000002, 'UWrMaxSat-1.0': 224598.60999999984, 'MaxHS': 192909.1400200001, 'Open-WBO-g': 0, 'maxino2018': 26442.950000000004, 'Open-WBO-ms': 35952.57}
% Optimal Time used by each solver: {'QMaxSAT2018': 431291.6400000001, 'Open-WBO-ms-pre': 16012.690000000002, 'UWrMaxSat-1.0': 2572.3800200000005, 'MaxHS': 14619.870000000003, 'Open-WBO-g': 792.0999999999999, 'maxino2018': 1156.0600100000001, 'Open-WBO-ms': 3411.14}
% src/../binaries/runsolver -w /dev/null -M 6000 -W 1000 src/../binaries/gringo src/trainer/aspeed/enc/encoding-bounded-paper-Step1.lp /pfs/tc1/gscratch/hkashgar/flexfolio/MAXSAT2019/models/4-core/ASPEEDDmwfWb.facts -c maxsolver=100 -c optMode=1 -c maxPreSlice=360 -c cores=4 -c featTime=360
% src/../binaries/runsolver -w /dev/null -M 6000 -W 1000 src/../binaries/clasp /pfs/tc1/gscratch/hkashgar/flexfolio/MAXSAT2019/models/4-core/GROUNDlqPOqG.gr --quiet=1,1
% 
% Schedule {1: {'claspfolio': 3536.0, 'MaxHS': 64}, 2: {'claspfolio': 3600.0}, 3: {'claspfolio': 3600.0}, 4: {'claspfolio': 3600.0}}
% 
% >>> End of Algorithm Scheduler <<<
% 
% Input Instances for Training: 515 (-unsolvable)
% Used Instances for Training: 515 (-unsolvable)
% Train with k-NN
% Pre-Solving schedule: {1: {'claspfolio': 3536.0, 'MaxHS': 64}, 2: {'claspfolio': 3600.0}, 3: {'claspfolio': 3600.0}, 4: {'claspfolio': 3600.0}}
% PAR10 on current test set: 7139.73 (57 instances)
% >>> 7-th iteration<<<
% Backup Solver: UWrMaxSat-1.0
% 
% >>> Algorithm Scheduler: Aspeed <<<
% 
% >>> 1-th iteration<<<
% Backup Solver: UWrMaxSat-1.0
% Input Instances for Training: 464 (-unsolvable)
% Used Instances for Training: 464 (-unsolvable)
% Train with k-NN
% PAR10 on current test set: 10710.48 (51 instances)
% >>> 2-th iteration<<<
% Backup Solver: UWrMaxSat-1.0
% Input Instances for Training: 464 (-unsolvable)
% Used Instances for Training: 464 (-unsolvable)
% Train with k-NN
% PAR10 on current test set: 7158.77 (51 instances)
% >>> 3-th iteration<<<
% Backup Solver: UWrMaxSat-1.0
% Input Instances for Training: 464 (-unsolvable)
% Used Instances for Training: 464 (-unsolvable)
% Train with k-NN
% PAR10 on current test set: 9981.45 (51 instances)
% >>> 4-th iteration<<<
% Backup Solver: UWrMaxSat-1.0
% Input Instances for Training: 464 (-unsolvable)
% Used Instances for Training: 464 (-unsolvable)
% Train with k-NN
% PAR10 on current test set: 11409.41 (51 instances)
% >>> 5-th iteration<<<
% Backup Solver: UWrMaxSat-1.0
% Input Instances for Training: 464 (-unsolvable)
% Used Instances for Training: 464 (-unsolvable)
% Train with k-NN
% PAR10 on current test set: 10731.92 (51 instances)
% >>> 6-th iteration<<<
% Backup Solver: UWrMaxSat-1.0
% Input Instances for Training: 463 (-unsolvable)
% Used Instances for Training: 463 (-unsolvable)
% Train with k-NN
% PAR10 on current test set: 6327.55 (52 instances)
% >>> 7-th iteration<<<
% Backup Solver: UWrMaxSat-1.0
% Input Instances for Training: 463 (-unsolvable)
% Used Instances for Training: 463 (-unsolvable)
% Train with k-NN
% PAR10 on current test set: 8511.76 (52 instances)
% >>> 8-th iteration<<<
% Backup Solver: UWrMaxSat-1.0
% Input Instances for Training: 463 (-unsolvable)
% Used Instances for Training: 463 (-unsolvable)
% Train with k-NN
% PAR10 on current test set: 12553.67 (52 instances)
% >>> 9-th iteration<<<
% Backup Solver: UWrMaxSat-1.0
% Input Instances for Training: 463 (-unsolvable)
% Used Instances for Training: 463 (-unsolvable)
% Train with k-NN
% PAR10 on current test set: 13984.57 (52 instances)
% >>> 10-th iteration<<<
% Backup Solver: UWrMaxSat-1.0
% Input Instances for Training: 463 (-unsolvable)
% Used Instances for Training: 463 (-unsolvable)
% Train with k-NN
% PAR10 on current test set: 9195.59 (52 instances)
% 
%  >>> Instances: 515 <<<
%  >>> Oracle Evaluation (w/o unsolved) <<<
% 
% Unsolved (not by any algorithm and not by feature computation): 117
% PAR1 time: 896.135534 (101.280905)
% Par10 time: 8256.685049 (100.986935)
% #TOs: 117 (0)
% 
%  >>> Cross Fold Evaluation <<<
% 
% Presolved: 0
% Prediction ties: 0
% >>>With Unsolvable Instances
% Timeouts (with unsolved): 142
% Solved (perc) (with unsolved): 0.7243
% PAR1 (with unsolved): 1123.49
% PAR10 (with unsolved): 10057.08
% >>>Without Unsolved Instances (depends on pre-solved in feature groups)
% Timeouts (without unsolved): 25
% Solved (perc) (without unsolved): 0.9372
% PAR1 (without unsolved): 395.47
% PAR10 (without unsolved): 2430.65
% 
% Time used by each solver: {'QMaxSAT2018': 0, 'Open-WBO-ms-pre': 58877.76999999999, 'UWrMaxSat-1.0': 214041.6000099999, 'MaxHS': 206719.50002000004, 'Open-WBO-g': 3.81, 'maxino2018': 10738.130000000001, 'Open-WBO-ms': 43825.39}
% Optimal Time used by each solver: {'QMaxSAT2018': 422804.7500000001, 'Open-WBO-ms-pre': 14541.2, 'UWrMaxSat-1.0': 2618.69003, 'MaxHS': 16542.770000000008, 'Open-WBO-g': 745.6299999999999, 'maxino2018': 1371.7000100000002, 'Open-WBO-ms': 2885.0599999999995}
% src/../binaries/runsolver -w /dev/null -M 6000 -W 1000 src/../binaries/gringo src/trainer/aspeed/enc/encoding-bounded-paper-Step1.lp /pfs/tc1/gscratch/hkashgar/flexfolio/MAXSAT2019/models/4-core/ASPEEDY5H0q4.facts -c maxsolver=100 -c optMode=1 -c maxPreSlice=360 -c cores=4 -c featTime=360
% src/../binaries/runsolver -w /dev/null -M 6000 -W 1000 src/../binaries/clasp /pfs/tc1/gscratch/hkashgar/flexfolio/MAXSAT2019/models/4-core/GROUND8qcTVh.gr --quiet=1,1
% 
% Schedule {1: {'claspfolio': 3600.0}, 2: {'claspfolio': 3600.0}, 3: {'claspfolio': 3600.0}, 4: {'claspfolio': 3438.0, 'MaxHS': 162}}
% 
% >>> End of Algorithm Scheduler <<<
% 
% Input Instances for Training: 515 (-unsolvable)
% Used Instances for Training: 515 (-unsolvable)
% Train with k-NN
% Pre-Solving schedule: {1: {'claspfolio': 3600.0}, 2: {'claspfolio': 3600.0}, 3: {'claspfolio': 3600.0}, 4: {'claspfolio': 3438.0, 'MaxHS': 162}}
% PAR10 on current test set: 11451.85 (57 instances)
% >>> 8-th iteration<<<
% Backup Solver: UWrMaxSat-1.0
% 
% >>> Algorithm Scheduler: Aspeed <<<
% 
% >>> 1-th iteration<<<
% Backup Solver: UWrMaxSat-1.0
% Input Instances for Training: 464 (-unsolvable)
% Used Instances for Training: 464 (-unsolvable)
% Train with k-NN
% PAR10 on current test set: 10106.74 (51 instances)
% >>> 2-th iteration<<<
% Backup Solver: UWrMaxSat-1.0
% Input Instances for Training: 464 (-unsolvable)
% Used Instances for Training: 464 (-unsolvable)
% Train with k-NN
% PAR10 on current test set: 8556.65 (51 instances)
% >>> 3-th iteration<<<
% Backup Solver: UWrMaxSat-1.0
% Input Instances for Training: 464 (-unsolvable)
% Used Instances for Training: 464 (-unsolvable)
% Train with k-NN
% PAR10 on current test set: 6470.95 (51 instances)
% >>> 4-th iteration<<<
% Backup Solver: UWrMaxSat-1.0
% Input Instances for Training: 464 (-unsolvable)
% Used Instances for Training: 464 (-unsolvable)
% Train with k-NN
% PAR10 on current test set: 14208.26 (51 instances)
% >>> 5-th iteration<<<
% Backup Solver: UWrMaxSat-1.0
% Input Instances for Training: 464 (-unsolvable)
% Used Instances for Training: 464 (-unsolvable)
% Train with k-NN
% PAR10 on current test set: 9953.05 (51 instances)
% >>> 6-th iteration<<<
% Backup Solver: UWrMaxSat-1.0
% Input Instances for Training: 463 (-unsolvable)
% Used Instances for Training: 463 (-unsolvable)
% Train with k-NN
% PAR10 on current test set: 10470.92 (52 instances)
% >>> 7-th iteration<<<
% Backup Solver: UWrMaxSat-1.0
% Input Instances for Training: 463 (-unsolvable)
% Used Instances for Training: 463 (-unsolvable)
% Train with k-NN
% PAR10 on current test set: 11203.46 (52 instances)
% >>> 8-th iteration<<<
% Backup Solver: UWrMaxSat-1.0
% Input Instances for Training: 463 (-unsolvable)
% Used Instances for Training: 463 (-unsolvable)
% Train with k-NN
% PAR10 on current test set: 13235.05 (52 instances)
% >>> 9-th iteration<<<
% Backup Solver: UWrMaxSat-1.0
% Input Instances for Training: 463 (-unsolvable)
% Used Instances for Training: 463 (-unsolvable)
% Train with k-NN
% PAR10 on current test set: 7002.12 (52 instances)
% >>> 10-th iteration<<<
% Backup Solver: UWrMaxSat-1.0
% Input Instances for Training: 463 (-unsolvable)
% Used Instances for Training: 463 (-unsolvable)
% Train with k-NN
% PAR10 on current test set: 9094.18 (52 instances)
% 
%  >>> Instances: 515 <<<
%  >>> Oracle Evaluation (w/o unsolved) <<<
% 
% Unsolved (not by any algorithm and not by feature computation): 113
% PAR1 time: 856.807592 (85.711219)
% Par10 time: 7965.714388 (85.430124)
% #TOs: 113 (0)
% 
%  >>> Cross Fold Evaluation <<<
% 
% Presolved: 0
% Prediction ties: 0
% >>>With Unsolvable Instances
% Timeouts (with unsolved): 142
% Solved (perc) (with unsolved): 0.7243
% PAR1 (with unsolved): 1098.21
% PAR10 (with unsolved): 10031.80
% >>>Without Unsolved Instances (depends on pre-solved in feature groups)
% Timeouts (without unsolved): 29
% Solved (perc) (without unsolved): 0.9279
% PAR1 (without unsolved): 394.97
% PAR10 (without unsolved): 2732.28
% 
% Time used by each solver: {'QMaxSAT2018': 0, 'Open-WBO-ms-pre': 35769.98, 'UWrMaxSat-1.0': 229589.6200099998, 'MaxHS': 199312.71002, 'Open-WBO-g': 7182.110000000001, 'maxino2018': 28974.39000000001, 'Open-WBO-ms': 21641.92}
% Optimal Time used by each solver: {'QMaxSAT2018': 409751.1100000001, 'Open-WBO-ms-pre': 11964.680000000002, 'UWrMaxSat-1.0': 2580.3500300000005, 'MaxHS': 12819.670000000002, 'Open-WBO-g': 826.3600000000001, 'maxino2018': 1500.9800100000004, 'Open-WBO-ms': 1812.7600000000002}
% src/../binaries/runsolver -w /dev/null -M 6000 -W 1000 src/../binaries/gringo src/trainer/aspeed/enc/encoding-bounded-paper-Step1.lp /pfs/tc1/gscratch/hkashgar/flexfolio/MAXSAT2019/models/4-core/ASPEEDT7aSHo.facts -c maxsolver=100 -c optMode=1 -c maxPreSlice=360 -c cores=4 -c featTime=360
% src/../binaries/runsolver -w /dev/null -M 6000 -W 1000 src/../binaries/clasp /pfs/tc1/gscratch/hkashgar/flexfolio/MAXSAT2019/models/4-core/GROUNDw1FgN4.gr --quiet=1,1
% 
% Schedule {1: {'claspfolio': 3600.0}, 2: {'claspfolio': 3600.0}, 3: {'claspfolio': 3240.0, 'MaxHS': 360.0}, 4: {'claspfolio': 3600.0}}
% 
% >>> End of Algorithm Scheduler <<<
% 
% Input Instances for Training: 515 (-unsolvable)
% Used Instances for Training: 515 (-unsolvable)
% Train with k-NN
% Pre-Solving schedule: {1: {'claspfolio': 3600.0}, 2: {'claspfolio': 3600.0}, 3: {'claspfolio': 3240.0, 'MaxHS': 360.0}, 4: {'claspfolio': 3600.0}}
% PAR10 on current test set: 11572.28 (57 instances)
% >>> 9-th iteration<<<
% Backup Solver: UWrMaxSat-1.0
% 
% >>> Algorithm Scheduler: Aspeed <<<
% 
% >>> 1-th iteration<<<
% Backup Solver: UWrMaxSat-1.0
% Input Instances for Training: 463 (-unsolvable)
% Used Instances for Training: 463 (-unsolvable)
% Train with k-NN
% PAR10 on current test set: 10726.81 (51 instances)
% >>> 2-th iteration<<<
% Backup Solver: UWrMaxSat-1.0
% Input Instances for Training: 463 (-unsolvable)
% Used Instances for Training: 463 (-unsolvable)
% Train with k-NN
% PAR10 on current test set: 7181.88 (51 instances)
% >>> 3-th iteration<<<
% Backup Solver: UWrMaxSat-1.0
% Input Instances for Training: 463 (-unsolvable)
% Used Instances for Training: 463 (-unsolvable)
% Train with k-NN
% PAR10 on current test set: 7895.90 (51 instances)
% >>> 4-th iteration<<<
% Backup Solver: UWrMaxSat-1.0
% Input Instances for Training: 463 (-unsolvable)
% Used Instances for Training: 463 (-unsolvable)
% Train with k-NN
% PAR10 on current test set: 10019.97 (51 instances)
% >>> 5-th iteration<<<
% Backup Solver: UWrMaxSat-1.0
% Input Instances for Training: 463 (-unsolvable)
% Used Instances for Training: 463 (-unsolvable)
% Train with k-NN
% PAR10 on current test set: 10635.40 (51 instances)
% >>> 6-th iteration<<<
% Backup Solver: UWrMaxSat-1.0
% Input Instances for Training: 463 (-unsolvable)
% Used Instances for Training: 463 (-unsolvable)
% Train with k-NN
% PAR10 on current test set: 7179.35 (51 instances)
% >>> 7-th iteration<<<
% Backup Solver: UWrMaxSat-1.0
% Input Instances for Training: 462 (-unsolvable)
% Used Instances for Training: 462 (-unsolvable)
% Train with k-NN
% PAR10 on current test set: 9867.14 (52 instances)
% >>> 8-th iteration<<<
% Backup Solver: UWrMaxSat-1.0
% Input Instances for Training: 462 (-unsolvable)
% Used Instances for Training: 462 (-unsolvable)
% Train with k-NN
% PAR10 on current test set: 10469.99 (52 instances)
% >>> 9-th iteration<<<
% Backup Solver: UWrMaxSat-1.0
% Input Instances for Training: 462 (-unsolvable)
% Used Instances for Training: 462 (-unsolvable)
% Train with k-NN
% PAR10 on current test set: 10533.76 (52 instances)
% >>> 10-th iteration<<<
% Backup Solver: UWrMaxSat-1.0
% Input Instances for Training: 462 (-unsolvable)
% Used Instances for Training: 462 (-unsolvable)
% Train with k-NN
% PAR10 on current test set: 9089.98 (52 instances)
% 
%  >>> Instances: 514 <<<
%  >>> Oracle Evaluation (w/o unsolved) <<<
% 
% Unsolved (not by any algorithm and not by feature computation): 105
% PAR1 time: 811.875097 (96.097311)
% Par10 time: 7430.347860 (95.840587)
% #TOs: 105 (0)
% 
%  >>> Cross Fold Evaluation <<<
% 
% Presolved: 0
% Prediction ties: 0
% >>>With Unsolvable Instances
% Timeouts (with unsolved): 132
% Solved (perc) (with unsolved): 0.7432
% PAR1 (with unsolved): 1044.30
% PAR10 (with unsolved): 9364.92
% >>>Without Unsolved Instances (depends on pre-solved in feature groups)
% Timeouts (without unsolved): 27
% Solved (perc) (without unsolved): 0.9340
% PAR1 (without unsolved): 388.19
% PAR10 (without unsolved): 2527.07
% 
% Time used by each solver: {'QMaxSAT2018': 0, 'Open-WBO-ms-pre': 57652.169999999984, 'UWrMaxSat-1.0': 200626.0600099999, 'MaxHS': 171945.43002000012, 'Open-WBO-g': 10.1, 'maxino2018': 43257.00999999999, 'Open-WBO-ms': 21631.75}
% Optimal Time used by each solver: {'QMaxSAT2018': 381079.78, 'Open-WBO-ms-pre': 12618.490000000002, 'UWrMaxSat-1.0': 2552.5500299999994, 'MaxHS': 16320.480000000003, 'Open-WBO-g': 814.26, 'maxino2018': 1529.3300100000004, 'Open-WBO-ms': 2388.9099999999994}
% src/../binaries/runsolver -w /dev/null -M 6000 -W 1000 src/../binaries/gringo src/trainer/aspeed/enc/encoding-bounded-paper-Step1.lp /pfs/tc1/gscratch/hkashgar/flexfolio/MAXSAT2019/models/4-core/ASPEEDxteUnv.facts -c maxsolver=100 -c optMode=1 -c maxPreSlice=360 -c cores=4 -c featTime=360
% src/../binaries/runsolver -w /dev/null -M 6000 -W 1000 src/../binaries/clasp /pfs/tc1/gscratch/hkashgar/flexfolio/MAXSAT2019/models/4-core/GROUNDljduIU.gr --quiet=1,1
% 
% Schedule {1: {'claspfolio': 3600.0}, 2: {'claspfolio': 3600.0}, 3: {'claspfolio': 3600.0}, 4: {'claspfolio': 3600.0}}
% 
% >>> End of Algorithm Scheduler <<<
% 
% Input Instances for Training: 514 (-unsolvable)
% Used Instances for Training: 514 (-unsolvable)
% Train with k-NN
% Pre-Solving schedule: {1: {'claspfolio': 3600.0}, 2: {'claspfolio': 3600.0}, 3: {'claspfolio': 3600.0}, 4: {'claspfolio': 3600.0}}
% PAR10 on current test set: 17450.36 (58 instances)
% >>> 10-th iteration<<<
% Backup Solver: UWrMaxSat-1.0
% 
% >>> Algorithm Scheduler: Aspeed <<<
% 
% >>> 1-th iteration<<<
% Backup Solver: UWrMaxSat-1.0
% Input Instances for Training: 463 (-unsolvable)
% Used Instances for Training: 463 (-unsolvable)
% Train with k-NN
% PAR10 on current test set: 11518.90 (51 instances)
% >>> 2-th iteration<<<
% Backup Solver: UWrMaxSat-1.0
% Input Instances for Training: 463 (-unsolvable)
% Used Instances for Training: 463 (-unsolvable)
% Train with k-NN
% PAR10 on current test set: 11380.90 (51 instances)
% >>> 3-th iteration<<<
% Backup Solver: UWrMaxSat-1.0
% Input Instances for Training: 463 (-unsolvable)
% Used Instances for Training: 463 (-unsolvable)
% Train with k-NN
% PAR10 on current test set: 9265.58 (51 instances)
% >>> 4-th iteration<<<
% Backup Solver: UWrMaxSat-1.0
% Input Instances for Training: 463 (-unsolvable)
% Used Instances for Training: 463 (-unsolvable)
% Train with k-NN
% PAR10 on current test set: 9385.64 (51 instances)
% >>> 5-th iteration<<<
% Backup Solver: UWrMaxSat-1.0
% Input Instances for Training: 463 (-unsolvable)
% Used Instances for Training: 463 (-unsolvable)
% Train with k-NN
% PAR10 on current test set: 8576.42 (51 instances)
% >>> 6-th iteration<<<
% Backup Solver: UWrMaxSat-1.0
% Input Instances for Training: 463 (-unsolvable)
% Used Instances for Training: 463 (-unsolvable)
% Train with k-NN
% PAR10 on current test set: 7866.61 (51 instances)
% >>> 7-th iteration<<<
% Backup Solver: UWrMaxSat-1.0
% Input Instances for Training: 462 (-unsolvable)
% Used Instances for Training: 462 (-unsolvable)
% Train with k-NN
% PAR10 on current test set: 11270.69 (52 instances)
% >>> 8-th iteration<<<
% Backup Solver: UWrMaxSat-1.0
% Input Instances for Training: 462 (-unsolvable)
% Used Instances for Training: 462 (-unsolvable)
% Train with k-NN
% PAR10 on current test set: 11846.97 (52 instances)
% >>> 9-th iteration<<<
% Backup Solver: UWrMaxSat-1.0
% Input Instances for Training: 462 (-unsolvable)
% Used Instances for Training: 462 (-unsolvable)
% Train with k-NN
% PAR10 on current test set: 15276.42 (52 instances)
% >>> 10-th iteration<<<
% Backup Solver: UWrMaxSat-1.0
% Input Instances for Training: 462 (-unsolvable)
% Used Instances for Training: 462 (-unsolvable)
% Train with k-NN
% PAR10 on current test set: 8436.74 (52 instances)
% 
%  >>> Instances: 514 <<<
%  >>> Oracle Evaluation (w/o unsolved) <<<
% 
% Unsolved (not by any algorithm and not by feature computation): 120
% PAR1 time: 917.803230 (100.890508)
% Par10 time: 8481.772101 (100.585939)
% #TOs: 120 (0)
% 
%  >>> Cross Fold Evaluation <<<
% 
% Presolved: 0
% Prediction ties: 0
% >>>With Unsolvable Instances
% Timeouts (with unsolved): 148
% Solved (perc) (with unsolved): 0.7121
% PAR1 (with unsolved): 1162.84
% PAR10 (with unsolved): 10492.02
% >>>Without Unsolved Instances (depends on pre-solved in feature groups)
% Timeouts (without unsolved): 28
% Solved (perc) (without unsolved): 0.9289
% PAR1 (without unsolved): 420.56
% PAR10 (without unsolved): 2723.10
% 
% Time used by each solver: {'QMaxSAT2018': 0, 'Open-WBO-ms-pre': 88806.80999999998, 'UWrMaxSat-1.0': 217522.47001, 'MaxHS': 185935.1700199999, 'Open-WBO-g': 10.78, 'maxino2018': 33543.950000000004, 'Open-WBO-ms': 29140.13}
% Optimal Time used by each solver: {'QMaxSAT2018': 435015.86000000004, 'Open-WBO-ms-pre': 12665.480000000003, 'UWrMaxSat-1.0': 2003.5200299999997, 'MaxHS': 16433.090000000004, 'Open-WBO-g': 726.1099999999999, 'maxino2018': 1501.4200100000003, 'Open-WBO-ms': 3405.3799999999997}
% src/../binaries/runsolver -w /dev/null -M 6000 -W 1000 src/../binaries/gringo src/trainer/aspeed/enc/encoding-bounded-paper-Step1.lp /pfs/tc1/gscratch/hkashgar/flexfolio/MAXSAT2019/models/4-core/ASPEEDMp6AmU.facts -c maxsolver=100 -c optMode=1 -c maxPreSlice=360 -c cores=4 -c featTime=360
% src/../binaries/runsolver -w /dev/null -M 6000 -W 1000 src/../binaries/clasp /pfs/tc1/gscratch/hkashgar/flexfolio/MAXSAT2019/models/4-core/GROUNDVg1XHJ.gr --quiet=1,1
% 
% Schedule {1: {'claspfolio': 3600.0}, 2: {'claspfolio': 3600.0}, 3: {'claspfolio': 3600.0}, 4: {'claspfolio': 3240.0, 'MaxHS': 360.0}}
% 
% >>> End of Algorithm Scheduler <<<
% 
% Input Instances for Training: 514 (-unsolvable)
% Used Instances for Training: 514 (-unsolvable)
% Train with k-NN
% Pre-Solving schedule: {1: {'claspfolio': 3600.0}, 2: {'claspfolio': 3600.0}, 3: {'claspfolio': 3600.0}, 4: {'claspfolio': 3240.0, 'MaxHS': 360.0}}
% PAR10 on current test set: 6341.63 (58 instances)
% 
%  >>> Instances: 572 <<<
%  >>> Oracle Evaluation (w/o unsolved) <<<
% 
% Unsolved (not by any algorithm and not by feature computation): 128
% PAR1 time: 883.481084 (100.340496)
% Par10 time: 8133.606958 (100.052207)
% #TOs: 128 (0)
% 
%  >>> Cross Fold Evaluation <<<
% 
% Presolved: 0
% Prediction ties: 0
% >>>With Unsolvable Instances
% Timeouts (with unsolved): 159
% Solved (perc) (with unsolved): 0.7220
% PAR1 (with unsolved): 1124.35
% PAR10 (with unsolved): 10130.64
% >>>Without Unsolved Instances (depends on pre-solved in feature groups)
% Timeouts (without unsolved): 31
% Solved (perc) (without unsolved): 0.9302
% PAR1 (without unsolved): 410.64
% PAR10 (without unsolved): 2672.80
% 
% Time used by each solver: {'QMaxSAT2018': 0, 'Open-WBO-ms-pre': 65087.06, 'UWrMaxSat-1.0': 242164.66999999995, 'MaxHS': 254708.1900300001, 'Open-WBO-g': 0.71, 'maxino2018': 33379.9, 'Open-WBO-ms': 43174.130000000005}
% Optimal Time used by each solver: {'QMaxSAT2018': 463913.8800000001, 'Open-WBO-ms-pre': 16103.71, 'UWrMaxSat-1.0': 2736.7200299999986, 'MaxHS': 16774.340000000007, 'Open-WBO-g': 841.0899999999999, 'maxino2018': 1536.2100100000002, 'Open-WBO-ms': 3445.2299999999996}
