% flexfolio Trainer!
% Published under GPLv2
% https://bitbucket.org/mlindauer/flexfolio
% Command line arguments:
% --aslib-dir MAXSAT2019/MAXSAT-2019-2-Cores/ --model-dir MAXSAT2019/models/2-core/ --preconf 3s --print-time MAXSAT2019/maxsat_results/MAXSAT-2core-3s.csv --t-aspeed 2
% Read MAXSAT2019/MAXSAT-2019-2-Cores/description.txt
% Read MAXSAT2019/MAXSAT-2019-2-Cores/algorithm_runs.arff
% Read MAXSAT2019/MAXSAT-2019-2-Cores/feature_values.arff
% Read MAXSAT2019/MAXSAT-2019-2-Cores/feature_runstatus.arff
% Read MAXSAT2019/MAXSAT-2019-2-Cores/feature_costs.arff
% Read MAXSAT2019/MAXSAT-2019-2-Cores/cv.arff
% 1-th repetition: 57,57,57,57,57,57,57,57,58,58 distribution
% Used Feature Steps (1): ALL
% Used features (54): reducedVars,VCG.CLAUSE.entropy,POSNEG.RATIO.VAR.entropy,HORNY.VAR.entropy,cluster.coeff.min,VCG.VAR.mean,VCG.VAR.entropy,HORNY.VAR.mean,nvarsOrig,POSNEG.RATIO.VAR.stdev,POSNEG.RATIO.VAR.max,nclauses,HORNY.VAR.min,VCG.VAR.coeff.variation,TRINARY.,VG.min,CG.entropy,cluster.coeff.coeff.variation,UNARY,cluster.coeff.entropy,horn.clauses.fraction,cluster.coeff.mean,CG.min,CG.max,Basic.featuretime,VG.max,VCG.VAR.min,Pre.featuretime,CG.featuretime,cluster.coeff.max,VCG.CLAUSE.min,VCG.VAR.max,VG.mean,nvars,POSNEG.RATIO.CLAUSE.coeff.variation,VCG.CLAUSE.mean,BINARY.,KLB.featuretime,POSNEG.RATIO.CLAUSE.min,VCG.CLAUSE.coeff.variation,VCG.CLAUSE.max,HORNY.VAR.coeff.variation,HORNY.VAR.max,POSNEG.RATIO.VAR.mean,POSNEG.RATIO.CLAUSE.entropy,POSNEG.RATIO.CLAUSE.max,POSNEG.RATIO.CLAUSE.mean,nclausesOrig,POSNEG.RATIO.VAR.min,CG.coeff.variation,vars.clauses.ratio,VG.coeff.variation,reducedClauses,CG.mean
% 
% Check Consistency and Completeness of input data
% Instances: 		 572
% Algorithms: 		 7
% Incomplete Feature Vector: 	 0 (maybe imputed)
% Unsolvable Instances (status): 	 123
% Unsolvable Instances (runtime): 	 123
% Valid Instances: 	 449
% Presolved: 		 0
% Average Feature Costs: 	 159.5876
% Use given CV of 1-th repetition
% >>> 1-th iteration<<<
% Backup Solver: UWrMaxSat-1.0
% 
% >>> Algorithm Scheduler: Aspeed <<<
% 
% >>> 1-th iteration<<<
% Backup Solver: UWrMaxSat-1.0
% Input Instances for Training: 464 (-unsolvable)
% Used Instances for Training: 464 (-unsolvable)
% Train with k-NN
% PAR10 on current test set: 10769.68 (51 instances)
% >>> 2-th iteration<<<
% Backup Solver: UWrMaxSat-1.0
% Input Instances for Training: 464 (-unsolvable)
% Used Instances for Training: 464 (-unsolvable)
% Train with k-NN
% PAR10 on current test set: 8574.90 (51 instances)
% >>> 3-th iteration<<<
% Backup Solver: UWrMaxSat-1.0
% Input Instances for Training: 464 (-unsolvable)
% Used Instances for Training: 464 (-unsolvable)
% Train with k-NN
% PAR10 on current test set: 11405.50 (51 instances)
% >>> 4-th iteration<<<
% Backup Solver: UWrMaxSat-1.0
% Input Instances for Training: 464 (-unsolvable)
% Used Instances for Training: 464 (-unsolvable)
% Train with k-NN
% PAR10 on current test set: 13521.95 (51 instances)
% >>> 5-th iteration<<<
% Backup Solver: UWrMaxSat-1.0
% Input Instances for Training: 464 (-unsolvable)
% Used Instances for Training: 464 (-unsolvable)
% Train with k-NN
% PAR10 on current test set: 6511.35 (51 instances)
% >>> 6-th iteration<<<
% Backup Solver: UWrMaxSat-1.0
% Input Instances for Training: 463 (-unsolvable)
% Used Instances for Training: 463 (-unsolvable)
% Train with k-NN
% PAR10 on current test set: 6407.96 (52 instances)
% >>> 7-th iteration<<<
% Backup Solver: UWrMaxSat-1.0
% Input Instances for Training: 463 (-unsolvable)
% Used Instances for Training: 463 (-unsolvable)
% Train with k-NN
% PAR10 on current test set: 11232.41 (52 instances)
% >>> 8-th iteration<<<
% Backup Solver: UWrMaxSat-1.0
% Input Instances for Training: 463 (-unsolvable)
% Used Instances for Training: 463 (-unsolvable)
% Train with k-NN
% PAR10 on current test set: 12522.38 (52 instances)
% >>> 9-th iteration<<<
% Backup Solver: UWrMaxSat-1.0
% Input Instances for Training: 463 (-unsolvable)
% Used Instances for Training: 463 (-unsolvable)
% Train with k-NN
% PAR10 on current test set: 11166.00 (52 instances)
% >>> 10-th iteration<<<
% Backup Solver: UWrMaxSat-1.0
% Input Instances for Training: 463 (-unsolvable)
% Used Instances for Training: 463 (-unsolvable)
% Train with k-NN
% PAR10 on current test set: 11173.76 (52 instances)
% 
%  >>> Instances: 515 <<<
%  >>> Oracle Evaluation (w/o unsolved) <<<
% 
% Unsolved (not by any algorithm and not by feature computation): 111
% PAR1 time: 872.772000 (123.459357)
% Par10 time: 7855.857437 (123.184604)
% #TOs: 111 (0)
% 
%  >>> Cross Fold Evaluation <<<
% 
% Presolved: 0
% Prediction ties: 0
% >>>With Unsolvable Instances
% Timeouts (with unsolved): 146
% Solved (perc) (with unsolved): 0.7165
% PAR1 (with unsolved): 1145.02
% PAR10 (with unsolved): 10330.26
% >>>Without Unsolved Instances (depends on pre-solved in feature groups)
% Timeouts (without unsolved): 35
% Solved (perc) (without unsolved): 0.9134
% PAR1 (without unsolved): 470.50
% PAR10 (without unsolved): 3277.43
% 
% Time used by each solver: {'QMaxSAT2018': 0, 'Open-WBO-ms-pre': 94848.26999999997, 'UWrMaxSat-1.0': 233969.16000999993, 'MaxHS': 160149.59002, 'Open-WBO-g': 10.3, 'maxino2018': 39542.17, 'Open-WBO-ms': 18024.589999999997}
% Optimal Time used by each solver: {'QMaxSAT2018': 402341.73000000004, 'Open-WBO-ms-pre': 20252.820000000003, 'UWrMaxSat-1.0': 1899.2300299999995, 'MaxHS': 16283.199999999992, 'Open-WBO-g': 634.2800000000001, 'maxino2018': 1466.4900100000002, 'Open-WBO-ms': 6599.83}
% src/../binaries/runsolver -w /dev/null -M 6000 -W 1000 src/../binaries/gringo src/trainer/aspeed/enc/encoding-bounded-paper-Step1.lp /pfs/tc1/gscratch/hkashgar/flexfolio/MAXSAT2019/models/2-core/ASPEEDUh5xj9.facts -c maxsolver=100 -c optMode=1 -c maxPreSlice=360 -c cores=2 -c featTime=360
% src/../binaries/runsolver -w /dev/null -M 6000 -W 1000 src/../binaries/clasp /pfs/tc1/gscratch/hkashgar/flexfolio/MAXSAT2019/models/2-core/GROUNDGSy5_A.gr --quiet=1,1
% 
% Schedule {1: {'claspfolio': 3600.0}, 2: {'claspfolio': 3120.0, 'MaxHS': 480}}
% 
% >>> End of Algorithm Scheduler <<<
% 
% Input Instances for Training: 515 (-unsolvable)
% Used Instances for Training: 515 (-unsolvable)
% Train with k-NN
% Pre-Solving schedule: {1: {'claspfolio': 3600.0}, 2: {'claspfolio': 3120.0, 'MaxHS': 480}}
% PAR10 on current test set: 8984.49 (57 instances)
% >>> 2-th iteration<<<
% Backup Solver: UWrMaxSat-1.0
% 
% >>> Algorithm Scheduler: Aspeed <<<
% 
% >>> 1-th iteration<<<
% Backup Solver: UWrMaxSat-1.0
% Input Instances for Training: 464 (-unsolvable)
% Used Instances for Training: 464 (-unsolvable)
% Train with k-NN
% PAR10 on current test set: 9361.51 (51 instances)
% >>> 2-th iteration<<<
% Backup Solver: UWrMaxSat-1.0
% Input Instances for Training: 464 (-unsolvable)
% Used Instances for Training: 464 (-unsolvable)
% Train with k-NN
% PAR10 on current test set: 9311.87 (51 instances)
% >>> 3-th iteration<<<
% Backup Solver: UWrMaxSat-1.0
% Input Instances for Training: 464 (-unsolvable)
% Used Instances for Training: 464 (-unsolvable)
% Train with k-NN
% PAR10 on current test set: 7868.84 (51 instances)
% >>> 4-th iteration<<<
% Backup Solver: UWrMaxSat-1.0
% Input Instances for Training: 464 (-unsolvable)
% Used Instances for Training: 464 (-unsolvable)
% Train with k-NN
% PAR10 on current test set: 12882.73 (51 instances)
% >>> 5-th iteration<<<
% Backup Solver: UWrMaxSat-1.0
% Input Instances for Training: 464 (-unsolvable)
% Used Instances for Training: 464 (-unsolvable)
% Train with k-NN
% PAR10 on current test set: 9298.45 (51 instances)
% >>> 6-th iteration<<<
% Backup Solver: UWrMaxSat-1.0
% Input Instances for Training: 463 (-unsolvable)
% Used Instances for Training: 463 (-unsolvable)
% Train with k-NN
% PAR10 on current test set: 7706.59 (52 instances)
% >>> 7-th iteration<<<
% Backup Solver: UWrMaxSat-1.0
% Input Instances for Training: 463 (-unsolvable)
% Used Instances for Training: 463 (-unsolvable)
% Train with k-NN
% PAR10 on current test set: 11305.33 (52 instances)
% >>> 8-th iteration<<<
% Backup Solver: UWrMaxSat-1.0
% Input Instances for Training: 463 (-unsolvable)
% Used Instances for Training: 463 (-unsolvable)
% Train with k-NN
% PAR10 on current test set: 13272.91 (52 instances)
% >>> 9-th iteration<<<
% Backup Solver: UWrMaxSat-1.0
% Input Instances for Training: 463 (-unsolvable)
% Used Instances for Training: 463 (-unsolvable)
% Train with k-NN
% PAR10 on current test set: 11868.20 (52 instances)
% >>> 10-th iteration<<<
% Backup Solver: MaxHS
% Input Instances for Training: 463 (-unsolvable)
% Used Instances for Training: 463 (-unsolvable)
% Train with k-NN
% PAR10 on current test set: 10448.71 (52 instances)
% 
%  >>> Instances: 515 <<<
%  >>> Oracle Evaluation (w/o unsolved) <<<
% 
% Unsolved (not by any algorithm and not by feature computation): 109
% PAR1 time: 862.636816 (127.728966)
% Par10 time: 7719.900893 (127.460493)
% #TOs: 109 (0)
% 
%  >>> Cross Fold Evaluation <<<
% 
% Presolved: 0
% Prediction ties: 0
% >>>With Unsolvable Instances
% Timeouts (with unsolved): 146
% Solved (perc) (with unsolved): 0.7165
% PAR1 (with unsolved): 1152.98
% PAR10 (with unsolved): 10338.22
% >>>Without Unsolved Instances (depends on pre-solved in feature groups)
% Timeouts (without unsolved): 37
% Solved (perc) (without unsolved): 0.9089
% PAR1 (without unsolved): 496.02
% PAR10 (without unsolved): 3448.73
% 
% Time used by each solver: {'QMaxSAT2018': 0, 'Open-WBO-ms-pre': 86338.01999999999, 'UWrMaxSat-1.0': 231102.08000999998, 'MaxHS': 175794.21000000008, 'Open-WBO-g': 3599.75, 'maxino2018': 19003.04, 'Open-WBO-ms': 32327.21}
% Optimal Time used by each solver: {'QMaxSAT2018': 395207.43000000005, 'Open-WBO-ms-pre': 20229.690000000002, 'UWrMaxSat-1.0': 2831.26001, 'MaxHS': 17344.979999999996, 'Open-WBO-g': 679.33, 'maxino2018': 1365.44, 'Open-WBO-ms': 6599.83}
% src/../binaries/runsolver -w /dev/null -M 6000 -W 1000 src/../binaries/gringo src/trainer/aspeed/enc/encoding-bounded-paper-Step1.lp /pfs/tc1/gscratch/hkashgar/flexfolio/MAXSAT2019/models/2-core/ASPEEDkbuz_0.facts -c maxsolver=100 -c optMode=1 -c maxPreSlice=360 -c cores=2 -c featTime=360
% src/../binaries/runsolver -w /dev/null -M 6000 -W 1000 src/../binaries/clasp /pfs/tc1/gscratch/hkashgar/flexfolio/MAXSAT2019/models/2-core/GROUND_iDBxg.gr --quiet=1,1
% 
% Schedule {1: {'claspfolio': 3600.0}, 2: {'claspfolio': 3120.0, 'MaxHS': 480}}
% 
% >>> End of Algorithm Scheduler <<<
% 
% Input Instances for Training: 515 (-unsolvable)
% Used Instances for Training: 515 (-unsolvable)
% Train with k-NN
% Pre-Solving schedule: {1: {'claspfolio': 3600.0}, 2: {'claspfolio': 3120.0, 'MaxHS': 480}}
% PAR10 on current test set: 8937.23 (57 instances)
% >>> 3-th iteration<<<
% Backup Solver: UWrMaxSat-1.0
% 
% >>> Algorithm Scheduler: Aspeed <<<
% 
% >>> 1-th iteration<<<
% Backup Solver: UWrMaxSat-1.0
% Input Instances for Training: 464 (-unsolvable)
% Used Instances for Training: 464 (-unsolvable)
% Train with k-NN
% PAR10 on current test set: 9374.57 (51 instances)
% >>> 2-th iteration<<<
% Backup Solver: UWrMaxSat-1.0
% Input Instances for Training: 464 (-unsolvable)
% Used Instances for Training: 464 (-unsolvable)
% Train with k-NN
% PAR10 on current test set: 11412.45 (51 instances)
% >>> 3-th iteration<<<
% Backup Solver: UWrMaxSat-1.0
% Input Instances for Training: 464 (-unsolvable)
% Used Instances for Training: 464 (-unsolvable)
% Train with k-NN
% PAR10 on current test set: 6471.29 (51 instances)
% >>> 4-th iteration<<<
% Backup Solver: UWrMaxSat-1.0
% Input Instances for Training: 464 (-unsolvable)
% Used Instances for Training: 464 (-unsolvable)
% Train with k-NN
% PAR10 on current test set: 11388.51 (51 instances)
% >>> 5-th iteration<<<
% Backup Solver: Open-WBO-ms
% Input Instances for Training: 464 (-unsolvable)
% Used Instances for Training: 464 (-unsolvable)
% Train with k-NN
% PAR10 on current test set: 10019.76 (51 instances)
% >>> 6-th iteration<<<
% Backup Solver: Open-WBO-ms
% Input Instances for Training: 463 (-unsolvable)
% Used Instances for Training: 463 (-unsolvable)
% Train with k-NN
% PAR10 on current test set: 11897.17 (52 instances)
% >>> 7-th iteration<<<
% Backup Solver: UWrMaxSat-1.0
% Input Instances for Training: 463 (-unsolvable)
% Used Instances for Training: 463 (-unsolvable)
% Train with k-NN
% PAR10 on current test set: 11852.21 (52 instances)
% >>> 8-th iteration<<<
% Backup Solver: UWrMaxSat-1.0
% Input Instances for Training: 463 (-unsolvable)
% Used Instances for Training: 463 (-unsolvable)
% Train with k-NN
% PAR10 on current test set: 11183.87 (52 instances)
% >>> 9-th iteration<<<
% Backup Solver: UWrMaxSat-1.0
% Input Instances for Training: 463 (-unsolvable)
% Used Instances for Training: 463 (-unsolvable)
% Train with k-NN
% PAR10 on current test set: 11195.61 (52 instances)
% >>> 10-th iteration<<<
% Backup Solver: UWrMaxSat-1.0
% Input Instances for Training: 463 (-unsolvable)
% Used Instances for Training: 463 (-unsolvable)
% Train with k-NN
% PAR10 on current test set: 8426.27 (52 instances)
% 
%  >>> Instances: 515 <<<
%  >>> Oracle Evaluation (w/o unsolved) <<<
% 
% Unsolved (not by any algorithm and not by feature computation): 112
% PAR1 time: 880.542097 (124.762233)
% Par10 time: 7926.538214 (124.484318)
% #TOs: 112 (0)
% 
%  >>> Cross Fold Evaluation <<<
% 
% Presolved: 0
% Prediction ties: 0
% >>>With Unsolvable Instances
% Timeouts (with unsolved): 146
% Solved (perc) (with unsolved): 0.7165
% PAR1 (with unsolved): 1142.65
% PAR10 (with unsolved): 10327.89
% >>>Without Unsolved Instances (depends on pre-solved in feature groups)
% Timeouts (without unsolved): 34
% Solved (perc) (without unsolved): 0.9156
% PAR1 (without unsolved): 459.71
% PAR10 (without unsolved): 3193.21
% 
% Time used by each solver: {'QMaxSAT2018': 0, 'Open-WBO-ms-pre': 95456.65999999999, 'UWrMaxSat-1.0': 265965.9000099999, 'MaxHS': 109551.86002, 'Open-WBO-g': 0, 'maxino2018': 7846.869999999999, 'Open-WBO-ms': 65415.29999999998}
% Optimal Time used by each solver: {'QMaxSAT2018': 405820.12000000005, 'Open-WBO-ms-pre': 17994.72, 'UWrMaxSat-1.0': 2586.5400299999997, 'MaxHS': 18290.370000000003, 'Open-WBO-g': 726.4600000000002, 'maxino2018': 1461.14001, 'Open-WBO-ms': 6599.83}
% src/../binaries/runsolver -w /dev/null -M 6000 -W 1000 src/../binaries/gringo src/trainer/aspeed/enc/encoding-bounded-paper-Step1.lp /pfs/tc1/gscratch/hkashgar/flexfolio/MAXSAT2019/models/2-core/ASPEEDtAghU5.facts -c maxsolver=100 -c optMode=1 -c maxPreSlice=360 -c cores=2 -c featTime=360
% src/../binaries/runsolver -w /dev/null -M 6000 -W 1000 src/../binaries/clasp /pfs/tc1/gscratch/hkashgar/flexfolio/MAXSAT2019/models/2-core/GROUNDL1uNUf.gr --quiet=1,1
% 
% Schedule {1: {'claspfolio': 3552.0, 'Open-WBO-g': 48}, 2: {'claspfolio': 3126.0, 'MaxHS': 474}}
% 
% >>> End of Algorithm Scheduler <<<
% 
% Input Instances for Training: 515 (-unsolvable)
% Used Instances for Training: 515 (-unsolvable)
% Train with k-NN
% Pre-Solving schedule: {1: {'claspfolio': 3552.0, 'Open-WBO-g': 48}, 2: {'claspfolio': 3126.0, 'MaxHS': 474}}
% PAR10 on current test set: 8319.20 (57 instances)
% >>> 4-th iteration<<<
% Backup Solver: UWrMaxSat-1.0
% 
% >>> Algorithm Scheduler: Aspeed <<<
% 
% >>> 1-th iteration<<<
% Backup Solver: UWrMaxSat-1.0
% Input Instances for Training: 464 (-unsolvable)
% Used Instances for Training: 464 (-unsolvable)
% Train with k-NN
% PAR10 on current test set: 12135.22 (51 instances)
% >>> 2-th iteration<<<
% Backup Solver: UWrMaxSat-1.0
% Input Instances for Training: 464 (-unsolvable)
% Used Instances for Training: 464 (-unsolvable)
% Train with k-NN
% PAR10 on current test set: 6467.98 (51 instances)
% >>> 3-th iteration<<<
% Backup Solver: UWrMaxSat-1.0
% Input Instances for Training: 464 (-unsolvable)
% Used Instances for Training: 464 (-unsolvable)
% Train with k-NN
% PAR10 on current test set: 6519.27 (51 instances)
% >>> 4-th iteration<<<
% Backup Solver: UWrMaxSat-1.0
% Input Instances for Training: 464 (-unsolvable)
% Used Instances for Training: 464 (-unsolvable)
% Train with k-NN
% PAR10 on current test set: 11399.57 (51 instances)
% >>> 5-th iteration<<<
% Backup Solver: UWrMaxSat-1.0
% Input Instances for Training: 464 (-unsolvable)
% Used Instances for Training: 464 (-unsolvable)
% Train with k-NN
% PAR10 on current test set: 10019.49 (51 instances)
% >>> 6-th iteration<<<
% Backup Solver: UWrMaxSat-1.0
% Input Instances for Training: 463 (-unsolvable)
% Used Instances for Training: 463 (-unsolvable)
% Train with k-NN
% PAR10 on current test set: 8461.72 (52 instances)
% >>> 7-th iteration<<<
% Backup Solver: UWrMaxSat-1.0
% Input Instances for Training: 463 (-unsolvable)
% Used Instances for Training: 463 (-unsolvable)
% Train with k-NN
% PAR10 on current test set: 11885.62 (52 instances)
% >>> 8-th iteration<<<
% Backup Solver: UWrMaxSat-1.0
% Input Instances for Training: 463 (-unsolvable)
% Used Instances for Training: 463 (-unsolvable)
% Train with k-NN
% PAR10 on current test set: 12569.17 (52 instances)
% >>> 9-th iteration<<<
% Backup Solver: UWrMaxSat-1.0
% Input Instances for Training: 463 (-unsolvable)
% Used Instances for Training: 463 (-unsolvable)
% Train with k-NN
% PAR10 on current test set: 11207.36 (52 instances)
% >>> 10-th iteration<<<
% Backup Solver: UWrMaxSat-1.0
% Input Instances for Training: 463 (-unsolvable)
% Used Instances for Training: 463 (-unsolvable)
% Train with k-NN
% PAR10 on current test set: 10504.62 (52 instances)
% 
%  >>> Instances: 515 <<<
%  >>> Oracle Evaluation (w/o unsolved) <<<
% 
% Unsolved (not by any algorithm and not by feature computation): 114
% PAR1 time: 880.698291 (107.629975)
% Par10 time: 8052.515767 (107.345686)
% #TOs: 114 (0)
% 
%  >>> Cross Fold Evaluation <<<
% 
% Presolved: 0
% Prediction ties: 0
% >>>With Unsolvable Instances
% Timeouts (with unsolved): 143
% Solved (perc) (with unsolved): 0.7223
% PAR1 (with unsolved): 1128.35
% PAR10 (with unsolved): 10124.85
% >>>Without Unsolved Instances (depends on pre-solved in feature groups)
% Timeouts (without unsolved): 29
% Solved (perc) (without unsolved): 0.9277
% PAR1 (without unsolved): 425.68
% PAR10 (without unsolved): 2768.83
% 
% Time used by each solver: {'QMaxSAT2018': 0, 'Open-WBO-ms-pre': 71636.32999999997, 'UWrMaxSat-1.0': 228216.30000999995, 'MaxHS': 182128.67002000002, 'Open-WBO-g': 3595.5499999999997, 'maxino2018': 25458.850000000006, 'Open-WBO-ms': 25263.79}
% Optimal Time used by each solver: {'QMaxSAT2018': 413208.35, 'Open-WBO-ms-pre': 17205.460000000003, 'UWrMaxSat-1.0': 2748.26003, 'MaxHS': 12213.399999999996, 'Open-WBO-g': 731.4699999999999, 'maxino2018': 930.4100100000004, 'Open-WBO-ms': 6522.27}
% src/../binaries/runsolver -w /dev/null -M 6000 -W 1000 src/../binaries/gringo src/trainer/aspeed/enc/encoding-bounded-paper-Step1.lp /pfs/tc1/gscratch/hkashgar/flexfolio/MAXSAT2019/models/2-core/ASPEEDAgAbpe.facts -c maxsolver=100 -c optMode=1 -c maxPreSlice=360 -c cores=2 -c featTime=360
% src/../binaries/runsolver -w /dev/null -M 6000 -W 1000 src/../binaries/clasp /pfs/tc1/gscratch/hkashgar/flexfolio/MAXSAT2019/models/2-core/GROUNDnqPrcT.gr --quiet=1,1
% 
% Schedule {1: {'claspfolio': 3600.0}, 2: {'claspfolio': 3120.0, 'MaxHS': 480}}
% 
% >>> End of Algorithm Scheduler <<<
% 
% Input Instances for Training: 515 (-unsolvable)
% Used Instances for Training: 515 (-unsolvable)
% Train with k-NN
% Pre-Solving schedule: {1: {'claspfolio': 3600.0}, 2: {'claspfolio': 3120.0, 'MaxHS': 480}}
% PAR10 on current test set: 9629.49 (57 instances)
% >>> 5-th iteration<<<
% Backup Solver: UWrMaxSat-1.0
% 
% >>> Algorithm Scheduler: Aspeed <<<
% 
% >>> 1-th iteration<<<
% Backup Solver: UWrMaxSat-1.0
% Input Instances for Training: 464 (-unsolvable)
% Used Instances for Training: 464 (-unsolvable)
% Train with k-NN
% PAR10 on current test set: 12160.62 (51 instances)
% >>> 2-th iteration<<<
% Backup Solver: UWrMaxSat-1.0
% Input Instances for Training: 464 (-unsolvable)
% Used Instances for Training: 464 (-unsolvable)
% Train with k-NN
% PAR10 on current test set: 9257.12 (51 instances)
% >>> 3-th iteration<<<
% Backup Solver: UWrMaxSat-1.0
% Input Instances for Training: 464 (-unsolvable)
% Used Instances for Training: 464 (-unsolvable)
% Train with k-NN
% PAR10 on current test set: 8584.93 (51 instances)
% >>> 4-th iteration<<<
% Backup Solver: UWrMaxSat-1.0
% Input Instances for Training: 464 (-unsolvable)
% Used Instances for Training: 464 (-unsolvable)
% Train with k-NN
% PAR10 on current test set: 11399.14 (51 instances)
% >>> 5-th iteration<<<
% Backup Solver: UWrMaxSat-1.0
% Input Instances for Training: 464 (-unsolvable)
% Used Instances for Training: 464 (-unsolvable)
% Train with k-NN
% PAR10 on current test set: 10739.79 (51 instances)
% >>> 6-th iteration<<<
% Backup Solver: UWrMaxSat-1.0
% Input Instances for Training: 463 (-unsolvable)
% Used Instances for Training: 463 (-unsolvable)
% Train with k-NN
% PAR10 on current test set: 7788.33 (52 instances)
% >>> 7-th iteration<<<
% Backup Solver: UWrMaxSat-1.0
% Input Instances for Training: 463 (-unsolvable)
% Used Instances for Training: 463 (-unsolvable)
% Train with k-NN
% PAR10 on current test set: 8426.65 (52 instances)
% >>> 8-th iteration<<<
% Backup Solver: UWrMaxSat-1.0
% Input Instances for Training: 463 (-unsolvable)
% Used Instances for Training: 463 (-unsolvable)
% Train with k-NN
% PAR10 on current test set: 9216.66 (52 instances)
% >>> 9-th iteration<<<
% Backup Solver: UWrMaxSat-1.0
% Input Instances for Training: 463 (-unsolvable)
% Used Instances for Training: 463 (-unsolvable)
% Train with k-NN
% PAR10 on current test set: 10506.12 (52 instances)
% >>> 10-th iteration<<<
% Backup Solver: UWrMaxSat-1.0
% Input Instances for Training: 463 (-unsolvable)
% Used Instances for Training: 463 (-unsolvable)
% Train with k-NN
% PAR10 on current test set: 9759.90 (52 instances)
% 
%  >>> Instances: 515 <<<
%  >>> Oracle Evaluation (w/o unsolved) <<<
% 
% Unsolved (not by any algorithm and not by feature computation): 110
% PAR1 time: 864.894233 (122.026000)
% Par10 time: 7785.068990 (121.754395)
% #TOs: 110 (0)
% 
%  >>> Cross Fold Evaluation <<<
% 
% Presolved: 0
% Prediction ties: 0
% >>>With Unsolvable Instances
% Timeouts (with unsolved): 138
% Solved (perc) (with unsolved): 0.7320
% PAR1 (with unsolved): 1095.73
% PAR10 (with unsolved): 9777.67
% >>>Without Unsolved Instances (depends on pre-solved in feature groups)
% Timeouts (without unsolved): 28
% Solved (perc) (without unsolved): 0.9309
% PAR1 (without unsolved): 415.56
% PAR10 (without unsolved): 2655.56
% 
% Time used by each solver: {'QMaxSAT2018': 1346.94, 'Open-WBO-ms-pre': 82380.23000000001, 'UWrMaxSat-1.0': 234280.53000999996, 'MaxHS': 138014.08002000008, 'Open-WBO-g': 49.610000000000014, 'maxino2018': 23133.040000000005, 'Open-WBO-ms': 39642.65}
% Optimal Time used by each solver: {'QMaxSAT2018': 398444.6900000001, 'Open-WBO-ms-pre': 20187.75, 'UWrMaxSat-1.0': 2738.7700299999997, 'MaxHS': 18777.640000000003, 'Open-WBO-g': 505.7199999999999, 'maxino2018': 1439.0400100000006, 'Open-WBO-ms': 3326.92}
% src/../binaries/runsolver -w /dev/null -M 6000 -W 1000 src/../binaries/gringo src/trainer/aspeed/enc/encoding-bounded-paper-Step1.lp /pfs/tc1/gscratch/hkashgar/flexfolio/MAXSAT2019/models/2-core/ASPEEDeHlvF6.facts -c maxsolver=100 -c optMode=1 -c maxPreSlice=360 -c cores=2 -c featTime=360
% src/../binaries/runsolver -w /dev/null -M 6000 -W 1000 src/../binaries/clasp /pfs/tc1/gscratch/hkashgar/flexfolio/MAXSAT2019/models/2-core/GROUNDSQydKl.gr --quiet=1,1
% 
% Schedule {1: {'claspfolio': 3600.0}, 2: {'claspfolio': 3120.0, 'MaxHS': 480}}
% 
% >>> End of Algorithm Scheduler <<<
% 
% Input Instances for Training: 515 (-unsolvable)
% Used Instances for Training: 515 (-unsolvable)
% Train with k-NN
% Pre-Solving schedule: {1: {'claspfolio': 3600.0}, 2: {'claspfolio': 3120.0, 'MaxHS': 480}}
% PAR10 on current test set: 10200.19 (57 instances)
% >>> 6-th iteration<<<
% Backup Solver: UWrMaxSat-1.0
% 
% >>> Algorithm Scheduler: Aspeed <<<
% 
% >>> 1-th iteration<<<
% Backup Solver: UWrMaxSat-1.0
% Input Instances for Training: 464 (-unsolvable)
% Used Instances for Training: 464 (-unsolvable)
% Train with k-NN
% PAR10 on current test set: 9311.46 (51 instances)
% >>> 2-th iteration<<<
% Backup Solver: UWrMaxSat-1.0
% Input Instances for Training: 464 (-unsolvable)
% Used Instances for Training: 464 (-unsolvable)
% Train with k-NN
% PAR10 on current test set: 13493.28 (51 instances)
% >>> 3-th iteration<<<
% Backup Solver: UWrMaxSat-1.0
% Input Instances for Training: 464 (-unsolvable)
% Used Instances for Training: 464 (-unsolvable)
% Train with k-NN
% PAR10 on current test set: 8554.51 (51 instances)
% >>> 4-th iteration<<<
% Backup Solver: UWrMaxSat-1.0
% Input Instances for Training: 464 (-unsolvable)
% Used Instances for Training: 464 (-unsolvable)
% Train with k-NN
% PAR10 on current test set: 8738.01 (51 instances)
% >>> 5-th iteration<<<
% Backup Solver: UWrMaxSat-1.0
% Input Instances for Training: 464 (-unsolvable)
% Used Instances for Training: 464 (-unsolvable)
% Train with k-NN
% PAR10 on current test set: 9964.82 (51 instances)
% >>> 6-th iteration<<<
% Backup Solver: UWrMaxSat-1.0
% Input Instances for Training: 463 (-unsolvable)
% Used Instances for Training: 463 (-unsolvable)
% Train with k-NN
% PAR10 on current test set: 7061.31 (52 instances)
% >>> 7-th iteration<<<
% Backup Solver: UWrMaxSat-1.0
% Input Instances for Training: 463 (-unsolvable)
% Used Instances for Training: 463 (-unsolvable)
% Train with k-NN
% PAR10 on current test set: 9116.09 (52 instances)
% >>> 8-th iteration<<<
% Backup Solver: UWrMaxSat-1.0
% Input Instances for Training: 463 (-unsolvable)
% Used Instances for Training: 463 (-unsolvable)
% Train with k-NN
% PAR10 on current test set: 13296.95 (52 instances)
% >>> 9-th iteration<<<
% Backup Solver: UWrMaxSat-1.0
% Input Instances for Training: 463 (-unsolvable)
% Used Instances for Training: 463 (-unsolvable)
% Train with k-NN
% PAR10 on current test set: 16675.02 (52 instances)
% >>> 10-th iteration<<<
% Backup Solver: UWrMaxSat-1.0
% Input Instances for Training: 463 (-unsolvable)
% Used Instances for Training: 463 (-unsolvable)
% Train with k-NN
% PAR10 on current test set: 7015.70 (52 instances)
% 
%  >>> Instances: 515 <<<
%  >>> Oracle Evaluation (w/o unsolved) <<<
% 
% Unsolved (not by any algorithm and not by feature computation): 115
% PAR1 time: 900.141340 (123.931975)
% Par10 time: 8134.869495 (123.644475)
% #TOs: 115 (0)
% 
%  >>> Cross Fold Evaluation <<<
% 
% Presolved: 0
% Prediction ties: 0
% >>>With Unsolvable Instances
% Timeouts (with unsolved): 146
% Solved (perc) (with unsolved): 0.7165
% PAR1 (with unsolved): 1140.48
% PAR10 (with unsolved): 10325.73
% >>>Without Unsolved Instances (depends on pre-solved in feature groups)
% Timeouts (without unsolved): 31
% Solved (perc) (without unsolved): 0.9225
% PAR1 (without unsolved): 433.37
% PAR10 (without unsolved): 2944.37
% 
% Time used by each solver: {'QMaxSAT2018': 0, 'Open-WBO-ms-pre': 78582.07000000005, 'UWrMaxSat-1.0': 241405.0799999999, 'MaxHS': 184800.84002000006, 'Open-WBO-g': 0, 'maxino2018': 19851.940000000006, 'Open-WBO-ms': 17968.37}
% Optimal Time used by each solver: {'QMaxSAT2018': 416674.02999999997, 'Open-WBO-ms-pre': 18650.380000000005, 'UWrMaxSat-1.0': 2765.6100199999996, 'MaxHS': 17036.7, 'Open-WBO-g': 689.3100000000001, 'maxino2018': 1190.9500100000002, 'Open-WBO-ms': 6565.8099999999995}
% src/../binaries/runsolver -w /dev/null -M 6000 -W 1000 src/../binaries/gringo src/trainer/aspeed/enc/encoding-bounded-paper-Step1.lp /pfs/tc1/gscratch/hkashgar/flexfolio/MAXSAT2019/models/2-core/ASPEED7lunpu.facts -c maxsolver=100 -c optMode=1 -c maxPreSlice=360 -c cores=2 -c featTime=360
% src/../binaries/runsolver -w /dev/null -M 6000 -W 1000 src/../binaries/clasp /pfs/tc1/gscratch/hkashgar/flexfolio/MAXSAT2019/models/2-core/GROUNDh45Nel.gr --quiet=1,1
% 
% Schedule {1: {'claspfolio': 3600.0}, 2: {'claspfolio': 3120.0, 'MaxHS': 480}}
% 
% >>> End of Algorithm Scheduler <<<
% 
% Input Instances for Training: 515 (-unsolvable)
% Used Instances for Training: 515 (-unsolvable)
% Train with k-NN
% Pre-Solving schedule: {1: {'claspfolio': 3600.0}, 2: {'claspfolio': 3120.0, 'MaxHS': 480}}
% PAR10 on current test set: 7114.22 (57 instances)
% >>> 7-th iteration<<<
% Backup Solver: UWrMaxSat-1.0
% 
% >>> Algorithm Scheduler: Aspeed <<<
% 
% >>> 1-th iteration<<<
% Backup Solver: UWrMaxSat-1.0
% Input Instances for Training: 464 (-unsolvable)
% Used Instances for Training: 464 (-unsolvable)
% Train with k-NN
% PAR10 on current test set: 10022.71 (51 instances)
% >>> 2-th iteration<<<
% Backup Solver: UWrMaxSat-1.0
% Input Instances for Training: 464 (-unsolvable)
% Used Instances for Training: 464 (-unsolvable)
% Train with k-NN
% PAR10 on current test set: 5837.71 (51 instances)
% >>> 3-th iteration<<<
% Backup Solver: UWrMaxSat-1.0
% Input Instances for Training: 464 (-unsolvable)
% Used Instances for Training: 464 (-unsolvable)
% Train with k-NN
% PAR10 on current test set: 9983.20 (51 instances)
% >>> 4-th iteration<<<
% Backup Solver: UWrMaxSat-1.0
% Input Instances for Training: 464 (-unsolvable)
% Used Instances for Training: 464 (-unsolvable)
% Train with k-NN
% PAR10 on current test set: 11405.62 (51 instances)
% >>> 5-th iteration<<<
% Backup Solver: UWrMaxSat-1.0
% Input Instances for Training: 464 (-unsolvable)
% Used Instances for Training: 464 (-unsolvable)
% Train with k-NN
% PAR10 on current test set: 10726.03 (51 instances)
% >>> 6-th iteration<<<
% Backup Solver: UWrMaxSat-1.0
% Input Instances for Training: 463 (-unsolvable)
% Used Instances for Training: 463 (-unsolvable)
% Train with k-NN
% PAR10 on current test set: 6332.83 (52 instances)
% >>> 7-th iteration<<<
% Backup Solver: UWrMaxSat-1.0
% Input Instances for Training: 463 (-unsolvable)
% Used Instances for Training: 463 (-unsolvable)
% Train with k-NN
% PAR10 on current test set: 8499.92 (52 instances)
% >>> 8-th iteration<<<
% Backup Solver: UWrMaxSat-1.0
% Input Instances for Training: 463 (-unsolvable)
% Used Instances for Training: 463 (-unsolvable)
% Train with k-NN
% PAR10 on current test set: 12552.68 (52 instances)
% >>> 9-th iteration<<<
% Backup Solver: UWrMaxSat-1.0
% Input Instances for Training: 463 (-unsolvable)
% Used Instances for Training: 463 (-unsolvable)
% Train with k-NN
% PAR10 on current test set: 13936.63 (52 instances)
% >>> 10-th iteration<<<
% Backup Solver: UWrMaxSat-1.0
% Input Instances for Training: 463 (-unsolvable)
% Used Instances for Training: 463 (-unsolvable)
% Train with k-NN
% PAR10 on current test set: 9182.68 (52 instances)
% 
%  >>> Instances: 515 <<<
%  >>> Oracle Evaluation (w/o unsolved) <<<
% 
% Unsolved (not by any algorithm and not by feature computation): 112
% PAR1 time: 879.861320 (123.892258)
% Par10 time: 7925.857437 (123.614343)
% #TOs: 112 (0)
% 
%  >>> Cross Fold Evaluation <<<
% 
% Presolved: 0
% Prediction ties: 0
% >>>With Unsolvable Instances
% Timeouts (with unsolved): 139
% Solved (perc) (with unsolved): 0.7301
% PAR1 (with unsolved): 1105.60
% PAR10 (with unsolved): 9850.46
% >>>Without Unsolved Instances (depends on pre-solved in feature groups)
% Timeouts (without unsolved): 27
% Solved (perc) (without unsolved): 0.9330
% PAR1 (without unsolved): 412.37
% PAR10 (without unsolved): 2583.09
% 
% Time used by each solver: {'QMaxSAT2018': 0, 'Open-WBO-ms-pre': 65705.09, 'UWrMaxSat-1.0': 223370.44000999993, 'MaxHS': 198495.67002000005, 'Open-WBO-g': 3.38, 'maxino2018': 4449.99, 'Open-WBO-ms': 32969.579999999994}
% Optimal Time used by each solver: {'QMaxSAT2018': 404736.42000000004, 'Open-WBO-ms-pre': 18917.850000000002, 'UWrMaxSat-1.0': 2837.52003, 'MaxHS': 18610.460000000006, 'Open-WBO-g': 660.76, 'maxino2018': 1316.8100100000004, 'Open-WBO-ms': 6048.76}
% src/../binaries/runsolver -w /dev/null -M 6000 -W 1000 src/../binaries/gringo src/trainer/aspeed/enc/encoding-bounded-paper-Step1.lp /pfs/tc1/gscratch/hkashgar/flexfolio/MAXSAT2019/models/2-core/ASPEED7W2qfh.facts -c maxsolver=100 -c optMode=1 -c maxPreSlice=360 -c cores=2 -c featTime=360
% src/../binaries/runsolver -w /dev/null -M 6000 -W 1000 src/../binaries/clasp /pfs/tc1/gscratch/hkashgar/flexfolio/MAXSAT2019/models/2-core/GROUND8qjCu_.gr --quiet=1,1
% 
% Schedule {1: {'claspfolio': 3316.0, 'Open-WBO-ms-pre': 284}, 2: {'claspfolio': 3126.0, 'MaxHS': 474}}
% 
% >>> End of Algorithm Scheduler <<<
% 
% Input Instances for Training: 515 (-unsolvable)
% Used Instances for Training: 515 (-unsolvable)
% Train with k-NN
% Pre-Solving schedule: {1: {'claspfolio': 3316.0, 'Open-WBO-ms-pre': 284}, 2: {'claspfolio': 3126.0, 'MaxHS': 474}}
% PAR10 on current test set: 9606.72 (57 instances)
% >>> 8-th iteration<<<
% Backup Solver: UWrMaxSat-1.0
% 
% >>> Algorithm Scheduler: Aspeed <<<
% 
% >>> 1-th iteration<<<
% Backup Solver: UWrMaxSat-1.0
% Input Instances for Training: 464 (-unsolvable)
% Used Instances for Training: 464 (-unsolvable)
% Train with k-NN
% PAR10 on current test set: 8698.30 (51 instances)
% >>> 2-th iteration<<<
% Backup Solver: UWrMaxSat-1.0
% Input Instances for Training: 464 (-unsolvable)
% Used Instances for Training: 464 (-unsolvable)
% Train with k-NN
% PAR10 on current test set: 7881.42 (51 instances)
% >>> 3-th iteration<<<
% Backup Solver: UWrMaxSat-1.0
% Input Instances for Training: 464 (-unsolvable)
% Used Instances for Training: 464 (-unsolvable)
% Train with k-NN
% PAR10 on current test set: 6467.23 (51 instances)
% >>> 4-th iteration<<<
% Backup Solver: UWrMaxSat-1.0
% Input Instances for Training: 464 (-unsolvable)
% Used Instances for Training: 464 (-unsolvable)
% Train with k-NN
% PAR10 on current test set: 14207.40 (51 instances)
% >>> 5-th iteration<<<
% Backup Solver: UWrMaxSat-1.0
% Input Instances for Training: 464 (-unsolvable)
% Used Instances for Training: 464 (-unsolvable)
% Train with k-NN
% PAR10 on current test set: 9302.60 (51 instances)
% >>> 6-th iteration<<<
% Backup Solver: UWrMaxSat-1.0
% Input Instances for Training: 463 (-unsolvable)
% Used Instances for Training: 463 (-unsolvable)
% Train with k-NN
% PAR10 on current test set: 10469.23 (52 instances)
% >>> 7-th iteration<<<
% Backup Solver: UWrMaxSat-1.0
% Input Instances for Training: 463 (-unsolvable)
% Used Instances for Training: 463 (-unsolvable)
% Train with k-NN
% PAR10 on current test set: 11201.61 (52 instances)
% >>> 8-th iteration<<<
% Backup Solver: UWrMaxSat-1.0
% Input Instances for Training: 463 (-unsolvable)
% Used Instances for Training: 463 (-unsolvable)
% Train with k-NN
% PAR10 on current test set: 13232.88 (52 instances)
% >>> 9-th iteration<<<
% Backup Solver: UWrMaxSat-1.0
% Input Instances for Training: 463 (-unsolvable)
% Used Instances for Training: 463 (-unsolvable)
% Train with k-NN
% PAR10 on current test set: 7000.24 (52 instances)
% >>> 10-th iteration<<<
% Backup Solver: UWrMaxSat-1.0
% Input Instances for Training: 463 (-unsolvable)
% Used Instances for Training: 463 (-unsolvable)
% Train with k-NN
% PAR10 on current test set: 9091.66 (52 instances)
% 
%  >>> Instances: 515 <<<
%  >>> Oracle Evaluation (w/o unsolved) <<<
% 
% Unsolved (not by any algorithm and not by feature computation): 108
% PAR1 time: 840.860990 (108.706167)
% Par10 time: 7635.214388 (108.440811)
% #TOs: 108 (0)
% 
%  >>> Cross Fold Evaluation <<<
% 
% Presolved: 0
% Prediction ties: 0
% >>>With Unsolvable Instances
% Timeouts (with unsolved): 138
% Solved (perc) (with unsolved): 0.7320
% PAR1 (with unsolved): 1077.62
% PAR10 (with unsolved): 9759.57
% >>>Without Unsolved Instances (depends on pre-solved in feature groups)
% Timeouts (without unsolved): 30
% Solved (perc) (without unsolved): 0.9263
% PAR1 (without unsolved): 408.30
% PAR10 (without unsolved): 2796.50
% 
% Time used by each solver: {'QMaxSAT2018': 0, 'Open-WBO-ms-pre': 42607.85999999999, 'UWrMaxSat-1.0': 225308.48001000012, 'MaxHS': 193108.52002, 'Open-WBO-g': 7181.86, 'maxino2018': 25624.62, 'Open-WBO-ms': 18039.809999999998}
% Optimal Time used by each solver: {'QMaxSAT2018': 391527.8400000001, 'Open-WBO-ms-pre': 16411.47, 'UWrMaxSat-1.0': 2818.12003, 'MaxHS': 15066.249999999995, 'Open-WBO-g': 739.07, 'maxino2018': 1473.7700100000006, 'Open-WBO-ms': 5006.89}
% src/../binaries/runsolver -w /dev/null -M 6000 -W 1000 src/../binaries/gringo src/trainer/aspeed/enc/encoding-bounded-paper-Step1.lp /pfs/tc1/gscratch/hkashgar/flexfolio/MAXSAT2019/models/2-core/ASPEED1z_XUk.facts -c maxsolver=100 -c optMode=1 -c maxPreSlice=360 -c cores=2 -c featTime=360
% src/../binaries/runsolver -w /dev/null -M 6000 -W 1000 src/../binaries/clasp /pfs/tc1/gscratch/hkashgar/flexfolio/MAXSAT2019/models/2-core/GROUNDYntbNr.gr --quiet=1,1
% 
% Schedule {1: {'claspfolio': 3600.0}, 2: {'claspfolio': 3120.0, 'MaxHS': 480}}
% 
% >>> End of Algorithm Scheduler <<<
% 
% Input Instances for Training: 515 (-unsolvable)
% Used Instances for Training: 515 (-unsolvable)
% Train with k-NN
% Pre-Solving schedule: {1: {'claspfolio': 3600.0}, 2: {'claspfolio': 3120.0, 'MaxHS': 480}}
% PAR10 on current test set: 11567.27 (57 instances)
% >>> 9-th iteration<<<
% Backup Solver: UWrMaxSat-1.0
% 
% >>> Algorithm Scheduler: Aspeed <<<
% 
% >>> 1-th iteration<<<
% Backup Solver: UWrMaxSat-1.0
% Input Instances for Training: 463 (-unsolvable)
% Used Instances for Training: 463 (-unsolvable)
% Train with k-NN
% PAR10 on current test set: 10074.52 (51 instances)
% >>> 2-th iteration<<<
% Backup Solver: UWrMaxSat-1.0
% Input Instances for Training: 463 (-unsolvable)
% Used Instances for Training: 463 (-unsolvable)
% Train with k-NN
% PAR10 on current test set: 5785.60 (51 instances)
% >>> 3-th iteration<<<
% Backup Solver: UWrMaxSat-1.0
% Input Instances for Training: 463 (-unsolvable)
% Used Instances for Training: 463 (-unsolvable)
% Train with k-NN
% PAR10 on current test set: 7893.62 (51 instances)
% >>> 4-th iteration<<<
% Backup Solver: UWrMaxSat-1.0
% Input Instances for Training: 463 (-unsolvable)
% Used Instances for Training: 463 (-unsolvable)
% Train with k-NN
% PAR10 on current test set: 10014.41 (51 instances)
% >>> 5-th iteration<<<
% Backup Solver: UWrMaxSat-1.0
% Input Instances for Training: 463 (-unsolvable)
% Used Instances for Training: 463 (-unsolvable)
% Train with k-NN
% PAR10 on current test set: 9957.32 (51 instances)
% >>> 6-th iteration<<<
% Backup Solver: UWrMaxSat-1.0
% Input Instances for Training: 463 (-unsolvable)
% Used Instances for Training: 463 (-unsolvable)
% Train with k-NN
% PAR10 on current test set: 7180.57 (51 instances)
% >>> 7-th iteration<<<
% Backup Solver: UWrMaxSat-1.0
% Input Instances for Training: 462 (-unsolvable)
% Used Instances for Training: 462 (-unsolvable)
% Train with k-NN
% PAR10 on current test set: 9861.25 (52 instances)
% >>> 8-th iteration<<<
% Backup Solver: UWrMaxSat-1.0
% Input Instances for Training: 462 (-unsolvable)
% Used Instances for Training: 462 (-unsolvable)
% Train with k-NN
% PAR10 on current test set: 10467.45 (52 instances)
% >>> 9-th iteration<<<
% Backup Solver: UWrMaxSat-1.0
% Input Instances for Training: 462 (-unsolvable)
% Used Instances for Training: 462 (-unsolvable)
% Train with k-NN
% PAR10 on current test set: 10531.61 (52 instances)
% >>> 10-th iteration<<<
% Backup Solver: UWrMaxSat-1.0
% Input Instances for Training: 462 (-unsolvable)
% Used Instances for Training: 462 (-unsolvable)
% Train with k-NN
% PAR10 on current test set: 9085.99 (52 instances)
% 
%  >>> Instances: 514 <<<
%  >>> Oracle Evaluation (w/o unsolved) <<<
% 
% Unsolved (not by any algorithm and not by feature computation): 101
% PAR1 time: 800.375331 (115.721356)
% Par10 time: 7166.715798 (115.476804)
% #TOs: 101 (0)
% 
%  >>> Cross Fold Evaluation <<<
% 
% Presolved: 0
% Prediction ties: 0
% >>>With Unsolvable Instances
% Timeouts (with unsolved): 128
% Solved (perc) (with unsolved): 0.7510
% PAR1 (with unsolved): 1023.76
% PAR10 (with unsolved): 9092.25
% >>>Without Unsolved Instances (depends on pre-solved in feature groups)
% Timeouts (without unsolved): 27
% Solved (perc) (without unsolved): 0.9346
% PAR1 (without unsolved): 393.74
% PAR10 (without unsolved): 2511.90
% 
% Time used by each solver: {'QMaxSAT2018': 0, 'Open-WBO-ms-pre': 60793.020000000004, 'UWrMaxSat-1.0': 188432.4700099999, 'MaxHS': 170217.07002000007, 'Open-WBO-g': 126.7, 'maxino2018': 40018.14, 'Open-WBO-ms': 24979.969999999998}
% Optimal Time used by each solver: {'QMaxSAT2018': 366457.41000000003, 'Open-WBO-ms-pre': 17009.489999999998, 'UWrMaxSat-1.0': 2737.5600299999996, 'MaxHS': 17392.19, 'Open-WBO-g': 727.11, 'maxino2018': 1500.93001, 'Open-WBO-ms': 5568.2300000000005}
% src/../binaries/runsolver -w /dev/null -M 6000 -W 1000 src/../binaries/gringo src/trainer/aspeed/enc/encoding-bounded-paper-Step1.lp /pfs/tc1/gscratch/hkashgar/flexfolio/MAXSAT2019/models/2-core/ASPEEDAflDme.facts -c maxsolver=100 -c optMode=1 -c maxPreSlice=360 -c cores=2 -c featTime=360
% src/../binaries/runsolver -w /dev/null -M 6000 -W 1000 src/../binaries/clasp /pfs/tc1/gscratch/hkashgar/flexfolio/MAXSAT2019/models/2-core/GROUNDuq4XH6.gr --quiet=1,1
% 
% Schedule {1: {'claspfolio': 3600.0}, 2: {'claspfolio': 3063.0, 'MaxHS': 480, 'Open-WBO-g': 57}}
% 
% >>> End of Algorithm Scheduler <<<
% 
% Input Instances for Training: 514 (-unsolvable)
% Used Instances for Training: 514 (-unsolvable)
% Train with k-NN
% Pre-Solving schedule: {1: {'claspfolio': 3600.0}, 2: {'claspfolio': 3063.0, 'MaxHS': 480, 'Open-WBO-g': 57}}
% PAR10 on current test set: 16846.66 (58 instances)
% >>> 10-th iteration<<<
% Backup Solver: UWrMaxSat-1.0
% 
% >>> Algorithm Scheduler: Aspeed <<<
% 
% >>> 1-th iteration<<<
% Backup Solver: UWrMaxSat-1.0
% Input Instances for Training: 463 (-unsolvable)
% Used Instances for Training: 463 (-unsolvable)
% Train with k-NN
% PAR10 on current test set: 11459.62 (51 instances)
% >>> 2-th iteration<<<
% Backup Solver: Open-WBO-ms
% Input Instances for Training: 463 (-unsolvable)
% Used Instances for Training: 463 (-unsolvable)
% Train with k-NN
% PAR10 on current test set: 11380.89 (51 instances)
% >>> 3-th iteration<<<
% Backup Solver: UWrMaxSat-1.0
% Input Instances for Training: 463 (-unsolvable)
% Used Instances for Training: 463 (-unsolvable)
% Train with k-NN
% PAR10 on current test set: 8584.93 (51 instances)
% >>> 4-th iteration<<<
% Backup Solver: UWrMaxSat-1.0
% Input Instances for Training: 463 (-unsolvable)
% Used Instances for Training: 463 (-unsolvable)
% Train with k-NN
% PAR10 on current test set: 9380.08 (51 instances)
% >>> 5-th iteration<<<
% Backup Solver: UWrMaxSat-1.0
% Input Instances for Training: 463 (-unsolvable)
% Used Instances for Training: 463 (-unsolvable)
% Train with k-NN
% PAR10 on current test set: 7926.22 (51 instances)
% >>> 6-th iteration<<<
% Backup Solver: UWrMaxSat-1.0
% Input Instances for Training: 463 (-unsolvable)
% Used Instances for Training: 463 (-unsolvable)
% Train with k-NN
% PAR10 on current test set: 7858.70 (51 instances)
% >>> 7-th iteration<<<
% Backup Solver: Open-WBO-ms
% Input Instances for Training: 462 (-unsolvable)
% Used Instances for Training: 462 (-unsolvable)
% Train with k-NN
% PAR10 on current test set: 10593.49 (52 instances)
% >>> 8-th iteration<<<
% Backup Solver: UWrMaxSat-1.0
% Input Instances for Training: 462 (-unsolvable)
% Used Instances for Training: 462 (-unsolvable)
% Train with k-NN
% PAR10 on current test set: 11846.89 (52 instances)
% >>> 9-th iteration<<<
% Backup Solver: UWrMaxSat-1.0
% Input Instances for Training: 462 (-unsolvable)
% Used Instances for Training: 462 (-unsolvable)
% Train with k-NN
% PAR10 on current test set: 15281.50 (52 instances)
% >>> 10-th iteration<<<
% Backup Solver: UWrMaxSat-1.0
% Input Instances for Training: 462 (-unsolvable)
% Used Instances for Training: 462 (-unsolvable)
% Train with k-NN
% PAR10 on current test set: 8431.95 (52 instances)
% 
%  >>> Instances: 514 <<<
%  >>> Oracle Evaluation (w/o unsolved) <<<
% 
% Unsolved (not by any algorithm and not by feature computation): 115
% PAR1 time: 901.722704 (124.023734)
% Par10 time: 8150.526206 (123.735514)
% #TOs: 115 (0)
% 
%  >>> Cross Fold Evaluation <<<
% 
% Presolved: 0
% Prediction ties: 0
% >>>With Unsolvable Instances
% Timeouts (with unsolved): 145
% Solved (perc) (with unsolved): 0.7179
% PAR1 (with unsolved): 1144.19
% PAR10 (with unsolved): 10284.26
% >>>Without Unsolved Instances (depends on pre-solved in feature groups)
% Timeouts (without unsolved): 30
% Solved (perc) (without unsolved): 0.9248
% PAR1 (without unsolved): 436.37
% PAR10 (without unsolved): 2872.46
% 
% Time used by each solver: {'QMaxSAT2018': 0, 'Open-WBO-ms-pre': 92367.74999999999, 'UWrMaxSat-1.0': 200606.30000999998, 'MaxHS': 173583.50001999995, 'Open-WBO-g': 10.89, 'maxino2018': 33271.920000000006, 'Open-WBO-ms': 45531.06999999999}
% Optimal Time used by each solver: {'QMaxSAT2018': 416794.86, 'Open-WBO-ms-pre': 17250.670000000002, 'UWrMaxSat-1.0': 2207.87003, 'MaxHS': 18561.280000000002, 'Open-WBO-g': 687.4499999999999, 'maxino2018': 1423.2400100000002, 'Open-WBO-ms': 6560.1}
% src/../binaries/runsolver -w /dev/null -M 6000 -W 1000 src/../binaries/gringo src/trainer/aspeed/enc/encoding-bounded-paper-Step1.lp /pfs/tc1/gscratch/hkashgar/flexfolio/MAXSAT2019/models/2-core/ASPEEDvqAT7V.facts -c maxsolver=100 -c optMode=1 -c maxPreSlice=360 -c cores=2 -c featTime=360
% src/../binaries/runsolver -w /dev/null -M 6000 -W 1000 src/../binaries/clasp /pfs/tc1/gscratch/hkashgar/flexfolio/MAXSAT2019/models/2-core/GROUNDzYvKi8.gr --quiet=1,1
% 
% Schedule {1: {'claspfolio': 3531.0, 'UWrMaxSat-1.0': 69}, 2: {'claspfolio': 3227.0, 'MaxHS': 373}}
% 
% >>> End of Algorithm Scheduler <<<
% 
% Input Instances for Training: 514 (-unsolvable)
% Used Instances for Training: 514 (-unsolvable)
% Train with k-NN
% Pre-Solving schedule: {1: {'claspfolio': 3531.0, 'UWrMaxSat-1.0': 69}, 2: {'claspfolio': 3227.0, 'MaxHS': 373}}
% PAR10 on current test set: 6320.91 (58 instances)
% 
%  >>> Instances: 572 <<<
%  >>> Oracle Evaluation (w/o unsolved) <<<
% 
% Unsolved (not by any algorithm and not by feature computation): 123
% PAR1 time: 868.457273 (120.172740)
% Par10 time: 7835.375105 (119.898797)
% #TOs: 123 (0)
% 
%  >>> Cross Fold Evaluation <<<
% 
% Presolved: 0
% Prediction ties: 0
% >>>With Unsolvable Instances
% Timeouts (with unsolved): 153
% Solved (perc) (with unsolved): 0.7325
% PAR1 (with unsolved): 1092.61
% PAR10 (with unsolved): 9759.04
% >>>Without Unsolved Instances (depends on pre-solved in feature groups)
% Timeouts (without unsolved): 30
% Solved (perc) (without unsolved): 0.9332
% PAR1 (without unsolved): 405.73
% PAR10 (without unsolved): 2570.54
% 
% Time used by each solver: {'QMaxSAT2018': 0, 'Open-WBO-ms-pre': 87530.13999999997, 'UWrMaxSat-1.0': 236917.66000999988, 'MaxHS': 324404.97005000024, 'Open-WBO-g': 7546.699999999998, 'maxino2018': 19528.940000000002, 'Open-WBO-ms': 32031.46}
% Optimal Time used by each solver: {'QMaxSAT2018': 445690.32, 'Open-WBO-ms-pre': 20456.7, 'UWrMaxSat-1.0': 2907.8600300000007, 'MaxHS': 18841.83, 'Open-WBO-g': 753.4399999999999, 'maxino2018': 1507.5800100000001, 'Open-WBO-ms': 6599.83}
