% flexfolio Trainer!
% Published under GPLv2
% https://bitbucket.org/mlindauer/flexfolio
% Command line arguments:
% --aslib-dir SAT2018/SAT18_EXP-10-Cores/ --model-dir SAT2018/models/10-core/ --preconf 3s --print-time SAT2018/sat18_results/SAT2018-10core-3s.csv --t-aspeed 10
% Read SAT2018/SAT18_EXP-10-Cores/description.txt
% Read SAT2018/SAT18_EXP-10-Cores/algorithm_runs.arff
% Read SAT2018/SAT18_EXP-10-Cores/feature_values.arff
% Read SAT2018/SAT18_EXP-10-Cores/feature_runstatus.arff
% Read SAT2018/SAT18_EXP-10-Cores/feature_costs.arff
% Read SAT2018/SAT18_EXP-10-Cores/cv.arff
% 1-th repetition: 35,35,35,35,35,35,35,36,36,36 distribution
% Used Feature Steps (1): ALL
% Used features (54): reducedVars,VCG.CLAUSE.entropy,POSNEG.RATIO.VAR.entropy,HORNY.VAR.entropy,cluster.coeff.min,VCG.VAR.mean,VCG.VAR.entropy,HORNY.VAR.mean,nvarsOrig,POSNEG.RATIO.VAR.stdev,POSNEG.RATIO.VAR.max,nclauses,HORNY.VAR.min,VCG.VAR.coeff.variation,TRINARY.,VG.min,CG.entropy,cluster.coeff.coeff.variation,UNARY,cluster.coeff.entropy,horn.clauses.fraction,cluster.coeff.mean,CG.min,CG.max,Basic.featuretime,VG.max,VCG.VAR.min,Pre.featuretime,CG.featuretime,cluster.coeff.max,VCG.CLAUSE.min,VCG.VAR.max,VG.mean,nvars,POSNEG.RATIO.CLAUSE.coeff.variation,VCG.CLAUSE.mean,BINARY.,KLB.featuretime,POSNEG.RATIO.CLAUSE.min,VCG.CLAUSE.coeff.variation,VCG.CLAUSE.max,HORNY.VAR.coeff.variation,HORNY.VAR.max,POSNEG.RATIO.VAR.mean,POSNEG.RATIO.CLAUSE.entropy,POSNEG.RATIO.CLAUSE.max,POSNEG.RATIO.CLAUSE.mean,nclausesOrig,POSNEG.RATIO.VAR.min,CG.coeff.variation,vars.clauses.ratio,VG.coeff.variation,reducedClauses,CG.mean
% 
% Check Consistency and Completeness of input data
% Instances: 		 353
% Algorithms: 		 37
% Incomplete Feature Vector: 	 0 (maybe imputed)
% Unsolvable Instances (status): 	 100
% Unsolvable Instances (runtime): 	 100
% Valid Instances: 	 253
% Presolved: 		 0
% Average Feature Costs: 	 0.1076
% Use given CV of 1-th repetition
% >>> 1-th iteration<<<
% Backup Solver: MapleLCMDistChronoBT
% 
% >>> Algorithm Scheduler: Aspeed <<<
% 
% >>> 1-th iteration<<<
% Backup Solver: MapleLCMDistChronoBT
% Input Instances for Training: 287 (-unsolvable)
% Used Instances for Training: 287 (-unsolvable)
% Train with k-NN
% PAR10 on current test set: 29088.17 (31 instances)
% >>> 2-th iteration<<<
% Backup Solver: Maple_LCM_Scavel_fix2
% Input Instances for Training: 287 (-unsolvable)
% Used Instances for Training: 287 (-unsolvable)
% Train with k-NN
% PAR10 on current test set: 19400.60 (31 instances)
% >>> 3-th iteration<<<
% Backup Solver: MapleLCMDistChronoBT
% Input Instances for Training: 286 (-unsolvable)
% Used Instances for Training: 286 (-unsolvable)
% Train with k-NN
% PAR10 on current test set: 34428.81 (32 instances)
% >>> 4-th iteration<<<
% Backup Solver: MapleLCMDistChronoBT
% Input Instances for Training: 286 (-unsolvable)
% Used Instances for Training: 286 (-unsolvable)
% Train with k-NN
% PAR10 on current test set: 23531.62 (32 instances)
% >>> 5-th iteration<<<
% Backup Solver: MapleLCMDistChronoBT
% Input Instances for Training: 286 (-unsolvable)
% Used Instances for Training: 286 (-unsolvable)
% Train with k-NN
% PAR10 on current test set: 23668.08 (32 instances)
% >>> 6-th iteration<<<
% Backup Solver: Maple_LCM_Scavel_200_fix2
% Input Instances for Training: 286 (-unsolvable)
% Used Instances for Training: 286 (-unsolvable)
% Train with k-NN
% PAR10 on current test set: 25052.03 (32 instances)
% >>> 7-th iteration<<<
% Backup Solver: Maple_LCM_Scavel_200_fix2
% Input Instances for Training: 286 (-unsolvable)
% Used Instances for Training: 286 (-unsolvable)
% Train with k-NN
% PAR10 on current test set: 17259.37 (32 instances)
% >>> 8-th iteration<<<
% Backup Solver: MapleLCMDistChronoBT
% Input Instances for Training: 286 (-unsolvable)
% Used Instances for Training: 286 (-unsolvable)
% Train with k-NN
% PAR10 on current test set: 39075.97 (32 instances)
% >>> 9-th iteration<<<
% Backup Solver: MapleLCMDistChronoBT
% Input Instances for Training: 286 (-unsolvable)
% Used Instances for Training: 286 (-unsolvable)
% Train with k-NN
% PAR10 on current test set: 26608.06 (32 instances)
% >>> 10-th iteration<<<
% Backup Solver: Maple_LCM_Scavel_200_fix2
% Input Instances for Training: 286 (-unsolvable)
% Used Instances for Training: 286 (-unsolvable)
% Train with k-NN
% PAR10 on current test set: 18844.90 (32 instances)
% 
%  >>> Instances: 318 <<<
%  >>> Oracle Evaluation (w/o unsolved) <<<
% 
% Unsolved (not by any algorithm and not by feature computation): 92
% PAR1 time: 1527.418617 (113.801416)
% Par10 time: 14545.997233 (113.394337)
% #TOs: 92 (0)
% 
%  >>> Cross Fold Evaluation <<<
% 
% Presolved: 0
% Prediction ties: 0
% >>>With Unsolvable Instances
% Timeouts (with unsolved): 163
% Solved (perc) (with unsolved): 0.4874
% PAR1 (with unsolved): 2638.85
% PAR10 (with unsolved): 25704.89
% >>>Without Unsolved Instances (depends on pre-solved in feature groups)
% Timeouts (without unsolved): 71
% Solved (perc) (without unsolved): 0.6858
% PAR1 (without unsolved): 1677.68
% PAR10 (without unsolved): 15814.84
% 
% Time used by each solver: {'expGlucose': 0, 'expMC_VSIDS_LRB_Switch_2500': 0, 'Riss7.1-fix': 91471.88999999998, 'glucose4.2.1': 0, 'Maple_LCM_Scavel_fix2': 52572.04000000001, 'cms55-main-all4fixed': 50649.36, 'Glucose_Hack_Kiel_fastBVE': 0, 'Maple_CM': 4999.94, 'Maple_LCM_M1': 15629.369999999999, 'MapleCOMSPS_CHB_VSIDS_drup': 0, 'Maple_CM_ordUIP': 206.33, 'expMC_LRB_VSIDS_Switch_2500': 0, 'MapleCOMSPS_LRB_VSIDS_2_fix': 4999.94, 'Maple_CM_Dist': 117491.23999999999, 'glu_mix': 31037.999999999996, 'Maple_LCM_Scavel_200_fix2': 76540.31, 'Lingeling': 56576.26999999999, 'Maple_LCM+BCrestart': 19999.53, 'smallsat': 87423.83000000002, 'GHackCOMSPS_drup': 4999.85, 'gluHack': 0, 'Maple_LCM+BCrestart_M1': 5293.339999999999, 'glucose3.0': 0, 'Candy': 0, 'MapleCOMSPS_LRB_VSIDS_drup': 4999.86, 'glucose-3.0_PADC_3': 0, 'YalSAT': 0, 'inIDGlucose': 0, 'COMiniSatPS_Pulsar_drup': 6128.24, 'CaDiCaL': 30456.58, 'Maple_CM_ordUIP+': 20775.62, 'abcdsat_r18': 19999.62, 'MapleLCMDistChronoBT': 20524.579999999998, 'expMC_LRB_VSIDS_Switch': 66107.79000000001, 'Sparrow2Riss-2018-fixfix': 50236.87000000002, 'Minisat-v2.2.0-106-ge2dd095': 0, 'glucose-3.0_PADC_10': 0}
% Optimal Time used by each solver: {'expGlucose': 460092.0, 'expMC_VSIDS_LRB_Switch_2500': 467.69, 'Riss7.1-fix': 514.14, 'glucose4.2.1': 7.390000000000001, 'Maple_LCM_Scavel_fix2': 686.72, 'cms55-main-all4fixed': 874.18, 'Glucose_Hack_Kiel_fastBVE': 0, 'Maple_CM': 3033.93, 'Maple_LCM_M1': 132.39, 'MapleCOMSPS_CHB_VSIDS_drup': 150.54, 'Maple_CM_ordUIP': 0, 'expMC_LRB_VSIDS_Switch_2500': 790.54, 'MapleCOMSPS_LRB_VSIDS_2_fix': 169.77, 'Maple_CM_Dist': 2832.0999999999995, 'glu_mix': 1945.9199999999998, 'Maple_LCM_Scavel_200_fix2': 681.19, 'Lingeling': 241.11005, 'Maple_LCM+BCrestart': 383.40999999999997, 'smallsat': 1624.83, 'GHackCOMSPS_drup': 779.7, 'gluHack': 823.1, 'Maple_LCM+BCrestart_M1': 151.85, 'glucose3.0': 61.69, 'Candy': 0, 'MapleCOMSPS_LRB_VSIDS_drup': 82.75, 'glucose-3.0_PADC_3': 392.62, 'YalSAT': 45.06001, 'inIDGlucose': 19.03, 'COMiniSatPS_Pulsar_drup': 1798.78, 'CaDiCaL': 1232.9399999999998, 'Maple_CM_ordUIP+': 2790.64, 'abcdsat_r18': 1719.68, 'MapleLCMDistChronoBT': 778.46, 'expMC_LRB_VSIDS_Switch': 0, 'Sparrow2Riss-2018-fixfix': 359.03000000000014, 'Minisat-v2.2.0-106-ge2dd095': 55.94, 'glucose-3.0_PADC_10': 0}
% src/../binaries/runsolver -w /dev/null -M 6000 -W 1000 src/../binaries/gringo src/trainer/aspeed/enc/encoding-bounded-paper-Step1.lp /pfs/tc1/gscratch/hkashgar/flexfolio/SAT2018/models/10-core/ASPEEDFQDBTX.facts -c maxsolver=100 -c optMode=1 -c maxPreSlice=500 -c cores=10 -c featTime=500
% src/../binaries/runsolver -w /dev/null -M 6000 -W 1000 src/../binaries/clasp /pfs/tc1/gscratch/hkashgar/flexfolio/SAT2018/models/10-core/GROUNDxBiZ8Q.gr --quiet=1,1
% 
% Schedule {1: {'claspfolio': 4530.0, 'Maple_LCM+BCrestart_M1': 470}, 2: {'claspfolio': 5000.0}, 3: {'claspfolio': 5000.0}, 4: {'claspfolio': 5000.0}, 5: {'claspfolio': 4500.0, 'smallsat': 500.0}, 6: {'claspfolio': 4233.0, 'Maple_LCM_Scavel_200_fix2': 436, 'abcdsat_r18': 331}, 7: {'claspfolio': 4235.0, 'Riss7.1-fix': 765}, 8: {'claspfolio': 4150.0, 'YalSAT': 73, 'COMiniSatPS_Pulsar_drup': 389, 'gluHack': 388}, 9: {'claspfolio': 4057.0, 'glu_mix': 471, 'CaDiCaL': 472}, 10: {'MapleCOMSPS_LRB_VSIDS_2_fix': 1, 'cms55-main-all4fixed': 1, 'GHackCOMSPS_drup': 2, 'glucose3.0': 4, 'MapleCOMSPS_CHB_VSIDS_drup': 4, 'Maple_CM_ordUIP': 4, 'expGlucose': 3, 'expMC_VSIDS_LRB_Switch_2500': 34, 'Glucose_Hack_Kiel_fastBVE': 3, 'Maple_CM_Dist': 2, 'Lingeling': 23, 'glucose4.2.1': 3, 'Maple_LCM_Scavel_fix2': 385, 'expMC_LRB_VSIDS_Switch_2500': 1, 'MapleCOMSPS_LRB_VSIDS_drup': 456, 'claspfolio': 4060.0, 'inIDGlucose': 5, 'Maple_LCM+BCrestart': 1, 'Maple_LCM_M1': 1, 'glucose-3.0_PADC_10': 5, 'Maple_CM': 2}}
% 
% >>> End of Algorithm Scheduler <<<
% 
% Input Instances for Training: 318 (-unsolvable)
% Used Instances for Training: 318 (-unsolvable)
% Train with k-NN
% Pre-Solving schedule: {1: {'claspfolio': 4530.0, 'Maple_LCM+BCrestart_M1': 470}, 2: {'claspfolio': 5000.0}, 3: {'claspfolio': 5000.0}, 4: {'claspfolio': 5000.0}, 5: {'claspfolio': 4500.0, 'smallsat': 500.0}, 6: {'claspfolio': 4233.0, 'Maple_LCM_Scavel_200_fix2': 436, 'abcdsat_r18': 331}, 7: {'claspfolio': 4235.0, 'Riss7.1-fix': 765}, 8: {'claspfolio': 4150.0, 'YalSAT': 73, 'COMiniSatPS_Pulsar_drup': 389, 'gluHack': 388}, 9: {'claspfolio': 4057.0, 'glu_mix': 471, 'CaDiCaL': 472}, 10: {'MapleCOMSPS_LRB_VSIDS_2_fix': 1, 'cms55-main-all4fixed': 1, 'GHackCOMSPS_drup': 2, 'glucose3.0': 4, 'MapleCOMSPS_CHB_VSIDS_drup': 4, 'Maple_CM_ordUIP': 4, 'expGlucose': 3, 'expMC_VSIDS_LRB_Switch_2500': 34, 'Glucose_Hack_Kiel_fastBVE': 3, 'Maple_CM_Dist': 2, 'Lingeling': 23, 'glucose4.2.1': 3, 'Maple_LCM_Scavel_fix2': 385, 'expMC_LRB_VSIDS_Switch_2500': 1, 'MapleCOMSPS_LRB_VSIDS_drup': 456, 'claspfolio': 4060.0, 'inIDGlucose': 5, 'Maple_LCM+BCrestart': 1, 'Maple_LCM_M1': 1, 'glucose-3.0_PADC_10': 5, 'Maple_CM': 2}}
% PAR10 on current test set: 17436.17 (35 instances)
% >>> 2-th iteration<<<
% Backup Solver: MapleLCMDistChronoBT
% 
% >>> Algorithm Scheduler: Aspeed <<<
% 
% >>> 1-th iteration<<<
% Backup Solver: MapleLCMDistChronoBT
% Input Instances for Training: 287 (-unsolvable)
% Used Instances for Training: 287 (-unsolvable)
% Train with k-NN
% PAR10 on current test set: 24229.99 (31 instances)
% >>> 2-th iteration<<<
% Backup Solver: MapleLCMDistChronoBT
% Input Instances for Training: 287 (-unsolvable)
% Used Instances for Training: 287 (-unsolvable)
% Train with k-NN
% PAR10 on current test set: 27526.59 (31 instances)
% >>> 3-th iteration<<<
% Backup Solver: MapleLCMDistChronoBT
% Input Instances for Training: 286 (-unsolvable)
% Used Instances for Training: 286 (-unsolvable)
% Train with k-NN
% PAR10 on current test set: 28204.84 (32 instances)
% >>> 4-th iteration<<<
% Backup Solver: MapleLCMDistChronoBT
% Input Instances for Training: 286 (-unsolvable)
% Used Instances for Training: 286 (-unsolvable)
% Train with k-NN
% PAR10 on current test set: 23502.13 (32 instances)
% >>> 5-th iteration<<<
% Backup Solver: MapleLCMDistChronoBT
% Input Instances for Training: 286 (-unsolvable)
% Used Instances for Training: 286 (-unsolvable)
% Train with k-NN
% PAR10 on current test set: 29834.69 (32 instances)
% >>> 6-th iteration<<<
% Backup Solver: MapleLCMDistChronoBT
% Input Instances for Training: 286 (-unsolvable)
% Used Instances for Training: 286 (-unsolvable)
% Train with k-NN
% PAR10 on current test set: 22065.42 (32 instances)
% >>> 7-th iteration<<<
% Backup Solver: MapleLCMDistChronoBT
% Input Instances for Training: 286 (-unsolvable)
% Used Instances for Training: 286 (-unsolvable)
% Train with k-NN
% PAR10 on current test set: 26628.59 (32 instances)
% >>> 8-th iteration<<<
% Backup Solver: MapleLCMDistChronoBT
% Input Instances for Training: 286 (-unsolvable)
% Used Instances for Training: 286 (-unsolvable)
% Train with k-NN
% PAR10 on current test set: 28169.30 (32 instances)
% >>> 9-th iteration<<<
% Backup Solver: MapleLCMDistChronoBT
% Input Instances for Training: 286 (-unsolvable)
% Used Instances for Training: 286 (-unsolvable)
% Train with k-NN
% PAR10 on current test set: 23503.97 (32 instances)
% >>> 10-th iteration<<<
% Backup Solver: MapleLCMDistChronoBT
% Input Instances for Training: 286 (-unsolvable)
% Used Instances for Training: 286 (-unsolvable)
% Train with k-NN
% PAR10 on current test set: 20414.42 (32 instances)
% 
%  >>> Instances: 318 <<<
%  >>> Oracle Evaluation (w/o unsolved) <<<
% 
% Unsolved (not by any algorithm and not by feature computation): 90
% PAR1 time: 1499.685598 (117.982544)
% Par10 time: 14235.251635 (117.587807)
% #TOs: 90 (0)
% 
%  >>> Cross Fold Evaluation <<<
% 
% Presolved: 0
% Prediction ties: 0
% >>>With Unsolvable Instances
% Timeouts (with unsolved): 161
% Solved (perc) (with unsolved): 0.4937
% PAR1 (with unsolved): 2622.02
% PAR10 (with unsolved): 25405.04
% >>>Without Unsolved Instances (depends on pre-solved in feature groups)
% Timeouts (without unsolved): 71
% Solved (perc) (without unsolved): 0.6886
% PAR1 (without unsolved): 1683.34
% PAR10 (without unsolved): 15696.50
% 
% Time used by each solver: {'expGlucose': 0, 'expMC_VSIDS_LRB_Switch_2500': 16037.880000000001, 'Riss7.1-fix': 126333.01999999999, 'glucose4.2.1': 1.37, 'Maple_LCM_Scavel_fix2': 33121.159999999996, 'cms55-main-all4fixed': 67325.97999999998, 'Glucose_Hack_Kiel_fastBVE': 0, 'Maple_CM': 0, 'Maple_LCM_M1': 5076.39, 'MapleCOMSPS_CHB_VSIDS_drup': 14999.75, 'Maple_CM_ordUIP': 670.15, 'expMC_LRB_VSIDS_Switch_2500': 0, 'MapleCOMSPS_LRB_VSIDS_2_fix': 463.25, 'Maple_CM_Dist': 85645.5, 'glu_mix': 41066.799999999996, 'Maple_LCM_Scavel_200_fix2': 39999.009999999995, 'Lingeling': 36384.29, 'Maple_LCM+BCrestart': 30187.29, 'smallsat': 109900.82999999999, 'GHackCOMSPS_drup': 0, 'gluHack': 4999.85, 'Maple_LCM+BCrestart_M1': 189.79, 'glucose3.0': 0, 'Candy': 10007.789999999999, 'MapleCOMSPS_LRB_VSIDS_drup': 0, 'glucose-3.0_PADC_3': 0, 'YalSAT': 0, 'inIDGlucose': 0, 'COMiniSatPS_Pulsar_drup': 657.34, 'CaDiCaL': 30002.51, 'Maple_CM_ordUIP+': 4999.86, 'abcdsat_r18': 9999.73, 'MapleLCMDistChronoBT': 58525.69, 'expMC_LRB_VSIDS_Switch': 81973.68999999999, 'Sparrow2Riss-2018-fixfix': 25198.099999999995, 'Minisat-v2.2.0-106-ge2dd095': 0, 'glucose-3.0_PADC_10': 0}
% Optimal Time used by each solver: {'expGlucose': 450090.0, 'expMC_VSIDS_LRB_Switch_2500': 745.5999999999999, 'Riss7.1-fix': 439.30999999999995, 'glucose4.2.1': 326.04, 'Maple_LCM_Scavel_fix2': 686.72, 'cms55-main-all4fixed': 990.1199999999999, 'Glucose_Hack_Kiel_fastBVE': 91.78, 'Maple_CM': 2830.06, 'Maple_LCM_M1': 132.39, 'MapleCOMSPS_CHB_VSIDS_drup': 150.54, 'Maple_CM_ordUIP': 0, 'expMC_LRB_VSIDS_Switch_2500': 790.54, 'MapleCOMSPS_LRB_VSIDS_2_fix': 169.77, 'Maple_CM_Dist': 2940.8799999999997, 'glu_mix': 2107.5700000000006, 'Maple_LCM_Scavel_200_fix2': 681.19, 'Lingeling': 241.07005, 'Maple_LCM+BCrestart': 437.67999999999995, 'smallsat': 1871.1799999999998, 'GHackCOMSPS_drup': 782.24, 'gluHack': 812.7800000000001, 'Maple_LCM+BCrestart_M1': 151.85, 'glucose3.0': 61.69, 'Candy': 0, 'MapleCOMSPS_LRB_VSIDS_drup': 115.29, 'glucose-3.0_PADC_3': 392.62, 'YalSAT': 42.64, 'inIDGlucose': 16.43, 'COMiniSatPS_Pulsar_drup': 2230.8399999999997, 'CaDiCaL': 1138.6100000000004, 'Maple_CM_ordUIP+': 2881.72, 'abcdsat_r18': 1719.68, 'MapleLCMDistChronoBT': 775.26, 'expMC_LRB_VSIDS_Switch': 0, 'Sparrow2Riss-2018-fixfix': 53.499999999999986, 'Minisat-v2.2.0-106-ge2dd095': 2.43, 'glucose-3.0_PADC_10': 0}
% src/../binaries/runsolver -w /dev/null -M 6000 -W 1000 src/../binaries/gringo src/trainer/aspeed/enc/encoding-bounded-paper-Step1.lp /pfs/tc1/gscratch/hkashgar/flexfolio/SAT2018/models/10-core/ASPEEDlCYKLx.facts -c maxsolver=100 -c optMode=1 -c maxPreSlice=500 -c cores=10 -c featTime=500
% src/../binaries/runsolver -w /dev/null -M 6000 -W 1000 src/../binaries/clasp /pfs/tc1/gscratch/hkashgar/flexfolio/SAT2018/models/10-core/GROUNDNqmq8Y.gr --quiet=1,1
% 
% Schedule {1: {'claspfolio': 4584.0, 'glu_mix': 416}, 2: {'claspfolio': 5000.0}, 3: {'claspfolio': 4500.0, 'Maple_LCM+BCrestart_M1': 500.0}, 4: {'claspfolio': 4055.0, 'GHackCOMSPS_drup': 469, 'MapleLCMDistChronoBT': 476}, 5: {'claspfolio': 4235.0, 'Riss7.1-fix': 765}, 6: {'claspfolio': 4315.0, 'CaDiCaL': 346, 'Maple_LCM_Scavel_fix2': 339}, 7: {'claspfolio': 4081.0, 'Sparrow2Riss-2018-fixfix': 112, 'smallsat': 487, 'gluHack': 320}, 8: {'claspfolio': 4020.0, 'cms55-main-all4fixed': 445, 'Maple_LCM_Scavel_200_fix2': 438, 'expMC_LRB_VSIDS_Switch_2500': 97}, 9: {'claspfolio': 4198.0, 'glucose4.2.1': 340, 'abcdsat_r18': 462}, 10: {'MapleCOMSPS_LRB_VSIDS_2_fix': 1, 'YalSAT': 2, 'glucose3.0': 4, 'MapleCOMSPS_CHB_VSIDS_drup': 4, 'Maple_CM_ordUIP': 4, 'expGlucose': 7, 'expMC_VSIDS_LRB_Switch_2500': 34, 'Glucose_Hack_Kiel_fastBVE': 3, 'Maple_CM_Dist': 8, 'Lingeling': 882, 'Candy': 3, 'MapleCOMSPS_LRB_VSIDS_drup': 1, 'claspfolio': 4003.0, 'inIDGlucose': 16, 'Maple_LCM+BCrestart': 1, 'Maple_LCM_M1': 11, 'glucose-3.0_PADC_10': 5, 'Maple_CM': 11}}
% 
% >>> End of Algorithm Scheduler <<<
% 
% Input Instances for Training: 318 (-unsolvable)
% Used Instances for Training: 318 (-unsolvable)
% Train with k-NN
% Pre-Solving schedule: {1: {'claspfolio': 4584.0, 'glu_mix': 416}, 2: {'claspfolio': 5000.0}, 3: {'claspfolio': 4500.0, 'Maple_LCM+BCrestart_M1': 500.0}, 4: {'claspfolio': 4055.0, 'GHackCOMSPS_drup': 469, 'MapleLCMDistChronoBT': 476}, 5: {'claspfolio': 4235.0, 'Riss7.1-fix': 765}, 6: {'claspfolio': 4315.0, 'CaDiCaL': 346, 'Maple_LCM_Scavel_fix2': 339}, 7: {'claspfolio': 4081.0, 'Sparrow2Riss-2018-fixfix': 112, 'smallsat': 487, 'gluHack': 320}, 8: {'claspfolio': 4020.0, 'cms55-main-all4fixed': 445, 'Maple_LCM_Scavel_200_fix2': 438, 'expMC_LRB_VSIDS_Switch_2500': 97}, 9: {'claspfolio': 4198.0, 'glucose4.2.1': 340, 'abcdsat_r18': 462}, 10: {'MapleCOMSPS_LRB_VSIDS_2_fix': 1, 'YalSAT': 2, 'glucose3.0': 4, 'MapleCOMSPS_CHB_VSIDS_drup': 4, 'Maple_CM_ordUIP': 4, 'expGlucose': 7, 'expMC_VSIDS_LRB_Switch_2500': 34, 'Glucose_Hack_Kiel_fastBVE': 3, 'Maple_CM_Dist': 8, 'Lingeling': 882, 'Candy': 3, 'MapleCOMSPS_LRB_VSIDS_drup': 1, 'claspfolio': 4003.0, 'inIDGlucose': 16, 'Maple_LCM+BCrestart': 1, 'Maple_LCM_M1': 11, 'glucose-3.0_PADC_10': 5, 'Maple_CM': 11}}
% PAR10 on current test set: 21669.31 (35 instances)
% >>> 3-th iteration<<<
% Backup Solver: MapleLCMDistChronoBT
% 
% >>> Algorithm Scheduler: Aspeed <<<
% 
% >>> 1-th iteration<<<
% Backup Solver: MapleLCMDistChronoBT
% Input Instances for Training: 287 (-unsolvable)
% Used Instances for Training: 287 (-unsolvable)
% Train with k-NN
% PAR10 on current test set: 25862.72 (31 instances)
% >>> 2-th iteration<<<
% Backup Solver: MapleLCMDistChronoBT
% Input Instances for Training: 287 (-unsolvable)
% Used Instances for Training: 287 (-unsolvable)
% Train with k-NN
% PAR10 on current test set: 22685.32 (31 instances)
% >>> 3-th iteration<<<
% Backup Solver: MapleLCMDistChronoBT
% Input Instances for Training: 286 (-unsolvable)
% Used Instances for Training: 286 (-unsolvable)
% Train with k-NN
% PAR10 on current test set: 29772.15 (32 instances)
% >>> 4-th iteration<<<
% Backup Solver: MapleLCMDistChronoBT
% Input Instances for Training: 286 (-unsolvable)
% Used Instances for Training: 286 (-unsolvable)
% Train with k-NN
% PAR10 on current test set: 29754.15 (32 instances)
% >>> 5-th iteration<<<
% Backup Solver: MapleLCMDistChronoBT
% Input Instances for Training: 286 (-unsolvable)
% Used Instances for Training: 286 (-unsolvable)
% Train with k-NN
% PAR10 on current test set: 28189.28 (32 instances)
% >>> 6-th iteration<<<
% Backup Solver: MapleLCMDistChronoBT
% Input Instances for Training: 286 (-unsolvable)
% Used Instances for Training: 286 (-unsolvable)
% Train with k-NN
% PAR10 on current test set: 22114.85 (32 instances)
% >>> 7-th iteration<<<
% Backup Solver: MapleLCMDistChronoBT
% Input Instances for Training: 286 (-unsolvable)
% Used Instances for Training: 286 (-unsolvable)
% Train with k-NN
% PAR10 on current test set: 26815.61 (32 instances)
% >>> 8-th iteration<<<
% Backup Solver: MapleLCMDistChronoBT
% Input Instances for Training: 286 (-unsolvable)
% Used Instances for Training: 286 (-unsolvable)
% Train with k-NN
% PAR10 on current test set: 31311.95 (32 instances)
% >>> 9-th iteration<<<
% Backup Solver: MapleLCMDistChronoBT
% Input Instances for Training: 286 (-unsolvable)
% Used Instances for Training: 286 (-unsolvable)
% Train with k-NN
% PAR10 on current test set: 25270.10 (32 instances)
% >>> 10-th iteration<<<
% Backup Solver: MapleLCMDistChronoBT
% Input Instances for Training: 286 (-unsolvable)
% Used Instances for Training: 286 (-unsolvable)
% Train with k-NN
% PAR10 on current test set: 18874.18 (32 instances)
% 
%  >>> Instances: 318 <<<
%  >>> Oracle Evaluation (w/o unsolved) <<<
% 
% Unsolved (not by any algorithm and not by feature computation): 89
% PAR1 time: 1482.633805 (115.622489)
% Par10 time: 14076.693554 (115.233843)
% #TOs: 89 (0)
% 
%  >>> Cross Fold Evaluation <<<
% 
% Presolved: 0
% Prediction ties: 0
% >>>With Unsolvable Instances
% Timeouts (with unsolved): 165
% Solved (perc) (with unsolved): 0.4811
% PAR1 (with unsolved): 2727.24
% PAR10 (with unsolved): 26076.30
% >>>Without Unsolved Instances (depends on pre-solved in feature groups)
% Timeouts (without unsolved): 76
% Solved (perc) (without unsolved): 0.6681
% PAR1 (without unsolved): 1843.94
% PAR10 (without unsolved): 16778.44
% 
% Time used by each solver: {'expGlucose': 0, 'expMC_VSIDS_LRB_Switch_2500': 0, 'Riss7.1-fix': 127165.81999999999, 'glucose4.2.1': 5321.85, 'Maple_LCM_Scavel_fix2': 52989.23, 'cms55-main-all4fixed': 77713.84, 'Glucose_Hack_Kiel_fastBVE': 0, 'Maple_CM': 482.6, 'Maple_LCM_M1': 25594.29, 'MapleCOMSPS_CHB_VSIDS_drup': 24999.549999999996, 'Maple_CM_ordUIP': 670.15, 'expMC_LRB_VSIDS_Switch_2500': 4999.86, 'MapleCOMSPS_LRB_VSIDS_2_fix': 25931.56, 'Maple_CM_Dist': 55964.93000000001, 'glu_mix': 36162.35, 'Maple_LCM_Scavel_200_fix2': 20159.48, 'Lingeling': 57403.74, 'Maple_LCM+BCrestart': 20259.54, 'smallsat': 62204.54, 'GHackCOMSPS_drup': 0, 'gluHack': 9999.720000000001, 'Maple_LCM+BCrestart_M1': 4999.94, 'glucose3.0': 0, 'Candy': 0, 'MapleCOMSPS_LRB_VSIDS_drup': 10359.55, 'glucose-3.0_PADC_3': 0, 'YalSAT': 43.34, 'inIDGlucose': 4999.87, 'COMiniSatPS_Pulsar_drup': 5880.5599999999995, 'CaDiCaL': 49998.82, 'Maple_CM_ordUIP+': 4999.86, 'abcdsat_r18': 0, 'MapleLCMDistChronoBT': 61735.23999999999, 'expMC_LRB_VSIDS_Switch': 71135.70000000001, 'Sparrow2Riss-2018-fixfix': 45052.06000000001, 'Minisat-v2.2.0-106-ge2dd095': 0, 'glucose-3.0_PADC_10': 0}
% Optimal Time used by each solver: {'expGlucose': 445089.0, 'expMC_VSIDS_LRB_Switch_2500': 528.3199999999999, 'Riss7.1-fix': 529.47, 'glucose4.2.1': 329.37, 'Maple_LCM_Scavel_fix2': 686.72, 'cms55-main-all4fixed': 1306.4300000000005, 'Glucose_Hack_Kiel_fastBVE': 91.78, 'Maple_CM': 3033.93, 'Maple_LCM_M1': 132.39, 'MapleCOMSPS_CHB_VSIDS_drup': 0, 'Maple_CM_ordUIP': 0, 'expMC_LRB_VSIDS_Switch_2500': 737.0, 'MapleCOMSPS_LRB_VSIDS_2_fix': 169.77, 'Maple_CM_Dist': 2912.68, 'glu_mix': 2107.5700000000006, 'Maple_LCM_Scavel_200_fix2': 681.19, 'Lingeling': 241.11006, 'Maple_LCM+BCrestart': 437.67999999999995, 'smallsat': 1512.43, 'GHackCOMSPS_drup': 548.61, 'gluHack': 827.7600000000001, 'Maple_LCM+BCrestart_M1': 151.85, 'glucose3.0': 61.69, 'Candy': 0, 'MapleCOMSPS_LRB_VSIDS_drup': 115.28999999999999, 'glucose-3.0_PADC_3': 392.62, 'YalSAT': 44.37000999999999, 'inIDGlucose': 19.03, 'COMiniSatPS_Pulsar_drup': 1928.68, 'CaDiCaL': 1067.0300000000002, 'Maple_CM_ordUIP+': 2881.72, 'abcdsat_r18': 1719.68, 'MapleLCMDistChronoBT': 778.46, 'expMC_LRB_VSIDS_Switch': 0, 'Sparrow2Riss-2018-fixfix': 357.9800000000001, 'Minisat-v2.2.0-106-ge2dd095': 55.94, 'glucose-3.0_PADC_10': 0}
% src/../binaries/runsolver -w /dev/null -M 6000 -W 1000 src/../binaries/gringo src/trainer/aspeed/enc/encoding-bounded-paper-Step1.lp /pfs/tc1/gscratch/hkashgar/flexfolio/SAT2018/models/10-core/ASPEEDZuYIcM.facts -c maxsolver=100 -c optMode=1 -c maxPreSlice=500 -c cores=10 -c featTime=500
% src/../binaries/runsolver -w /dev/null -M 6000 -W 1000 src/../binaries/clasp /pfs/tc1/gscratch/hkashgar/flexfolio/SAT2018/models/10-core/GROUNDsSgDcy.gr --quiet=1,1
% 
% Schedule {1: {'claspfolio': 4783.0, 'YalSAT': 36, 'Maple_LCM_M1': 148, 'CaDiCaL': 33}, 2: {'claspfolio': 4295.0, 'glu_mix': 481, 'glucose3.0': 224}, 3: {'claspfolio': 4500.0, 'expGlucose': 336.9829683698297, 'MapleLCMDistChronoBT': 163.01703163017032}, 4: {'claspfolio': 4168.0, 'glucose-3.0_PADC_10': 696, 'Maple_LCM+BCrestart_M1': 136}, 5: {'claspfolio': 4219.0, 'Sparrow2Riss-2018-fixfix': 297, 'Maple_LCM_Scavel_200_fix2': 484}, 6: {'claspfolio': 4011.0, 'Lingeling': 137, 'expMC_LRB_VSIDS_Switch_2500': 451, 'cms55-main-all4fixed': 401}, 7: {'claspfolio': 4077.0, 'inIDGlucose': 143, 'smallsat': 311, 'GHackCOMSPS_drup': 469}, 8: {'claspfolio': 4074.0, 'MapleCOMSPS_LRB_VSIDS_2_fix': 926}, 9: {'Maple_CM_ordUIP+': 5, 'Candy': 17, 'MapleCOMSPS_LRB_VSIDS_drup': 438, 'glucose-3.0_PADC_3': 4, 'Maple_LCM_Scavel_fix2': 333, 'claspfolio': 4191.0, 'Minisat-v2.2.0-106-ge2dd095': 3, 'COMiniSatPS_Pulsar_drup': 8, 'expMC_LRB_VSIDS_Switch': 1}, 10: {'Maple_CM_ordUIP': 5, 'MapleCOMSPS_CHB_VSIDS_drup': 4, 'abcdsat_r18': 489, 'expMC_VSIDS_LRB_Switch_2500': 34, 'Glucose_Hack_Kiel_fastBVE': 3, 'Maple_CM_Dist': 8, 'Riss7.1-fix': 69, 'glucose4.2.1': 3, 'gluHack': 364, 'claspfolio': 4000.0, 'Maple_LCM+BCrestart': 10, 'Maple_CM': 11}}
% 
% >>> End of Algorithm Scheduler <<<
% 
% Input Instances for Training: 318 (-unsolvable)
% Used Instances for Training: 318 (-unsolvable)
% Train with k-NN
% Pre-Solving schedule: {1: {'claspfolio': 4783.0, 'YalSAT': 36, 'Maple_LCM_M1': 148, 'CaDiCaL': 33}, 2: {'claspfolio': 4295.0, 'glu_mix': 481, 'glucose3.0': 224}, 3: {'claspfolio': 4500.0, 'expGlucose': 336.9829683698297, 'MapleLCMDistChronoBT': 163.01703163017032}, 4: {'claspfolio': 4168.0, 'glucose-3.0_PADC_10': 696, 'Maple_LCM+BCrestart_M1': 136}, 5: {'claspfolio': 4219.0, 'Sparrow2Riss-2018-fixfix': 297, 'Maple_LCM_Scavel_200_fix2': 484}, 6: {'claspfolio': 4011.0, 'Lingeling': 137, 'expMC_LRB_VSIDS_Switch_2500': 451, 'cms55-main-all4fixed': 401}, 7: {'claspfolio': 4077.0, 'inIDGlucose': 143, 'smallsat': 311, 'GHackCOMSPS_drup': 469}, 8: {'claspfolio': 4074.0, 'MapleCOMSPS_LRB_VSIDS_2_fix': 926}, 9: {'Maple_CM_ordUIP+': 5, 'Candy': 17, 'MapleCOMSPS_LRB_VSIDS_drup': 438, 'glucose-3.0_PADC_3': 4, 'Maple_LCM_Scavel_fix2': 333, 'claspfolio': 4191.0, 'Minisat-v2.2.0-106-ge2dd095': 3, 'COMiniSatPS_Pulsar_drup': 8, 'expMC_LRB_VSIDS_Switch': 1}, 10: {'Maple_CM_ordUIP': 5, 'MapleCOMSPS_CHB_VSIDS_drup': 4, 'abcdsat_r18': 489, 'expMC_VSIDS_LRB_Switch_2500': 34, 'Glucose_Hack_Kiel_fastBVE': 3, 'Maple_CM_Dist': 8, 'Riss7.1-fix': 69, 'glucose4.2.1': 3, 'gluHack': 364, 'claspfolio': 4000.0, 'Maple_LCM+BCrestart': 10, 'Maple_CM': 11}}
% PAR10 on current test set: 21530.33 (35 instances)
% >>> 4-th iteration<<<
% Backup Solver: MapleLCMDistChronoBT
% 
% >>> Algorithm Scheduler: Aspeed <<<
% 
% >>> 1-th iteration<<<
% Backup Solver: MapleLCMDistChronoBT
% Input Instances for Training: 287 (-unsolvable)
% Used Instances for Training: 287 (-unsolvable)
% Train with k-NN
% PAR10 on current test set: 19422.40 (31 instances)
% >>> 2-th iteration<<<
% Backup Solver: MapleLCMDistChronoBT
% Input Instances for Training: 287 (-unsolvable)
% Used Instances for Training: 287 (-unsolvable)
% Train with k-NN
% PAR10 on current test set: 29087.95 (31 instances)
% >>> 3-th iteration<<<
% Backup Solver: MapleLCMDistChronoBT
% Input Instances for Training: 286 (-unsolvable)
% Used Instances for Training: 286 (-unsolvable)
% Train with k-NN
% PAR10 on current test set: 26750.24 (32 instances)
% >>> 4-th iteration<<<
% Backup Solver: MapleLCMDistChronoBT
% Input Instances for Training: 286 (-unsolvable)
% Used Instances for Training: 286 (-unsolvable)
% Train with k-NN
% PAR10 on current test set: 26650.54 (32 instances)
% >>> 5-th iteration<<<
% Backup Solver: MapleLCMDistChronoBT
% Input Instances for Training: 286 (-unsolvable)
% Used Instances for Training: 286 (-unsolvable)
% Train with k-NN
% PAR10 on current test set: 23576.76 (32 instances)
% >>> 6-th iteration<<<
% Backup Solver: MapleLCMDistChronoBT
% Input Instances for Training: 286 (-unsolvable)
% Used Instances for Training: 286 (-unsolvable)
% Train with k-NN
% PAR10 on current test set: 25050.55 (32 instances)
% >>> 7-th iteration<<<
% Backup Solver: MapleLCMDistChronoBT
% Input Instances for Training: 286 (-unsolvable)
% Used Instances for Training: 286 (-unsolvable)
% Train with k-NN
% PAR10 on current test set: 20405.24 (32 instances)
% >>> 8-th iteration<<<
% Backup Solver: MapleLCMDistChronoBT
% Input Instances for Training: 286 (-unsolvable)
% Used Instances for Training: 286 (-unsolvable)
% Train with k-NN
% PAR10 on current test set: 31279.99 (32 instances)
% >>> 9-th iteration<<<
% Backup Solver: MapleLCMDistChronoBT
% Input Instances for Training: 286 (-unsolvable)
% Used Instances for Training: 286 (-unsolvable)
% Train with k-NN
% PAR10 on current test set: 26613.82 (32 instances)
% >>> 10-th iteration<<<
% Backup Solver: MapleLCMDistChronoBT
% Input Instances for Training: 286 (-unsolvable)
% Used Instances for Training: 286 (-unsolvable)
% Train with k-NN
% PAR10 on current test set: 25078.75 (32 instances)
% 
%  >>> Instances: 318 <<<
%  >>> Oracle Evaluation (w/o unsolved) <<<
% 
% Unsolved (not by any algorithm and not by feature computation): 91
% PAR1 time: 1512.779497 (114.818855)
% Par10 time: 14389.851824 (114.417974)
% #TOs: 91 (0)
% 
%  >>> Cross Fold Evaluation <<<
% 
% Presolved: 0
% Prediction ties: 0
% >>>With Unsolvable Instances
% Timeouts (with unsolved): 161
% Solved (perc) (with unsolved): 0.4937
% PAR1 (with unsolved): 2615.75
% PAR10 (with unsolved): 25398.77
% >>>Without Unsolved Instances (depends on pre-solved in feature groups)
% Timeouts (without unsolved): 70
% Solved (perc) (without unsolved): 0.6916
% PAR1 (without unsolved): 1659.95
% PAR10 (without unsolved): 15536.60
% 
% Time used by each solver: {'expGlucose': 0, 'expMC_VSIDS_LRB_Switch_2500': 4999.95, 'Riss7.1-fix': 50782.86, 'glucose4.2.1': 10247.05, 'Maple_LCM_Scavel_fix2': 47932.880000000005, 'cms55-main-all4fixed': 77362.23999999999, 'Glucose_Hack_Kiel_fastBVE': 0, 'Maple_CM': 0, 'Maple_LCM_M1': 346.59, 'MapleCOMSPS_CHB_VSIDS_drup': 212.44, 'Maple_CM_ordUIP': 5670.009999999999, 'expMC_LRB_VSIDS_Switch_2500': 0, 'MapleCOMSPS_LRB_VSIDS_2_fix': 25103.68, 'Maple_CM_Dist': 122930.3, 'glu_mix': 40300.73, 'Maple_LCM_Scavel_200_fix2': 10291.6, 'Lingeling': 97790.08999999998, 'Maple_LCM+BCrestart': 40821.26, 'smallsat': 57218.520000000004, 'GHackCOMSPS_drup': 0, 'gluHack': 9999.720000000001, 'Maple_LCM+BCrestart_M1': 4999.94, 'glucose3.0': 0, 'Candy': 4999.95, 'MapleCOMSPS_LRB_VSIDS_drup': 19999.69, 'glucose-3.0_PADC_3': 0, 'YalSAT': 0, 'inIDGlucose': 4999.86, 'COMiniSatPS_Pulsar_drup': 37291.86, 'CaDiCaL': 35310.99999999999, 'Maple_CM_ordUIP+': 205.21, 'abcdsat_r18': 20016.77, 'MapleLCMDistChronoBT': 46473.75000000001, 'expMC_LRB_VSIDS_Switch': 20231.410000000003, 'Sparrow2Riss-2018-fixfix': 35235.51, 'Minisat-v2.2.0-106-ge2dd095': 0, 'glucose-3.0_PADC_10': 0}
% Optimal Time used by each solver: {'expGlucose': 455091.0, 'expMC_VSIDS_LRB_Switch_2500': 745.5999999999999, 'Riss7.1-fix': 471.0, 'glucose4.2.1': 329.37, 'Maple_LCM_Scavel_fix2': 686.31, 'cms55-main-all4fixed': 1219.3300000000004, 'Glucose_Hack_Kiel_fastBVE': 91.78, 'Maple_CM': 3033.93, 'Maple_LCM_M1': 132.39, 'MapleCOMSPS_CHB_VSIDS_drup': 150.54, 'Maple_CM_ordUIP': 0, 'expMC_LRB_VSIDS_Switch_2500': 553.9, 'MapleCOMSPS_LRB_VSIDS_2_fix': 169.77, 'Maple_CM_Dist': 2940.8799999999997, 'glu_mix': 2107.5700000000006, 'Maple_LCM_Scavel_200_fix2': 435.81, 'Lingeling': 241.11006, 'Maple_LCM+BCrestart': 437.67999999999995, 'smallsat': 1686.7900000000002, 'GHackCOMSPS_drup': 286.77, 'gluHack': 830.16, 'Maple_LCM+BCrestart_M1': 124.21, 'glucose3.0': 61.69, 'Candy': 0, 'MapleCOMSPS_LRB_VSIDS_drup': 115.28999999999999, 'glucose-3.0_PADC_3': 392.62, 'YalSAT': 45.930009999999996, 'inIDGlucose': 19.03, 'COMiniSatPS_Pulsar_drup': 2141.2, 'CaDiCaL': 962.7500000000001, 'Maple_CM_ordUIP+': 2881.72, 'abcdsat_r18': 1489.44, 'MapleLCMDistChronoBT': 778.46, 'expMC_LRB_VSIDS_Switch': 0, 'Sparrow2Riss-2018-fixfix': 356.3400000000001, 'Minisat-v2.2.0-106-ge2dd095': 53.51, 'glucose-3.0_PADC_10': 0}
% src/../binaries/runsolver -w /dev/null -M 6000 -W 1000 src/../binaries/gringo src/trainer/aspeed/enc/encoding-bounded-paper-Step1.lp /pfs/tc1/gscratch/hkashgar/flexfolio/SAT2018/models/10-core/ASPEEDcBuY4n.facts -c maxsolver=100 -c optMode=1 -c maxPreSlice=500 -c cores=10 -c featTime=500
% src/../binaries/runsolver -w /dev/null -M 6000 -W 1000 src/../binaries/clasp /pfs/tc1/gscratch/hkashgar/flexfolio/SAT2018/models/10-core/GROUNDcmy6ov.gr --quiet=1,1
% 
% Schedule {1: {'claspfolio': 4521.0, 'YalSAT': 73, 'gluHack': 406}, 2: {'claspfolio': 5000.0}, 3: {'claspfolio': 4500.0, 'Maple_LCM_Scavel_200_fix2': 500.0}, 4: {'claspfolio': 5000.0}, 5: {'claspfolio': 4173.0, 'MapleLCMDistChronoBT': 827}, 6: {'claspfolio': 4148.0, 'expMC_VSIDS_LRB_Switch_2500': 852}, 7: {'claspfolio': 4178.0, 'Maple_LCM_Scavel_fix2': 333, 'abcdsat_r18': 489}, 8: {'claspfolio': 4134.0, 'Sparrow2Riss-2018-fixfix': 257, 'glu_mix': 474, 'Maple_LCM+BCrestart': 135}, 9: {'claspfolio': 4056.0, 'Maple_CM_Dist': 248, 'expMC_LRB_VSIDS_Switch': 470, 'cms55-main-all4fixed': 226}, 10: {'expGlucose': 7, 'Riss7.1-fix': 2, 'glucose4.2.1': 9, 'claspfolio': 4032.0, 'Glucose_Hack_Kiel_fastBVE': 3, 'Maple_CM': 11, 'Maple_LCM_M1': 11, 'MapleCOMSPS_CHB_VSIDS_drup': 4, 'Maple_CM_ordUIP': 2, 'expMC_LRB_VSIDS_Switch_2500': 1, 'MapleCOMSPS_LRB_VSIDS_2_fix': 4, 'Lingeling': 405, 'smallsat': 103, 'GHackCOMSPS_drup': 4, 'Maple_LCM+BCrestart_M1': 208, 'glucose3.0': 4, 'Candy': 6, 'MapleCOMSPS_LRB_VSIDS_drup': 3, 'inIDGlucose': 16, 'CaDiCaL': 159, 'Maple_CM_ordUIP+': 1, 'glucose-3.0_PADC_10': 5}}
% 
% >>> End of Algorithm Scheduler <<<
% 
% Input Instances for Training: 318 (-unsolvable)
% Used Instances for Training: 318 (-unsolvable)
% Train with k-NN
% Pre-Solving schedule: {1: {'claspfolio': 4521.0, 'YalSAT': 73, 'gluHack': 406}, 2: {'claspfolio': 5000.0}, 3: {'claspfolio': 4500.0, 'Maple_LCM_Scavel_200_fix2': 500.0}, 4: {'claspfolio': 5000.0}, 5: {'claspfolio': 4173.0, 'MapleLCMDistChronoBT': 827}, 6: {'claspfolio': 4148.0, 'expMC_VSIDS_LRB_Switch_2500': 852}, 7: {'claspfolio': 4178.0, 'Maple_LCM_Scavel_fix2': 333, 'abcdsat_r18': 489}, 8: {'claspfolio': 4134.0, 'Sparrow2Riss-2018-fixfix': 257, 'glu_mix': 474, 'Maple_LCM+BCrestart': 135}, 9: {'claspfolio': 4056.0, 'Maple_CM_Dist': 248, 'expMC_LRB_VSIDS_Switch': 470, 'cms55-main-all4fixed': 226}, 10: {'expGlucose': 7, 'Riss7.1-fix': 2, 'glucose4.2.1': 9, 'claspfolio': 4032.0, 'Glucose_Hack_Kiel_fastBVE': 3, 'Maple_CM': 11, 'Maple_LCM_M1': 11, 'MapleCOMSPS_CHB_VSIDS_drup': 4, 'Maple_CM_ordUIP': 2, 'expMC_LRB_VSIDS_Switch_2500': 1, 'MapleCOMSPS_LRB_VSIDS_2_fix': 4, 'Lingeling': 405, 'smallsat': 103, 'GHackCOMSPS_drup': 4, 'Maple_LCM+BCrestart_M1': 208, 'glucose3.0': 4, 'Candy': 6, 'MapleCOMSPS_LRB_VSIDS_drup': 3, 'inIDGlucose': 16, 'CaDiCaL': 159, 'Maple_CM_ordUIP+': 1, 'glucose-3.0_PADC_10': 5}}
% PAR10 on current test set: 23071.48 (35 instances)
% >>> 5-th iteration<<<
% Backup Solver: MapleLCMDistChronoBT
% 
% >>> Algorithm Scheduler: Aspeed <<<
% 
% >>> 1-th iteration<<<
% Backup Solver: MapleLCMDistChronoBT
% Input Instances for Training: 287 (-unsolvable)
% Used Instances for Training: 287 (-unsolvable)
% Train with k-NN
% PAR10 on current test set: 27474.36 (31 instances)
% >>> 2-th iteration<<<
% Backup Solver: Maple_LCM_Scavel_fix2
% Input Instances for Training: 287 (-unsolvable)
% Used Instances for Training: 287 (-unsolvable)
% Train with k-NN
% PAR10 on current test set: 19444.67 (31 instances)
% >>> 3-th iteration<<<
% Backup Solver: MapleLCMDistChronoBT
% Input Instances for Training: 286 (-unsolvable)
% Used Instances for Training: 286 (-unsolvable)
% Train with k-NN
% PAR10 on current test set: 22099.48 (32 instances)
% >>> 4-th iteration<<<
% Backup Solver: MapleLCMDistChronoBT
% Input Instances for Training: 286 (-unsolvable)
% Used Instances for Training: 286 (-unsolvable)
% Train with k-NN
% PAR10 on current test set: 20440.88 (32 instances)
% >>> 5-th iteration<<<
% Backup Solver: MapleLCMDistChronoBT
% Input Instances for Training: 286 (-unsolvable)
% Used Instances for Training: 286 (-unsolvable)
% Train with k-NN
% PAR10 on current test set: 23639.26 (32 instances)
% >>> 6-th iteration<<<
% Backup Solver: MapleLCMDistChronoBT
% Input Instances for Training: 286 (-unsolvable)
% Used Instances for Training: 286 (-unsolvable)
% Train with k-NN
% PAR10 on current test set: 18827.85 (32 instances)
% >>> 7-th iteration<<<
% Backup Solver: MapleLCMDistChronoBT
% Input Instances for Training: 286 (-unsolvable)
% Used Instances for Training: 286 (-unsolvable)
% Train with k-NN
% PAR10 on current test set: 23501.13 (32 instances)
% >>> 8-th iteration<<<
% Backup Solver: MapleLCMDistChronoBT
% Input Instances for Training: 286 (-unsolvable)
% Used Instances for Training: 286 (-unsolvable)
% Train with k-NN
% PAR10 on current test set: 32846.72 (32 instances)
% >>> 9-th iteration<<<
% Backup Solver: MapleLCMDistChronoBT
% Input Instances for Training: 286 (-unsolvable)
% Used Instances for Training: 286 (-unsolvable)
% Train with k-NN
% PAR10 on current test set: 28183.10 (32 instances)
% >>> 10-th iteration<<<
% Backup Solver: MapleLCMDistChronoBT
% Input Instances for Training: 286 (-unsolvable)
% Used Instances for Training: 286 (-unsolvable)
% Train with k-NN
% PAR10 on current test set: 18816.35 (32 instances)
% 
%  >>> Instances: 318 <<<
%  >>> Oracle Evaluation (w/o unsolved) <<<
% 
% Unsolved (not by any algorithm and not by feature computation): 88
% PAR1 time: 1455.811447 (99.774087)
% Par10 time: 13908.364906 (99.391478)
% #TOs: 88 (0)
% 
%  >>> Cross Fold Evaluation <<<
% 
% Presolved: 0
% Prediction ties: 0
% >>>With Unsolvable Instances
% Timeouts (with unsolved): 149
% Solved (perc) (with unsolved): 0.5314
% PAR1 (with unsolved): 2442.90
% PAR10 (with unsolved): 23527.81
% >>>Without Unsolved Instances (depends on pre-solved in feature groups)
% Timeouts (without unsolved): 61
% Solved (perc) (without unsolved): 0.7348
% PAR1 (without unsolved): 1464.53
% PAR10 (without unsolved): 13399.32
% 
% Time used by each solver: {'expGlucose': 0, 'expMC_VSIDS_LRB_Switch_2500': 0, 'Riss7.1-fix': 100572.72, 'glucose4.2.1': 4999.87, 'Maple_LCM_Scavel_fix2': 64559.19, 'cms55-main-all4fixed': 52196.11000000001, 'Glucose_Hack_Kiel_fastBVE': 0, 'Maple_CM': 0, 'Maple_LCM_M1': 0, 'MapleCOMSPS_CHB_VSIDS_drup': 0, 'Maple_CM_ordUIP': 0, 'expMC_LRB_VSIDS_Switch_2500': 4999.88, 'MapleCOMSPS_LRB_VSIDS_2_fix': 21413.600000000002, 'Maple_CM_Dist': 128163.37000000001, 'glu_mix': 15262.61, 'Maple_LCM_Scavel_200_fix2': 15595.32, 'Lingeling': 63274.570000000014, 'Maple_LCM+BCrestart': 9999.72, 'smallsat': 37817.83, 'GHackCOMSPS_drup': 9999.8, 'gluHack': 0, 'Maple_LCM+BCrestart_M1': 15663.340000000002, 'glucose3.0': 0, 'Candy': 5164.429999999999, 'MapleCOMSPS_LRB_VSIDS_drup': 14999.66, 'glucose-3.0_PADC_3': 0, 'YalSAT': 0, 'inIDGlucose': 6.45, 'COMiniSatPS_Pulsar_drup': 47911.22, 'CaDiCaL': 30476.57, 'Maple_CM_ordUIP+': 4999.86, 'abcdsat_r18': 4999.86, 'MapleLCMDistChronoBT': 53505.520000000004, 'expMC_LRB_VSIDS_Switch': 29999.41, 'Sparrow2Riss-2018-fixfix': 40227.8, 'Minisat-v2.2.0-106-ge2dd095': 0, 'glucose-3.0_PADC_10': 0}
% Optimal Time used by each solver: {'expGlucose': 440088.0, 'expMC_VSIDS_LRB_Switch_2500': 745.5999999999999, 'Riss7.1-fix': 530.32, 'glucose4.2.1': 327.72, 'Maple_LCM_Scavel_fix2': 686.72, 'cms55-main-all4fixed': 1348.4200000000005, 'Glucose_Hack_Kiel_fastBVE': 91.78, 'Maple_CM': 262.83, 'Maple_LCM_M1': 0, 'MapleCOMSPS_CHB_VSIDS_drup': 150.54, 'Maple_CM_ordUIP': 0, 'expMC_LRB_VSIDS_Switch_2500': 712.0900000000001, 'MapleCOMSPS_LRB_VSIDS_2_fix': 169.77, 'Maple_CM_Dist': 2940.8799999999997, 'glu_mix': 2107.5700000000006, 'Maple_LCM_Scavel_200_fix2': 245.38, 'Lingeling': 0.07003999999999999, 'Maple_LCM+BCrestart': 319.91999999999996, 'smallsat': 1560.29, 'GHackCOMSPS_drup': 782.2400000000001, 'gluHack': 613.72, 'Maple_LCM+BCrestart_M1': 151.85, 'glucose3.0': 61.69, 'Candy': 0, 'MapleCOMSPS_LRB_VSIDS_drup': 115.28999999999999, 'glucose-3.0_PADC_3': 392.62, 'YalSAT': 45.61001, 'inIDGlucose': 19.03, 'COMiniSatPS_Pulsar_drup': 1876.4, 'CaDiCaL': 1127.93, 'Maple_CM_ordUIP+': 2881.72, 'abcdsat_r18': 1397.1399999999999, 'MapleLCMDistChronoBT': 778.46, 'expMC_LRB_VSIDS_Switch': 0, 'Sparrow2Riss-2018-fixfix': 360.50000000000006, 'Minisat-v2.2.0-106-ge2dd095': 55.94, 'glucose-3.0_PADC_10': 0}
% src/../binaries/runsolver -w /dev/null -M 6000 -W 1000 src/../binaries/gringo src/trainer/aspeed/enc/encoding-bounded-paper-Step1.lp /pfs/tc1/gscratch/hkashgar/flexfolio/SAT2018/models/10-core/ASPEEDeMLjEv.facts -c maxsolver=100 -c optMode=1 -c maxPreSlice=500 -c cores=10 -c featTime=500
% src/../binaries/runsolver -w /dev/null -M 6000 -W 1000 src/../binaries/clasp /pfs/tc1/gscratch/hkashgar/flexfolio/SAT2018/models/10-core/GROUNDlbkIod.gr --quiet=1,1
% 
% Schedule {1: {'claspfolio': 4537.0, 'Maple_LCM_Scavel_200_fix2': 463}, 2: {'claspfolio': 4500.0, 'cms55-main-all4fixed': 500.0}, 3: {'claspfolio': 5000.0}, 4: {'claspfolio': 5000.0}, 5: {'claspfolio': 5000.0}, 6: {'claspfolio': 5000.0}, 7: {'claspfolio': 4164.0, 'Sparrow2Riss-2018-fixfix': 387, 'smallsat': 449}, 8: {'claspfolio': 4067.0, 'MapleLCMDistChronoBT': 444, 'abcdsat_r18': 489}, 9: {'claspfolio': 4020.0, 'Lingeling': 455, 'Maple_LCM+BCrestart_M1': 125, 'gluHack': 282, 'expMC_LRB_VSIDS_Switch_2500': 118}, 10: {'expGlucose': 31, 'expMC_VSIDS_LRB_Switch_2500': 9, 'Riss7.1-fix': 6, 'Maple_LCM_Scavel_fix2': 380, 'glu_mix': 393, 'claspfolio': 4086.0, 'CaDiCaL': 95}}
% 
% >>> End of Algorithm Scheduler <<<
% 
% Input Instances for Training: 318 (-unsolvable)
% Used Instances for Training: 318 (-unsolvable)
% Train with k-NN
% Pre-Solving schedule: {1: {'claspfolio': 4537.0, 'Maple_LCM_Scavel_200_fix2': 463}, 2: {'claspfolio': 4500.0, 'cms55-main-all4fixed': 500.0}, 3: {'claspfolio': 5000.0}, 4: {'claspfolio': 5000.0}, 5: {'claspfolio': 5000.0}, 6: {'claspfolio': 5000.0}, 7: {'claspfolio': 4164.0, 'Sparrow2Riss-2018-fixfix': 387, 'smallsat': 449}, 8: {'claspfolio': 4067.0, 'MapleLCMDistChronoBT': 444, 'abcdsat_r18': 489}, 9: {'claspfolio': 4020.0, 'Lingeling': 455, 'Maple_LCM+BCrestart_M1': 125, 'gluHack': 282, 'expMC_LRB_VSIDS_Switch_2500': 118}, 10: {'expGlucose': 31, 'expMC_VSIDS_LRB_Switch_2500': 9, 'Riss7.1-fix': 6, 'Maple_LCM_Scavel_fix2': 380, 'glu_mix': 393, 'claspfolio': 4086.0, 'CaDiCaL': 95}}
% PAR10 on current test set: 32967.44 (35 instances)
% >>> 6-th iteration<<<
% Backup Solver: MapleLCMDistChronoBT
% 
% >>> Algorithm Scheduler: Aspeed <<<
% 
% >>> 1-th iteration<<<
% Backup Solver: MapleLCMDistChronoBT
% Input Instances for Training: 287 (-unsolvable)
% Used Instances for Training: 287 (-unsolvable)
% Train with k-NN
% PAR10 on current test set: 27494.50 (31 instances)
% >>> 2-th iteration<<<
% Backup Solver: MapleLCMDistChronoBT
% Input Instances for Training: 287 (-unsolvable)
% Used Instances for Training: 287 (-unsolvable)
% Train with k-NN
% PAR10 on current test set: 21080.56 (31 instances)
% >>> 3-th iteration<<<
% Backup Solver: MapleLCMDistChronoBT
% Input Instances for Training: 286 (-unsolvable)
% Used Instances for Training: 286 (-unsolvable)
% Train with k-NN
% PAR10 on current test set: 34428.97 (32 instances)
% >>> 4-th iteration<<<
% Backup Solver: MapleLCMDistChronoBT
% Input Instances for Training: 286 (-unsolvable)
% Used Instances for Training: 286 (-unsolvable)
% Train with k-NN
% PAR10 on current test set: 26712.67 (32 instances)
% >>> 5-th iteration<<<
% Backup Solver: MapleLCMDistChronoBT
% Input Instances for Training: 286 (-unsolvable)
% Used Instances for Training: 286 (-unsolvable)
% Train with k-NN
% PAR10 on current test set: 28172.18 (32 instances)
% >>> 6-th iteration<<<
% Backup Solver: Maple_LCM_Scavel_200_fix2
% Input Instances for Training: 286 (-unsolvable)
% Used Instances for Training: 286 (-unsolvable)
% Train with k-NN
% PAR10 on current test set: 28143.75 (32 instances)
% >>> 7-th iteration<<<
% Backup Solver: MapleLCMDistChronoBT
% Input Instances for Training: 286 (-unsolvable)
% Used Instances for Training: 286 (-unsolvable)
% Train with k-NN
% PAR10 on current test set: 28198.62 (32 instances)
% >>> 8-th iteration<<<
% Backup Solver: MapleLCMDistChronoBT
% Input Instances for Training: 286 (-unsolvable)
% Used Instances for Training: 286 (-unsolvable)
% Train with k-NN
% PAR10 on current test set: 34410.81 (32 instances)
% >>> 9-th iteration<<<
% Backup Solver: MapleLCMDistChronoBT
% Input Instances for Training: 286 (-unsolvable)
% Used Instances for Training: 286 (-unsolvable)
% Train with k-NN
% PAR10 on current test set: 25062.76 (32 instances)
% >>> 10-th iteration<<<
% Backup Solver: MapleLCMDistChronoBT
% Input Instances for Training: 286 (-unsolvable)
% Used Instances for Training: 286 (-unsolvable)
% Train with k-NN
% PAR10 on current test set: 18873.94 (32 instances)
% 
%  >>> Instances: 318 <<<
%  >>> Oracle Evaluation (w/o unsolved) <<<
% 
% Unsolved (not by any algorithm and not by feature computation): 94
% PAR1 time: 1559.947673 (116.354286)
% Par10 time: 14861.538868 (115.934643)
% #TOs: 94 (0)
% 
%  >>> Cross Fold Evaluation <<<
% 
% Presolved: 0
% Prediction ties: 0
% >>>With Unsolvable Instances
% Timeouts (with unsolved): 173
% Solved (perc) (with unsolved): 0.4560
% PAR1 (with unsolved): 2795.43
% PAR10 (with unsolved): 27276.56
% >>>Without Unsolved Instances (depends on pre-solved in feature groups)
% Timeouts (without unsolved): 79
% Solved (perc) (without unsolved): 0.6473
% PAR1 (without unsolved): 1870.29
% PAR10 (without unsolved): 17740.83
% 
% Time used by each solver: {'expGlucose': 0, 'expMC_VSIDS_LRB_Switch_2500': 15246.75, 'Riss7.1-fix': 96166.40999999997, 'glucose4.2.1': 4999.87, 'Maple_LCM_Scavel_fix2': 53216.939999999995, 'cms55-main-all4fixed': 82769.1, 'Glucose_Hack_Kiel_fastBVE': 0, 'Maple_CM': 0, 'Maple_LCM_M1': 4999.86, 'MapleCOMSPS_CHB_VSIDS_drup': 9999.8, 'Maple_CM_ordUIP': 5670.009999999999, 'expMC_LRB_VSIDS_Switch_2500': 0, 'MapleCOMSPS_LRB_VSIDS_2_fix': 10328.86, 'Maple_CM_Dist': 145143.71999999997, 'glu_mix': 66730.03, 'Maple_LCM_Scavel_200_fix2': 60860.93, 'Lingeling': 56710.979999999996, 'Maple_LCM+BCrestart': 20338.55, 'smallsat': 46800.41, 'GHackCOMSPS_drup': 0, 'gluHack': 0, 'Maple_LCM+BCrestart_M1': 0, 'glucose3.0': 0, 'Candy': 20276.649999999998, 'MapleCOMSPS_LRB_VSIDS_drup': 9999.72, 'glucose-3.0_PADC_3': 0, 'YalSAT': 0, 'inIDGlucose': 4999.87, 'COMiniSatPS_Pulsar_drup': 32552.649999999998, 'CaDiCaL': 30279.85, 'Maple_CM_ordUIP+': 10384.529999999999, 'abcdsat_r18': 4999.86, 'MapleLCMDistChronoBT': 28844.81, 'expMC_LRB_VSIDS_Switch': 41405.090000000004, 'Sparrow2Riss-2018-fixfix': 25185.570000000003, 'Minisat-v2.2.0-106-ge2dd095': 0, 'glucose-3.0_PADC_10': 0}
% Optimal Time used by each solver: {'expGlucose': 470094.0, 'expMC_VSIDS_LRB_Switch_2500': 745.5999999999999, 'Riss7.1-fix': 522.25, 'glucose4.2.1': 329.37, 'Maple_LCM_Scavel_fix2': 576.03, 'cms55-main-all4fixed': 1397.2900000000006, 'Glucose_Hack_Kiel_fastBVE': 91.78, 'Maple_CM': 3033.93, 'Maple_LCM_M1': 132.39, 'MapleCOMSPS_CHB_VSIDS_drup': 150.54, 'Maple_CM_ordUIP': 0, 'expMC_LRB_VSIDS_Switch_2500': 790.5400000000001, 'MapleCOMSPS_LRB_VSIDS_2_fix': 108.64, 'Maple_CM_Dist': 2940.8799999999997, 'glu_mix': 1769.7600000000002, 'Maple_LCM_Scavel_200_fix2': 681.19, 'Lingeling': 241.11005999999998, 'Maple_LCM+BCrestart': 437.67999999999995, 'smallsat': 1489.86, 'GHackCOMSPS_drup': 731.64, 'gluHack': 690.62, 'Maple_LCM+BCrestart_M1': 151.85, 'glucose3.0': 61.69, 'Candy': 0, 'MapleCOMSPS_LRB_VSIDS_drup': 45.00000000000001, 'glucose-3.0_PADC_3': 57.6, 'YalSAT': 43.54001, 'inIDGlucose': 2.6, 'COMiniSatPS_Pulsar_drup': 2261.4199999999996, 'CaDiCaL': 1124.8000000000002, 'Maple_CM_ordUIP+': 2881.72, 'abcdsat_r18': 1719.68, 'MapleLCMDistChronoBT': 365.6, 'expMC_LRB_VSIDS_Switch': 0, 'Sparrow2Riss-2018-fixfix': 336.82000000000005, 'Minisat-v2.2.0-106-ge2dd095': 55.94, 'glucose-3.0_PADC_10': 0}
% src/../binaries/runsolver -w /dev/null -M 6000 -W 1000 src/../binaries/gringo src/trainer/aspeed/enc/encoding-bounded-paper-Step1.lp /pfs/tc1/gscratch/hkashgar/flexfolio/SAT2018/models/10-core/ASPEEDg058kg.facts -c maxsolver=100 -c optMode=1 -c maxPreSlice=500 -c cores=10 -c featTime=500
% src/../binaries/runsolver -w /dev/null -M 6000 -W 1000 src/../binaries/clasp /pfs/tc1/gscratch/hkashgar/flexfolio/SAT2018/models/10-core/GROUNDoLLP1E.gr --quiet=1,1
% 
% Schedule {1: {'claspfolio': 4590.0, 'glucose3.0': 410}, 2: {'claspfolio': 5000.0}, 3: {'claspfolio': 5000.0}, 4: {'claspfolio': 5000.0}, 5: {'claspfolio': 4500.0, 'MapleCOMSPS_LRB_VSIDS_2_fix': 500.0}, 6: {'claspfolio': 4500.0, 'smallsat': 500.0}, 7: {'claspfolio': 4500.0, 'glu_mix': 500.0}, 8: {'claspfolio': 4228.0, 'Sparrow2Riss-2018-fixfix': 387, 'CaDiCaL': 54, 'abcdsat_r18': 331}, 9: {'claspfolio': 4118.0, 'Lingeling': 882}, 10: {'expGlucose': 145, 'expMC_VSIDS_LRB_Switch_2500': 69, 'Riss7.1-fix': 2, 'glucose4.2.1': 83, 'Maple_LCM_Scavel_fix2': 6, 'claspfolio': 4326.0, 'Maple_LCM_M1': 11, 'Maple_CM': 11, 'MapleCOMSPS_CHB_VSIDS_drup': 4, 'expMC_LRB_VSIDS_Switch_2500': 1, 'Glucose_Hack_Kiel_fastBVE': 3, 'Maple_CM_Dist': 8, 'Maple_LCM_Scavel_200_fix2': 2, 'Maple_LCM+BCrestart': 1, 'GHackCOMSPS_drup': 4, 'gluHack': 237, 'Maple_LCM+BCrestart_M1': 2, 'Maple_CM_ordUIP': 1, 'MapleCOMSPS_LRB_VSIDS_drup': 1, 'YalSAT': 35, 'inIDGlucose': 30, 'glucose-3.0_PADC_10': 18}}
% 
% >>> End of Algorithm Scheduler <<<
% 
% Input Instances for Training: 318 (-unsolvable)
% Used Instances for Training: 318 (-unsolvable)
% Train with k-NN
% Pre-Solving schedule: {1: {'claspfolio': 4590.0, 'glucose3.0': 410}, 2: {'claspfolio': 5000.0}, 3: {'claspfolio': 5000.0}, 4: {'claspfolio': 5000.0}, 5: {'claspfolio': 4500.0, 'MapleCOMSPS_LRB_VSIDS_2_fix': 500.0}, 6: {'claspfolio': 4500.0, 'smallsat': 500.0}, 7: {'claspfolio': 4500.0, 'glu_mix': 500.0}, 8: {'claspfolio': 4228.0, 'Sparrow2Riss-2018-fixfix': 387, 'CaDiCaL': 54, 'abcdsat_r18': 331}, 9: {'claspfolio': 4118.0, 'Lingeling': 882}, 10: {'expGlucose': 145, 'expMC_VSIDS_LRB_Switch_2500': 69, 'Riss7.1-fix': 2, 'glucose4.2.1': 83, 'Maple_LCM_Scavel_fix2': 6, 'claspfolio': 4326.0, 'Maple_LCM_M1': 11, 'Maple_CM': 11, 'MapleCOMSPS_CHB_VSIDS_drup': 4, 'expMC_LRB_VSIDS_Switch_2500': 1, 'Glucose_Hack_Kiel_fastBVE': 3, 'Maple_CM_Dist': 8, 'Maple_LCM_Scavel_200_fix2': 2, 'Maple_LCM+BCrestart': 1, 'GHackCOMSPS_drup': 4, 'gluHack': 237, 'Maple_LCM+BCrestart_M1': 2, 'Maple_CM_ordUIP': 1, 'MapleCOMSPS_LRB_VSIDS_drup': 1, 'YalSAT': 35, 'inIDGlucose': 30, 'glucose-3.0_PADC_10': 18}}
% PAR10 on current test set: 21632.94 (35 instances)
% >>> 7-th iteration<<<
% Backup Solver: MapleLCMDistChronoBT
% 
% >>> Algorithm Scheduler: Aspeed <<<
% 
% >>> 1-th iteration<<<
% Backup Solver: MapleLCMDistChronoBT
% Input Instances for Training: 287 (-unsolvable)
% Used Instances for Training: 287 (-unsolvable)
% Train with k-NN
% PAR10 on current test set: 25968.39 (31 instances)
% >>> 2-th iteration<<<
% Backup Solver: MapleLCMDistChronoBT
% Input Instances for Training: 287 (-unsolvable)
% Used Instances for Training: 287 (-unsolvable)
% Train with k-NN
% PAR10 on current test set: 19424.03 (31 instances)
% >>> 3-th iteration<<<
% Backup Solver: MapleLCMDistChronoBT
% Input Instances for Training: 286 (-unsolvable)
% Used Instances for Training: 286 (-unsolvable)
% Train with k-NN
% PAR10 on current test set: 29781.51 (32 instances)
% >>> 4-th iteration<<<
% Backup Solver: MapleLCMDistChronoBT
% Input Instances for Training: 286 (-unsolvable)
% Used Instances for Training: 286 (-unsolvable)
% Train with k-NN
% PAR10 on current test set: 20399.93 (32 instances)
% >>> 5-th iteration<<<
% Backup Solver: MapleLCMDistChronoBT
% Input Instances for Training: 286 (-unsolvable)
% Used Instances for Training: 286 (-unsolvable)
% Train with k-NN
% PAR10 on current test set: 26629.25 (32 instances)
% >>> 6-th iteration<<<
% Backup Solver: MapleLCMDistChronoBT
% Input Instances for Training: 286 (-unsolvable)
% Used Instances for Training: 286 (-unsolvable)
% Train with k-NN
% PAR10 on current test set: 28158.92 (32 instances)
% >>> 7-th iteration<<<
% Backup Solver: MapleLCMDistChronoBT
% Input Instances for Training: 286 (-unsolvable)
% Used Instances for Training: 286 (-unsolvable)
% Train with k-NN
% PAR10 on current test set: 34404.47 (32 instances)
% >>> 8-th iteration<<<
% Backup Solver: MapleLCMDistChronoBT
% Input Instances for Training: 286 (-unsolvable)
% Used Instances for Training: 286 (-unsolvable)
% Train with k-NN
% PAR10 on current test set: 28180.16 (32 instances)
% >>> 9-th iteration<<<
% Backup Solver: MapleLCMDistChronoBT
% Input Instances for Training: 286 (-unsolvable)
% Used Instances for Training: 286 (-unsolvable)
% Train with k-NN
% PAR10 on current test set: 25194.59 (32 instances)
% >>> 10-th iteration<<<
% Backup Solver: MapleLCMDistChronoBT
% Input Instances for Training: 286 (-unsolvable)
% Used Instances for Training: 286 (-unsolvable)
% Train with k-NN
% PAR10 on current test set: 20403.42 (32 instances)
% 
%  >>> Instances: 318 <<<
%  >>> Oracle Evaluation (w/o unsolved) <<<
% 
% Unsolved (not by any algorithm and not by feature computation): 90
% PAR1 time: 1498.381918 (116.164255)
% Par10 time: 14233.947956 (115.769518)
% #TOs: 90 (0)
% 
%  >>> Cross Fold Evaluation <<<
% 
% Presolved: 0
% Prediction ties: 0
% >>>With Unsolvable Instances
% Timeouts (with unsolved): 164
% Solved (perc) (with unsolved): 0.4843
% PAR1 (with unsolved): 2666.78
% PAR10 (with unsolved): 25874.33
% >>>Without Unsolved Instances (depends on pre-solved in feature groups)
% Timeouts (without unsolved): 74
% Solved (perc) (without unsolved): 0.6754
% PAR1 (without unsolved): 1745.78
% PAR10 (without unsolved): 16351.04
% 
% Time used by each solver: {'expGlucose': 0, 'expMC_VSIDS_LRB_Switch_2500': 10099.5, 'Riss7.1-fix': 136307.33, 'glucose4.2.1': 4999.87, 'Maple_LCM_Scavel_fix2': 52745.45999999999, 'cms55-main-all4fixed': 67591.44, 'Glucose_Hack_Kiel_fastBVE': 0, 'Maple_CM': 0, 'Maple_LCM_M1': 10709.15, 'MapleCOMSPS_CHB_VSIDS_drup': 24999.48, 'Maple_CM_ordUIP': 206.33, 'expMC_LRB_VSIDS_Switch_2500': 0, 'MapleCOMSPS_LRB_VSIDS_2_fix': 5538.02, 'Maple_CM_Dist': 47378.13, 'glu_mix': 20415.29, 'Maple_LCM_Scavel_200_fix2': 65721.39, 'Lingeling': 81553.53, 'Maple_LCM+BCrestart': 15324.55, 'smallsat': 66883.66, 'GHackCOMSPS_drup': 0, 'gluHack': 15420.759999999998, 'Maple_LCM+BCrestart_M1': 4999.86, 'glucose3.0': 0, 'Candy': 20028.399999999998, 'MapleCOMSPS_LRB_VSIDS_drup': 0, 'glucose-3.0_PADC_3': 0, 'YalSAT': 379.2, 'inIDGlucose': 215.48, 'COMiniSatPS_Pulsar_drup': 2246.0099999999998, 'CaDiCaL': 19999.44, 'Maple_CM_ordUIP+': 40269.02, 'abcdsat_r18': 10203.849999999999, 'MapleLCMDistChronoBT': 41848.06, 'expMC_LRB_VSIDS_Switch': 41847.73, 'Sparrow2Riss-2018-fixfix': 40072.29000000001, 'Minisat-v2.2.0-106-ge2dd095': 0, 'glucose-3.0_PADC_10': 0}
% Optimal Time used by each solver: {'expGlucose': 450090.0, 'expMC_VSIDS_LRB_Switch_2500': 495.19, 'Riss7.1-fix': 224.60999999999996, 'glucose4.2.1': 326.96, 'Maple_LCM_Scavel_fix2': 686.72, 'cms55-main-all4fixed': 1356.1700000000005, 'Glucose_Hack_Kiel_fastBVE': 91.78, 'Maple_CM': 3033.93, 'Maple_LCM_M1': 132.39, 'MapleCOMSPS_CHB_VSIDS_drup': 150.54, 'Maple_CM_ordUIP': 0, 'expMC_LRB_VSIDS_Switch_2500': 621.3699999999999, 'MapleCOMSPS_LRB_VSIDS_2_fix': 169.77, 'Maple_CM_Dist': 2940.8799999999997, 'glu_mix': 1611.43, 'Maple_LCM_Scavel_200_fix2': 681.19, 'Lingeling': 241.11006, 'Maple_LCM+BCrestart': 437.3299999999999, 'smallsat': 1768.4, 'GHackCOMSPS_drup': 782.2400000000001, 'gluHack': 830.16, 'Maple_LCM+BCrestart_M1': 151.85, 'glucose3.0': 61.69, 'Candy': 0, 'MapleCOMSPS_LRB_VSIDS_drup': 115.29, 'glucose-3.0_PADC_3': 335.02, 'YalSAT': 44.90001, 'inIDGlucose': 19.03, 'COMiniSatPS_Pulsar_drup': 2261.42, 'CaDiCaL': 1043.0800000000002, 'Maple_CM_ordUIP+': 2881.72, 'abcdsat_r18': 1719.68, 'MapleLCMDistChronoBT': 778.46, 'expMC_LRB_VSIDS_Switch': 0, 'Sparrow2Riss-2018-fixfix': 345.2, 'Minisat-v2.2.0-106-ge2dd095': 55.94, 'glucose-3.0_PADC_10': 0}
% src/../binaries/runsolver -w /dev/null -M 6000 -W 1000 src/../binaries/gringo src/trainer/aspeed/enc/encoding-bounded-paper-Step1.lp /pfs/tc1/gscratch/hkashgar/flexfolio/SAT2018/models/10-core/ASPEEDCpoKf1.facts -c maxsolver=100 -c optMode=1 -c maxPreSlice=500 -c cores=10 -c featTime=500
% src/../binaries/runsolver -w /dev/null -M 6000 -W 1000 src/../binaries/clasp /pfs/tc1/gscratch/hkashgar/flexfolio/SAT2018/models/10-core/GROUNDE7TyBh.gr --quiet=1,1
% 
% Schedule {1: {'claspfolio': 4571.0, 'Lingeling': 1, 'Maple_LCM_Scavel_200_fix2': 428}, 2: {'claspfolio': 5000.0}, 3: {'claspfolio': 5000.0}, 4: {'claspfolio': 5000.0}, 5: {'claspfolio': 4085.0, 'Maple_LCM+BCrestart': 915}, 6: {'claspfolio': 5000.0}, 7: {'claspfolio': 4515.0, 'abcdsat_r18': 485}, 8: {'claspfolio': 4116.0, 'glu_mix': 477, 'Candy': 407}, 9: {'claspfolio': 4223.0, 'YalSAT': 36, 'smallsat': 359, 'cms55-main-all4fixed': 382}, 10: {'expGlucose': 7, 'expMC_VSIDS_LRB_Switch_2500': 15, 'glucose4.2.1': 3, 'Maple_LCM_Scavel_fix2': 2, 'claspfolio': 4185.0, 'Glucose_Hack_Kiel_fastBVE': 7, 'Maple_CM': 4, 'Maple_LCM_M1': 3, 'MapleCOMSPS_CHB_VSIDS_drup': 3, 'expMC_LRB_VSIDS_Switch_2500': 1, 'MapleCOMSPS_LRB_VSIDS_2_fix': 466, 'Maple_CM_Dist': 8, 'GHackCOMSPS_drup': 4, 'gluHack': 260, 'Maple_LCM+BCrestart_M1': 1, 'Maple_CM_ordUIP': 2, 'MapleCOMSPS_LRB_VSIDS_drup': 1, 'inIDGlucose': 16, 'COMiniSatPS_Pulsar_drup': 1, 'CaDiCaL': 1, 'Maple_CM_ordUIP+': 2, 'MapleLCMDistChronoBT': 1, 'expMC_LRB_VSIDS_Switch': 1, 'Sparrow2Riss-2018-fixfix': 1, 'glucose-3.0_PADC_10': 5}}
% 
% >>> End of Algorithm Scheduler <<<
% 
% Input Instances for Training: 318 (-unsolvable)
% Used Instances for Training: 318 (-unsolvable)
% Train with k-NN
% Pre-Solving schedule: {1: {'claspfolio': 4571.0, 'Lingeling': 1, 'Maple_LCM_Scavel_200_fix2': 428}, 2: {'claspfolio': 5000.0}, 3: {'claspfolio': 5000.0}, 4: {'claspfolio': 5000.0}, 5: {'claspfolio': 4085.0, 'Maple_LCM+BCrestart': 915}, 6: {'claspfolio': 5000.0}, 7: {'claspfolio': 4515.0, 'abcdsat_r18': 485}, 8: {'claspfolio': 4116.0, 'glu_mix': 477, 'Candy': 407}, 9: {'claspfolio': 4223.0, 'YalSAT': 36, 'smallsat': 359, 'cms55-main-all4fixed': 382}, 10: {'expGlucose': 7, 'expMC_VSIDS_LRB_Switch_2500': 15, 'glucose4.2.1': 3, 'Maple_LCM_Scavel_fix2': 2, 'claspfolio': 4185.0, 'Glucose_Hack_Kiel_fastBVE': 7, 'Maple_CM': 4, 'Maple_LCM_M1': 3, 'MapleCOMSPS_CHB_VSIDS_drup': 3, 'expMC_LRB_VSIDS_Switch_2500': 1, 'MapleCOMSPS_LRB_VSIDS_2_fix': 466, 'Maple_CM_Dist': 8, 'GHackCOMSPS_drup': 4, 'gluHack': 260, 'Maple_LCM+BCrestart_M1': 1, 'Maple_CM_ordUIP': 2, 'MapleCOMSPS_LRB_VSIDS_drup': 1, 'inIDGlucose': 16, 'COMiniSatPS_Pulsar_drup': 1, 'CaDiCaL': 1, 'Maple_CM_ordUIP+': 2, 'MapleLCMDistChronoBT': 1, 'expMC_LRB_VSIDS_Switch': 1, 'Sparrow2Riss-2018-fixfix': 1, 'glucose-3.0_PADC_10': 5}}
% PAR10 on current test set: 21646.66 (35 instances)
% >>> 8-th iteration<<<
% Backup Solver: MapleLCMDistChronoBT
% 
% >>> Algorithm Scheduler: Aspeed <<<
% 
% >>> 1-th iteration<<<
% Backup Solver: MapleLCMDistChronoBT
% Input Instances for Training: 286 (-unsolvable)
% Used Instances for Training: 286 (-unsolvable)
% Train with k-NN
% PAR10 on current test set: 24293.71 (31 instances)
% >>> 2-th iteration<<<
% Backup Solver: MapleLCMDistChronoBT
% Input Instances for Training: 286 (-unsolvable)
% Used Instances for Training: 286 (-unsolvable)
% Train with k-NN
% PAR10 on current test set: 22666.94 (31 instances)
% >>> 3-th iteration<<<
% Backup Solver: MapleLCMDistChronoBT
% Input Instances for Training: 286 (-unsolvable)
% Used Instances for Training: 286 (-unsolvable)
% Train with k-NN
% PAR10 on current test set: 24271.69 (31 instances)
% >>> 4-th iteration<<<
% Backup Solver: MapleLCMDistChronoBT
% Input Instances for Training: 285 (-unsolvable)
% Used Instances for Training: 285 (-unsolvable)
% Train with k-NN
% PAR10 on current test set: 31311.98 (32 instances)
% >>> 5-th iteration<<<
% Backup Solver: MapleLCMDistChronoBT
% Input Instances for Training: 285 (-unsolvable)
% Used Instances for Training: 285 (-unsolvable)
% Train with k-NN
% PAR10 on current test set: 21931.27 (32 instances)
% >>> 6-th iteration<<<
% Backup Solver: MapleLCMDistChronoBT
% Input Instances for Training: 285 (-unsolvable)
% Used Instances for Training: 285 (-unsolvable)
% Train with k-NN
% PAR10 on current test set: 31292.48 (32 instances)
% >>> 7-th iteration<<<
% Backup Solver: MapleLCMDistChronoBT
% Input Instances for Training: 285 (-unsolvable)
% Used Instances for Training: 285 (-unsolvable)
% Train with k-NN
% PAR10 on current test set: 23511.71 (32 instances)
% >>> 8-th iteration<<<
% Backup Solver: MapleLCMDistChronoBT
% Input Instances for Training: 285 (-unsolvable)
% Used Instances for Training: 285 (-unsolvable)
% Train with k-NN
% PAR10 on current test set: 23575.25 (32 instances)
% >>> 9-th iteration<<<
% Backup Solver: MapleLCMDistChronoBT
% Input Instances for Training: 285 (-unsolvable)
% Used Instances for Training: 285 (-unsolvable)
% Train with k-NN
% PAR10 on current test set: 23597.10 (32 instances)
% >>> 10-th iteration<<<
% Backup Solver: MapleLCMDistChronoBT
% Input Instances for Training: 285 (-unsolvable)
% Used Instances for Training: 285 (-unsolvable)
% Train with k-NN
% PAR10 on current test set: 26609.68 (32 instances)
% 
%  >>> Instances: 317 <<<
%  >>> Oracle Evaluation (w/o unsolved) <<<
% 
% Unsolved (not by any algorithm and not by feature computation): 89
% PAR1 time: 1466.728644 (87.513070)
% Par10 time: 14100.517287 (87.122720)
% #TOs: 89 (0)
% 
%  >>> Cross Fold Evaluation <<<
% 
% Presolved: 0
% Prediction ties: 0
% >>>With Unsolvable Instances
% Timeouts (with unsolved): 160
% Solved (perc) (with unsolved): 0.4953
% PAR1 (with unsolved): 2608.03
% PAR10 (with unsolved): 25320.96
% >>>Without Unsolved Instances (depends on pre-solved in feature groups)
% Timeouts (without unsolved): 71
% Solved (perc) (without unsolved): 0.6886
% PAR1 (without unsolved): 1674.32
% PAR10 (without unsolved): 15687.48
% 
% Time used by each solver: {'expGlucose': 0, 'expMC_VSIDS_LRB_Switch_2500': 15175.68, 'Riss7.1-fix': 111147.15, 'glucose4.2.1': 11064.51, 'Maple_LCM_Scavel_fix2': 42529.61, 'cms55-main-all4fixed': 77696.90000000001, 'Glucose_Hack_Kiel_fastBVE': 0, 'Maple_CM': 39.0, 'Maple_LCM_M1': 4999.86, 'MapleCOMSPS_CHB_VSIDS_drup': 19999.61, 'Maple_CM_ordUIP': 346.8, 'expMC_LRB_VSIDS_Switch_2500': 0, 'MapleCOMSPS_LRB_VSIDS_2_fix': 11159.55, 'Maple_CM_Dist': 82924.05, 'glu_mix': 30415.029999999995, 'Maple_LCM_Scavel_200_fix2': 49998.93, 'Lingeling': 57427.97000000001, 'Maple_LCM+BCrestart': 0, 'smallsat': 72375.32, 'GHackCOMSPS_drup': 9999.8, 'gluHack': 0, 'Maple_LCM+BCrestart_M1': 4999.94, 'glucose3.0': 0, 'Candy': 5021.259999999999, 'MapleCOMSPS_LRB_VSIDS_drup': 4999.86, 'glucose-3.0_PADC_3': 0, 'YalSAT': 0, 'inIDGlucose': 0, 'COMiniSatPS_Pulsar_drup': 17562.78, 'CaDiCaL': 39999.18, 'Maple_CM_ordUIP+': 15810.460000000001, 'abcdsat_r18': 4999.86, 'MapleLCMDistChronoBT': 29270.56, 'expMC_LRB_VSIDS_Switch': 71537.34999999998, 'Sparrow2Riss-2018-fixfix': 35210.82, 'Minisat-v2.2.0-106-ge2dd095': 0, 'glucose-3.0_PADC_10': 0}
% Optimal Time used by each solver: {'expGlucose': 445089.0, 'expMC_VSIDS_LRB_Switch_2500': 745.5999999999999, 'Riss7.1-fix': 526.08, 'glucose4.2.1': 329.37, 'Maple_LCM_Scavel_fix2': 686.72, 'cms55-main-all4fixed': 1397.2900000000006, 'Glucose_Hack_Kiel_fastBVE': 91.78, 'Maple_CM': 2974.97, 'Maple_LCM_M1': 132.39, 'MapleCOMSPS_CHB_VSIDS_drup': 150.54, 'Maple_CM_ordUIP': 0, 'expMC_LRB_VSIDS_Switch_2500': 755.0300000000001, 'MapleCOMSPS_LRB_VSIDS_2_fix': 61.6, 'Maple_CM_Dist': 187.20999999999998, 'glu_mix': 1261.73, 'Maple_LCM_Scavel_200_fix2': 681.19, 'Lingeling': 241.09005, 'Maple_LCM+BCrestart': 172.38, 'smallsat': 1871.1799999999996, 'GHackCOMSPS_drup': 782.2400000000001, 'gluHack': 663.52, 'Maple_LCM+BCrestart_M1': 27.64, 'glucose3.0': 61.69, 'Candy': 0, 'MapleCOMSPS_LRB_VSIDS_drup': 102.83, 'glucose-3.0_PADC_3': 392.62, 'YalSAT': 44.37001, 'inIDGlucose': 19.03, 'COMiniSatPS_Pulsar_drup': 1989.24, 'CaDiCaL': 1244.62, 'Maple_CM_ordUIP+': 91.08, 'abcdsat_r18': 986.1, 'MapleLCMDistChronoBT': 778.46, 'expMC_LRB_VSIDS_Switch': 0, 'Sparrow2Riss-2018-fixfix': 358.45000000000005, 'Minisat-v2.2.0-106-ge2dd095': 55.94, 'glucose-3.0_PADC_10': 0}
% src/../binaries/runsolver -w /dev/null -M 6000 -W 1000 src/../binaries/gringo src/trainer/aspeed/enc/encoding-bounded-paper-Step1.lp /pfs/tc1/gscratch/hkashgar/flexfolio/SAT2018/models/10-core/ASPEED8GiAJ5.facts -c maxsolver=100 -c optMode=1 -c maxPreSlice=500 -c cores=10 -c featTime=500
% src/../binaries/runsolver -w /dev/null -M 6000 -W 1000 src/../binaries/clasp /pfs/tc1/gscratch/hkashgar/flexfolio/SAT2018/models/10-core/GROUND886h6O.gr --quiet=1,1
% 
% Schedule {1: {'claspfolio': 4623.0, 'COMiniSatPS_Pulsar_drup': 377}, 2: {'claspfolio': 4500.0, 'smallsat': 500.0}, 3: {'claspfolio': 5000.0}, 4: {'claspfolio': 4173.0, 'MapleLCMDistChronoBT': 827}, 5: {'claspfolio': 4500.0, 'MapleCOMSPS_LRB_VSIDS_drup': 500.0}, 6: {'claspfolio': 4370.0, 'Maple_LCM_M1': 630}, 7: {'claspfolio': 4011.0, 'Riss7.1-fix': 5, 'Maple_LCM_Scavel_200_fix2': 489, 'Maple_LCM+BCrestart': 495}, 8: {'claspfolio': 4093.0, 'cms55-main-all4fixed': 382, 'CaDiCaL': 54, 'abcdsat_r18': 471}, 9: {'claspfolio': 4234.0, 'Sparrow2Riss-2018-fixfix': 307, 'gluHack': 298, 'expMC_LRB_VSIDS_Switch_2500': 161}, 10: {'GHackCOMSPS_drup': 2, 'Maple_CM_ordUIP+': 1, 'Maple_LCM+BCrestart_M1': 1, 'glucose3.0': 4, 'MapleCOMSPS_CHB_VSIDS_drup': 4, 'Maple_CM_ordUIP': 1, 'expGlucose': 7, 'expMC_VSIDS_LRB_Switch_2500': 15, 'Glucose_Hack_Kiel_fastBVE': 3, 'Maple_CM_Dist': 8, 'Lingeling': 295, 'glu_mix': 420, 'glucose4.2.1': 9, 'Maple_LCM_Scavel_fix2': 6, 'expMC_LRB_VSIDS_Switch': 1, 'claspfolio': 4156.0, 'inIDGlucose': 10, 'MapleCOMSPS_LRB_VSIDS_2_fix': 1, 'glucose-3.0_PADC_10': 9, 'Maple_CM': 11, 'YalSAT': 36}}
% 
% >>> End of Algorithm Scheduler <<<
% 
% Input Instances for Training: 317 (-unsolvable)
% Used Instances for Training: 317 (-unsolvable)
% Train with k-NN
% Pre-Solving schedule: {1: {'claspfolio': 4623.0, 'COMiniSatPS_Pulsar_drup': 377}, 2: {'claspfolio': 4500.0, 'smallsat': 500.0}, 3: {'claspfolio': 5000.0}, 4: {'claspfolio': 4173.0, 'MapleLCMDistChronoBT': 827}, 5: {'claspfolio': 4500.0, 'MapleCOMSPS_LRB_VSIDS_drup': 500.0}, 6: {'claspfolio': 4370.0, 'Maple_LCM_M1': 630}, 7: {'claspfolio': 4011.0, 'Riss7.1-fix': 5, 'Maple_LCM_Scavel_200_fix2': 489, 'Maple_LCM+BCrestart': 495}, 8: {'claspfolio': 4093.0, 'cms55-main-all4fixed': 382, 'CaDiCaL': 54, 'abcdsat_r18': 471}, 9: {'claspfolio': 4234.0, 'Sparrow2Riss-2018-fixfix': 307, 'gluHack': 298, 'expMC_LRB_VSIDS_Switch_2500': 161}, 10: {'GHackCOMSPS_drup': 2, 'Maple_CM_ordUIP+': 1, 'Maple_LCM+BCrestart_M1': 1, 'glucose3.0': 4, 'MapleCOMSPS_CHB_VSIDS_drup': 4, 'Maple_CM_ordUIP': 1, 'expGlucose': 7, 'expMC_VSIDS_LRB_Switch_2500': 15, 'Glucose_Hack_Kiel_fastBVE': 3, 'Maple_CM_Dist': 8, 'Lingeling': 295, 'glu_mix': 420, 'glucose4.2.1': 9, 'Maple_LCM_Scavel_fix2': 6, 'expMC_LRB_VSIDS_Switch': 1, 'claspfolio': 4156.0, 'inIDGlucose': 10, 'MapleCOMSPS_LRB_VSIDS_2_fix': 1, 'glucose-3.0_PADC_10': 9, 'Maple_CM': 11, 'YalSAT': 36}}
% PAR10 on current test set: 29323.83 (36 instances)
% >>> 9-th iteration<<<
% Backup Solver: MapleLCMDistChronoBT
% 
% >>> Algorithm Scheduler: Aspeed <<<
% 
% >>> 1-th iteration<<<
% Backup Solver: MapleLCMDistChronoBT
% Input Instances for Training: 286 (-unsolvable)
% Used Instances for Training: 286 (-unsolvable)
% Train with k-NN
% PAR10 on current test set: 24311.82 (31 instances)
% >>> 2-th iteration<<<
% Backup Solver: MapleLCMDistChronoBT
% Input Instances for Training: 286 (-unsolvable)
% Used Instances for Training: 286 (-unsolvable)
% Train with k-NN
% PAR10 on current test set: 21038.82 (31 instances)
% >>> 3-th iteration<<<
% Backup Solver: MapleLCMDistChronoBT
% Input Instances for Training: 286 (-unsolvable)
% Used Instances for Training: 286 (-unsolvable)
% Train with k-NN
% PAR10 on current test set: 24309.46 (31 instances)
% >>> 4-th iteration<<<
% Backup Solver: MapleLCMDistChronoBT
% Input Instances for Training: 285 (-unsolvable)
% Used Instances for Training: 285 (-unsolvable)
% Train with k-NN
% PAR10 on current test set: 26634.91 (32 instances)
% >>> 5-th iteration<<<
% Backup Solver: MapleLCMDistChronoBT
% Input Instances for Training: 285 (-unsolvable)
% Used Instances for Training: 285 (-unsolvable)
% Train with k-NN
% PAR10 on current test set: 20434.02 (32 instances)
% >>> 6-th iteration<<<
% Backup Solver: MapleLCMDistChronoBT
% Input Instances for Training: 285 (-unsolvable)
% Used Instances for Training: 285 (-unsolvable)
% Train with k-NN
% PAR10 on current test set: 23479.15 (32 instances)
% >>> 7-th iteration<<<
% Backup Solver: MapleLCMDistChronoBT
% Input Instances for Training: 285 (-unsolvable)
% Used Instances for Training: 285 (-unsolvable)
% Train with k-NN
% PAR10 on current test set: 34398.94 (32 instances)
% >>> 8-th iteration<<<
% Backup Solver: MapleLCMDistChronoBT
% Input Instances for Training: 285 (-unsolvable)
% Used Instances for Training: 285 (-unsolvable)
% Train with k-NN
% PAR10 on current test set: 31378.23 (32 instances)
% >>> 9-th iteration<<<
% Backup Solver: MapleLCMDistChronoBT
% Input Instances for Training: 285 (-unsolvable)
% Used Instances for Training: 285 (-unsolvable)
% Train with k-NN
% PAR10 on current test set: 25070.15 (32 instances)
% >>> 10-th iteration<<<
% Backup Solver: MapleLCMDistChronoBT
% Input Instances for Training: 285 (-unsolvable)
% Used Instances for Training: 285 (-unsolvable)
% Train with k-NN
% PAR10 on current test set: 25081.90 (32 instances)
% 
%  >>> Instances: 317 <<<
%  >>> Oracle Evaluation (w/o unsolved) <<<
% 
% Unsolved (not by any algorithm and not by feature computation): 89
% PAR1 time: 1487.419559 (116.280702)
% Par10 time: 14121.208202 (115.890351)
% #TOs: 89 (0)
% 
%  >>> Cross Fold Evaluation <<<
% 
% Presolved: 0
% Prediction ties: 0
% >>>With Unsolvable Instances
% Timeouts (with unsolved): 162
% Solved (perc) (with unsolved): 0.4890
% PAR1 (with unsolved): 2639.55
% PAR10 (with unsolved): 25636.39
% >>>Without Unsolved Instances (depends on pre-solved in feature groups)
% Timeouts (without unsolved): 73
% Solved (perc) (without unsolved): 0.6798
% PAR1 (without unsolved): 1718.14
% PAR10 (without unsolved): 16126.04
% 
% Time used by each solver: {'expGlucose': 0, 'expMC_VSIDS_LRB_Switch_2500': 0, 'Riss7.1-fix': 100904.45000000001, 'glucose4.2.1': 0, 'Maple_LCM_Scavel_fix2': 37707.34, 'cms55-main-all4fixed': 67455.27, 'Glucose_Hack_Kiel_fastBVE': 0, 'Maple_CM': 5482.54, 'Maple_LCM_M1': 5248.2699999999995, 'MapleCOMSPS_CHB_VSIDS_drup': 20191.34, 'Maple_CM_ordUIP': 128.14, 'expMC_LRB_VSIDS_Switch_2500': 19999.45, 'MapleCOMSPS_LRB_VSIDS_2_fix': 15893.149999999998, 'Maple_CM_Dist': 108517.29000000001, 'glu_mix': 25628.36, 'Maple_LCM_Scavel_200_fix2': 40450.14, 'Lingeling': 66998.24, 'Maple_LCM+BCrestart': 30364.32, 'smallsat': 84215.23, 'GHackCOMSPS_drup': 0, 'gluHack': 19999.489999999998, 'Maple_LCM+BCrestart_M1': 4999.94, 'glucose3.0': 0, 'Candy': 10028.49, 'MapleCOMSPS_LRB_VSIDS_drup': 359.83, 'glucose-3.0_PADC_3': 0, 'YalSAT': 0, 'inIDGlucose': 4999.95, 'COMiniSatPS_Pulsar_drup': 16472.73, 'CaDiCaL': 9999.72, 'Maple_CM_ordUIP+': 5090.3099999999995, 'abcdsat_r18': 4999.86, 'MapleLCMDistChronoBT': 43767.950000000004, 'expMC_LRB_VSIDS_Switch': 46588.450000000004, 'Sparrow2Riss-2018-fixfix': 40212.329999999994, 'Minisat-v2.2.0-106-ge2dd095': 0, 'glucose-3.0_PADC_10': 0}
% Optimal Time used by each solver: {'expGlucose': 445089.0, 'expMC_VSIDS_LRB_Switch_2500': 745.5999999999999, 'Riss7.1-fix': 526.49, 'glucose4.2.1': 329.37, 'Maple_LCM_Scavel_fix2': 375.68999999999994, 'cms55-main-all4fixed': 1292.5600000000004, 'Glucose_Hack_Kiel_fastBVE': 91.78, 'Maple_CM': 3033.93, 'Maple_LCM_M1': 132.39, 'MapleCOMSPS_CHB_VSIDS_drup': 150.54, 'Maple_CM_ordUIP': 0, 'expMC_LRB_VSIDS_Switch_2500': 573.3100000000001, 'MapleCOMSPS_LRB_VSIDS_2_fix': 169.3, 'Maple_CM_Dist': 2890.65, 'glu_mix': 1841.4400000000003, 'Maple_LCM_Scavel_200_fix2': 681.19, 'Lingeling': 241.11005, 'Maple_LCM+BCrestart': 437.67999999999995, 'smallsat': 1681.93, 'GHackCOMSPS_drup': 782.24, 'gluHack': 549.4599999999999, 'Maple_LCM+BCrestart_M1': 151.85, 'glucose3.0': 61.69, 'Candy': 0, 'MapleCOMSPS_LRB_VSIDS_drup': 115.28999999999999, 'glucose-3.0_PADC_3': 392.62, 'YalSAT': 45.64001, 'inIDGlucose': 19.03, 'COMiniSatPS_Pulsar_drup': 2121.7, 'CaDiCaL': 1213.8700000000001, 'Maple_CM_ordUIP+': 2881.72, 'abcdsat_r18': 1702.3500000000001, 'MapleLCMDistChronoBT': 778.46, 'expMC_LRB_VSIDS_Switch': 0, 'Sparrow2Riss-2018-fixfix': 356.18000000000006, 'Minisat-v2.2.0-106-ge2dd095': 55.94, 'glucose-3.0_PADC_10': 0}
% src/../binaries/runsolver -w /dev/null -M 6000 -W 1000 src/../binaries/gringo src/trainer/aspeed/enc/encoding-bounded-paper-Step1.lp /pfs/tc1/gscratch/hkashgar/flexfolio/SAT2018/models/10-core/ASPEEDHzlCn9.facts -c maxsolver=100 -c optMode=1 -c maxPreSlice=500 -c cores=10 -c featTime=500
% src/../binaries/runsolver -w /dev/null -M 6000 -W 1000 src/../binaries/clasp /pfs/tc1/gscratch/hkashgar/flexfolio/SAT2018/models/10-core/GROUNDTaI45P.gr --quiet=1,1
% 
% Schedule {1: {'claspfolio': 4581.0, 'expMC_LRB_VSIDS_Switch': 419}, 2: {'claspfolio': 5000.0}, 3: {'claspfolio': 5000.0}, 4: {'claspfolio': 4370.0, 'MapleLCMDistChronoBT': 630}, 5: {'claspfolio': 4129.0, 'cms55-main-all4fixed': 408, 'COMiniSatPS_Pulsar_drup': 463}, 6: {'claspfolio': 4309.0, 'smallsat': 311, 'gluHack': 380}, 7: {'claspfolio': 4196.0, 'Riss7.1-fix': 264, 'CaDiCaL': 355, 'expMC_LRB_VSIDS_Switch_2500': 185}, 8: {'claspfolio': 4045.0, 'inIDGlucose': 482, 'Maple_LCM+BCrestart_M1': 125, 'Sparrow2Riss-2018-fixfix': 348}, 9: {'abcdsat_r18': 489, 'expGlucose': 87, 'Lingeling': 12, 'claspfolio': 4048.0, 'Maple_LCM+BCrestart': 123, 'Maple_CM': 241}, 10: {'MapleCOMSPS_LRB_VSIDS_2_fix': 2, 'MapleCOMSPS_CHB_VSIDS_drup': 1, 'glucose-3.0_PADC_3': 480, 'expMC_VSIDS_LRB_Switch_2500': 9, 'Glucose_Hack_Kiel_fastBVE': 3, 'Maple_CM_Dist': 1, 'glu_mix': 477, 'glucose4.2.1': 3, 'Maple_LCM_Scavel_fix2': 6, 'Maple_LCM_Scavel_200_fix2': 1, 'claspfolio': 4015.0, 'Maple_LCM_M1': 1, 'GHackCOMSPS_drup': 1}}
% 
% >>> End of Algorithm Scheduler <<<
% 
% Input Instances for Training: 317 (-unsolvable)
% Used Instances for Training: 317 (-unsolvable)
% Train with k-NN
% Pre-Solving schedule: {1: {'claspfolio': 4581.0, 'expMC_LRB_VSIDS_Switch': 419}, 2: {'claspfolio': 5000.0}, 3: {'claspfolio': 5000.0}, 4: {'claspfolio': 4370.0, 'MapleLCMDistChronoBT': 630}, 5: {'claspfolio': 4129.0, 'cms55-main-all4fixed': 408, 'COMiniSatPS_Pulsar_drup': 463}, 6: {'claspfolio': 4309.0, 'smallsat': 311, 'gluHack': 380}, 7: {'claspfolio': 4196.0, 'Riss7.1-fix': 264, 'CaDiCaL': 355, 'expMC_LRB_VSIDS_Switch_2500': 185}, 8: {'claspfolio': 4045.0, 'inIDGlucose': 482, 'Maple_LCM+BCrestart_M1': 125, 'Sparrow2Riss-2018-fixfix': 348}, 9: {'abcdsat_r18': 489, 'expGlucose': 87, 'Lingeling': 12, 'claspfolio': 4048.0, 'Maple_LCM+BCrestart': 123, 'Maple_CM': 241}, 10: {'MapleCOMSPS_LRB_VSIDS_2_fix': 2, 'MapleCOMSPS_CHB_VSIDS_drup': 1, 'glucose-3.0_PADC_3': 480, 'expMC_VSIDS_LRB_Switch_2500': 9, 'Glucose_Hack_Kiel_fastBVE': 3, 'Maple_CM_Dist': 1, 'glu_mix': 477, 'glucose4.2.1': 3, 'Maple_LCM_Scavel_fix2': 6, 'Maple_LCM_Scavel_200_fix2': 1, 'claspfolio': 4015.0, 'Maple_LCM_M1': 1, 'GHackCOMSPS_drup': 1}}
% PAR10 on current test set: 23791.16 (36 instances)
% >>> 10-th iteration<<<
% Backup Solver: MapleLCMDistChronoBT
% 
% >>> Algorithm Scheduler: Aspeed <<<
% 
% >>> 1-th iteration<<<
% Backup Solver: MapleLCMDistChronoBT
% Input Instances for Training: 286 (-unsolvable)
% Used Instances for Training: 286 (-unsolvable)
% Train with k-NN
% PAR10 on current test set: 27462.35 (31 instances)
% >>> 2-th iteration<<<
% Backup Solver: MapleLCMDistChronoBT
% Input Instances for Training: 286 (-unsolvable)
% Used Instances for Training: 286 (-unsolvable)
% Train with k-NN
% PAR10 on current test set: 25875.15 (31 instances)
% >>> 3-th iteration<<<
% Backup Solver: Maple_LCM_Scavel_200_fix2
% Input Instances for Training: 286 (-unsolvable)
% Used Instances for Training: 286 (-unsolvable)
% Train with k-NN
% PAR10 on current test set: 35541.73 (31 instances)
% >>> 4-th iteration<<<
% Backup Solver: MapleLCMDistChronoBT
% Input Instances for Training: 285 (-unsolvable)
% Used Instances for Training: 285 (-unsolvable)
% Train with k-NN
% PAR10 on current test set: 28169.73 (32 instances)
% >>> 5-th iteration<<<
% Backup Solver: MapleLCMDistChronoBT
% Input Instances for Training: 285 (-unsolvable)
% Used Instances for Training: 285 (-unsolvable)
% Train with k-NN
% PAR10 on current test set: 28258.28 (32 instances)
% >>> 6-th iteration<<<
% Backup Solver: Maple_LCM_Scavel_200_fix2
% Input Instances for Training: 285 (-unsolvable)
% Used Instances for Training: 285 (-unsolvable)
% Train with k-NN
% PAR10 on current test set: 25034.91 (32 instances)
% >>> 7-th iteration<<<
% Backup Solver: Maple_LCM_Scavel_200_fix2
% Input Instances for Training: 285 (-unsolvable)
% Used Instances for Training: 285 (-unsolvable)
% Train with k-NN
% PAR10 on current test set: 23482.67 (32 instances)
% >>> 8-th iteration<<<
% Backup Solver: Maple_LCM_Scavel_200_fix2
% Input Instances for Training: 285 (-unsolvable)
% Used Instances for Training: 285 (-unsolvable)
% Train with k-NN
% PAR10 on current test set: 25078.09 (32 instances)
% >>> 9-th iteration<<<
% Backup Solver: MapleLCMDistChronoBT
% Input Instances for Training: 285 (-unsolvable)
% Used Instances for Training: 285 (-unsolvable)
% Train with k-NN
% PAR10 on current test set: 23504.10 (32 instances)
% >>> 10-th iteration<<<
% Backup Solver: MapleLCMDistChronoBT
% Input Instances for Training: 285 (-unsolvable)
% Used Instances for Training: 285 (-unsolvable)
% Train with k-NN
% PAR10 on current test set: 26632.45 (32 instances)
% 
%  >>> Instances: 317 <<<
%  >>> Oracle Evaluation (w/o unsolved) <<<
% 
% Unsolved (not by any algorithm and not by feature computation): 88
% PAR1 time: 1470.480095 (114.158035)
% Par10 time: 13962.316057 (113.773756)
% #TOs: 88 (0)
% 
%  >>> Cross Fold Evaluation <<<
% 
% Presolved: 0
% Prediction ties: 0
% >>>With Unsolvable Instances
% Timeouts (with unsolved): 170
% Solved (perc) (with unsolved): 0.4637
% PAR1 (with unsolved): 2745.69
% PAR10 (with unsolved): 26878.18
% >>>Without Unsolved Instances (depends on pre-solved in feature groups)
% Timeouts (without unsolved): 82
% Solved (perc) (without unsolved): 0.6419
% PAR1 (without unsolved): 1879.40
% PAR10 (without unsolved): 17992.94
% 
% Time used by each solver: {'expGlucose': 0, 'expMC_VSIDS_LRB_Switch_2500': 5076.11, 'Riss7.1-fix': 85140.95999999999, 'glucose4.2.1': 0, 'Maple_LCM_Scavel_fix2': 96723.60999999999, 'cms55-main-all4fixed': 108273.44999999997, 'Glucose_Hack_Kiel_fastBVE': 0, 'Maple_CM': 4999.94, 'Maple_LCM_M1': 14999.57, 'MapleCOMSPS_CHB_VSIDS_drup': 5034.78, 'Maple_CM_ordUIP': 14999.630000000001, 'expMC_LRB_VSIDS_Switch_2500': 0, 'MapleCOMSPS_LRB_VSIDS_2_fix': 6433.280000000001, 'Maple_CM_Dist': 0, 'glu_mix': 0, 'Maple_LCM_Scavel_200_fix2': 152819.96000000002, 'Lingeling': 67233.14, 'Maple_LCM+BCrestart': 34999.409999999996, 'smallsat': 107759.88, 'GHackCOMSPS_drup': 4999.86, 'gluHack': 0, 'Maple_LCM+BCrestart_M1': 0, 'glucose3.0': 0, 'Candy': 0, 'MapleCOMSPS_LRB_VSIDS_drup': 4999.94, 'glucose-3.0_PADC_3': 0, 'YalSAT': 0, 'inIDGlucose': 0, 'COMiniSatPS_Pulsar_drup': 21833.23, 'CaDiCaL': 35321.26, 'Maple_CM_ordUIP+': 0, 'abcdsat_r18': 204.05, 'MapleLCMDistChronoBT': 2932.4300000000003, 'expMC_LRB_VSIDS_Switch': 55331.780000000006, 'Sparrow2Riss-2018-fixfix': 40232.45, 'Minisat-v2.2.0-106-ge2dd095': 0, 'glucose-3.0_PADC_10': 0}
% Optimal Time used by each solver: {'expGlucose': 440088.0, 'expMC_VSIDS_LRB_Switch_2500': 745.5999999999999, 'Riss7.1-fix': 489.21000000000004, 'glucose4.2.1': 329.37, 'Maple_LCM_Scavel_fix2': 422.13, 'cms55-main-all4fixed': 1393.8200000000006, 'Glucose_Hack_Kiel_fastBVE': 91.78, 'Maple_CM': 3033.93, 'Maple_LCM_M1': 132.39, 'MapleCOMSPS_CHB_VSIDS_drup': 150.54, 'Maple_CM_ordUIP': 0, 'expMC_LRB_VSIDS_Switch_2500': 790.5400000000001, 'MapleCOMSPS_LRB_VSIDS_2_fix': 169.77, 'Maple_CM_Dist': 2940.8799999999997, 'glu_mix': 2107.57, 'Maple_LCM_Scavel_200_fix2': 681.19, 'Lingeling': 241.10006, 'Maple_LCM+BCrestart': 437.67999999999995, 'smallsat': 1773.7299999999998, 'GHackCOMSPS_drup': 782.2400000000001, 'gluHack': 830.16, 'Maple_LCM+BCrestart_M1': 151.85, 'glucose3.0': 0, 'Candy': 0, 'MapleCOMSPS_LRB_VSIDS_drup': 115.28999999999999, 'glucose-3.0_PADC_3': 392.62, 'YalSAT': 11.40001, 'inIDGlucose': 19.03, 'COMiniSatPS_Pulsar_drup': 1743.1000000000001, 'CaDiCaL': 1059.3600000000001, 'Maple_CM_ordUIP+': 2881.72, 'abcdsat_r18': 1303.69, 'MapleLCMDistChronoBT': 416.06, 'expMC_LRB_VSIDS_Switch': 0, 'Sparrow2Riss-2018-fixfix': 360.5000000000001, 'Minisat-v2.2.0-106-ge2dd095': 55.94, 'glucose-3.0_PADC_10': 0}
% src/../binaries/runsolver -w /dev/null -M 6000 -W 1000 src/../binaries/gringo src/trainer/aspeed/enc/encoding-bounded-paper-Step1.lp /pfs/tc1/gscratch/hkashgar/flexfolio/SAT2018/models/10-core/ASPEEDfB1GZt.facts -c maxsolver=100 -c optMode=1 -c maxPreSlice=500 -c cores=10 -c featTime=500
% src/../binaries/runsolver -w /dev/null -M 6000 -W 1000 src/../binaries/clasp /pfs/tc1/gscratch/hkashgar/flexfolio/SAT2018/models/10-core/GROUNDPuTMSl.gr --quiet=1,1
% 
% Schedule {1: {'claspfolio': 4511.0, 'expMC_LRB_VSIDS_Switch_2500': 100, 'abcdsat_r18': 389}, 2: {'claspfolio': 4500.0, 'Sparrow2Riss-2018-fixfix': 500.0}, 3: {'claspfolio': 4128.0, 'Maple_LCM_Scavel_200_fix2': 428, 'MapleLCMDistChronoBT': 444}, 4: {'claspfolio': 4103.0, 'Maple_LCM+BCrestart': 515, 'CaDiCaL': 382}, 5: {'claspfolio': 4118.0, 'Lingeling': 882}, 6: {'claspfolio': 4074.0, 'MapleCOMSPS_LRB_VSIDS_2_fix': 926}, 7: {'claspfolio': 4145.0, 'Riss7.1-fix': 855}, 8: {'claspfolio': 4212.0, 'cms55-main-all4fixed': 382, 'gluHack': 406}, 9: {'claspfolio': 4138.0, 'glu_mix': 416, 'glucose-3.0_PADC_10': 446}, 10: {'smallsat': 359, 'glucose3.0': 4, 'MapleCOMSPS_CHB_VSIDS_drup': 4, 'expGlucose': 31, 'expMC_VSIDS_LRB_Switch_2500': 52, 'Glucose_Hack_Kiel_fastBVE': 3, 'Maple_CM_Dist': 4, 'glucose4.2.1': 9, 'Maple_LCM_Scavel_fix2': 14, 'claspfolio': 4247.0, 'inIDGlucose': 10, 'Maple_LCM_M1': 259, 'Maple_CM': 4}}
% 
% >>> End of Algorithm Scheduler <<<
% 
% Input Instances for Training: 317 (-unsolvable)
% Used Instances for Training: 317 (-unsolvable)
% Train with k-NN
% Pre-Solving schedule: {1: {'claspfolio': 4511.0, 'expMC_LRB_VSIDS_Switch_2500': 100, 'abcdsat_r18': 389}, 2: {'claspfolio': 4500.0, 'Sparrow2Riss-2018-fixfix': 500.0}, 3: {'claspfolio': 4128.0, 'Maple_LCM_Scavel_200_fix2': 428, 'MapleLCMDistChronoBT': 444}, 4: {'claspfolio': 4103.0, 'Maple_LCM+BCrestart': 515, 'CaDiCaL': 382}, 5: {'claspfolio': 4118.0, 'Lingeling': 882}, 6: {'claspfolio': 4074.0, 'MapleCOMSPS_LRB_VSIDS_2_fix': 926}, 7: {'claspfolio': 4145.0, 'Riss7.1-fix': 855}, 8: {'claspfolio': 4212.0, 'cms55-main-all4fixed': 382, 'gluHack': 406}, 9: {'claspfolio': 4138.0, 'glu_mix': 416, 'glucose-3.0_PADC_10': 446}, 10: {'smallsat': 359, 'glucose3.0': 4, 'MapleCOMSPS_CHB_VSIDS_drup': 4, 'expGlucose': 31, 'expMC_VSIDS_LRB_Switch_2500': 52, 'Glucose_Hack_Kiel_fastBVE': 3, 'Maple_CM_Dist': 4, 'glucose4.2.1': 9, 'Maple_LCM_Scavel_fix2': 14, 'claspfolio': 4247.0, 'inIDGlucose': 10, 'Maple_LCM_M1': 259, 'Maple_CM': 4}}
% PAR10 on current test set: 23844.83 (36 instances)
% 
%  >>> Instances: 353 <<<
%  >>> Oracle Evaluation (w/o unsolved) <<<
% 
% Unsolved (not by any algorithm and not by feature computation): 100
% PAR1 time: 1496.148754 (111.227313)
% Par10 time: 14243.740822 (110.832056)
% #TOs: 100 (0)
% 
%  >>> Cross Fold Evaluation <<<
% 
% Presolved: 0
% Prediction ties: 0
% >>>With Unsolvable Instances
% Timeouts (with unsolved): 166
% Solved (perc) (with unsolved): 0.5297
% PAR1 (with unsolved): 2546.62
% PAR10 (with unsolved): 23708.09
% >>>Without Unsolved Instances (depends on pre-solved in feature groups)
% Timeouts (without unsolved): 66
% Solved (perc) (without unsolved): 0.7391
% PAR1 (without unsolved): 1576.90
% PAR10 (without unsolved): 13316.03
% 
% Time used by each solver: {'expGlucose': 16994.998272506087, 'expMC_VSIDS_LRB_Switch_2500': 39873.01, 'Riss7.1-fix': 175077.78, 'glucose4.2.1': 13774.19, 'Maple_LCM_Scavel_fix2': 82178.92, 'cms55-main-all4fixed': 132417.19, 'Glucose_Hack_Kiel_fastBVE': 1039, 'Maple_CM': 8368.16, 'Maple_LCM_M1': 54930.32000000001, 'MapleCOMSPS_CHB_VSIDS_drup': 19984.8, 'Maple_CM_ordUIP': 3864.8900000000003, 'expMC_LRB_VSIDS_Switch_2500': 31494.42, 'MapleCOMSPS_LRB_VSIDS_2_fix': 82344.64999999998, 'Maple_CM_Dist': 107706.82999999999, 'glu_mix': 163686.20999999996, 'Maple_LCM_Scavel_200_fix2': 119577.98999999998, 'Lingeling': 143566.45006000003, 'Maple_LCM+BCrestart': 73907.28000000001, 'smallsat': 218274.69999999998, 'GHackCOMSPS_drup': 22425.090000000004, 'gluHack': 90556.95000000001, 'Maple_LCM+BCrestart_M1': 54382.420000000006, 'glucose3.0': 20584.47, 'Candy': 12946.28, 'MapleCOMSPS_LRB_VSIDS_drup': 32437.629999999997, 'glucose-3.0_PADC_3': 10866.189999999999, 'YalSAT': 8866.990010000001, 'inIDGlucose': 20310.82, 'COMiniSatPS_Pulsar_drup': 45858.399999999994, 'CaDiCaL': 58270.62, 'Maple_CM_ordUIP+': 302.15, 'abcdsat_r18': 114946.15, 'MapleLCMDistChronoBT': 134542.8228223844, 'expMC_LRB_VSIDS_Switch': 71635.34, 'Sparrow2Riss-2018-fixfix': 110016.33, 'Minisat-v2.2.0-106-ge2dd095': 103.01, 'glucose-3.0_PADC_10': 31655.670000000002}
% Optimal Time used by each solver: {'expGlucose': 500100.0, 'expMC_VSIDS_LRB_Switch_2500': 745.6, 'Riss7.1-fix': 530.3199999999999, 'glucose4.2.1': 329.37, 'Maple_LCM_Scavel_fix2': 686.7199999999999, 'cms55-main-all4fixed': 1397.2900000000002, 'Glucose_Hack_Kiel_fastBVE': 91.78, 'Maple_CM': 3033.93, 'Maple_LCM_M1': 132.39, 'MapleCOMSPS_CHB_VSIDS_drup': 150.54, 'Maple_CM_ordUIP': 0, 'expMC_LRB_VSIDS_Switch_2500': 790.54, 'MapleCOMSPS_LRB_VSIDS_2_fix': 169.77, 'Maple_CM_Dist': 2940.8799999999997, 'glu_mix': 2107.5699999999997, 'Maple_LCM_Scavel_200_fix2': 681.19, 'Lingeling': 241.11006, 'Maple_LCM+BCrestart': 437.68, 'smallsat': 1871.18, 'GHackCOMSPS_drup': 782.24, 'gluHack': 830.16, 'Maple_LCM+BCrestart_M1': 151.85, 'glucose3.0': 61.69, 'Candy': 0, 'MapleCOMSPS_LRB_VSIDS_drup': 115.29, 'glucose-3.0_PADC_3': 392.62, 'YalSAT': 45.940009999999994, 'inIDGlucose': 19.03, 'COMiniSatPS_Pulsar_drup': 2261.4199999999996, 'CaDiCaL': 1246.11, 'Maple_CM_ordUIP+': 2881.72, 'abcdsat_r18': 1719.68, 'MapleLCMDistChronoBT': 778.46, 'expMC_LRB_VSIDS_Switch': 0, 'Sparrow2Riss-2018-fixfix': 360.5000000000001, 'Minisat-v2.2.0-106-ge2dd095': 55.94, 'glucose-3.0_PADC_10': 0}
