% flexfolio Trainer!
% Published under GPLv2
% https://bitbucket.org/mlindauer/flexfolio
% Command line arguments:
% --aslib-dir SAT2016/SAT16-MAIN-9-Cores/ --model-dir SAT2016/models/9-core/ --preconf 3s --print-time SAT2016/sat16_results/SAT2016-9core-3s.csv --t-aspeed 9
% Read SAT2016/SAT16-MAIN-9-Cores/description.txt
% Read SAT2016/SAT16-MAIN-9-Cores/algorithm_runs.arff
% Read SAT2016/SAT16-MAIN-9-Cores/feature_values.arff
% Read SAT2016/SAT16-MAIN-9-Cores/feature_runstatus.arff
% Read SAT2016/SAT16-MAIN-9-Cores/feature_costs.arff
% Read SAT2016/SAT16-MAIN-9-Cores/cv.arff
% 1-th repetition: 27,27,27,27,27,27,28,28,28,28 distribution
% Used Feature Steps (1): ALL
% Used features (54): reducedVars,VCG.CLAUSE.entropy,POSNEG.RATIO.VAR.entropy,HORNY.VAR.entropy,cluster.coeff.min,VCG.VAR.mean,VCG.VAR.entropy,HORNY.VAR.mean,nvarsOrig,POSNEG.RATIO.VAR.stdev,POSNEG.RATIO.VAR.max,nclauses,HORNY.VAR.min,VCG.VAR.coeff.variation,TRINARY.,VG.min,CG.entropy,cluster.coeff.coeff.variation,UNARY,cluster.coeff.entropy,horn.clauses.fraction,cluster.coeff.mean,CG.min,CG.max,Basic.featuretime,VG.max,VCG.VAR.min,Pre.featuretime,CG.featuretime,cluster.coeff.max,VCG.CLAUSE.min,VCG.VAR.max,VG.mean,nvars,POSNEG.RATIO.CLAUSE.coeff.variation,VCG.CLAUSE.mean,BINARY.,KLB.featuretime,POSNEG.RATIO.CLAUSE.min,VCG.CLAUSE.coeff.variation,VCG.CLAUSE.max,HORNY.VAR.coeff.variation,HORNY.VAR.max,POSNEG.RATIO.VAR.mean,POSNEG.RATIO.CLAUSE.entropy,POSNEG.RATIO.CLAUSE.max,POSNEG.RATIO.CLAUSE.mean,nclausesOrig,POSNEG.RATIO.VAR.min,CG.coeff.variation,vars.clauses.ratio,VG.coeff.variation,reducedClauses,CG.mean
% 
% Check Consistency and Completeness of input data
% Instances: 		 274
% Algorithms: 		 25
% Incomplete Feature Vector: 	 0 (maybe imputed)
% Unsolvable Instances (status): 	 82
% Unsolvable Instances (runtime): 	 82
% Valid Instances: 	 192
% Presolved: 		 0
% Average Feature Costs: 	 90.8650
% Use given CV of 1-th repetition
% >>> 1-th iteration<<<
% Backup Solver: MapleCOMSPS_LRB_DRUP
% 
% >>> Algorithm Scheduler: Aspeed <<<
% 
% >>> 1-th iteration<<<
% Backup Solver: MapleCOMSPS_LRB_DRUP
% Input Instances for Training: 223 (-unsolvable)
% Used Instances for Training: 223 (-unsolvable)
% Train with k-NN
% PAR10 on current test set: 21442.86 (24 instances)
% >>> 2-th iteration<<<
% Backup Solver: MapleCOMSPS_LRB_DRUP
% Input Instances for Training: 223 (-unsolvable)
% Used Instances for Training: 223 (-unsolvable)
% Train with k-NN
% PAR10 on current test set: 19294.05 (24 instances)
% >>> 3-th iteration<<<
% Backup Solver: MapleCOMSPS_LRB_DRUP
% Input Instances for Training: 223 (-unsolvable)
% Used Instances for Training: 223 (-unsolvable)
% Train with k-NN
% PAR10 on current test set: 27257.53 (24 instances)
% >>> 4-th iteration<<<
% Backup Solver: MapleCOMSPS_LRB_DRUP
% Input Instances for Training: 222 (-unsolvable)
% Used Instances for Training: 222 (-unsolvable)
% Train with k-NN
% PAR10 on current test set: 14958.00 (25 instances)
% >>> 5-th iteration<<<
% Backup Solver: MapleCOMSPS_LRB_DRUP
% Input Instances for Training: 222 (-unsolvable)
% Used Instances for Training: 222 (-unsolvable)
% Train with k-NN
% PAR10 on current test set: 16374.79 (25 instances)
% >>> 6-th iteration<<<
% Backup Solver: MapleCOMSPS_LRB_DRUP
% Input Instances for Training: 222 (-unsolvable)
% Used Instances for Training: 222 (-unsolvable)
% Train with k-NN
% PAR10 on current test set: 22310.79 (25 instances)
% >>> 7-th iteration<<<
% Backup Solver: MapleCOMSPS_LRB_DRUP
% Input Instances for Training: 222 (-unsolvable)
% Used Instances for Training: 222 (-unsolvable)
% Train with k-NN
% PAR10 on current test set: 20622.38 (25 instances)
% >>> 8-th iteration<<<
% Backup Solver: MapleCOMSPS_LRB_DRUP
% Input Instances for Training: 222 (-unsolvable)
% Used Instances for Training: 222 (-unsolvable)
% Train with k-NN
% PAR10 on current test set: 30442.08 (25 instances)
% >>> 9-th iteration<<<
% Backup Solver: MapleCOMSPS_LRB_DRUP
% Input Instances for Training: 222 (-unsolvable)
% Used Instances for Training: 222 (-unsolvable)
% Train with k-NN
% PAR10 on current test set: 15176.71 (25 instances)
% >>> 10-th iteration<<<
% Backup Solver: MapleCOMSPS_LRB_DRUP
% Input Instances for Training: 222 (-unsolvable)
% Used Instances for Training: 222 (-unsolvable)
% Train with k-NN
% PAR10 on current test set: 20457.35 (25 instances)
% 
%  >>> Instances: 247 <<<
%  >>> Oracle Evaluation (w/o unsolved) <<<
% 
% Unsolved (not by any algorithm and not by feature computation): 74
% PAR1 time: 1961.354970 (661.587732)
% Par10 time: 15442.836752 (661.159987)
% #TOs: 74 (0)
% 
%  >>> Cross Fold Evaluation <<<
% 
% Presolved: 0
% Prediction ties: 0
% >>>With Unsolvable Instances
% Timeouts (with unsolved): 100
% Solved (perc) (with unsolved): 0.5951
% PAR1 (with unsolved): 2592.79
% PAR10 (with unsolved): 20811.41
% >>>Without Unsolved Instances (depends on pre-solved in feature groups)
% Timeouts (without unsolved): 26
% Solved (perc) (without unsolved): 0.8497
% PAR1 (without unsolved): 1563.12
% PAR10 (without unsolved): 8326.12
% 
% Time used by each solver: {'abcdSAT_drup': 85209.61953572555, 'MapleGlucose': 0, 'gulch': 4120.127717311735, 'YALSAT03r': 0, 'glucose_hack_kiel_newScript': 0, 'cmsat5_autotune2': 0, 'glue_alt': 3609.30265706349, 'BeansAndEggs': 0, 'glucose': 39112.034271826444, 'COMiniSatPSChandrasekharDRUP': 81502.02586478372, 'MapleCMS': 13176.75, 'CHBR_glucose_tuned': 3115.0407657305527, 'Glucose_nbSat': 141.299628701432, 'Riss6': 49566.31484463078, 'MapleCOMSPS_DRUP': 40232.97186192335, 'cmsat5_main2': 0, 'tc_glucose': 0, 'CHBR_glucose': 5086.781035383245, 'GHackCOMSPS_DRUP': 0, 'Splatz06vmain': 98278.67643816251, 'glueminisat.2210.81.main': 0, 'MapleCOMSPS_CHB_DRUP': 27203.367421609688, 'MapleCOMSPS_LRB_DRUP': 134472.74551017868, 'tb_glucose': 0, 'Lingelingbbcmain': 42569.184023496244}
% Optimal Time used by each solver: {'abcdSAT_drup': 383175.6828456753, 'MapleGlucose': 3972.1156987377926, 'gulch': 410.5297099710422, 'YALSAT03r': 348.5104862455421, 'glucose_hack_kiel_newScript': 10274.461424866, 'cmsat5_autotune2': 6553.245162211978, 'glue_alt': 1701.2854227801631, 'BeansAndEggs': 2536.6846940181067, 'glucose': 1064.644175731076, 'COMiniSatPSChandrasekharDRUP': 4184.221361267672, 'MapleCMS': 17944.871774981602, 'CHBR_glucose_tuned': 30.97967182622097, 'Glucose_nbSat': 2662.3194307191593, 'Riss6': 604.8909832190756, 'MapleCOMSPS_DRUP': 2946.5901334244154, 'cmsat5_main2': 2805.775885426069, 'tc_glucose': 2159.526922911538, 'CHBR_glucose': 1145.335064523013, 'GHackCOMSPS_DRUP': 374.6649740470539, 'Splatz06vmain': 5755.81202215502, 'glueminisat.2210.81.main': 797.9242732110088, 'MapleCOMSPS_CHB_DRUP': 3894.862118319692, 'MapleCOMSPS_LRB_DRUP': 14505.152867129314, 'tb_glucose': 8321.27441288535, 'Lingelingbbcmain': 6283.316176174443}
% src/../binaries/runsolver -w /dev/null -M 6000 -W 1000 src/../binaries/gringo src/trainer/aspeed/enc/encoding-bounded-paper-Step1.lp /pfs/tc1/gscratch/hkashgar/flexfolio/SAT2016/models/9-core/ASPEED9np9Pf.facts -c maxsolver=100 -c optMode=1 -c maxPreSlice=500 -c cores=9 -c featTime=500
% src/../binaries/runsolver -w /dev/null -M 6000 -W 1000 src/../binaries/clasp /pfs/tc1/gscratch/hkashgar/flexfolio/SAT2016/models/9-core/GROUNDfQueDD.gr --quiet=1,1
% 
% Schedule {1: {'claspfolio': 5000.0}, 2: {'claspfolio': 4009.0, 'MapleGlucose': 991}, 3: {'claspfolio': 5000.0}, 4: {'claspfolio': 4500.0, 'MapleCOMSPS_DRUP': 500.0}, 5: {'claspfolio': 4034.0, 'cmsat5_autotune2': 966}, 6: {'claspfolio': 5000.0}, 7: {'claspfolio': 4017.0, 'MapleCOMSPS_CHB_DRUP': 983}, 8: {'glucose_hack_kiel_newScript': 74, 'cmsat5_main2': 38, 'Riss6': 14, 'COMiniSatPSChandrasekharDRUP': 3, 'MapleCMS': 92, 'CHBR_glucose': 5, 'Splatz06vmain': 1, 'CHBR_glucose_tuned': 20, 'Glucose_nbSat': 22, 'glue_alt': 9, 'claspfolio': 4473.0, 'tc_glucose': 10, 'MapleCOMSPS_LRB_DRUP': 1, 'tb_glucose': 3, 'BeansAndEggs': 9, 'glucose': 226}, 9: {'claspfolio': 4000.0, 'gulch': 1, 'YALSAT03r': 2, 'abcdSAT_drup': 31, 'Lingelingbbcmain': 966}}
% 
% >>> End of Algorithm Scheduler <<<
% 
% Input Instances for Training: 247 (-unsolvable)
% Used Instances for Training: 247 (-unsolvable)
% Train with k-NN
% Pre-Solving schedule: {1: {'claspfolio': 5000.0}, 2: {'claspfolio': 4009.0, 'MapleGlucose': 991}, 3: {'claspfolio': 5000.0}, 4: {'claspfolio': 4500.0, 'MapleCOMSPS_DRUP': 500.0}, 5: {'claspfolio': 4034.0, 'cmsat5_autotune2': 966}, 6: {'claspfolio': 5000.0}, 7: {'claspfolio': 4017.0, 'MapleCOMSPS_CHB_DRUP': 983}, 8: {'glucose_hack_kiel_newScript': 74, 'cmsat5_main2': 38, 'Riss6': 14, 'COMiniSatPSChandrasekharDRUP': 3, 'MapleCMS': 92, 'CHBR_glucose': 5, 'Splatz06vmain': 1, 'CHBR_glucose_tuned': 20, 'Glucose_nbSat': 22, 'glue_alt': 9, 'claspfolio': 4473.0, 'tc_glucose': 10, 'MapleCOMSPS_LRB_DRUP': 1, 'tb_glucose': 3, 'BeansAndEggs': 9, 'glucose': 226}, 9: {'claspfolio': 4000.0, 'gulch': 1, 'YALSAT03r': 2, 'abcdSAT_drup': 31, 'Lingelingbbcmain': 966}}
% PAR10 on current test set: 22734.56 (27 instances)
% >>> 2-th iteration<<<
% Backup Solver: MapleCOMSPS_LRB_DRUP
% 
% >>> Algorithm Scheduler: Aspeed <<<
% 
% >>> 1-th iteration<<<
% Backup Solver: MapleCOMSPS_LRB_DRUP
% Input Instances for Training: 223 (-unsolvable)
% Used Instances for Training: 223 (-unsolvable)
% Train with k-NN
% PAR10 on current test set: 25595.28 (24 instances)
% >>> 2-th iteration<<<
% Backup Solver: MapleCOMSPS_LRB_DRUP
% Input Instances for Training: 223 (-unsolvable)
% Used Instances for Training: 223 (-unsolvable)
% Train with k-NN
% PAR10 on current test set: 19425.32 (24 instances)
% >>> 3-th iteration<<<
% Backup Solver: MapleCOMSPS_LRB_DRUP
% Input Instances for Training: 223 (-unsolvable)
% Used Instances for Training: 223 (-unsolvable)
% Train with k-NN
% PAR10 on current test set: 25329.95 (24 instances)
% >>> 4-th iteration<<<
% Backup Solver: MapleCOMSPS_LRB_DRUP
% Input Instances for Training: 222 (-unsolvable)
% Used Instances for Training: 222 (-unsolvable)
% Train with k-NN
% PAR10 on current test set: 22662.59 (25 instances)
% >>> 5-th iteration<<<
% Backup Solver: MapleCOMSPS_LRB_DRUP
% Input Instances for Training: 222 (-unsolvable)
% Used Instances for Training: 222 (-unsolvable)
% Train with k-NN
% PAR10 on current test set: 18465.25 (25 instances)
% >>> 6-th iteration<<<
% Backup Solver: MapleCOMSPS_LRB_DRUP
% Input Instances for Training: 222 (-unsolvable)
% Used Instances for Training: 222 (-unsolvable)
% Train with k-NN
% PAR10 on current test set: 21002.29 (25 instances)
% >>> 7-th iteration<<<
% Backup Solver: MapleCOMSPS_LRB_DRUP
% Input Instances for Training: 222 (-unsolvable)
% Used Instances for Training: 222 (-unsolvable)
% Train with k-NN
% PAR10 on current test set: 22679.29 (25 instances)
% >>> 8-th iteration<<<
% Backup Solver: MapleCOMSPS_LRB_DRUP
% Input Instances for Training: 222 (-unsolvable)
% Used Instances for Training: 222 (-unsolvable)
% Train with k-NN
% PAR10 on current test set: 28220.82 (25 instances)
% >>> 9-th iteration<<<
% Backup Solver: MapleCOMSPS_LRB_DRUP
% Input Instances for Training: 222 (-unsolvable)
% Used Instances for Training: 222 (-unsolvable)
% Train with k-NN
% PAR10 on current test set: 15086.31 (25 instances)
% >>> 10-th iteration<<<
% Backup Solver: MapleCOMSPS_LRB_DRUP
% Input Instances for Training: 222 (-unsolvable)
% Used Instances for Training: 222 (-unsolvable)
% Train with k-NN
% PAR10 on current test set: 22537.13 (25 instances)
% 
%  >>> Instances: 247 <<<
%  >>> Oracle Evaluation (w/o unsolved) <<<
% 
% Unsolved (not by any algorithm and not by feature computation): 75
% PAR1 time: 1987.230038 (673.522205)
% Par10 time: 15650.894005 (673.086159)
% #TOs: 75 (0)
% 
%  >>> Cross Fold Evaluation <<<
% 
% Presolved: 0
% Prediction ties: 0
% >>>With Unsolvable Instances
% Timeouts (with unsolved): 106
% Solved (perc) (with unsolved): 0.5709
% PAR1 (with unsolved): 2772.29
% PAR10 (with unsolved): 22084.03
% >>>Without Unsolved Instances (depends on pre-solved in feature groups)
% Timeouts (without unsolved): 31
% Solved (perc) (without unsolved): 0.8198
% PAR1 (without unsolved): 1800.90
% PAR10 (without unsolved): 9911.37
% 
% Time used by each solver: {'abcdSAT_drup': 49719.19651719964, 'MapleGlucose': 0, 'gulch': 7846.608380316073, 'YALSAT03r': 0, 'glucose_hack_kiel_newScript': 0, 'cmsat5_autotune2': 0, 'glue_alt': 12221.35651153291, 'BeansAndEggs': 0, 'glucose': 47570.1749170945, 'COMiniSatPSChandrasekharDRUP': 7141.817797727912, 'MapleCMS': 10890.996624817304, 'CHBR_glucose_tuned': 8079.97370236415, 'Glucose_nbSat': 37.5882600644226, 'Riss6': 40908.09092959625, 'MapleCOMSPS_DRUP': 92337.93364549865, 'cmsat5_main2': 30472.42858880327, 'tc_glucose': 300.357607616627, 'CHBR_glucose': 1380.691035383245, 'GHackCOMSPS_DRUP': 0, 'Splatz06vmain': 83638.69629113909, 'glueminisat.2210.81.main': 4987.719690239032, 'MapleCOMSPS_CHB_DRUP': 14909.568373150843, 'MapleCOMSPS_LRB_DRUP': 178771.25826268937, 'tb_glucose': 3268.04216542835, 'Lingelingbbcmain': 77175.56048414228}
% Optimal Time used by each solver: {'abcdSAT_drup': 383911.32481816807, 'MapleGlucose': 3972.1156987377926, 'gulch': 410.5297099710422, 'YALSAT03r': 356.6057866190454, 'glucose_hack_kiel_newScript': 10272.939171421678, 'cmsat5_autotune2': 1924.205044736488, 'glue_alt': 1701.5541882683797, 'BeansAndEggs': 2891.275390030814, 'glucose': 2687.682850841896, 'COMiniSatPSChandrasekharDRUP': 3841.0395665503493, 'MapleCMS': 17944.871774981602, 'CHBR_glucose_tuned': 30.97967182622097, 'Glucose_nbSat': 2662.3194307191593, 'Riss6': 494.4159657211394, 'MapleCOMSPS_DRUP': 6296.382054624575, 'cmsat5_main2': 7170.734833694639, 'tc_glucose': 2159.526922911538, 'CHBR_glucose': 217.7056707187739, 'GHackCOMSPS_DRUP': 381.18457562351426, 'Splatz06vmain': 5861.738816818343, 'glueminisat.2210.81.main': 653.3708396986517, 'MapleCOMSPS_CHB_DRUP': 4063.20208732047, 'MapleCOMSPS_LRB_DRUP': 14505.152867129314, 'tb_glucose': 7716.082585375624, 'Lingelingbbcmain': 8718.878967744095}
% src/../binaries/runsolver -w /dev/null -M 6000 -W 1000 src/../binaries/gringo src/trainer/aspeed/enc/encoding-bounded-paper-Step1.lp /pfs/tc1/gscratch/hkashgar/flexfolio/SAT2016/models/9-core/ASPEEDdHvz9v.facts -c maxsolver=100 -c optMode=1 -c maxPreSlice=500 -c cores=9 -c featTime=500
% src/../binaries/runsolver -w /dev/null -M 6000 -W 1000 src/../binaries/clasp /pfs/tc1/gscratch/hkashgar/flexfolio/SAT2016/models/9-core/GROUNDRvijtO.gr --quiet=1,1
% 
% Schedule {1: {'claspfolio': 5000.0}, 2: {'claspfolio': 5000.0}, 3: {'claspfolio': 5000.0}, 4: {'claspfolio': 5000.0}, 5: {'claspfolio': 5000.0}, 6: {'claspfolio': 5000.0}, 7: {'claspfolio': 5000.0}, 8: {'MapleCOMSPS_DRUP': 20.299145299145298, 'cmsat5_main2': 43.8034188034188, 'Riss6': 14.957264957264957, 'MapleCOMSPS_CHB_DRUP': 17.094017094017094, 'COMiniSatPSChandrasekharDRUP': 65.17094017094017, 'MapleCMS': 38.46153846153846, 'MapleCOMSPS_LRB_DRUP': 5.3418803418803416, 'glueminisat.2210.81.main': 1.0683760683760684, 'CHBR_glucose': 13.88888888888889, 'GHackCOMSPS_DRUP': 3.2051282051282053, 'Splatz06vmain': 8.547008547008547, 'CHBR_glucose_tuned': 21.367521367521366, 'cmsat5_autotune2': 40.598290598290596, 'Glucose_nbSat': 23.504273504273506, 'glue_alt': 9.615384615384615, 'claspfolio': 4500.0, 'tc_glucose': 6.410256410256411, 'Lingelingbbcmain': 7.478632478632479, 'tb_glucose': 8.547008547008547, 'BeansAndEggs': 9.615384615384615, 'glucose': 141.02564102564102}, 9: {'glucose_hack_kiel_newScript': 7, 'abcdSAT_drup': 554, 'MapleGlucose': 13, 'gulch': 380, 'claspfolio': 4000.0, 'YALSAT03r': 46}}
% 
% >>> End of Algorithm Scheduler <<<
% 
% Input Instances for Training: 247 (-unsolvable)
% Used Instances for Training: 247 (-unsolvable)
% Train with k-NN
% Pre-Solving schedule: {1: {'claspfolio': 5000.0}, 2: {'claspfolio': 5000.0}, 3: {'claspfolio': 5000.0}, 4: {'claspfolio': 5000.0}, 5: {'claspfolio': 5000.0}, 6: {'claspfolio': 5000.0}, 7: {'claspfolio': 5000.0}, 8: {'MapleCOMSPS_DRUP': 20.299145299145298, 'cmsat5_main2': 43.8034188034188, 'Riss6': 14.957264957264957, 'MapleCOMSPS_CHB_DRUP': 17.094017094017094, 'COMiniSatPSChandrasekharDRUP': 65.17094017094017, 'MapleCMS': 38.46153846153846, 'MapleCOMSPS_LRB_DRUP': 5.3418803418803416, 'glueminisat.2210.81.main': 1.0683760683760684, 'CHBR_glucose': 13.88888888888889, 'GHackCOMSPS_DRUP': 3.2051282051282053, 'Splatz06vmain': 8.547008547008547, 'CHBR_glucose_tuned': 21.367521367521366, 'cmsat5_autotune2': 40.598290598290596, 'Glucose_nbSat': 23.504273504273506, 'glue_alt': 9.615384615384615, 'claspfolio': 4500.0, 'tc_glucose': 6.410256410256411, 'Lingelingbbcmain': 7.478632478632479, 'tb_glucose': 8.547008547008547, 'BeansAndEggs': 9.615384615384615, 'glucose': 141.02564102564102}, 9: {'glucose_hack_kiel_newScript': 7, 'abcdSAT_drup': 554, 'MapleGlucose': 13, 'gulch': 380, 'claspfolio': 4000.0, 'YALSAT03r': 46}}
% PAR10 on current test set: 19022.49 (27 instances)
% >>> 3-th iteration<<<
% Backup Solver: MapleCOMSPS_LRB_DRUP
% 
% >>> Algorithm Scheduler: Aspeed <<<
% 
% >>> 1-th iteration<<<
% Backup Solver: MapleCOMSPS_LRB_DRUP
% Input Instances for Training: 223 (-unsolvable)
% Used Instances for Training: 223 (-unsolvable)
% Train with k-NN
% PAR10 on current test set: 35493.51 (24 instances)
% >>> 2-th iteration<<<
% Backup Solver: MapleCOMSPS_LRB_DRUP
% Input Instances for Training: 223 (-unsolvable)
% Used Instances for Training: 223 (-unsolvable)
% Train with k-NN
% PAR10 on current test set: 27444.35 (24 instances)
% >>> 3-th iteration<<<
% Backup Solver: MapleCOMSPS_LRB_DRUP
% Input Instances for Training: 223 (-unsolvable)
% Used Instances for Training: 223 (-unsolvable)
% Train with k-NN
% PAR10 on current test set: 17124.06 (24 instances)
% >>> 4-th iteration<<<
% Backup Solver: MapleCOMSPS_LRB_DRUP
% Input Instances for Training: 222 (-unsolvable)
% Used Instances for Training: 222 (-unsolvable)
% Train with k-NN
% PAR10 on current test set: 20365.42 (25 instances)
% >>> 5-th iteration<<<
% Backup Solver: MapleCOMSPS_LRB_DRUP
% Input Instances for Training: 222 (-unsolvable)
% Used Instances for Training: 222 (-unsolvable)
% Train with k-NN
% PAR10 on current test set: 26286.51 (25 instances)
% >>> 6-th iteration<<<
% Backup Solver: MapleCOMSPS_LRB_DRUP
% Input Instances for Training: 222 (-unsolvable)
% Used Instances for Training: 222 (-unsolvable)
% Train with k-NN
% PAR10 on current test set: 20646.84 (25 instances)
% >>> 7-th iteration<<<
% Backup Solver: MapleCOMSPS_LRB_DRUP
% Input Instances for Training: 222 (-unsolvable)
% Used Instances for Training: 222 (-unsolvable)
% Train with k-NN
% PAR10 on current test set: 24480.30 (25 instances)
% >>> 8-th iteration<<<
% Backup Solver: MapleCOMSPS_LRB_DRUP
% Input Instances for Training: 222 (-unsolvable)
% Used Instances for Training: 222 (-unsolvable)
% Train with k-NN
% PAR10 on current test set: 16627.12 (25 instances)
% >>> 9-th iteration<<<
% Backup Solver: MapleCOMSPS_LRB_DRUP
% Input Instances for Training: 222 (-unsolvable)
% Used Instances for Training: 222 (-unsolvable)
% Train with k-NN
% PAR10 on current test set: 20947.33 (25 instances)
% >>> 10-th iteration<<<
% Backup Solver: MapleCOMSPS_LRB_DRUP
% Input Instances for Training: 222 (-unsolvable)
% Used Instances for Training: 222 (-unsolvable)
% Train with k-NN
% PAR10 on current test set: 14677.63 (25 instances)
% 
%  >>> Instances: 247 <<<
%  >>> Oracle Evaluation (w/o unsolved) <<<
% 
% Unsolved (not by any algorithm and not by feature computation): 74
% PAR1 time: 1964.093824 (665.498119)
% Par10 time: 15445.575605 (665.070373)
% #TOs: 74 (0)
% 
%  >>> Cross Fold Evaluation <<<
% 
% Presolved: 0
% Prediction ties: 0
% >>>With Unsolvable Instances
% Timeouts (with unsolved): 108
% Solved (perc) (with unsolved): 0.5628
% PAR1 (with unsolved): 2681.23
% PAR10 (with unsolved): 22357.35
% >>>Without Unsolved Instances (depends on pre-solved in feature groups)
% Timeouts (without unsolved): 34
% Solved (perc) (without unsolved): 0.8035
% PAR1 (without unsolved): 1689.39
% PAR10 (without unsolved): 10533.32
% 
% Time used by each solver: {'abcdSAT_drup': 114010.51566089288, 'MapleGlucose': 0, 'gulch': 426.637919341188, 'YALSAT03r': 0, 'glucose_hack_kiel_newScript': 149.504292952966, 'cmsat5_autotune2': 0, 'glue_alt': 1845.02902613971, 'BeansAndEggs': 7.36844674035835, 'glucose': 46240.85103359729, 'COMiniSatPSChandrasekharDRUP': 9791.394742119095, 'MapleCMS': 34040.15764037399, 'CHBR_glucose_tuned': 0, 'Glucose_nbSat': 15015.995014090335, 'Riss6': 18817.474021081413, 'MapleCOMSPS_DRUP': 161258.23702602577, 'cmsat5_main2': 0, 'tc_glucose': 0, 'CHBR_glucose': 330.985627469749, 'GHackCOMSPS_DRUP': 0, 'Splatz06vmain': 5018.958321631951, 'glueminisat.2210.81.main': 0, 'MapleCOMSPS_CHB_DRUP': 22438.310558555084, 'MapleCOMSPS_LRB_DRUP': 136008.69441918432, 'tb_glucose': 23119.708960422027, 'Lingelingbbcmain': 62332.557300575485}
% Optimal Time used by each solver: {'abcdSAT_drup': 383175.6828456754, 'MapleGlucose': 3972.1156987377926, 'gulch': 109.9955944519362, 'YALSAT03r': 356.9157866190454, 'glucose_hack_kiel_newScript': 10274.461424866, 'cmsat5_autotune2': 5450.524812176438, 'glue_alt': 402.1270993088457, 'BeansAndEggs': 2856.800090211567, 'glucose': 2687.6828508418957, 'COMiniSatPSChandrasekharDRUP': 4184.221361267672, 'MapleCMS': 17944.871774981602, 'CHBR_glucose_tuned': 30.97967182622097, 'Glucose_nbSat': 2143.26272303656, 'Riss6': 462.4632689708582, 'MapleCOMSPS_DRUP': 6403.281777784852, 'cmsat5_main2': 7170.734833694639, 'tc_glucose': 1973.69575461758, 'CHBR_glucose': 1145.335064523013, 'GHackCOMSPS_DRUP': 130.1784614486992, 'Splatz06vmain': 5947.614645909919, 'glueminisat.2210.81.main': 797.9242732110088, 'MapleCOMSPS_CHB_DRUP': 3220.43208732047, 'MapleCOMSPS_LRB_DRUP': 10289.966709166118, 'tb_glucose': 5316.2822128812, 'Lingelingbbcmain': 8683.623707842815}
% src/../binaries/runsolver -w /dev/null -M 6000 -W 1000 src/../binaries/gringo src/trainer/aspeed/enc/encoding-bounded-paper-Step1.lp /pfs/tc1/gscratch/hkashgar/flexfolio/SAT2016/models/9-core/ASPEEDuhmSEP.facts -c maxsolver=100 -c optMode=1 -c maxPreSlice=500 -c cores=9 -c featTime=500
% src/../binaries/runsolver -w /dev/null -M 6000 -W 1000 src/../binaries/clasp /pfs/tc1/gscratch/hkashgar/flexfolio/SAT2016/models/9-core/GROUNDSl5T89.gr --quiet=1,1
% 
% Schedule {1: {'claspfolio': 5000.0}, 2: {'claspfolio': 5000.0}, 3: {'claspfolio': 5000.0}, 4: {'claspfolio': 5000.0}, 5: {'claspfolio': 5000.0}, 6: {'claspfolio': 5000.0}, 7: {'claspfolio': 4290.0, 'Lingelingbbcmain': 710}, 8: {'claspfolio': 4686.0, 'YALSAT03r': 314}, 9: {'glucose_hack_kiel_newScript': 11, 'abcdSAT_drup': 36, 'CHBR_glucose_tuned': 1, 'COMiniSatPSChandrasekharDRUP': 1, 'MapleCMS': 1, 'MapleGlucose': 6, 'Splatz06vmain': 634, 'gulch': 20, 'cmsat5_autotune2': 10, 'glue_alt': 8, 'claspfolio': 4269.0, 'BeansAndEggs': 2, 'glucose': 1}}
% 
% >>> End of Algorithm Scheduler <<<
% 
% Input Instances for Training: 247 (-unsolvable)
% Used Instances for Training: 247 (-unsolvable)
% Train with k-NN
% Pre-Solving schedule: {1: {'claspfolio': 5000.0}, 2: {'claspfolio': 5000.0}, 3: {'claspfolio': 5000.0}, 4: {'claspfolio': 5000.0}, 5: {'claspfolio': 5000.0}, 6: {'claspfolio': 5000.0}, 7: {'claspfolio': 4290.0, 'Lingelingbbcmain': 710}, 8: {'claspfolio': 4686.0, 'YALSAT03r': 314}, 9: {'glucose_hack_kiel_newScript': 11, 'abcdSAT_drup': 36, 'CHBR_glucose_tuned': 1, 'COMiniSatPSChandrasekharDRUP': 1, 'MapleCMS': 1, 'MapleGlucose': 6, 'Splatz06vmain': 634, 'gulch': 20, 'cmsat5_autotune2': 10, 'glue_alt': 8, 'claspfolio': 4269.0, 'BeansAndEggs': 2, 'glucose': 1}}
% PAR10 on current test set: 21115.31 (27 instances)
% >>> 4-th iteration<<<
% Backup Solver: MapleCOMSPS_LRB_DRUP
% 
% >>> Algorithm Scheduler: Aspeed <<<
% 
% >>> 1-th iteration<<<
% Backup Solver: MapleCOMSPS_LRB_DRUP
% Input Instances for Training: 223 (-unsolvable)
% Used Instances for Training: 223 (-unsolvable)
% Train with k-NN
% PAR10 on current test set: 23729.03 (24 instances)
% >>> 2-th iteration<<<
% Backup Solver: MapleCOMSPS_LRB_DRUP
% Input Instances for Training: 223 (-unsolvable)
% Used Instances for Training: 223 (-unsolvable)
% Train with k-NN
% PAR10 on current test set: 19525.98 (24 instances)
% >>> 3-th iteration<<<
% Backup Solver: MapleCOMSPS_LRB_DRUP
% Input Instances for Training: 223 (-unsolvable)
% Used Instances for Training: 223 (-unsolvable)
% Train with k-NN
% PAR10 on current test set: 19048.15 (24 instances)
% >>> 4-th iteration<<<
% Backup Solver: MapleCOMSPS_LRB_DRUP
% Input Instances for Training: 222 (-unsolvable)
% Used Instances for Training: 222 (-unsolvable)
% Train with k-NN
% PAR10 on current test set: 20445.33 (25 instances)
% >>> 5-th iteration<<<
% Backup Solver: MapleCOMSPS_LRB_DRUP
% Input Instances for Training: 222 (-unsolvable)
% Used Instances for Training: 222 (-unsolvable)
% Train with k-NN
% PAR10 on current test set: 24516.53 (25 instances)
% >>> 6-th iteration<<<
% Backup Solver: MapleCOMSPS_LRB_DRUP
% Input Instances for Training: 222 (-unsolvable)
% Used Instances for Training: 222 (-unsolvable)
% Train with k-NN
% PAR10 on current test set: 22366.75 (25 instances)
% >>> 7-th iteration<<<
% Backup Solver: MapleCOMSPS_LRB_DRUP
% Input Instances for Training: 222 (-unsolvable)
% Used Instances for Training: 222 (-unsolvable)
% Train with k-NN
% PAR10 on current test set: 24683.82 (25 instances)
% >>> 8-th iteration<<<
% Backup Solver: MapleCOMSPS_LRB_DRUP
% Input Instances for Training: 222 (-unsolvable)
% Used Instances for Training: 222 (-unsolvable)
% Train with k-NN
% PAR10 on current test set: 26496.20 (25 instances)
% >>> 9-th iteration<<<
% Backup Solver: MapleCOMSPS_LRB_DRUP
% Input Instances for Training: 222 (-unsolvable)
% Used Instances for Training: 222 (-unsolvable)
% Train with k-NN
% PAR10 on current test set: 9063.48 (25 instances)
% >>> 10-th iteration<<<
% Backup Solver: MapleCOMSPS_LRB_DRUP
% Input Instances for Training: 222 (-unsolvable)
% Used Instances for Training: 222 (-unsolvable)
% Train with k-NN
% PAR10 on current test set: 22446.57 (25 instances)
% 
%  >>> Instances: 247 <<<
%  >>> Oracle Evaluation (w/o unsolved) <<<
% 
% Unsolved (not by any algorithm and not by feature computation): 73
% PAR1 time: 1937.900723 (653.226888)
% Par10 time: 15237.200318 (652.807348)
% #TOs: 73 (0)
% 
%  >>> Cross Fold Evaluation <<<
% 
% Presolved: 0
% Prediction ties: 0
% >>>With Unsolvable Instances
% Timeouts (with unsolved): 102
% Solved (perc) (with unsolved): 0.5870
% PAR1 (with unsolved): 2654.83
% PAR10 (with unsolved): 21237.83
% >>>Without Unsolved Instances (depends on pre-solved in feature groups)
% Timeouts (without unsolved): 29
% Solved (perc) (without unsolved): 0.8333
% PAR1 (without unsolved): 1670.94
% PAR10 (without unsolved): 9170.94
% 
% Time used by each solver: {'abcdSAT_drup': 54680.761404820885, 'MapleGlucose': 0, 'gulch': 7849.478075983668, 'YALSAT03r': 0, 'glucose_hack_kiel_newScript': 3591.24, 'cmsat5_autotune2': 0, 'glue_alt': 8609.01265706349, 'BeansAndEggs': 0, 'glucose': 40889.152870696824, 'COMiniSatPSChandrasekharDRUP': 20802.392766263627, 'MapleCMS': 9955.268760637537, 'CHBR_glucose_tuned': 0, 'Glucose_nbSat': 0, 'Riss6': 38930.28442860922, 'MapleCOMSPS_DRUP': 112491.64038116208, 'cmsat5_main2': 0, 'tc_glucose': 4976.65, 'CHBR_glucose': 1380.691035383245, 'GHackCOMSPS_DRUP': 0, 'Splatz06vmain': 65462.49895742533, 'glueminisat.2210.81.main': 0.394159165840854, 'MapleCOMSPS_CHB_DRUP': 39330.3, 'MapleCOMSPS_LRB_DRUP': 136907.46740244003, 'tb_glucose': 16289.767714161173, 'Lingelingbbcmain': 80548.37582507482}
% Optimal Time used by each solver: {'abcdSAT_drup': 378117.4643911858, 'MapleGlucose': 3780.4675773666886, 'gulch': 410.5297099710422, 'YALSAT03r': 356.9157866190454, 'glucose_hack_kiel_newScript': 10226.753148633357, 'cmsat5_autotune2': 6553.245162211978, 'glue_alt': 1705.9881160597256, 'BeansAndEggs': 2886.7059724902974, 'glucose': 2687.6828508418957, 'COMiniSatPSChandrasekharDRUP': 4035.329490023194, 'MapleCMS': 13430.520343520273, 'CHBR_glucose_tuned': 30.97967182622097, 'Glucose_nbSat': 2662.3194307191593, 'Riss6': 605.0209832190756, 'MapleCOMSPS_DRUP': 6403.281777784852, 'cmsat5_main2': 6206.049936656834, 'tc_glucose': 2159.526922911538, 'CHBR_glucose': 1145.335064523013, 'GHackCOMSPS_DRUP': 349.8109106529201, 'Splatz06vmain': 6060.861662807726, 'glueminisat.2210.81.main': 797.9242732110088, 'MapleCOMSPS_CHB_DRUP': 3086.4806037849203, 'MapleCOMSPS_LRB_DRUP': 7984.7747329522335, 'tb_glucose': 8258.631099935395, 'Lingelingbbcmain': 8718.878967744095}
% src/../binaries/runsolver -w /dev/null -M 6000 -W 1000 src/../binaries/gringo src/trainer/aspeed/enc/encoding-bounded-paper-Step1.lp /pfs/tc1/gscratch/hkashgar/flexfolio/SAT2016/models/9-core/ASPEEDo2iEcN.facts -c maxsolver=100 -c optMode=1 -c maxPreSlice=500 -c cores=9 -c featTime=500
% src/../binaries/runsolver -w /dev/null -M 6000 -W 1000 src/../binaries/clasp /pfs/tc1/gscratch/hkashgar/flexfolio/SAT2016/models/9-core/GROUNDiJCF6m.gr --quiet=1,1
% 
% Schedule {1: {'claspfolio': 5000.0}, 2: {'claspfolio': 5000.0}, 3: {'claspfolio': 4281.0, 'Lingelingbbcmain': 719}, 4: {'claspfolio': 5000.0}, 5: {'claspfolio': 5000.0}, 6: {'claspfolio': 5000.0}, 7: {'claspfolio': 4290.0, 'MapleCMS': 710}, 8: {'COMiniSatPSChandrasekharDRUP': 3, 'Splatz06vmain': 306, 'CHBR_glucose_tuned': 5, 'claspfolio': 4229.0, 'YALSAT03r': 102, 'BeansAndEggs': 350, 'glucose': 5}, 9: {'glucose_hack_kiel_newScript': 8, 'abcdSAT_drup': 36, 'MapleGlucose': 6, 'gulch': 18, 'cmsat5_autotune2': 4, 'glue_alt': 1, 'claspfolio': 4000.0, 'tb_glucose': 927}}
% 
% >>> End of Algorithm Scheduler <<<
% 
% Input Instances for Training: 247 (-unsolvable)
% Used Instances for Training: 247 (-unsolvable)
% Train with k-NN
% Pre-Solving schedule: {1: {'claspfolio': 5000.0}, 2: {'claspfolio': 5000.0}, 3: {'claspfolio': 4281.0, 'Lingelingbbcmain': 719}, 4: {'claspfolio': 5000.0}, 5: {'claspfolio': 5000.0}, 6: {'claspfolio': 5000.0}, 7: {'claspfolio': 4290.0, 'MapleCMS': 710}, 8: {'COMiniSatPSChandrasekharDRUP': 3, 'Splatz06vmain': 306, 'CHBR_glucose_tuned': 5, 'claspfolio': 4229.0, 'YALSAT03r': 102, 'BeansAndEggs': 350, 'glucose': 5}, 9: {'glucose_hack_kiel_newScript': 8, 'abcdSAT_drup': 36, 'MapleGlucose': 6, 'gulch': 18, 'cmsat5_autotune2': 4, 'glue_alt': 1, 'claspfolio': 4000.0, 'tb_glucose': 927}}
% PAR10 on current test set: 22426.86 (27 instances)
% >>> 5-th iteration<<<
% Backup Solver: MapleCOMSPS_LRB_DRUP
% 
% >>> Algorithm Scheduler: Aspeed <<<
% 
% >>> 1-th iteration<<<
% Backup Solver: MapleCOMSPS_LRB_DRUP
% Input Instances for Training: 223 (-unsolvable)
% Used Instances for Training: 223 (-unsolvable)
% Train with k-NN
% PAR10 on current test set: 29469.38 (24 instances)
% >>> 2-th iteration<<<
% Backup Solver: MapleCOMSPS_LRB_DRUP
% Input Instances for Training: 223 (-unsolvable)
% Used Instances for Training: 223 (-unsolvable)
% Train with k-NN
% PAR10 on current test set: 23298.40 (24 instances)
% >>> 3-th iteration<<<
% Backup Solver: MapleCOMSPS_LRB_DRUP
% Input Instances for Training: 223 (-unsolvable)
% Used Instances for Training: 223 (-unsolvable)
% Train with k-NN
% PAR10 on current test set: 19214.21 (24 instances)
% >>> 4-th iteration<<<
% Backup Solver: MapleCOMSPS_LRB_DRUP
% Input Instances for Training: 222 (-unsolvable)
% Used Instances for Training: 222 (-unsolvable)
% Train with k-NN
% PAR10 on current test set: 26310.79 (25 instances)
% >>> 5-th iteration<<<
% Backup Solver: MapleCOMSPS_LRB_DRUP
% Input Instances for Training: 222 (-unsolvable)
% Used Instances for Training: 222 (-unsolvable)
% Train with k-NN
% PAR10 on current test set: 20485.07 (25 instances)
% >>> 6-th iteration<<<
% Backup Solver: MapleCOMSPS_DRUP
% Input Instances for Training: 222 (-unsolvable)
% Used Instances for Training: 222 (-unsolvable)
% Train with k-NN
% PAR10 on current test set: 20265.04 (25 instances)
% >>> 7-th iteration<<<
% Backup Solver: MapleCOMSPS_LRB_DRUP
% Input Instances for Training: 222 (-unsolvable)
% Used Instances for Training: 222 (-unsolvable)
% Train with k-NN
% PAR10 on current test set: 22793.41 (25 instances)
% >>> 8-th iteration<<<
% Backup Solver: MapleCOMSPS_LRB_DRUP
% Input Instances for Training: 222 (-unsolvable)
% Used Instances for Training: 222 (-unsolvable)
% Train with k-NN
% PAR10 on current test set: 26406.49 (25 instances)
% >>> 9-th iteration<<<
% Backup Solver: MapleCOMSPS_LRB_DRUP
% Input Instances for Training: 222 (-unsolvable)
% Used Instances for Training: 222 (-unsolvable)
% Train with k-NN
% PAR10 on current test set: 18828.06 (25 instances)
% >>> 10-th iteration<<<
% Backup Solver: MapleCOMSPS_LRB_DRUP
% Input Instances for Training: 222 (-unsolvable)
% Used Instances for Training: 222 (-unsolvable)
% Train with k-NN
% PAR10 on current test set: 18584.56 (25 instances)
% 
%  >>> Instances: 247 <<<
%  >>> Oracle Evaluation (w/o unsolved) <<<
% 
% Unsolved (not by any algorithm and not by feature computation): 76
% PAR1 time: 1977.924174 (634.779363)
% Par10 time: 15823.770328 (634.334918)
% #TOs: 76 (0)
% 
%  >>> Cross Fold Evaluation <<<
% 
% Presolved: 0
% Prediction ties: 0
% >>>With Unsolvable Instances
% Timeouts (with unsolved): 109
% Solved (perc) (with unsolved): 0.5587
% PAR1 (with unsolved): 2689.89
% PAR10 (with unsolved): 22548.19
% >>>Without Unsolved Instances (depends on pre-solved in feature groups)
% Timeouts (without unsolved): 33
% Solved (perc) (without unsolved): 0.8070
% PAR1 (without unsolved): 1663.18
% PAR10 (without unsolved): 10347.39
% 
% Time used by each solver: {'abcdSAT_drup': 86478.11604959506, 'MapleGlucose': 0, 'gulch': 3348.9157759691266, 'YALSAT03r': 0, 'glucose_hack_kiel_newScript': 0, 'cmsat5_autotune2': 0, 'glue_alt': 388.35, 'BeansAndEggs': 0, 'glucose': 39225.99156383607, 'COMiniSatPSChandrasekharDRUP': 19734.0420073035, 'MapleCMS': 0, 'CHBR_glucose_tuned': 3114.66370236415, 'Glucose_nbSat': 0, 'Riss6': 3892.363568302713, 'MapleCOMSPS_DRUP': 100191.44739574658, 'cmsat5_main2': 0, 'tc_glucose': 1762.137607616627, 'CHBR_glucose': 107.051035383245, 'GHackCOMSPS_DRUP': 0, 'Splatz06vmain': 142383.0241674627, 'glueminisat.2210.81.main': 0, 'MapleCOMSPS_CHB_DRUP': 35739.30964161505, 'MapleCOMSPS_LRB_DRUP': 68175.46319291048, 'tb_glucose': 16622.60272276819, 'Lingelingbbcmain': 130501.09357572882}
% Optimal Time used by each solver: {'abcdSAT_drup': 388561.51513182896, 'MapleGlucose': 244.70702004454358, 'gulch': 410.5297099710422, 'YALSAT03r': 355.6657866190454, 'glucose_hack_kiel_newScript': 4934.822592484391, 'cmsat5_autotune2': 6553.245162211978, 'glue_alt': 1705.9881160597256, 'BeansAndEggs': 2891.275400030814, 'glucose': 2687.682850841896, 'COMiniSatPSChandrasekharDRUP': 4184.221361267672, 'MapleCMS': 17235.550175841654, 'CHBR_glucose_tuned': 30.97967182622097, 'Glucose_nbSat': 519.056707682599, 'Riss6': 313.73974291010927, 'MapleCOMSPS_DRUP': 5890.671777784852, 'cmsat5_main2': 7170.734833694639, 'tc_glucose': 2159.526922911538, 'CHBR_glucose': 930.5920193435619, 'GHackCOMSPS_DRUP': 379.42111433975225, 'Splatz06vmain': 5410.757302838186, 'glueminisat.2210.81.main': 797.9242732110088, 'MapleCOMSPS_CHB_DRUP': 4031.9170789757172, 'MapleCOMSPS_LRB_DRUP': 14106.59292685049, 'tb_glucose': 8321.27441288535, 'Lingelingbbcmain': 8718.878967744095}
% src/../binaries/runsolver -w /dev/null -M 6000 -W 1000 src/../binaries/gringo src/trainer/aspeed/enc/encoding-bounded-paper-Step1.lp /pfs/tc1/gscratch/hkashgar/flexfolio/SAT2016/models/9-core/ASPEEDkKsqEg.facts -c maxsolver=100 -c optMode=1 -c maxPreSlice=500 -c cores=9 -c featTime=500
% src/../binaries/runsolver -w /dev/null -M 6000 -W 1000 src/../binaries/clasp /pfs/tc1/gscratch/hkashgar/flexfolio/SAT2016/models/9-core/GROUNDaLlzCX.gr --quiet=1,1
% 
% Schedule {1: {'claspfolio': 5000.0}, 2: {'claspfolio': 4011.0, 'cmsat5_main2': 989}, 3: {'claspfolio': 4500.0, 'Lingelingbbcmain': 500.0}, 4: {'claspfolio': 5000.0}, 5: {'claspfolio': 5000.0}, 6: {'claspfolio': 5000.0}, 7: {'claspfolio': 4023.0, 'MapleCOMSPS_CHB_DRUP': 977}, 8: {'claspfolio': 4062.0, 'CHBR_glucose': 928, 'YALSAT03r': 10}, 9: {'MapleCOMSPS_DRUP': 307, 'glucose_hack_kiel_newScript': 7, 'abcdSAT_drup': 20, 'MapleGlucose': 6, 'Splatz06vmain': 306, 'gulch': 14, 'cmsat5_autotune2': 1, 'glue_alt': 1, 'claspfolio': 4336.0, 'BeansAndEggs': 1, 'glucose': 1}}
% 
% >>> End of Algorithm Scheduler <<<
% 
% Input Instances for Training: 247 (-unsolvable)
% Used Instances for Training: 247 (-unsolvable)
% Train with k-NN
% Pre-Solving schedule: {1: {'claspfolio': 5000.0}, 2: {'claspfolio': 4011.0, 'cmsat5_main2': 989}, 3: {'claspfolio': 4500.0, 'Lingelingbbcmain': 500.0}, 4: {'claspfolio': 5000.0}, 5: {'claspfolio': 5000.0}, 6: {'claspfolio': 5000.0}, 7: {'claspfolio': 4023.0, 'MapleCOMSPS_CHB_DRUP': 977}, 8: {'claspfolio': 4062.0, 'CHBR_glucose': 928, 'YALSAT03r': 10}, 9: {'MapleCOMSPS_DRUP': 307, 'glucose_hack_kiel_newScript': 7, 'abcdSAT_drup': 20, 'MapleGlucose': 6, 'Splatz06vmain': 306, 'gulch': 14, 'cmsat5_autotune2': 1, 'glue_alt': 1, 'claspfolio': 4336.0, 'BeansAndEggs': 1, 'glucose': 1}}
% PAR10 on current test set: 21123.61 (27 instances)
% >>> 6-th iteration<<<
% Backup Solver: MapleCOMSPS_LRB_DRUP
% 
% >>> Algorithm Scheduler: Aspeed <<<
% 
% >>> 1-th iteration<<<
% Backup Solver: MapleCOMSPS_LRB_DRUP
% Input Instances for Training: 223 (-unsolvable)
% Used Instances for Training: 223 (-unsolvable)
% Train with k-NN
% PAR10 on current test set: 19348.97 (24 instances)
% >>> 2-th iteration<<<
% Backup Solver: MapleCOMSPS_LRB_DRUP
% Input Instances for Training: 223 (-unsolvable)
% Used Instances for Training: 223 (-unsolvable)
% Train with k-NN
% PAR10 on current test set: 21700.34 (24 instances)
% >>> 3-th iteration<<<
% Backup Solver: MapleCOMSPS_LRB_DRUP
% Input Instances for Training: 223 (-unsolvable)
% Used Instances for Training: 223 (-unsolvable)
% Train with k-NN
% PAR10 on current test set: 17181.52 (24 instances)
% >>> 4-th iteration<<<
% Backup Solver: MapleCOMSPS_LRB_DRUP
% Input Instances for Training: 222 (-unsolvable)
% Used Instances for Training: 222 (-unsolvable)
% Train with k-NN
% PAR10 on current test set: 22415.57 (25 instances)
% >>> 5-th iteration<<<
% Backup Solver: MapleCOMSPS_LRB_DRUP
% Input Instances for Training: 222 (-unsolvable)
% Used Instances for Training: 222 (-unsolvable)
% Train with k-NN
% PAR10 on current test set: 24564.31 (25 instances)
% >>> 6-th iteration<<<
% Backup Solver: MapleCOMSPS_LRB_DRUP
% Input Instances for Training: 222 (-unsolvable)
% Used Instances for Training: 222 (-unsolvable)
% Train with k-NN
% PAR10 on current test set: 22597.41 (25 instances)
% >>> 7-th iteration<<<
% Backup Solver: MapleCOMSPS_LRB_DRUP
% Input Instances for Training: 222 (-unsolvable)
% Used Instances for Training: 222 (-unsolvable)
% Train with k-NN
% PAR10 on current test set: 16691.94 (25 instances)
% >>> 8-th iteration<<<
% Backup Solver: MapleCOMSPS_LRB_DRUP
% Input Instances for Training: 222 (-unsolvable)
% Used Instances for Training: 222 (-unsolvable)
% Train with k-NN
% PAR10 on current test set: 34552.67 (25 instances)
% >>> 9-th iteration<<<
% Backup Solver: MapleCOMSPS_LRB_DRUP
% Input Instances for Training: 222 (-unsolvable)
% Used Instances for Training: 222 (-unsolvable)
% Train with k-NN
% PAR10 on current test set: 20749.30 (25 instances)
% >>> 10-th iteration<<<
% Backup Solver: MapleCOMSPS_LRB_DRUP
% Input Instances for Training: 222 (-unsolvable)
% Used Instances for Training: 222 (-unsolvable)
% Train with k-NN
% PAR10 on current test set: 20573.89 (25 instances)
% 
%  >>> Instances: 247 <<<
%  >>> Oracle Evaluation (w/o unsolved) <<<
% 
% Unsolved (not by any algorithm and not by feature computation): 75
% PAR1 time: 1972.948166 (653.012773)
% Par10 time: 15636.612134 (652.576727)
% #TOs: 75 (0)
% 
%  >>> Cross Fold Evaluation <<<
% 
% Presolved: 0
% Prediction ties: 0
% >>>With Unsolvable Instances
% Timeouts (with unsolved): 106
% Solved (perc) (with unsolved): 0.5709
% PAR1 (with unsolved): 2757.76
% PAR10 (with unsolved): 22069.50
% >>>Without Unsolved Instances (depends on pre-solved in feature groups)
% Timeouts (without unsolved): 31
% Solved (perc) (without unsolved): 0.8198
% PAR1 (without unsolved): 1780.04
% PAR10 (without unsolved): 9890.51
% 
% Time used by each solver: {'abcdSAT_drup': 22998.95672498752, 'MapleGlucose': 0, 'gulch': 4123.78259368605, 'YALSAT03r': 0, 'glucose_hack_kiel_newScript': 0, 'cmsat5_autotune2': 0, 'glue_alt': 10214.746426236075, 'BeansAndEggs': 285.1414720298993, 'glucose': 61020.9594368437, 'COMiniSatPSChandrasekharDRUP': 4972.290821330941, 'MapleCMS': 3856.1453052046063, 'CHBR_glucose_tuned': 15980.437069382098, 'Glucose_nbSat': 1163.051867043112, 'Riss6': 36303.17962369312, 'MapleCOMSPS_DRUP': 89846.2799025038, 'cmsat5_main2': 9954.77, 'tc_glucose': 9956.557947308547, 'CHBR_glucose': 9941.96, 'GHackCOMSPS_DRUP': 0, 'Splatz06vmain': 96023.68130277985, 'glueminisat.2210.81.main': 0, 'MapleCOMSPS_CHB_DRUP': 32371.24278862795, 'MapleCOMSPS_LRB_DRUP': 188286.00904719284, 'tb_glucose': 10552.852875780949, 'Lingelingbbcmain': 59791.96592329675}
% Optimal Time used by each solver: {'abcdSAT_drup': 385194.7823075064, 'MapleGlucose': 3966.2580620874323, 'gulch': 301.8216784755372, 'YALSAT03r': 347.42530037350326, 'glucose_hack_kiel_newScript': 5392.157503001481, 'cmsat5_autotune2': 5731.76046751103, 'glue_alt': 1705.9881160597256, 'BeansAndEggs': 2889.9979398949404, 'glucose': 2687.682850841896, 'COMiniSatPSChandrasekharDRUP': 2196.2401277892322, 'MapleCMS': 17619.905503115508, 'CHBR_glucose_tuned': 26.0878682115759, 'Glucose_nbSat': 2662.3194307191593, 'Riss6': 605.0209832190756, 'MapleCOMSPS_DRUP': 6403.281777784852, 'cmsat5_main2': 6978.978332197424, 'tc_glucose': 2159.526922911538, 'CHBR_glucose': 1145.335064523013, 'GHackCOMSPS_DRUP': 381.1845756235142, 'Splatz06vmain': 5888.635671988408, 'glueminisat.2210.81.main': 797.9242732110088, 'MapleCOMSPS_CHB_DRUP': 4063.20208732047, 'MapleCOMSPS_LRB_DRUP': 14505.152867129314, 'tb_glucose': 4948.64831373356, 'Lingelingbbcmain': 8718.878967744095}
% src/../binaries/runsolver -w /dev/null -M 6000 -W 1000 src/../binaries/gringo src/trainer/aspeed/enc/encoding-bounded-paper-Step1.lp /pfs/tc1/gscratch/hkashgar/flexfolio/SAT2016/models/9-core/ASPEEDIIOd4u.facts -c maxsolver=100 -c optMode=1 -c maxPreSlice=500 -c cores=9 -c featTime=500
% src/../binaries/runsolver -w /dev/null -M 6000 -W 1000 src/../binaries/clasp /pfs/tc1/gscratch/hkashgar/flexfolio/SAT2016/models/9-core/GROUNDVILBW3.gr --quiet=1,1
% 
% Schedule {1: {'claspfolio': 5000.0}, 2: {'claspfolio': 5000.0}, 3: {'claspfolio': 5000.0}, 4: {'claspfolio': 5000.0}, 5: {'claspfolio': 5000.0}, 6: {'claspfolio': 4042.0, 'MapleCMS': 958}, 7: {'claspfolio': 5000.0}, 8: {'claspfolio': 4061.0, 'MapleGlucose': 939}, 9: {'MapleCOMSPS_DRUP': 64, 'glucose_hack_kiel_newScript': 61, 'cmsat5_main2': 9, 'Riss6': 14, 'abcdSAT_drup': 182, 'CHBR_glucose_tuned': 69, 'COMiniSatPSChandrasekharDRUP': 3, 'CHBR_glucose': 5, 'gulch': 20, 'cmsat5_autotune2': 38, 'Glucose_nbSat': 13, 'glue_alt': 9, 'claspfolio': 4361.0, 'tc_glucose': 8, 'YALSAT03r': 2, 'tb_glucose': 1, 'BeansAndEggs': 9, 'glucose': 132}}
% 
% >>> End of Algorithm Scheduler <<<
% 
% Input Instances for Training: 247 (-unsolvable)
% Used Instances for Training: 247 (-unsolvable)
% Train with k-NN
% Pre-Solving schedule: {1: {'claspfolio': 5000.0}, 2: {'claspfolio': 5000.0}, 3: {'claspfolio': 5000.0}, 4: {'claspfolio': 5000.0}, 5: {'claspfolio': 5000.0}, 6: {'claspfolio': 4042.0, 'MapleCMS': 958}, 7: {'claspfolio': 5000.0}, 8: {'claspfolio': 4061.0, 'MapleGlucose': 939}, 9: {'MapleCOMSPS_DRUP': 64, 'glucose_hack_kiel_newScript': 61, 'cmsat5_main2': 9, 'Riss6': 14, 'abcdSAT_drup': 182, 'CHBR_glucose_tuned': 69, 'COMiniSatPSChandrasekharDRUP': 3, 'CHBR_glucose': 5, 'gulch': 20, 'cmsat5_autotune2': 38, 'Glucose_nbSat': 13, 'glue_alt': 9, 'claspfolio': 4361.0, 'tc_glucose': 8, 'YALSAT03r': 2, 'tb_glucose': 1, 'BeansAndEggs': 9, 'glucose': 132}}
% PAR10 on current test set: 17635.46 (27 instances)
% >>> 7-th iteration<<<
% Backup Solver: MapleCOMSPS_LRB_DRUP
% 
% >>> Algorithm Scheduler: Aspeed <<<
% 
% >>> 1-th iteration<<<
% Backup Solver: MapleCOMSPS_LRB_DRUP
% Input Instances for Training: 222 (-unsolvable)
% Used Instances for Training: 222 (-unsolvable)
% Train with k-NN
% PAR10 on current test set: 25671.31 (24 instances)
% >>> 2-th iteration<<<
% Backup Solver: MapleCOMSPS_LRB_DRUP
% Input Instances for Training: 222 (-unsolvable)
% Used Instances for Training: 222 (-unsolvable)
% Train with k-NN
% PAR10 on current test set: 21524.84 (24 instances)
% >>> 3-th iteration<<<
% Backup Solver: MapleCOMSPS_LRB_DRUP
% Input Instances for Training: 222 (-unsolvable)
% Used Instances for Training: 222 (-unsolvable)
% Train with k-NN
% PAR10 on current test set: 21154.74 (24 instances)
% >>> 4-th iteration<<<
% Backup Solver: MapleCOMSPS_LRB_DRUP
% Input Instances for Training: 222 (-unsolvable)
% Used Instances for Training: 222 (-unsolvable)
% Train with k-NN
% PAR10 on current test set: 19559.17 (24 instances)
% >>> 5-th iteration<<<
% Backup Solver: MapleCOMSPS_LRB_DRUP
% Input Instances for Training: 221 (-unsolvable)
% Used Instances for Training: 221 (-unsolvable)
% Train with k-NN
% PAR10 on current test set: 18440.78 (25 instances)
% >>> 6-th iteration<<<
% Backup Solver: MapleCOMSPS_LRB_DRUP
% Input Instances for Training: 221 (-unsolvable)
% Used Instances for Training: 221 (-unsolvable)
% Train with k-NN
% PAR10 on current test set: 20859.72 (25 instances)
% >>> 7-th iteration<<<
% Backup Solver: MapleCOMSPS_LRB_DRUP
% Input Instances for Training: 221 (-unsolvable)
% Used Instances for Training: 221 (-unsolvable)
% Train with k-NN
% PAR10 on current test set: 28340.61 (25 instances)
% >>> 8-th iteration<<<
% Backup Solver: MapleCOMSPS_LRB_DRUP
% Input Instances for Training: 221 (-unsolvable)
% Used Instances for Training: 221 (-unsolvable)
% Train with k-NN
% PAR10 on current test set: 24644.08 (25 instances)
% >>> 9-th iteration<<<
% Backup Solver: MapleCOMSPS_LRB_DRUP
% Input Instances for Training: 221 (-unsolvable)
% Used Instances for Training: 221 (-unsolvable)
% Train with k-NN
% PAR10 on current test set: 18752.31 (25 instances)
% >>> 10-th iteration<<<
% Backup Solver: MapleCOMSPS_LRB_DRUP
% Input Instances for Training: 221 (-unsolvable)
% Used Instances for Training: 221 (-unsolvable)
% Train with k-NN
% PAR10 on current test set: 24540.08 (25 instances)
% 
%  >>> Instances: 246 <<<
%  >>> Oracle Evaluation (w/o unsolved) <<<
% 
% Unsolved (not by any algorithm and not by feature computation): 75
% PAR1 time: 2001.201513 (685.939019)
% Par10 time: 15720.408830 (685.500423)
% #TOs: 75 (0)
% 
%  >>> Cross Fold Evaluation <<<
% 
% Presolved: 0
% Prediction ties: 0
% >>>With Unsolvable Instances
% Timeouts (with unsolved): 107
% Solved (perc) (with unsolved): 0.5650
% PAR1 (with unsolved): 2781.63
% PAR10 (with unsolved): 22354.80
% >>>Without Unsolved Instances (depends on pre-solved in feature groups)
% Timeouts (without unsolved): 32
% Solved (perc) (without unsolved): 0.8129
% PAR1 (without unsolved): 1808.66
% PAR10 (without unsolved): 10229.72
% 
% Time used by each solver: {'abcdSAT_drup': 67107.39254163147, 'MapleGlucose': 0, 'gulch': 4550.641132047114, 'YALSAT03r': 0, 'glucose_hack_kiel_newScript': 0, 'cmsat5_autotune2': 4970.17, 'glue_alt': 5704.425380438678, 'BeansAndEggs': 9980.686547162726, 'glucose': 45210.2873512966, 'COMiniSatPSChandrasekharDRUP': 16533.878538686906, 'MapleCMS': 13137.36, 'CHBR_glucose_tuned': 8094.56370236415, 'Glucose_nbSat': 0, 'Riss6': 39369.940686067544, 'MapleCOMSPS_DRUP': 35173.03311480764, 'cmsat5_main2': 0, 'tc_glucose': 0, 'CHBR_glucose': 0, 'GHackCOMSPS_DRUP': 0, 'Splatz06vmain': 115816.72858516463, 'glueminisat.2210.81.main': 9934.001996004392, 'MapleCOMSPS_CHB_DRUP': 38014.797671266184, 'MapleCOMSPS_LRB_DRUP': 191212.46912099328, 'tb_glucose': 23601.60811085221, 'Lingelingbbcmain': 42640.29519951859}
% Optimal Time used by each solver: {'abcdSAT_drup': 386995.64473401225, 'MapleGlucose': 3972.1156987377926, 'gulch': 410.5297099710422, 'YALSAT03r': 356.8957866190454, 'glucose_hack_kiel_newScript': 10271.173283923097, 'cmsat5_autotune2': 6553.245162211978, 'glue_alt': 1312.9976378217887, 'BeansAndEggs': 2889.0554000308143, 'glucose': 2687.682850841896, 'COMiniSatPSChandrasekharDRUP': 4126.734460863345, 'MapleCMS': 17944.871774981602, 'CHBR_glucose_tuned': 4.89180361464507, 'Glucose_nbSat': 2662.3194307191593, 'Riss6': 605.0209832190756, 'MapleCOMSPS_DRUP': 5031.751168725499, 'cmsat5_main2': 7170.734833694639, 'tc_glucose': 185.831168293958, 'CHBR_glucose': 1142.3755932512554, 'GHackCOMSPS_DRUP': 380.2319499733686, 'Splatz06vmain': 6060.861662807726, 'glueminisat.2210.81.main': 657.7502504911167, 'MapleCOMSPS_CHB_DRUP': 4063.20208732047, 'MapleCOMSPS_LRB_DRUP': 14379.207368292062, 'tb_glucose': 8305.99441288535, 'Lingelingbbcmain': 4124.453088283214}
% src/../binaries/runsolver -w /dev/null -M 6000 -W 1000 src/../binaries/gringo src/trainer/aspeed/enc/encoding-bounded-paper-Step1.lp /pfs/tc1/gscratch/hkashgar/flexfolio/SAT2016/models/9-core/ASPEEDguT2Hn.facts -c maxsolver=100 -c optMode=1 -c maxPreSlice=500 -c cores=9 -c featTime=500
% src/../binaries/runsolver -w /dev/null -M 6000 -W 1000 src/../binaries/clasp /pfs/tc1/gscratch/hkashgar/flexfolio/SAT2016/models/9-core/GROUNDCOStAd.gr --quiet=1,1
% 
% Schedule {1: {'claspfolio': 5000.0}, 2: {'claspfolio': 5000.0}, 3: {'claspfolio': 4185.0, 'MapleCOMSPS_DRUP': 815}, 4: {'claspfolio': 5000.0}, 5: {'claspfolio': 5000.0}, 6: {'claspfolio': 5000.0}, 7: {'claspfolio': 5000.0}, 8: {'claspfolio': 4056.0, 'YALSAT03r': 10, 'Lingelingbbcmain': 934}, 9: {'glucose_hack_kiel_newScript': 3, 'cmsat5_main2': 3, 'Riss6': 3, 'abcdSAT_drup': 274, 'CHBR_glucose_tuned': 69, 'COMiniSatPSChandrasekharDRUP': 3, 'MapleCMS': 36, 'CHBR_glucose': 3, 'MapleGlucose': 13, 'Splatz06vmain': 2, 'gulch': 226, 'cmsat5_autotune2': 234, 'Glucose_nbSat': 6, 'MapleCOMSPS_CHB_DRUP': 1, 'glue_alt': 9, 'claspfolio': 4039.0, 'tc_glucose': 3, 'MapleCOMSPS_LRB_DRUP': 1, 'tb_glucose': 1, 'BeansAndEggs': 9, 'glucose': 62}}
% 
% >>> End of Algorithm Scheduler <<<
% 
% Input Instances for Training: 246 (-unsolvable)
% Used Instances for Training: 246 (-unsolvable)
% Train with k-NN
% Pre-Solving schedule: {1: {'claspfolio': 5000.0}, 2: {'claspfolio': 5000.0}, 3: {'claspfolio': 4185.0, 'MapleCOMSPS_DRUP': 815}, 4: {'claspfolio': 5000.0}, 5: {'claspfolio': 5000.0}, 6: {'claspfolio': 5000.0}, 7: {'claspfolio': 5000.0}, 8: {'claspfolio': 4056.0, 'YALSAT03r': 10, 'Lingelingbbcmain': 934}, 9: {'glucose_hack_kiel_newScript': 3, 'cmsat5_main2': 3, 'Riss6': 3, 'abcdSAT_drup': 274, 'CHBR_glucose_tuned': 69, 'COMiniSatPSChandrasekharDRUP': 3, 'MapleCMS': 36, 'CHBR_glucose': 3, 'MapleGlucose': 13, 'Splatz06vmain': 2, 'gulch': 226, 'cmsat5_autotune2': 234, 'Glucose_nbSat': 6, 'MapleCOMSPS_CHB_DRUP': 1, 'glue_alt': 9, 'claspfolio': 4039.0, 'tc_glucose': 3, 'MapleCOMSPS_LRB_DRUP': 1, 'tb_glucose': 1, 'BeansAndEggs': 9, 'glucose': 62}}
% PAR10 on current test set: 19864.22 (28 instances)
% >>> 8-th iteration<<<
% Backup Solver: MapleCOMSPS_LRB_DRUP
% 
% >>> Algorithm Scheduler: Aspeed <<<
% 
% >>> 1-th iteration<<<
% Backup Solver: MapleCOMSPS_LRB_DRUP
% Input Instances for Training: 222 (-unsolvable)
% Used Instances for Training: 222 (-unsolvable)
% Train with k-NN
% PAR10 on current test set: 27325.97 (24 instances)
% >>> 2-th iteration<<<
% Backup Solver: MapleCOMSPS_LRB_DRUP
% Input Instances for Training: 222 (-unsolvable)
% Used Instances for Training: 222 (-unsolvable)
% Train with k-NN
% PAR10 on current test set: 23608.97 (24 instances)
% >>> 3-th iteration<<<
% Backup Solver: MapleCOMSPS_LRB_DRUP
% Input Instances for Training: 222 (-unsolvable)
% Used Instances for Training: 222 (-unsolvable)
% Train with k-NN
% PAR10 on current test set: 25340.25 (24 instances)
% >>> 4-th iteration<<<
% Backup Solver: MapleCOMSPS_LRB_DRUP
% Input Instances for Training: 222 (-unsolvable)
% Used Instances for Training: 222 (-unsolvable)
% Train with k-NN
% PAR10 on current test set: 19741.11 (24 instances)
% >>> 5-th iteration<<<
% Backup Solver: MapleCOMSPS_LRB_DRUP
% Input Instances for Training: 221 (-unsolvable)
% Used Instances for Training: 221 (-unsolvable)
% Train with k-NN
% PAR10 on current test set: 20416.14 (25 instances)
% >>> 6-th iteration<<<
% Backup Solver: MapleCOMSPS_LRB_DRUP
% Input Instances for Training: 221 (-unsolvable)
% Used Instances for Training: 221 (-unsolvable)
% Train with k-NN
% PAR10 on current test set: 14949.68 (25 instances)
% >>> 7-th iteration<<<
% Backup Solver: MapleCOMSPS_LRB_DRUP
% Input Instances for Training: 221 (-unsolvable)
% Used Instances for Training: 221 (-unsolvable)
% Train with k-NN
% PAR10 on current test set: 22708.07 (25 instances)
% >>> 8-th iteration<<<
% Backup Solver: MapleCOMSPS_LRB_DRUP
% Input Instances for Training: 221 (-unsolvable)
% Used Instances for Training: 221 (-unsolvable)
% Train with k-NN
% PAR10 on current test set: 22742.49 (25 instances)
% >>> 9-th iteration<<<
% Backup Solver: MapleCOMSPS_LRB_DRUP
% Input Instances for Training: 221 (-unsolvable)
% Used Instances for Training: 221 (-unsolvable)
% Train with k-NN
% PAR10 on current test set: 22564.41 (25 instances)
% >>> 10-th iteration<<<
% Backup Solver: MapleCOMSPS_LRB_DRUP
% Input Instances for Training: 221 (-unsolvable)
% Used Instances for Training: 221 (-unsolvable)
% Train with k-NN
% PAR10 on current test set: 20480.22 (25 instances)
% 
%  >>> Instances: 246 <<<
%  >>> Oracle Evaluation (w/o unsolved) <<<
% 
% Unsolved (not by any algorithm and not by feature computation): 73
% PAR1 time: 1948.709431 (661.170635)
% Par10 time: 15302.071219 (660.748670)
% #TOs: 73 (0)
% 
%  >>> Cross Fold Evaluation <<<
% 
% Presolved: 0
% Prediction ties: 0
% >>>With Unsolvable Instances
% Timeouts (with unsolved): 105
% Solved (perc) (with unsolved): 0.5732
% PAR1 (with unsolved): 2747.63
% PAR10 (with unsolved): 21954.94
% >>>Without Unsolved Instances (depends on pre-solved in feature groups)
% Timeouts (without unsolved): 32
% Solved (perc) (without unsolved): 0.8150
% PAR1 (without unsolved): 1797.20
% PAR10 (without unsolved): 10120.90
% 
% Time used by each solver: {'abcdSAT_drup': 112477.5756842674, 'MapleGlucose': 0, 'gulch': 426.637919341188, 'YALSAT03r': 0, 'glucose_hack_kiel_newScript': 4999.81, 'cmsat5_autotune2': 1481.181715597468, 'glue_alt': 22046.574992397625, 'BeansAndEggs': 74.7557455461973, 'glucose': 20211.12378743784, 'COMiniSatPSChandrasekharDRUP': 4998.97, 'MapleCMS': 20580.451484013625, 'CHBR_glucose_tuned': 9015.190606318796, 'Glucose_nbSat': 0, 'Riss6': 13410.68642968223, 'MapleCOMSPS_DRUP': 66945.55815727805, 'cmsat5_main2': 12.0651444112207, 'tc_glucose': 1631.34639051316, 'CHBR_glucose': 19420.271868803407, 'GHackCOMSPS_DRUP': 0, 'Splatz06vmain': 47555.219493185155, 'glueminisat.2210.81.main': 0, 'MapleCOMSPS_CHB_DRUP': 36470.72242685686, 'MapleCOMSPS_LRB_DRUP': 185549.37195468065, 'tb_glucose': 20729.689299828136, 'Lingelingbbcmain': 74978.05820599946}
% Optimal Time used by each solver: {'abcdSAT_drup': 378174.6828456754, 'MapleGlucose': 3972.1156987377926, 'gulch': 409.242147014611, 'YALSAT03r': 356.9157866190454, 'glucose_hack_kiel_newScript': 10274.461424866, 'cmsat5_autotune2': 6553.245162211978, 'glue_alt': 1705.9881160597256, 'BeansAndEggs': 425.662913508345, 'glucose': 2670.382850841896, 'COMiniSatPSChandrasekharDRUP': 3978.8810818482416, 'MapleCMS': 13097.661581366443, 'CHBR_glucose_tuned': 30.97967182622097, 'Glucose_nbSat': 2662.3194307191593, 'Riss6': 567.751378980809, 'MapleCOMSPS_DRUP': 5447.731976580066, 'cmsat5_main2': 7170.734833694639, 'tc_glucose': 2159.526922911538, 'CHBR_glucose': 1145.335064523013, 'GHackCOMSPS_DRUP': 291.615467655777, 'Splatz06vmain': 3125.940869652835, 'glueminisat.2210.81.main': 797.9242732110088, 'MapleCOMSPS_CHB_DRUP': 3911.850541157551, 'MapleCOMSPS_LRB_DRUP': 13877.042867129314, 'tb_glucose': 8126.3827394437585, 'Lingelingbbcmain': 8448.144295259866}
% src/../binaries/runsolver -w /dev/null -M 6000 -W 1000 src/../binaries/gringo src/trainer/aspeed/enc/encoding-bounded-paper-Step1.lp /pfs/tc1/gscratch/hkashgar/flexfolio/SAT2016/models/9-core/ASPEEDXNMGG4.facts -c maxsolver=100 -c optMode=1 -c maxPreSlice=500 -c cores=9 -c featTime=500
% src/../binaries/runsolver -w /dev/null -M 6000 -W 1000 src/../binaries/clasp /pfs/tc1/gscratch/hkashgar/flexfolio/SAT2016/models/9-core/GROUNDKiNRb5.gr --quiet=1,1
% 
% Schedule {1: {'claspfolio': 5000.0}, 2: {'claspfolio': 4500.0, 'cmsat5_main2': 500.0}, 3: {'claspfolio': 4423.0, 'Splatz06vmain': 577}, 4: {'claspfolio': 4009.0, 'MapleGlucose': 991}, 5: {'claspfolio': 4103.0, 'MapleCOMSPS_DRUP': 897}, 6: {'claspfolio': 4119.0, 'GHackCOMSPS_DRUP': 881}, 7: {'claspfolio': 4103.0, 'glucose': 897}, 8: {'Riss6': 165, 'MapleCOMSPS_CHB_DRUP': 4, 'COMiniSatPSChandrasekharDRUP': 12, 'MapleCMS': 4, 'CHBR_glucose': 13, 'CHBR_glucose_tuned': 151, 'Glucose_nbSat': 22, 'claspfolio': 4524.0, 'tc_glucose': 36, 'glueminisat.2210.81.main': 3, 'YALSAT03r': 46, 'tb_glucose': 8, 'BeansAndEggs': 7, 'MapleCOMSPS_LRB_DRUP': 5}, 9: {'glucose_hack_kiel_newScript': 8, 'abcdSAT_drup': 36, 'gulch': 20, 'cmsat5_autotune2': 1, 'glue_alt': 1, 'claspfolio': 4000.0, 'Lingelingbbcmain': 934}}
% 
% >>> End of Algorithm Scheduler <<<
% 
% Input Instances for Training: 246 (-unsolvable)
% Used Instances for Training: 246 (-unsolvable)
% Train with k-NN
% Pre-Solving schedule: {1: {'claspfolio': 5000.0}, 2: {'claspfolio': 4500.0, 'cmsat5_main2': 500.0}, 3: {'claspfolio': 4423.0, 'Splatz06vmain': 577}, 4: {'claspfolio': 4009.0, 'MapleGlucose': 991}, 5: {'claspfolio': 4103.0, 'MapleCOMSPS_DRUP': 897}, 6: {'claspfolio': 4119.0, 'GHackCOMSPS_DRUP': 881}, 7: {'claspfolio': 4103.0, 'glucose': 897}, 8: {'Riss6': 165, 'MapleCOMSPS_CHB_DRUP': 4, 'COMiniSatPSChandrasekharDRUP': 12, 'MapleCMS': 4, 'CHBR_glucose': 13, 'CHBR_glucose_tuned': 151, 'Glucose_nbSat': 22, 'claspfolio': 4524.0, 'tc_glucose': 36, 'glueminisat.2210.81.main': 3, 'YALSAT03r': 46, 'tb_glucose': 8, 'BeansAndEggs': 7, 'MapleCOMSPS_LRB_DRUP': 5}, 9: {'glucose_hack_kiel_newScript': 8, 'abcdSAT_drup': 36, 'gulch': 20, 'cmsat5_autotune2': 1, 'glue_alt': 1, 'claspfolio': 4000.0, 'Lingelingbbcmain': 934}}
% PAR10 on current test set: 23790.21 (28 instances)
% >>> 9-th iteration<<<
% Backup Solver: MapleCOMSPS_LRB_DRUP
% 
% >>> Algorithm Scheduler: Aspeed <<<
% 
% >>> 1-th iteration<<<
% Backup Solver: MapleCOMSPS_LRB_DRUP
% Input Instances for Training: 222 (-unsolvable)
% Used Instances for Training: 222 (-unsolvable)
% Train with k-NN
% PAR10 on current test set: 17470.85 (24 instances)
% >>> 2-th iteration<<<
% Backup Solver: MapleCOMSPS_LRB_DRUP
% Input Instances for Training: 222 (-unsolvable)
% Used Instances for Training: 222 (-unsolvable)
% Train with k-NN
% PAR10 on current test set: 23313.57 (24 instances)
% >>> 3-th iteration<<<
% Backup Solver: MapleCOMSPS_LRB_DRUP
% Input Instances for Training: 222 (-unsolvable)
% Used Instances for Training: 222 (-unsolvable)
% Train with k-NN
% PAR10 on current test set: 15375.46 (24 instances)
% >>> 4-th iteration<<<
% Backup Solver: MapleCOMSPS_LRB_DRUP
% Input Instances for Training: 222 (-unsolvable)
% Used Instances for Training: 222 (-unsolvable)
% Train with k-NN
% PAR10 on current test set: 19458.88 (24 instances)
% >>> 5-th iteration<<<
% Backup Solver: MapleCOMSPS_LRB_DRUP
% Input Instances for Training: 221 (-unsolvable)
% Used Instances for Training: 221 (-unsolvable)
% Train with k-NN
% PAR10 on current test set: 34271.73 (25 instances)
% >>> 6-th iteration<<<
% Backup Solver: MapleCOMSPS_LRB_DRUP
% Input Instances for Training: 221 (-unsolvable)
% Used Instances for Training: 221 (-unsolvable)
% Train with k-NN
% PAR10 on current test set: 20400.37 (25 instances)
% >>> 7-th iteration<<<
% Backup Solver: MapleCOMSPS_LRB_DRUP
% Input Instances for Training: 221 (-unsolvable)
% Used Instances for Training: 221 (-unsolvable)
% Train with k-NN
% PAR10 on current test set: 20760.43 (25 instances)
% >>> 8-th iteration<<<
% Backup Solver: MapleCOMSPS_LRB_DRUP
% Input Instances for Training: 221 (-unsolvable)
% Used Instances for Training: 221 (-unsolvable)
% Train with k-NN
% PAR10 on current test set: 20606.94 (25 instances)
% >>> 9-th iteration<<<
% Backup Solver: MapleCOMSPS_LRB_DRUP
% Input Instances for Training: 221 (-unsolvable)
% Used Instances for Training: 221 (-unsolvable)
% Train with k-NN
% PAR10 on current test set: 18773.11 (25 instances)
% >>> 10-th iteration<<<
% Backup Solver: MapleCOMSPS_LRB_DRUP
% Input Instances for Training: 221 (-unsolvable)
% Used Instances for Training: 221 (-unsolvable)
% Train with k-NN
% PAR10 on current test set: 26336.37 (25 instances)
% 
%  >>> Instances: 246 <<<
%  >>> Oracle Evaluation (w/o unsolved) <<<
% 
% Unsolved (not by any algorithm and not by feature computation): 73
% PAR1 time: 1952.014095 (665.869753)
% Par10 time: 15305.375883 (665.447788)
% #TOs: 73 (0)
% 
%  >>> Cross Fold Evaluation <<<
% 
% Presolved: 0
% Prediction ties: 0
% >>>With Unsolvable Instances
% Timeouts (with unsolved): 104
% Solved (perc) (with unsolved): 0.5772
% PAR1 (with unsolved): 2697.45
% PAR10 (with unsolved): 21721.84
% >>>Without Unsolved Instances (depends on pre-solved in feature groups)
% Timeouts (without unsolved): 31
% Solved (perc) (without unsolved): 0.8208
% PAR1 (without unsolved): 1725.86
% PAR10 (without unsolved): 9789.44
% 
% Time used by each solver: {'abcdSAT_drup': 83892.17350800123, 'MapleGlucose': 4996.48, 'gulch': 10378.037710065712, 'YALSAT03r': 0, 'glucose_hack_kiel_newScript': 0, 'cmsat5_autotune2': 20077.912046912897, 'glue_alt': 14958.31, 'BeansAndEggs': 6211.185447503857, 'glucose': 26942.990678324004, 'COMiniSatPSChandrasekharDRUP': 9941.83080141934, 'MapleCMS': 10053.970003182785, 'CHBR_glucose_tuned': 3993.8671216122602, 'Glucose_nbSat': 0, 'Riss6': 54359.35473502062, 'MapleCOMSPS_DRUP': 173789.21305686512, 'cmsat5_main2': 0, 'tc_glucose': 0, 'CHBR_glucose': 0, 'GHackCOMSPS_DRUP': 0, 'Splatz06vmain': 47367.976142747706, 'glueminisat.2210.81.main': 0, 'MapleCOMSPS_CHB_DRUP': 35828.54825704484, 'MapleCOMSPS_LRB_DRUP': 123196.56903911692, 'tb_glucose': 0, 'Lingelingbbcmain': 23969.819641192196}
% Optimal Time used by each solver: {'abcdSAT_drup': 378174.6828456754, 'MapleGlucose': 3972.1156987377926, 'gulch': 410.5297099710422, 'YALSAT03r': 39.54578661904542, 'glucose_hack_kiel_newScript': 10274.461424866, 'cmsat5_autotune2': 6553.245162211978, 'glue_alt': 1705.9881160597256, 'BeansAndEggs': 2891.275400030814, 'glucose': 2683.735453402477, 'COMiniSatPSChandrasekharDRUP': 2742.8820792640017, 'MapleCMS': 15245.575195466314, 'CHBR_glucose_tuned': 30.97967182622097, 'Glucose_nbSat': 2662.3194307191593, 'Riss6': 605.0209832190754, 'MapleCOMSPS_DRUP': 6403.281777784852, 'cmsat5_main2': 5521.40034680359, 'tc_glucose': 2159.526922911538, 'CHBR_glucose': 1145.335064523013, 'GHackCOMSPS_DRUP': 381.1845756235142, 'Splatz06vmain': 4565.705140770486, 'glueminisat.2210.81.main': 634.9054821839047, 'MapleCOMSPS_CHB_DRUP': 2170.468007044, 'MapleCOMSPS_LRB_DRUP': 14505.152867129314, 'tb_glucose': 7255.625113057215, 'Lingelingbbcmain': 7460.5250260999655}
% src/../binaries/runsolver -w /dev/null -M 6000 -W 1000 src/../binaries/gringo src/trainer/aspeed/enc/encoding-bounded-paper-Step1.lp /pfs/tc1/gscratch/hkashgar/flexfolio/SAT2016/models/9-core/ASPEEDEOwZYu.facts -c maxsolver=100 -c optMode=1 -c maxPreSlice=500 -c cores=9 -c featTime=500
% src/../binaries/runsolver -w /dev/null -M 6000 -W 1000 src/../binaries/clasp /pfs/tc1/gscratch/hkashgar/flexfolio/SAT2016/models/9-core/GROUND9ej16J.gr --quiet=1,1
% 
% Schedule {1: {'claspfolio': 5000.0}, 2: {'claspfolio': 5000.0}, 3: {'claspfolio': 5000.0}, 4: {'claspfolio': 5000.0}, 5: {'claspfolio': 5000.0}, 6: {'claspfolio': 5000.0}, 7: {'claspfolio': 5000.0}, 8: {'claspfolio': 5000.0}, 9: {'abcdSAT_drup': 182, 'MapleGlucose': 13, 'gulch': 20, 'claspfolio': 4320.0, 'YALSAT03r': 36, 'glucose_hack_kiel_newScript': 10, 'cmsat5_autotune2': 169, 'glue_alt': 9, 'BeansAndEggs': 9, 'glucose': 62, 'COMiniSatPSChandrasekharDRUP': 3, 'MapleCMS': 36, 'CHBR_glucose_tuned': 69, 'Glucose_nbSat': 24, 'Riss6': 14, 'MapleCOMSPS_DRUP': 4, 'cmsat5_main2': 13, 'tc_glucose': 3, 'CHBR_glucose': 1, 'Splatz06vmain': 1, 'MapleCOMSPS_CHB_DRUP': 1, 'tb_glucose': 1}}
% 
% >>> End of Algorithm Scheduler <<<
% 
% Input Instances for Training: 246 (-unsolvable)
% Used Instances for Training: 246 (-unsolvable)
% Train with k-NN
% Pre-Solving schedule: {1: {'claspfolio': 5000.0}, 2: {'claspfolio': 5000.0}, 3: {'claspfolio': 5000.0}, 4: {'claspfolio': 5000.0}, 5: {'claspfolio': 5000.0}, 6: {'claspfolio': 5000.0}, 7: {'claspfolio': 5000.0}, 8: {'claspfolio': 5000.0}, 9: {'abcdSAT_drup': 182, 'MapleGlucose': 13, 'gulch': 20, 'claspfolio': 4320.0, 'YALSAT03r': 36, 'glucose_hack_kiel_newScript': 10, 'cmsat5_autotune2': 169, 'glue_alt': 9, 'BeansAndEggs': 9, 'glucose': 62, 'COMiniSatPSChandrasekharDRUP': 3, 'MapleCMS': 36, 'CHBR_glucose_tuned': 69, 'Glucose_nbSat': 24, 'Riss6': 14, 'MapleCOMSPS_DRUP': 4, 'cmsat5_main2': 13, 'tc_glucose': 3, 'CHBR_glucose': 1, 'Splatz06vmain': 1, 'MapleCOMSPS_CHB_DRUP': 1, 'tb_glucose': 1}}
% PAR10 on current test set: 25339.94 (28 instances)
% >>> 10-th iteration<<<
% Backup Solver: MapleCOMSPS_LRB_DRUP
% 
% >>> Algorithm Scheduler: Aspeed <<<
% 
% >>> 1-th iteration<<<
% Backup Solver: MapleCOMSPS_LRB_DRUP
% Input Instances for Training: 222 (-unsolvable)
% Used Instances for Training: 222 (-unsolvable)
% Train with k-NN
% PAR10 on current test set: 21364.61 (24 instances)
% >>> 2-th iteration<<<
% Backup Solver: MapleCOMSPS_LRB_DRUP
% Input Instances for Training: 222 (-unsolvable)
% Used Instances for Training: 222 (-unsolvable)
% Train with k-NN
% PAR10 on current test set: 23439.61 (24 instances)
% >>> 3-th iteration<<<
% Backup Solver: MapleCOMSPS_LRB_DRUP
% Input Instances for Training: 222 (-unsolvable)
% Used Instances for Training: 222 (-unsolvable)
% Train with k-NN
% PAR10 on current test set: 17244.43 (24 instances)
% >>> 4-th iteration<<<
% Backup Solver: MapleCOMSPS_LRB_DRUP
% Input Instances for Training: 222 (-unsolvable)
% Used Instances for Training: 222 (-unsolvable)
% Train with k-NN
% PAR10 on current test set: 17022.09 (24 instances)
% >>> 5-th iteration<<<
% Backup Solver: MapleCOMSPS_LRB_DRUP
% Input Instances for Training: 221 (-unsolvable)
% Used Instances for Training: 221 (-unsolvable)
% Train with k-NN
% PAR10 on current test set: 20696.70 (25 instances)
% >>> 6-th iteration<<<
% Backup Solver: MapleCOMSPS_LRB_DRUP
% Input Instances for Training: 221 (-unsolvable)
% Used Instances for Training: 221 (-unsolvable)
% Train with k-NN
% PAR10 on current test set: 28375.63 (25 instances)
% >>> 7-th iteration<<<
% Backup Solver: MapleCOMSPS_LRB_DRUP
% Input Instances for Training: 221 (-unsolvable)
% Used Instances for Training: 221 (-unsolvable)
% Train with k-NN
% PAR10 on current test set: 20708.12 (25 instances)
% >>> 8-th iteration<<<
% Backup Solver: MapleCOMSPS_LRB_DRUP
% Input Instances for Training: 221 (-unsolvable)
% Used Instances for Training: 221 (-unsolvable)
% Train with k-NN
% PAR10 on current test set: 24443.33 (25 instances)
% >>> 9-th iteration<<<
% Backup Solver: MapleCOMSPS_LRB_DRUP
% Input Instances for Training: 221 (-unsolvable)
% Used Instances for Training: 221 (-unsolvable)
% Train with k-NN
% PAR10 on current test set: 20547.72 (25 instances)
% >>> 10-th iteration<<<
% Backup Solver: MapleCOMSPS_LRB_DRUP
% Input Instances for Training: 221 (-unsolvable)
% Used Instances for Training: 221 (-unsolvable)
% Train with k-NN
% PAR10 on current test set: 20781.21 (25 instances)
% 
%  >>> Instances: 246 <<<
%  >>> Oracle Evaluation (w/o unsolved) <<<
% 
% Unsolved (not by any algorithm and not by feature computation): 70
% PAR1 time: 1901.966794 (669.794496)
% Par10 time: 14706.560290 (669.396769)
% #TOs: 70 (0)
% 
%  >>> Cross Fold Evaluation <<<
% 
% Presolved: 0
% Prediction ties: 0
% >>>With Unsolvable Instances
% Timeouts (with unsolved): 103
% Solved (perc) (with unsolved): 0.5813
% PAR1 (with unsolved): 2648.44
% PAR10 (with unsolved): 21489.90
% >>>Without Unsolved Instances (depends on pre-solved in feature groups)
% Timeouts (without unsolved): 33
% Solved (perc) (without unsolved): 0.8125
% PAR1 (without unsolved): 1713.16
% PAR10 (without unsolved): 10150.66
% 
% Time used by each solver: {'abcdSAT_drup': 27756.205565816508, 'MapleGlucose': 0, 'gulch': 4072.8574367368, 'YALSAT03r': 0, 'glucose_hack_kiel_newScript': 3591.24, 'cmsat5_autotune2': 0, 'glue_alt': 4999.0, 'BeansAndEggs': 74.7557455461973, 'glucose': 38893.91545181027, 'COMiniSatPSChandrasekharDRUP': 137.40080141934024, 'MapleCMS': 13066.208954252697, 'CHBR_glucose_tuned': 0, 'Glucose_nbSat': 0, 'Riss6': 52839.52287341454, 'MapleCOMSPS_DRUP': 92585.75506166866, 'cmsat5_main2': 0, 'tc_glucose': 7512.9340772228, 'CHBR_glucose': 5082.591035383245, 'GHackCOMSPS_DRUP': 0, 'Splatz06vmain': 130582.55246451778, 'glueminisat.2210.81.main': 0, 'MapleCOMSPS_CHB_DRUP': 36894.648354196324, 'MapleCOMSPS_LRB_DRUP': 128329.29430762741, 'tb_glucose': 9992.43, 'Lingelingbbcmain': 82064.15160884034}
% Optimal Time used by each solver: {'abcdSAT_drup': 363171.6828456754, 'MapleGlucose': 3924.9144367147132, 'gulch': 410.5297099710422, 'YALSAT03r': 336.8457866190454, 'glucose_hack_kiel_newScript': 10274.461424866, 'cmsat5_autotune2': 6553.245162211978, 'glue_alt': 1705.9881160597256, 'BeansAndEggs': 2862.745400030814, 'glucose': 1644.286072550239, 'COMiniSatPSChandrasekharDRUP': 4184.221361267672, 'MapleCMS': 13095.146075597822, 'CHBR_glucose_tuned': 30.97967182622097, 'Glucose_nbSat': 2662.3194307191593, 'Riss6': 581.8435762933859, 'MapleCOMSPS_DRUP': 6403.281777784852, 'cmsat5_main2': 7170.734833694639, 'tc_glucose': 2159.526922911538, 'CHBR_glucose': 1145.3319102554476, 'GHackCOMSPS_DRUP': 381.1845756235142, 'Splatz06vmain': 5869.827169520885, 'glueminisat.2210.81.main': 447.74624725935297, 'MapleCOMSPS_CHB_DRUP': 4063.20208732047, 'MapleCOMSPS_LRB_DRUP': 11888.179731256354, 'tb_glucose': 8321.27441288535, 'Lingelingbbcmain': 8594.33254506017}
% src/../binaries/runsolver -w /dev/null -M 6000 -W 1000 src/../binaries/gringo src/trainer/aspeed/enc/encoding-bounded-paper-Step1.lp /pfs/tc1/gscratch/hkashgar/flexfolio/SAT2016/models/9-core/ASPEED_ctrLN.facts -c maxsolver=100 -c optMode=1 -c maxPreSlice=500 -c cores=9 -c featTime=500
% src/../binaries/runsolver -w /dev/null -M 6000 -W 1000 src/../binaries/clasp /pfs/tc1/gscratch/hkashgar/flexfolio/SAT2016/models/9-core/GROUNDTVp4yI.gr --quiet=1,1
% 
% Schedule {1: {'claspfolio': 5000.0}, 2: {'claspfolio': 5000.0}, 3: {'claspfolio': 5000.0}, 4: {'claspfolio': 5000.0}, 5: {'claspfolio': 5000.0}, 6: {'MapleCOMSPS_DRUP': 167.36401673640165, 'tc_glucose': 121.33891213389121, 'CHBR_glucose': 66.94560669456067, 'GHackCOMSPS_DRUP': 6.276150627615063, 'Splatz06vmain': 16.736401673640167, 'MapleCOMSPS_CHB_DRUP': 2.092050209205021, 'claspfolio': 4500.0, 'glueminisat.2210.81.main': 2.092050209205021, 'tb_glucose': 115.06276150627615, 'MapleCOMSPS_LRB_DRUP': 2.092050209205021}, 7: {'claspfolio': 4886.0, 'CHBR_glucose_tuned': 69, 'MapleCMS': 36, 'Glucose_nbSat': 6, 'Riss6': 3}, 8: {'claspfolio': 4000.0, 'COMiniSatPSChandrasekharDRUP': 1, 'cmsat5_main2': 989, 'BeansAndEggs': 9, 'glucose': 1}, 9: {'glucose_hack_kiel_newScript': 263, 'abcdSAT_drup': 125, 'MapleGlucose': 13, 'gulch': 20, 'cmsat5_autotune2': 30, 'glue_alt': 4, 'claspfolio': 4000.0, 'YALSAT03r': 2, 'Lingelingbbcmain': 543}}
% 
% >>> End of Algorithm Scheduler <<<
% 
% Input Instances for Training: 246 (-unsolvable)
% Used Instances for Training: 246 (-unsolvable)
% Train with k-NN
% Pre-Solving schedule: {1: {'claspfolio': 5000.0}, 2: {'claspfolio': 5000.0}, 3: {'claspfolio': 5000.0}, 4: {'claspfolio': 5000.0}, 5: {'claspfolio': 5000.0}, 6: {'MapleCOMSPS_DRUP': 167.36401673640165, 'tc_glucose': 121.33891213389121, 'CHBR_glucose': 66.94560669456067, 'GHackCOMSPS_DRUP': 6.276150627615063, 'Splatz06vmain': 16.736401673640167, 'MapleCOMSPS_CHB_DRUP': 2.092050209205021, 'claspfolio': 4500.0, 'glueminisat.2210.81.main': 2.092050209205021, 'tb_glucose': 115.06276150627615, 'MapleCOMSPS_LRB_DRUP': 2.092050209205021}, 7: {'claspfolio': 4886.0, 'CHBR_glucose_tuned': 69, 'MapleCMS': 36, 'Glucose_nbSat': 6, 'Riss6': 3}, 8: {'claspfolio': 4000.0, 'COMiniSatPSChandrasekharDRUP': 1, 'cmsat5_main2': 989, 'BeansAndEggs': 9, 'glucose': 1}, 9: {'glucose_hack_kiel_newScript': 263, 'abcdSAT_drup': 125, 'MapleGlucose': 13, 'gulch': 20, 'cmsat5_autotune2': 30, 'glue_alt': 4, 'claspfolio': 4000.0, 'YALSAT03r': 2, 'Lingelingbbcmain': 543}}
% PAR10 on current test set: 22203.50 (28 instances)
% 
%  >>> Instances: 274 <<<
%  >>> Oracle Evaluation (w/o unsolved) <<<
% 
% Unsolved (not by any algorithm and not by feature computation): 82
% PAR1 time: 1960.549882 (662.451394)
% Par10 time: 15427.403897 (662.024311)
% #TOs: 82 (0)
% 
%  >>> Cross Fold Evaluation <<<
% 
% Presolved: 0
% Prediction ties: 0
% >>>With Unsolvable Instances
% Timeouts (with unsolved): 115
% Solved (perc) (with unsolved): 0.5803
% PAR1 (with unsolved): 2657.35
% PAR10 (with unsolved): 21544.21
% >>>Without Unsolved Instances (depends on pre-solved in feature groups)
% Timeouts (without unsolved): 33
% Solved (perc) (without unsolved): 0.8281
% PAR1 (without unsolved): 1656.84
% PAR10 (without unsolved): 9391.22
% 
% Time used by each solver: {'abcdSAT_drup': 134385.39082236364, 'MapleGlucose': 58680.26943973251, 'gulch': 15244.178729169873, 'YALSAT03r': 14277.388434969162, 'glucose_hack_kiel_newScript': 10239.546553466247, 'cmsat5_autotune2': 31485.138355216463, 'glue_alt': 30910.275380413674, 'BeansAndEggs': 10464.19763080528, 'glucose': 80379.90277117355, 'COMiniSatPSChandrasekharDRUP': 7712.065213351709, 'MapleCMS': 57821.71604336251, 'CHBR_glucose_tuned': 19922.600802209254, 'Glucose_nbSat': 4591.198290598291, 'Riss6': 48965.864270235754, 'MapleCOMSPS_DRUP': 129915.0590910736, 'cmsat5_main2': 62215.841059450446, 'tc_glucose': 4407.146679334434, 'CHBR_glucose': 27276.59265933405, 'GHackCOMSPS_DRUP': 18816.968695073367, 'Splatz06vmain': 160086.06400815383, 'glueminisat.2210.81.main': 167.9014763945842, 'MapleCOMSPS_CHB_DRUP': 74157.67096368407, 'MapleCOMSPS_LRB_DRUP': 150714.8034454061, 'tb_glucose': 31740.829814581135, 'Lingelingbbcmain': 147964.98060645038}
% Optimal Time used by each solver: {'abcdSAT_drup': 423183.6828456753, 'MapleGlucose': 3972.1156987377926, 'gulch': 410.5297099710422, 'YALSAT03r': 356.9157866190454, 'glucose_hack_kiel_newScript': 10274.461424866, 'cmsat5_autotune2': 6553.245162211978, 'glue_alt': 1705.9881160597256, 'BeansAndEggs': 2891.275400030814, 'glucose': 2687.6828508418957, 'COMiniSatPSChandrasekharDRUP': 4184.221361267672, 'MapleCMS': 17944.871774981602, 'CHBR_glucose_tuned': 30.97967182622097, 'Glucose_nbSat': 2662.3194307191593, 'Riss6': 605.0209832190756, 'MapleCOMSPS_DRUP': 6403.281777784852, 'cmsat5_main2': 7170.734833694639, 'tc_glucose': 2159.526922911538, 'CHBR_glucose': 1145.335064523013, 'GHackCOMSPS_DRUP': 381.18457562351426, 'Splatz06vmain': 6060.861662807726, 'glueminisat.2210.81.main': 797.9242732110088, 'MapleCOMSPS_CHB_DRUP': 4063.20208732047, 'MapleCOMSPS_LRB_DRUP': 14505.152867129314, 'tb_glucose': 8321.27441288535, 'Lingelingbbcmain': 8718.878967744095}
