% flexfolio Trainer!
% Published under GPLv2
% https://bitbucket.org/mlindauer/flexfolio
% Command line arguments:
% --aslib-dir SAT2016/SAT16-MAIN-7-Cores/ --model-dir SAT2016/models/7-core/ --preconf 3s --print-time SAT2016/sat16_results/SAT2016-7core-3s.csv --t-aspeed 7
% Read SAT2016/SAT16-MAIN-7-Cores/description.txt
% Read SAT2016/SAT16-MAIN-7-Cores/algorithm_runs.arff
% Read SAT2016/SAT16-MAIN-7-Cores/feature_values.arff
% Read SAT2016/SAT16-MAIN-7-Cores/feature_runstatus.arff
% Read SAT2016/SAT16-MAIN-7-Cores/feature_costs.arff
% Read SAT2016/SAT16-MAIN-7-Cores/cv.arff
% 1-th repetition: 27,27,27,27,27,27,28,28,28,28 distribution
% Used Feature Steps (1): ALL
% Used features (54): reducedVars,VCG.CLAUSE.entropy,POSNEG.RATIO.VAR.entropy,HORNY.VAR.entropy,cluster.coeff.min,VCG.VAR.mean,VCG.VAR.entropy,HORNY.VAR.mean,nvarsOrig,POSNEG.RATIO.VAR.stdev,POSNEG.RATIO.VAR.max,nclauses,HORNY.VAR.min,VCG.VAR.coeff.variation,TRINARY.,VG.min,CG.entropy,cluster.coeff.coeff.variation,UNARY,cluster.coeff.entropy,horn.clauses.fraction,cluster.coeff.mean,CG.min,CG.max,Basic.featuretime,VG.max,VCG.VAR.min,Pre.featuretime,CG.featuretime,cluster.coeff.max,VCG.CLAUSE.min,VCG.VAR.max,VG.mean,nvars,POSNEG.RATIO.CLAUSE.coeff.variation,VCG.CLAUSE.mean,BINARY.,KLB.featuretime,POSNEG.RATIO.CLAUSE.min,VCG.CLAUSE.coeff.variation,VCG.CLAUSE.max,HORNY.VAR.coeff.variation,HORNY.VAR.max,POSNEG.RATIO.VAR.mean,POSNEG.RATIO.CLAUSE.entropy,POSNEG.RATIO.CLAUSE.max,POSNEG.RATIO.CLAUSE.mean,nclausesOrig,POSNEG.RATIO.VAR.min,CG.coeff.variation,vars.clauses.ratio,VG.coeff.variation,reducedClauses,CG.mean
% 
% Check Consistency and Completeness of input data
% Instances: 		 274
% Algorithms: 		 25
% Incomplete Feature Vector: 	 0 (maybe imputed)
% Unsolvable Instances (status): 	 82
% Unsolvable Instances (runtime): 	 82
% Valid Instances: 	 192
% Presolved: 		 0
% Average Feature Costs: 	 90.8650
% Use given CV of 1-th repetition
% >>> 1-th iteration<<<
% Backup Solver: MapleCOMSPS_LRB_DRUP
% 
% >>> Algorithm Scheduler: Aspeed <<<
% 
% >>> 1-th iteration<<<
% Backup Solver: MapleCOMSPS_LRB_DRUP
% Input Instances for Training: 223 (-unsolvable)
% Used Instances for Training: 223 (-unsolvable)
% Train with k-NN
% PAR10 on current test set: 23341.75 (24 instances)
% >>> 2-th iteration<<<
% Backup Solver: MapleCOMSPS_LRB_DRUP
% Input Instances for Training: 223 (-unsolvable)
% Used Instances for Training: 223 (-unsolvable)
% Train with k-NN
% PAR10 on current test set: 21406.35 (24 instances)
% >>> 3-th iteration<<<
% Backup Solver: MapleCOMSPS_LRB_DRUP
% Input Instances for Training: 223 (-unsolvable)
% Used Instances for Training: 223 (-unsolvable)
% Train with k-NN
% PAR10 on current test set: 29331.04 (24 instances)
% >>> 4-th iteration<<<
% Backup Solver: MapleCOMSPS_LRB_DRUP
% Input Instances for Training: 222 (-unsolvable)
% Used Instances for Training: 222 (-unsolvable)
% Train with k-NN
% PAR10 on current test set: 20633.59 (25 instances)
% >>> 5-th iteration<<<
% Backup Solver: MapleCOMSPS_LRB_DRUP
% Input Instances for Training: 222 (-unsolvable)
% Used Instances for Training: 222 (-unsolvable)
% Train with k-NN
% PAR10 on current test set: 16328.93 (25 instances)
% >>> 6-th iteration<<<
% Backup Solver: MapleCOMSPS_LRB_DRUP
% Input Instances for Training: 222 (-unsolvable)
% Used Instances for Training: 222 (-unsolvable)
% Train with k-NN
% PAR10 on current test set: 24293.88 (25 instances)
% >>> 7-th iteration<<<
% Backup Solver: MapleCOMSPS_LRB_DRUP
% Input Instances for Training: 222 (-unsolvable)
% Used Instances for Training: 222 (-unsolvable)
% Train with k-NN
% PAR10 on current test set: 20469.94 (25 instances)
% >>> 8-th iteration<<<
% Backup Solver: MapleCOMSPS_LRB_DRUP
% Input Instances for Training: 222 (-unsolvable)
% Used Instances for Training: 222 (-unsolvable)
% Train with k-NN
% PAR10 on current test set: 32312.53 (25 instances)
% >>> 9-th iteration<<<
% Backup Solver: MapleCOMSPS_LRB_DRUP
% Input Instances for Training: 222 (-unsolvable)
% Used Instances for Training: 222 (-unsolvable)
% Train with k-NN
% PAR10 on current test set: 15145.28 (25 instances)
% >>> 10-th iteration<<<
% Backup Solver: MapleCOMSPS_LRB_DRUP
% Input Instances for Training: 222 (-unsolvable)
% Used Instances for Training: 222 (-unsolvable)
% Train with k-NN
% PAR10 on current test set: 16639.89 (25 instances)
% 
%  >>> Instances: 247 <<<
%  >>> Oracle Evaluation (w/o unsolved) <<<
% 
% Unsolved (not by any algorithm and not by feature computation): 74
% PAR1 time: 1918.070231 (599.788133)
% Par10 time: 15399.552012 (599.360387)
% #TOs: 74 (0)
% 
%  >>> Cross Fold Evaluation <<<
% 
% Presolved: 0
% Prediction ties: 0
% >>>With Unsolvable Instances
% Timeouts (with unsolved): 106
% Solved (perc) (with unsolved): 0.5709
% PAR1 (with unsolved): 2645.75
% PAR10 (with unsolved): 21957.49
% >>>Without Unsolved Instances (depends on pre-solved in feature groups)
% Timeouts (without unsolved): 32
% Solved (perc) (without unsolved): 0.8150
% PAR1 (without unsolved): 1638.73
% PAR10 (without unsolved): 9962.43
% 
% Time used by each solver: {'abcdSAT_drup': 56229.97000000001, 'MapleGlucose': 0, 'gulch': 0, 'YALSAT03r': 0, 'glucose_hack_kiel_newScript': 30499.890000000007, 'cmsat5_autotune2': 3584.59, 'glue_alt': 25613.769999999997, 'BeansAndEggs': 0, 'glucose': 61937.69352393841, 'COMiniSatPSChandrasekharDRUP': 24976.359999999997, 'MapleCMS': 14930.599999999999, 'CHBR_glucose_tuned': 882.86, 'Glucose_nbSat': 0, 'Riss6': 38736.770000000004, 'MapleCOMSPS_DRUP': 83819.24686545548, 'cmsat5_main2': 0, 'tc_glucose': 0, 'CHBR_glucose': 2984.03, 'GHackCOMSPS_DRUP': 0, 'Splatz06vmain': 33823.6, 'glueminisat.2210.81.main': 0, 'MapleCOMSPS_CHB_DRUP': 0, 'MapleCOMSPS_LRB_DRUP': 188409.37416132292, 'tb_glucose': 11989.4, 'Lingelingbbcmain': 62059.45}
% Optimal Time used by each solver: {'abcdSAT_drup': 383000.37000000005, 'MapleGlucose': 3782.76, 'gulch': 123.27, 'YALSAT03r': 347.52000000000004, 'glucose_hack_kiel_newScript': 10506.9, 'cmsat5_autotune2': 656.65, 'glue_alt': 3997.61001, 'BeansAndEggs': 2390.7800200000006, 'glucose': 398.963523938398, 'COMiniSatPSChandrasekharDRUP': 752.2200000000001, 'MapleCMS': 16826.12, 'CHBR_glucose_tuned': 1111.99, 'Glucose_nbSat': 2143.41, 'Riss6': 580.6999999999999, 'MapleCOMSPS_DRUP': 2478.1800000000003, 'cmsat5_main2': 2525.3250695926104, 'tc_glucose': 0, 'CHBR_glucose': 464.71000000000004, 'GHackCOMSPS_DRUP': 385.40000000000003, 'Splatz06vmain': 9446.089999999998, 'glueminisat.2210.81.main': 848.95, 'MapleCOMSPS_CHB_DRUP': 1251.9299999999998, 'MapleCOMSPS_LRB_DRUP': 13765.828322070327, 'tb_glucose': 10344.47, 'Lingelingbbcmain': 5633.200000000001}
% src/../binaries/runsolver -w /dev/null -M 6000 -W 1000 src/../binaries/gringo src/trainer/aspeed/enc/encoding-bounded-paper-Step1.lp /pfs/tc1/gscratch/hkashgar/flexfolio/SAT2016/models/7-core/ASPEEDGmMtEM.facts -c maxsolver=100 -c optMode=1 -c maxPreSlice=500 -c cores=7 -c featTime=500
% src/../binaries/runsolver -w /dev/null -M 6000 -W 1000 src/../binaries/clasp /pfs/tc1/gscratch/hkashgar/flexfolio/SAT2016/models/7-core/GROUND_7AKQg.gr --quiet=1,1
% 
% Schedule {1: {'claspfolio': 5000.0}, 2: {'claspfolio': 5000.0}, 3: {'claspfolio': 5000.0}, 4: {'claspfolio': 5000.0}, 5: {'claspfolio': 5000.0}, 6: {'claspfolio': 4041.0, 'MapleCMS': 959}, 7: {'MapleCOMSPS_DRUP': 2.28310502283105, 'glucose_hack_kiel_newScript': 70.77625570776254, 'cmsat5_main2': 2.28310502283105, 'Riss6': 4.5662100456621, 'abcdSAT_drup': 79.90867579908675, 'CHBR_glucose_tuned': 18.2648401826484, 'COMiniSatPSChandrasekharDRUP': 11.415525114155251, 'CHBR_glucose': 2.28310502283105, 'MapleGlucose': 29.680365296803654, 'gulch': 98.17351598173516, 'cmsat5_autotune2': 13.698630136986301, 'Glucose_nbSat': 6.8493150684931505, 'glue_alt': 36.5296803652968, 'claspfolio': 4500.0, 'tc_glucose': 2.28310502283105, 'YALSAT03r': 43.37899543378995, 'tb_glucose': 2.28310502283105, 'BeansAndEggs': 22.831050228310502, 'glucose': 52.51141552511415}}
% 
% >>> End of Algorithm Scheduler <<<
% 
% Input Instances for Training: 247 (-unsolvable)
% Used Instances for Training: 247 (-unsolvable)
% Train with k-NN
% Pre-Solving schedule: {1: {'claspfolio': 5000.0}, 2: {'claspfolio': 5000.0}, 3: {'claspfolio': 5000.0}, 4: {'claspfolio': 5000.0}, 5: {'claspfolio': 5000.0}, 6: {'claspfolio': 4041.0, 'MapleCMS': 959}, 7: {'MapleCOMSPS_DRUP': 2.28310502283105, 'glucose_hack_kiel_newScript': 70.77625570776254, 'cmsat5_main2': 2.28310502283105, 'Riss6': 4.5662100456621, 'abcdSAT_drup': 79.90867579908675, 'CHBR_glucose_tuned': 18.2648401826484, 'COMiniSatPSChandrasekharDRUP': 11.415525114155251, 'CHBR_glucose': 2.28310502283105, 'MapleGlucose': 29.680365296803654, 'gulch': 98.17351598173516, 'cmsat5_autotune2': 13.698630136986301, 'Glucose_nbSat': 6.8493150684931505, 'glue_alt': 36.5296803652968, 'claspfolio': 4500.0, 'tc_glucose': 2.28310502283105, 'YALSAT03r': 43.37899543378995, 'tb_glucose': 2.28310502283105, 'BeansAndEggs': 22.831050228310502, 'glucose': 52.51141552511415}}
% PAR10 on current test set: 20879.38 (27 instances)
% >>> 2-th iteration<<<
% Backup Solver: MapleCOMSPS_LRB_DRUP
% 
% >>> Algorithm Scheduler: Aspeed <<<
% 
% >>> 1-th iteration<<<
% Backup Solver: MapleCOMSPS_LRB_DRUP
% Input Instances for Training: 223 (-unsolvable)
% Used Instances for Training: 223 (-unsolvable)
% Train with k-NN
% PAR10 on current test set: 27678.14 (24 instances)
% >>> 2-th iteration<<<
% Backup Solver: MapleCOMSPS_LRB_DRUP
% Input Instances for Training: 223 (-unsolvable)
% Used Instances for Training: 223 (-unsolvable)
% Train with k-NN
% PAR10 on current test set: 19134.71 (24 instances)
% >>> 3-th iteration<<<
% Backup Solver: MapleCOMSPS_LRB_DRUP
% Input Instances for Training: 223 (-unsolvable)
% Used Instances for Training: 223 (-unsolvable)
% Train with k-NN
% PAR10 on current test set: 25304.16 (24 instances)
% >>> 4-th iteration<<<
% Backup Solver: MapleCOMSPS_LRB_DRUP
% Input Instances for Training: 222 (-unsolvable)
% Used Instances for Training: 222 (-unsolvable)
% Train with k-NN
% PAR10 on current test set: 22425.62 (25 instances)
% >>> 5-th iteration<<<
% Backup Solver: MapleCOMSPS_LRB_DRUP
% Input Instances for Training: 222 (-unsolvable)
% Used Instances for Training: 222 (-unsolvable)
% Train with k-NN
% PAR10 on current test set: 18381.13 (25 instances)
% >>> 6-th iteration<<<
% Backup Solver: MapleCOMSPS_LRB_DRUP
% Input Instances for Training: 222 (-unsolvable)
% Used Instances for Training: 222 (-unsolvable)
% Train with k-NN
% PAR10 on current test set: 16892.64 (25 instances)
% >>> 7-th iteration<<<
% Backup Solver: MapleCOMSPS_LRB_DRUP
% Input Instances for Training: 222 (-unsolvable)
% Used Instances for Training: 222 (-unsolvable)
% Train with k-NN
% PAR10 on current test set: 24433.23 (25 instances)
% >>> 8-th iteration<<<
% Backup Solver: MapleCOMSPS_LRB_DRUP
% Input Instances for Training: 222 (-unsolvable)
% Used Instances for Training: 222 (-unsolvable)
% Train with k-NN
% PAR10 on current test set: 28214.30 (25 instances)
% >>> 9-th iteration<<<
% Backup Solver: MapleCOMSPS_DRUP
% Input Instances for Training: 222 (-unsolvable)
% Used Instances for Training: 222 (-unsolvable)
% Train with k-NN
% PAR10 on current test set: 18831.43 (25 instances)
% >>> 10-th iteration<<<
% Backup Solver: MapleCOMSPS_LRB_DRUP
% Input Instances for Training: 222 (-unsolvable)
% Used Instances for Training: 222 (-unsolvable)
% Train with k-NN
% PAR10 on current test set: 20482.35 (25 instances)
% 
%  >>> Instances: 247 <<<
%  >>> Oracle Evaluation (w/o unsolved) <<<
% 
% Unsolved (not by any algorithm and not by feature computation): 75
% PAR1 time: 1942.024333 (608.604711)
% Par10 time: 15605.688301 (608.168664)
% #TOs: 75 (0)
% 
%  >>> Cross Fold Evaluation <<<
% 
% Presolved: 0
% Prediction ties: 0
% >>>With Unsolvable Instances
% Timeouts (with unsolved): 107
% Solved (perc) (with unsolved): 0.5668
% PAR1 (with unsolved): 2661.24
% PAR10 (with unsolved): 22155.17
% >>>Without Unsolved Instances (depends on pre-solved in feature groups)
% Timeouts (without unsolved): 32
% Solved (perc) (without unsolved): 0.8140
% PAR1 (without unsolved): 1641.43
% PAR10 (without unsolved): 10013.52
% 
% Time used by each solver: {'abcdSAT_drup': 6353.21, 'MapleGlucose': 0, 'gulch': 0, 'YALSAT03r': 0, 'glucose_hack_kiel_newScript': 0, 'cmsat5_autotune2': 9949.2, 'glue_alt': 37830.700000000004, 'BeansAndEggs': 0, 'glucose': 73260.61352393839, 'COMiniSatPSChandrasekharDRUP': 9947.32, 'MapleCMS': 15854.1, 'CHBR_glucose_tuned': 0, 'Glucose_nbSat': 0, 'Riss6': 27169.31, 'MapleCOMSPS_DRUP': 149605.68501189337, 'cmsat5_main2': 0, 'tc_glucose': 0, 'CHBR_glucose': 2984.03, 'GHackCOMSPS_DRUP': 0, 'Splatz06vmain': 2872.15, 'glueminisat.2210.81.main': 4977.91, 'MapleCOMSPS_CHB_DRUP': 0, 'MapleCOMSPS_LRB_DRUP': 198681.9023890714, 'tb_glucose': 9453.099999999999, 'Lingelingbbcmain': 95289.35999999999}
% Optimal Time used by each solver: {'abcdSAT_drup': 384194.30000000005, 'MapleGlucose': 3782.76, 'gulch': 121.94, 'YALSAT03r': 355.60001, 'glucose_hack_kiel_newScript': 10506.9, 'cmsat5_autotune2': 4559.91, 'glue_alt': 3995.16001, 'BeansAndEggs': 2417.7600400000006, 'glucose': 379.223523938398, 'COMiniSatPSChandrasekharDRUP': 701.5600000000001, 'MapleCMS': 16826.12, 'CHBR_glucose_tuned': 22.76, 'Glucose_nbSat': 2143.41, 'Riss6': 469.44, 'MapleCOMSPS_DRUP': 5823.56327807641, 'cmsat5_main2': 2525.3250695926104, 'tc_glucose': 0, 'CHBR_glucose': 464.71000000000004, 'GHackCOMSPS_DRUP': 392.16, 'Splatz06vmain': 6501.46, 'glueminisat.2210.81.main': 514.75, 'MapleCOMSPS_CHB_DRUP': 1417.79, 'MapleCOMSPS_LRB_DRUP': 13765.828322070327, 'tb_glucose': 9755.85, 'Lingelingbbcmain': 8041.7300000000005}
% src/../binaries/runsolver -w /dev/null -M 6000 -W 1000 src/../binaries/gringo src/trainer/aspeed/enc/encoding-bounded-paper-Step1.lp /pfs/tc1/gscratch/hkashgar/flexfolio/SAT2016/models/7-core/ASPEEDvc8sTp.facts -c maxsolver=100 -c optMode=1 -c maxPreSlice=500 -c cores=7 -c featTime=500
% src/../binaries/runsolver -w /dev/null -M 6000 -W 1000 src/../binaries/clasp /pfs/tc1/gscratch/hkashgar/flexfolio/SAT2016/models/7-core/GROUNDgB8rDF.gr --quiet=1,1
% 
% Schedule {1: {'claspfolio': 5000.0}, 2: {'claspfolio': 5000.0}, 3: {'claspfolio': 5000.0}, 4: {'claspfolio': 5000.0}, 5: {'claspfolio': 4166.0, 'abcdSAT_drup': 834}, 6: {'claspfolio': 4200.0, 'MapleCMS': 800}, 7: {'MapleCOMSPS_DRUP': 4, 'glucose_hack_kiel_newScript': 31, 'cmsat5_main2': 4, 'Riss6': 2, 'CHBR_glucose_tuned': 8, 'COMiniSatPSChandrasekharDRUP': 5, 'MapleGlucose': 12, 'Splatz06vmain': 596, 'gulch': 129, 'cmsat5_autotune2': 37, 'Glucose_nbSat': 3, 'glue_alt': 88, 'claspfolio': 4024.0, 'tc_glucose': 1, 'YALSAT03r': 10, 'BeansAndEggs': 23, 'glucose': 23}}
% 
% >>> End of Algorithm Scheduler <<<
% 
% Input Instances for Training: 247 (-unsolvable)
% Used Instances for Training: 247 (-unsolvable)
% Train with k-NN
% Pre-Solving schedule: {1: {'claspfolio': 5000.0}, 2: {'claspfolio': 5000.0}, 3: {'claspfolio': 5000.0}, 4: {'claspfolio': 5000.0}, 5: {'claspfolio': 4166.0, 'abcdSAT_drup': 834}, 6: {'claspfolio': 4200.0, 'MapleCMS': 800}, 7: {'MapleCOMSPS_DRUP': 4, 'glucose_hack_kiel_newScript': 31, 'cmsat5_main2': 4, 'Riss6': 2, 'CHBR_glucose_tuned': 8, 'COMiniSatPSChandrasekharDRUP': 5, 'MapleGlucose': 12, 'Splatz06vmain': 596, 'gulch': 129, 'cmsat5_autotune2': 37, 'Glucose_nbSat': 3, 'glue_alt': 88, 'claspfolio': 4024.0, 'tc_glucose': 1, 'YALSAT03r': 10, 'BeansAndEggs': 23, 'glucose': 23}}
% PAR10 on current test set: 18917.07 (27 instances)
% >>> 3-th iteration<<<
% Backup Solver: MapleCOMSPS_LRB_DRUP
% 
% >>> Algorithm Scheduler: Aspeed <<<
% 
% >>> 1-th iteration<<<
% Backup Solver: MapleCOMSPS_LRB_DRUP
% Input Instances for Training: 223 (-unsolvable)
% Used Instances for Training: 223 (-unsolvable)
% Train with k-NN
% PAR10 on current test set: 31485.14 (24 instances)
% >>> 2-th iteration<<<
% Backup Solver: MapleCOMSPS_LRB_DRUP
% Input Instances for Training: 223 (-unsolvable)
% Used Instances for Training: 223 (-unsolvable)
% Train with k-NN
% PAR10 on current test set: 27355.50 (24 instances)
% >>> 3-th iteration<<<
% Backup Solver: MapleCOMSPS_LRB_DRUP
% Input Instances for Training: 223 (-unsolvable)
% Used Instances for Training: 223 (-unsolvable)
% Train with k-NN
% PAR10 on current test set: 16939.09 (24 instances)
% >>> 4-th iteration<<<
% Backup Solver: MapleCOMSPS_LRB_DRUP
% Input Instances for Training: 222 (-unsolvable)
% Used Instances for Training: 222 (-unsolvable)
% Train with k-NN
% PAR10 on current test set: 20437.99 (25 instances)
% >>> 5-th iteration<<<
% Backup Solver: MapleCOMSPS_LRB_DRUP
% Input Instances for Training: 222 (-unsolvable)
% Used Instances for Training: 222 (-unsolvable)
% Train with k-NN
% PAR10 on current test set: 24124.63 (25 instances)
% >>> 6-th iteration<<<
% Backup Solver: MapleCOMSPS_LRB_DRUP
% Input Instances for Training: 222 (-unsolvable)
% Used Instances for Training: 222 (-unsolvable)
% Train with k-NN
% PAR10 on current test set: 18665.46 (25 instances)
% >>> 7-th iteration<<<
% Backup Solver: MapleCOMSPS_LRB_DRUP
% Input Instances for Training: 222 (-unsolvable)
% Used Instances for Training: 222 (-unsolvable)
% Train with k-NN
% PAR10 on current test set: 24383.36 (25 instances)
% >>> 8-th iteration<<<
% Backup Solver: MapleCOMSPS_LRB_DRUP
% Input Instances for Training: 222 (-unsolvable)
% Used Instances for Training: 222 (-unsolvable)
% Train with k-NN
% PAR10 on current test set: 16531.59 (25 instances)
% >>> 9-th iteration<<<
% Backup Solver: MapleCOMSPS_LRB_DRUP
% Input Instances for Training: 222 (-unsolvable)
% Used Instances for Training: 222 (-unsolvable)
% Train with k-NN
% PAR10 on current test set: 20814.58 (25 instances)
% >>> 10-th iteration<<<
% Backup Solver: MapleCOMSPS_LRB_DRUP
% Input Instances for Training: 222 (-unsolvable)
% Used Instances for Training: 222 (-unsolvable)
% Train with k-NN
% PAR10 on current test set: 14585.46 (25 instances)
% 
%  >>> Instances: 247 <<<
%  >>> Oracle Evaluation (w/o unsolved) <<<
% 
% Unsolved (not by any algorithm and not by feature computation): 74
% PAR1 time: 1926.137921 (611.306743)
% Par10 time: 15407.619703 (610.878998)
% #TOs: 74 (0)
% 
%  >>> Cross Fold Evaluation <<<
% 
% Presolved: 0
% Prediction ties: 0
% >>>With Unsolvable Instances
% Timeouts (with unsolved): 104
% Solved (perc) (with unsolved): 0.5789
% PAR1 (with unsolved): 2539.64
% PAR10 (with unsolved): 21487.00
% >>>Without Unsolved Instances (depends on pre-solved in feature groups)
% Timeouts (without unsolved): 30
% Solved (perc) (without unsolved): 0.8266
% PAR1 (without unsolved): 1487.23
% PAR10 (without unsolved): 9290.69
% 
% Time used by each solver: {'abcdSAT_drup': 50228.619999999995, 'MapleGlucose': 0, 'gulch': 0, 'YALSAT03r': 0, 'glucose_hack_kiel_newScript': 381.86, 'cmsat5_autotune2': 0, 'glue_alt': 0, 'BeansAndEggs': 0, 'glucose': 42761.13999999999, 'COMiniSatPSChandrasekharDRUP': 23505.33, 'MapleCMS': 40041.82000000001, 'CHBR_glucose_tuned': 0, 'Glucose_nbSat': 2.5, 'Riss6': 13782.0, 'MapleCOMSPS_DRUP': 140212.91660448912, 'cmsat5_main2': 0, 'tc_glucose': 0, 'CHBR_glucose': 0, 'GHackCOMSPS_DRUP': 0, 'Splatz06vmain': 0, 'glueminisat.2210.81.main': 0, 'MapleCOMSPS_CHB_DRUP': 0, 'MapleCOMSPS_LRB_DRUP': 181303.28900136202, 'tb_glucose': 20615.409999999996, 'Lingelingbbcmain': 103042.84999999998}
% Optimal Time used by each solver: {'abcdSAT_drup': 383000.37000000005, 'MapleGlucose': 3782.76, 'gulch': 123.27, 'YALSAT03r': 355.92001, 'glucose_hack_kiel_newScript': 10013.89, 'cmsat5_autotune2': 4559.91, 'glue_alt': 4002.17001, 'BeansAndEggs': 2383.680050000001, 'glucose': 398.963523938398, 'COMiniSatPSChandrasekharDRUP': 1045.22, 'MapleCMS': 16826.12, 'CHBR_glucose_tuned': 1111.99, 'Glucose_nbSat': 2143.41, 'Riss6': 438.8, 'MapleCOMSPS_DRUP': 5910.04327807641, 'cmsat5_main2': 2525.3250695926104, 'tc_glucose': 0, 'CHBR_glucose': 219.08, 'GHackCOMSPS_DRUP': 142.98000000000002, 'Splatz06vmain': 9561.49, 'glueminisat.2210.81.main': 848.95, 'MapleCOMSPS_CHB_DRUP': 1417.79, 'MapleCOMSPS_LRB_DRUP': 9898.124638572921, 'tb_glucose': 7038.84, 'Lingelingbbcmain': 8006.97}
% src/../binaries/runsolver -w /dev/null -M 6000 -W 1000 src/../binaries/gringo src/trainer/aspeed/enc/encoding-bounded-paper-Step1.lp /pfs/tc1/gscratch/hkashgar/flexfolio/SAT2016/models/7-core/ASPEED6zOHpx.facts -c maxsolver=100 -c optMode=1 -c maxPreSlice=500 -c cores=7 -c featTime=500
% src/../binaries/runsolver -w /dev/null -M 6000 -W 1000 src/../binaries/clasp /pfs/tc1/gscratch/hkashgar/flexfolio/SAT2016/models/7-core/GROUNDQfBdtN.gr --quiet=1,1
% 
% Schedule {1: {'claspfolio': 5000.0}, 2: {'claspfolio': 5000.0}, 3: {'claspfolio': 5000.0}, 4: {'claspfolio': 5000.0}, 5: {'claspfolio': 5000.0}, 6: {'claspfolio': 5000.0}, 7: {'claspfolio': 4991.0, 'YALSAT03r': 9}}
% 
% >>> End of Algorithm Scheduler <<<
% 
% Input Instances for Training: 247 (-unsolvable)
% Used Instances for Training: 247 (-unsolvable)
% Train with k-NN
% Pre-Solving schedule: {1: {'claspfolio': 5000.0}, 2: {'claspfolio': 5000.0}, 3: {'claspfolio': 5000.0}, 4: {'claspfolio': 5000.0}, 5: {'claspfolio': 5000.0}, 6: {'claspfolio': 5000.0}, 7: {'claspfolio': 4991.0, 'YALSAT03r': 9}}
% PAR10 on current test set: 24686.63 (27 instances)
% >>> 4-th iteration<<<
% Backup Solver: MapleCOMSPS_LRB_DRUP
% 
% >>> Algorithm Scheduler: Aspeed <<<
% 
% >>> 1-th iteration<<<
% Backup Solver: MapleCOMSPS_LRB_DRUP
% Input Instances for Training: 223 (-unsolvable)
% Used Instances for Training: 223 (-unsolvable)
% Train with k-NN
% PAR10 on current test set: 25500.01 (24 instances)
% >>> 2-th iteration<<<
% Backup Solver: MapleCOMSPS_DRUP
% Input Instances for Training: 223 (-unsolvable)
% Used Instances for Training: 223 (-unsolvable)
% Train with k-NN
% PAR10 on current test set: 19255.41 (24 instances)
% >>> 3-th iteration<<<
% Backup Solver: MapleCOMSPS_DRUP
% Input Instances for Training: 223 (-unsolvable)
% Used Instances for Training: 223 (-unsolvable)
% Train with k-NN
% PAR10 on current test set: 17083.98 (24 instances)
% >>> 4-th iteration<<<
% Backup Solver: MapleCOMSPS_LRB_DRUP
% Input Instances for Training: 222 (-unsolvable)
% Used Instances for Training: 222 (-unsolvable)
% Train with k-NN
% PAR10 on current test set: 22286.03 (25 instances)
% >>> 5-th iteration<<<
% Backup Solver: MapleCOMSPS_LRB_DRUP
% Input Instances for Training: 222 (-unsolvable)
% Used Instances for Training: 222 (-unsolvable)
% Train with k-NN
% PAR10 on current test set: 24423.66 (25 instances)
% >>> 6-th iteration<<<
% Backup Solver: MapleCOMSPS_LRB_DRUP
% Input Instances for Training: 222 (-unsolvable)
% Used Instances for Training: 222 (-unsolvable)
% Train with k-NN
% PAR10 on current test set: 22202.52 (25 instances)
% >>> 7-th iteration<<<
% Backup Solver: MapleCOMSPS_LRB_DRUP
% Input Instances for Training: 222 (-unsolvable)
% Used Instances for Training: 222 (-unsolvable)
% Train with k-NN
% PAR10 on current test set: 28517.22 (25 instances)
% >>> 8-th iteration<<<
% Backup Solver: MapleCOMSPS_LRB_DRUP
% Input Instances for Training: 222 (-unsolvable)
% Used Instances for Training: 222 (-unsolvable)
% Train with k-NN
% PAR10 on current test set: 28210.64 (25 instances)
% >>> 9-th iteration<<<
% Backup Solver: MapleCOMSPS_DRUP
% Input Instances for Training: 222 (-unsolvable)
% Used Instances for Training: 222 (-unsolvable)
% Train with k-NN
% PAR10 on current test set: 16839.82 (25 instances)
% >>> 10-th iteration<<<
% Backup Solver: MapleCOMSPS_LRB_DRUP
% Input Instances for Training: 222 (-unsolvable)
% Used Instances for Training: 222 (-unsolvable)
% Train with k-NN
% PAR10 on current test set: 22397.60 (25 instances)
% 
%  >>> Instances: 247 <<<
%  >>> Oracle Evaluation (w/o unsolved) <<<
% 
% Unsolved (not by any algorithm and not by feature computation): 73
% PAR1 time: 1892.032997 (588.115806)
% Par10 time: 15191.332592 (587.696266)
% #TOs: 73 (0)
% 
%  >>> Cross Fold Evaluation <<<
% 
% Presolved: 0
% Prediction ties: 0
% >>>With Unsolvable Instances
% Timeouts (with unsolved): 110
% Solved (perc) (with unsolved): 0.5547
% PAR1 (with unsolved): 2656.21
% PAR10 (with unsolved): 22696.69
% >>>Without Unsolved Instances (depends on pre-solved in feature groups)
% Timeouts (without unsolved): 37
% Solved (perc) (without unsolved): 0.7874
% PAR1 (without unsolved): 1672.89
% PAR10 (without unsolved): 11241.86
% 
% Time used by each solver: {'abcdSAT_drup': 26551.410000000003, 'MapleGlucose': 0, 'gulch': 0, 'YALSAT03r': 0, 'glucose_hack_kiel_newScript': 10090.279999999999, 'cmsat5_autotune2': 0, 'glue_alt': 40087.9, 'BeansAndEggs': 0, 'glucose': 63234.513523938396, 'COMiniSatPSChandrasekharDRUP': 30754.67, 'MapleCMS': 21054.74, 'CHBR_glucose_tuned': 255.0, 'Glucose_nbSat': 0, 'Riss6': 26146.41, 'MapleCOMSPS_DRUP': 143057.18501189337, 'cmsat5_main2': 0, 'tc_glucose': 0, 'CHBR_glucose': 2984.03, 'GHackCOMSPS_DRUP': 0, 'Splatz06vmain': 4999.15, 'glueminisat.2210.81.main': 0, 'MapleCOMSPS_CHB_DRUP': 0, 'MapleCOMSPS_LRB_DRUP': 123016.27418132297, 'tb_glucose': 31981.98, 'Lingelingbbcmain': 118822.09999999998}
% Optimal Time used by each solver: {'abcdSAT_drup': 377999.37000000005, 'MapleGlucose': 3591.51, 'gulch': 115.11, 'YALSAT03r': 355.92001, 'glucose_hack_kiel_newScript': 10460.29, 'cmsat5_autotune2': 4559.91, 'glue_alt': 4002.1700100000003, 'BeansAndEggs': 2413.090050000001, 'glucose': 398.963523938398, 'COMiniSatPSChandrasekharDRUP': 869.69, 'MapleCMS': 12311.509999999998, 'CHBR_glucose_tuned': 1111.99, 'Glucose_nbSat': 2143.41, 'Riss6': 580.6999999999999, 'MapleCOMSPS_DRUP': 5910.04327807641, 'cmsat5_main2': 1648.8550695926099, 'tc_glucose': 0, 'CHBR_glucose': 464.71000000000004, 'GHackCOMSPS_DRUP': 362.36, 'Splatz06vmain': 10947.58, 'glueminisat.2210.81.main': 848.95, 'MapleCOMSPS_CHB_DRUP': 416.57, 'MapleCOMSPS_LRB_DRUP': 7495.638322070332, 'tb_glucose': 10282.08, 'Lingelingbbcmain': 8041.7300000000005}
% src/../binaries/runsolver -w /dev/null -M 6000 -W 1000 src/../binaries/gringo src/trainer/aspeed/enc/encoding-bounded-paper-Step1.lp /pfs/tc1/gscratch/hkashgar/flexfolio/SAT2016/models/7-core/ASPEEDrc9xrO.facts -c maxsolver=100 -c optMode=1 -c maxPreSlice=500 -c cores=7 -c featTime=500
% src/../binaries/runsolver -w /dev/null -M 6000 -W 1000 src/../binaries/clasp /pfs/tc1/gscratch/hkashgar/flexfolio/SAT2016/models/7-core/GROUND3nO9Vp.gr --quiet=1,1
% 
% Schedule {1: {'claspfolio': 5000.0}, 2: {'claspfolio': 4325.0, 'Lingelingbbcmain': 675}, 3: {'claspfolio': 4500.0, 'MapleGlucose': 500.0}, 4: {'claspfolio': 4117.0, 'Riss6': 883}, 5: {'claspfolio': 4430.0, 'BeansAndEggs': 570}, 6: {'claspfolio': 4254.0, 'GHackCOMSPS_DRUP': 369, 'glucose': 377}, 7: {'MapleCOMSPS_DRUP': 10.121457489878543, 'glucose_hack_kiel_newScript': 42.51012145748987, 'cmsat5_main2': 12.145748987854251, 'tc_glucose': 6.0728744939271255, 'abcdSAT_drup': 70.85020242914979, 'CHBR_glucose_tuned': 16.194331983805668, 'COMiniSatPSChandrasekharDRUP': 10.121457489878543, 'MapleCMS': 16.194331983805668, 'CHBR_glucose': 8.097165991902834, 'Splatz06vmain': 2.0242914979757085, 'gulch': 113.36032388663968, 'cmsat5_autotune2': 10.121457489878543, 'Glucose_nbSat': 6.0728744939271255, 'glue_alt': 135.6275303643725, 'claspfolio': 4500.0, 'YALSAT03r': 38.46153846153847, 'tb_glucose': 2.0242914979757085}}
% 
% >>> End of Algorithm Scheduler <<<
% 
% Input Instances for Training: 247 (-unsolvable)
% Used Instances for Training: 247 (-unsolvable)
% Train with k-NN
% Pre-Solving schedule: {1: {'claspfolio': 5000.0}, 2: {'claspfolio': 4325.0, 'Lingelingbbcmain': 675}, 3: {'claspfolio': 4500.0, 'MapleGlucose': 500.0}, 4: {'claspfolio': 4117.0, 'Riss6': 883}, 5: {'claspfolio': 4430.0, 'BeansAndEggs': 570}, 6: {'claspfolio': 4254.0, 'GHackCOMSPS_DRUP': 369, 'glucose': 377}, 7: {'MapleCOMSPS_DRUP': 10.121457489878543, 'glucose_hack_kiel_newScript': 42.51012145748987, 'cmsat5_main2': 12.145748987854251, 'tc_glucose': 6.0728744939271255, 'abcdSAT_drup': 70.85020242914979, 'CHBR_glucose_tuned': 16.194331983805668, 'COMiniSatPSChandrasekharDRUP': 10.121457489878543, 'MapleCMS': 16.194331983805668, 'CHBR_glucose': 8.097165991902834, 'Splatz06vmain': 2.0242914979757085, 'gulch': 113.36032388663968, 'cmsat5_autotune2': 10.121457489878543, 'Glucose_nbSat': 6.0728744939271255, 'glue_alt': 135.6275303643725, 'claspfolio': 4500.0, 'YALSAT03r': 38.46153846153847, 'tb_glucose': 2.0242914979757085}}
% PAR10 on current test set: 22458.57 (27 instances)
% >>> 5-th iteration<<<
% Backup Solver: MapleCOMSPS_DRUP
% 
% >>> Algorithm Scheduler: Aspeed <<<
% 
% >>> 1-th iteration<<<
% Backup Solver: MapleCOMSPS_LRB_DRUP
% Input Instances for Training: 223 (-unsolvable)
% Used Instances for Training: 223 (-unsolvable)
% Train with k-NN
% PAR10 on current test set: 31540.14 (24 instances)
% >>> 2-th iteration<<<
% Backup Solver: MapleCOMSPS_LRB_DRUP
% Input Instances for Training: 223 (-unsolvable)
% Used Instances for Training: 223 (-unsolvable)
% Train with k-NN
% PAR10 on current test set: 23117.05 (24 instances)
% >>> 3-th iteration<<<
% Backup Solver: MapleCOMSPS_DRUP
% Input Instances for Training: 223 (-unsolvable)
% Used Instances for Training: 223 (-unsolvable)
% Train with k-NN
% PAR10 on current test set: 15070.93 (24 instances)
% >>> 4-th iteration<<<
% Backup Solver: MapleCOMSPS_LRB_DRUP
% Input Instances for Training: 222 (-unsolvable)
% Used Instances for Training: 222 (-unsolvable)
% Train with k-NN
% PAR10 on current test set: 24438.05 (25 instances)
% >>> 5-th iteration<<<
% Backup Solver: MapleCOMSPS_DRUP
% Input Instances for Training: 222 (-unsolvable)
% Used Instances for Training: 222 (-unsolvable)
% Train with k-NN
% PAR10 on current test set: 22497.97 (25 instances)
% >>> 6-th iteration<<<
% Backup Solver: MapleCOMSPS_DRUP
% Input Instances for Training: 222 (-unsolvable)
% Used Instances for Training: 222 (-unsolvable)
% Train with k-NN
% PAR10 on current test set: 20304.23 (25 instances)
% >>> 7-th iteration<<<
% Backup Solver: MapleCOMSPS_DRUP
% Input Instances for Training: 222 (-unsolvable)
% Used Instances for Training: 222 (-unsolvable)
% Train with k-NN
% PAR10 on current test set: 22907.85 (25 instances)
% >>> 8-th iteration<<<
% Backup Solver: MapleCOMSPS_LRB_DRUP
% Input Instances for Training: 222 (-unsolvable)
% Used Instances for Training: 222 (-unsolvable)
% Train with k-NN
% PAR10 on current test set: 26367.30 (25 instances)
% >>> 9-th iteration<<<
% Backup Solver: MapleCOMSPS_DRUP
% Input Instances for Training: 222 (-unsolvable)
% Used Instances for Training: 222 (-unsolvable)
% Train with k-NN
% PAR10 on current test set: 20823.28 (25 instances)
% >>> 10-th iteration<<<
% Backup Solver: MapleCOMSPS_DRUP
% Input Instances for Training: 222 (-unsolvable)
% Used Instances for Training: 222 (-unsolvable)
% Train with k-NN
% PAR10 on current test set: 18342.19 (25 instances)
% 
%  >>> Instances: 247 <<<
%  >>> Oracle Evaluation (w/o unsolved) <<<
% 
% Unsolved (not by any algorithm and not by feature computation): 76
% PAR1 time: 1934.510406 (572.070586)
% Par10 time: 15780.356560 (571.626142)
% #TOs: 76 (0)
% 
%  >>> Cross Fold Evaluation <<<
% 
% Presolved: 0
% Prediction ties: 0
% >>>With Unsolvable Instances
% Timeouts (with unsolved): 109
% Solved (perc) (with unsolved): 0.5587
% PAR1 (with unsolved): 2674.08
% PAR10 (with unsolved): 22532.38
% >>>Without Unsolved Instances (depends on pre-solved in feature groups)
% Timeouts (without unsolved): 33
% Solved (perc) (without unsolved): 0.8070
% PAR1 (without unsolved): 1640.33
% PAR10 (without unsolved): 10324.54
% 
% Time used by each solver: {'abcdSAT_drup': 36088.96000000001, 'MapleGlucose': 0, 'gulch': 0, 'YALSAT03r': 0, 'glucose_hack_kiel_newScript': 46.09, 'cmsat5_autotune2': 5204.75, 'glue_alt': 12046.470000000001, 'BeansAndEggs': 208.1, 'glucose': 40473.950000000004, 'COMiniSatPSChandrasekharDRUP': 50490.36001, 'MapleCMS': 0, 'CHBR_glucose_tuned': 105.91, 'Glucose_nbSat': 0, 'Riss6': 3806.42, 'MapleCOMSPS_DRUP': 154278.48765665712, 'cmsat5_main2': 0, 'tc_glucose': 0, 'CHBR_glucose': 2984.03, 'GHackCOMSPS_DRUP': 0, 'Splatz06vmain': 58050.45000000001, 'glueminisat.2210.81.main': 4979.71, 'MapleCOMSPS_CHB_DRUP': 0, 'MapleCOMSPS_LRB_DRUP': 114966.36151646357, 'tb_glucose': 26549.470000000005, 'Lingelingbbcmain': 137478.84}
% Optimal Time used by each solver: {'abcdSAT_drup': 388513.1400000001, 'MapleGlucose': 245.01, 'gulch': 123.27, 'YALSAT03r': 354.67000999999993, 'glucose_hack_kiel_newScript': 5325.71, 'cmsat5_autotune2': 4559.91, 'glue_alt': 4002.1700100000003, 'BeansAndEggs': 2417.760050000001, 'glucose': 398.963523938398, 'COMiniSatPSChandrasekharDRUP': 1045.22, 'MapleCMS': 16111.529999999999, 'CHBR_glucose_tuned': 1111.99, 'Glucose_nbSat': 0, 'Riss6': 290.46, 'MapleCOMSPS_DRUP': 5834.03327807641, 'cmsat5_main2': 2525.3250695926104, 'tc_glucose': 0, 'CHBR_glucose': 250.65, 'GHackCOMSPS_DRUP': 390.93, 'Splatz06vmain': 10335.71, 'glueminisat.2210.81.main': 848.95, 'MapleCOMSPS_CHB_DRUP': 1387.92, 'MapleCOMSPS_LRB_DRUP': 13366.268322070331, 'tb_glucose': 10342.75, 'Lingelingbbcmain': 8041.7300000000005}
% src/../binaries/runsolver -w /dev/null -M 6000 -W 1000 src/../binaries/gringo src/trainer/aspeed/enc/encoding-bounded-paper-Step1.lp /pfs/tc1/gscratch/hkashgar/flexfolio/SAT2016/models/7-core/ASPEED4JijD0.facts -c maxsolver=100 -c optMode=1 -c maxPreSlice=500 -c cores=7 -c featTime=500
% src/../binaries/runsolver -w /dev/null -M 6000 -W 1000 src/../binaries/clasp /pfs/tc1/gscratch/hkashgar/flexfolio/SAT2016/models/7-core/GROUNDA5Gpd7.gr --quiet=1,1
% 
% Schedule {1: {'claspfolio': 5000.0}, 2: {'claspfolio': 5000.0}, 3: {'claspfolio': 5000.0}, 4: {'claspfolio': 4077.0, 'Lingelingbbcmain': 923}, 5: {'claspfolio': 4500.0, 'GHackCOMSPS_DRUP': 500.0}, 6: {'claspfolio': 4889.0, 'Riss6': 111}, 7: {'glucose_hack_kiel_newScript': 184, 'abcdSAT_drup': 35, 'CHBR_glucose_tuned': 3, 'COMiniSatPSChandrasekharDRUP': 8, 'MapleCMS': 3, 'MapleGlucose': 6, 'Splatz06vmain': 312, 'gulch': 43, 'cmsat5_autotune2': 37, 'Glucose_nbSat': 1, 'glue_alt': 67, 'claspfolio': 4226.0, 'YALSAT03r': 45, 'BeansAndEggs': 1, 'glucose': 29}}
% 
% >>> End of Algorithm Scheduler <<<
% 
% Input Instances for Training: 247 (-unsolvable)
% Used Instances for Training: 247 (-unsolvable)
% Train with k-NN
% Pre-Solving schedule: {1: {'claspfolio': 5000.0}, 2: {'claspfolio': 5000.0}, 3: {'claspfolio': 5000.0}, 4: {'claspfolio': 4077.0, 'Lingelingbbcmain': 923}, 5: {'claspfolio': 4500.0, 'GHackCOMSPS_DRUP': 500.0}, 6: {'claspfolio': 4889.0, 'Riss6': 111}, 7: {'glucose_hack_kiel_newScript': 184, 'abcdSAT_drup': 35, 'CHBR_glucose_tuned': 3, 'COMiniSatPSChandrasekharDRUP': 8, 'MapleCMS': 3, 'MapleGlucose': 6, 'Splatz06vmain': 312, 'gulch': 43, 'cmsat5_autotune2': 37, 'Glucose_nbSat': 1, 'glue_alt': 67, 'claspfolio': 4226.0, 'YALSAT03r': 45, 'BeansAndEggs': 1, 'glucose': 29}}
% PAR10 on current test set: 22958.12 (27 instances)
% >>> 6-th iteration<<<
% Backup Solver: MapleCOMSPS_LRB_DRUP
% 
% >>> Algorithm Scheduler: Aspeed <<<
% 
% >>> 1-th iteration<<<
% Backup Solver: MapleCOMSPS_LRB_DRUP
% Input Instances for Training: 223 (-unsolvable)
% Used Instances for Training: 223 (-unsolvable)
% Train with k-NN
% PAR10 on current test set: 21112.46 (24 instances)
% >>> 2-th iteration<<<
% Backup Solver: MapleCOMSPS_LRB_DRUP
% Input Instances for Training: 223 (-unsolvable)
% Used Instances for Training: 223 (-unsolvable)
% Train with k-NN
% PAR10 on current test set: 21074.26 (24 instances)
% >>> 3-th iteration<<<
% Backup Solver: MapleCOMSPS_LRB_DRUP
% Input Instances for Training: 223 (-unsolvable)
% Used Instances for Training: 223 (-unsolvable)
% Train with k-NN
% PAR10 on current test set: 17279.23 (24 instances)
% >>> 4-th iteration<<<
% Backup Solver: MapleCOMSPS_LRB_DRUP
% Input Instances for Training: 222 (-unsolvable)
% Used Instances for Training: 222 (-unsolvable)
% Train with k-NN
% PAR10 on current test set: 22350.18 (25 instances)
% >>> 5-th iteration<<<
% Backup Solver: MapleCOMSPS_LRB_DRUP
% Input Instances for Training: 222 (-unsolvable)
% Used Instances for Training: 222 (-unsolvable)
% Train with k-NN
% PAR10 on current test set: 22698.22 (25 instances)
% >>> 6-th iteration<<<
% Backup Solver: MapleCOMSPS_LRB_DRUP
% Input Instances for Training: 222 (-unsolvable)
% Used Instances for Training: 222 (-unsolvable)
% Train with k-NN
% PAR10 on current test set: 22407.63 (25 instances)
% >>> 7-th iteration<<<
% Backup Solver: MapleCOMSPS_LRB_DRUP
% Input Instances for Training: 222 (-unsolvable)
% Used Instances for Training: 222 (-unsolvable)
% Train with k-NN
% PAR10 on current test set: 20737.79 (25 instances)
% >>> 8-th iteration<<<
% Backup Solver: MapleCOMSPS_LRB_DRUP
% Input Instances for Training: 222 (-unsolvable)
% Used Instances for Training: 222 (-unsolvable)
% Train with k-NN
% PAR10 on current test set: 34371.72 (25 instances)
% >>> 9-th iteration<<<
% Backup Solver: MapleCOMSPS_LRB_DRUP
% Input Instances for Training: 222 (-unsolvable)
% Used Instances for Training: 222 (-unsolvable)
% Train with k-NN
% PAR10 on current test set: 20672.02 (25 instances)
% >>> 10-th iteration<<<
% Backup Solver: MapleCOMSPS_LRB_DRUP
% Input Instances for Training: 222 (-unsolvable)
% Used Instances for Training: 222 (-unsolvable)
% Train with k-NN
% PAR10 on current test set: 18298.10 (25 instances)
% 
%  >>> Instances: 247 <<<
%  >>> Oracle Evaluation (w/o unsolved) <<<
% 
% Unsolved (not by any algorithm and not by feature computation): 75
% PAR1 time: 1930.937815 (592.683955)
% Par10 time: 15594.601782 (592.247909)
% #TOs: 75 (0)
% 
%  >>> Cross Fold Evaluation <<<
% 
% Presolved: 0
% Prediction ties: 0
% >>>With Unsolvable Instances
% Timeouts (with unsolved): 107
% Solved (perc) (with unsolved): 0.5668
% PAR1 (with unsolved): 2633.90
% PAR10 (with unsolved): 22127.83
% >>>Without Unsolved Instances (depends on pre-solved in feature groups)
% Timeouts (without unsolved): 32
% Solved (perc) (without unsolved): 0.8140
% PAR1 (without unsolved): 1602.18
% PAR10 (without unsolved): 9974.27
% 
% Time used by each solver: {'abcdSAT_drup': 10808.31, 'MapleGlucose': 0, 'gulch': 0, 'YALSAT03r': 0, 'glucose_hack_kiel_newScript': 5122.89, 'cmsat5_autotune2': 9954.77, 'glue_alt': 24959.75, 'BeansAndEggs': 208.1, 'glucose': 80067.33352393837, 'COMiniSatPSChandrasekharDRUP': 15089.39, 'MapleCMS': 11451.920000000002, 'CHBR_glucose_tuned': 12249.61, 'Glucose_nbSat': 0, 'Riss6': 29442.140000000007, 'MapleCOMSPS_DRUP': 98709.1368654555, 'cmsat5_main2': 0, 'tc_glucose': 0, 'CHBR_glucose': 0, 'GHackCOMSPS_DRUP': 0, 'Splatz06vmain': 40705.62, 'glueminisat.2210.81.main': 0, 'MapleCOMSPS_CHB_DRUP': 12.45, 'MapleCOMSPS_LRB_DRUP': 207999.07418132297, 'tb_glucose': 17070.449999999997, 'Lingelingbbcmain': 73200.19000000002}
% Optimal Time used by each solver: {'abcdSAT_drup': 385688.4100000001, 'MapleGlucose': 3776.96, 'gulch': 10.77, 'YALSAT03r': 346.4300099999999, 'glucose_hack_kiel_newScript': 5724.11, 'cmsat5_autotune2': 3903.26, 'glue_alt': 2144.0700100000004, 'BeansAndEggs': 2416.420050000001, 'glucose': 398.963523938398, 'COMiniSatPSChandrasekharDRUP': 1045.22, 'MapleCMS': 16501.969999999998, 'CHBR_glucose_tuned': 1111.99, 'Glucose_nbSat': 2143.41, 'Riss6': 580.6999999999999, 'MapleCOMSPS_DRUP': 5910.04327807641, 'cmsat5_main2': 2525.3250695926104, 'tc_glucose': 0, 'CHBR_glucose': 459.69, 'GHackCOMSPS_DRUP': 392.16, 'Splatz06vmain': 10947.289999999999, 'glueminisat.2210.81.main': 848.95, 'MapleCOMSPS_CHB_DRUP': 1329.8000000000002, 'MapleCOMSPS_LRB_DRUP': 13765.82832207033, 'tb_glucose': 6928.14, 'Lingelingbbcmain': 8041.7300000000005}
% src/../binaries/runsolver -w /dev/null -M 6000 -W 1000 src/../binaries/gringo src/trainer/aspeed/enc/encoding-bounded-paper-Step1.lp /pfs/tc1/gscratch/hkashgar/flexfolio/SAT2016/models/7-core/ASPEEDJN9LJU.facts -c maxsolver=100 -c optMode=1 -c maxPreSlice=500 -c cores=7 -c featTime=500
% src/../binaries/runsolver -w /dev/null -M 6000 -W 1000 src/../binaries/clasp /pfs/tc1/gscratch/hkashgar/flexfolio/SAT2016/models/7-core/GROUND4twHHm.gr --quiet=1,1
% 
% Schedule {1: {'claspfolio': 5000.0}, 2: {'claspfolio': 5000.0}, 3: {'claspfolio': 5000.0}, 4: {'claspfolio': 5000.0}, 5: {'claspfolio': 4131.0, 'MapleCMS': 869}, 6: {'claspfolio': 4390.0, 'MapleCOMSPS_DRUP': 297, 'YALSAT03r': 313}, 7: {'glucose_hack_kiel_newScript': 60, 'Riss6': 2, 'abcdSAT_drup': 35, 'CHBR_glucose_tuned': 4, 'COMiniSatPSChandrasekharDRUP': 12, 'MapleGlucose': 12, 'Splatz06vmain': 309, 'gulch': 56, 'cmsat5_autotune2': 37, 'Glucose_nbSat': 1, 'glue_alt': 88, 'claspfolio': 4370.0, 'BeansAndEggs': 2, 'glucose': 12}}
% 
% >>> End of Algorithm Scheduler <<<
% 
% Input Instances for Training: 247 (-unsolvable)
% Used Instances for Training: 247 (-unsolvable)
% Train with k-NN
% Pre-Solving schedule: {1: {'claspfolio': 5000.0}, 2: {'claspfolio': 5000.0}, 3: {'claspfolio': 5000.0}, 4: {'claspfolio': 5000.0}, 5: {'claspfolio': 4131.0, 'MapleCMS': 869}, 6: {'claspfolio': 4390.0, 'MapleCOMSPS_DRUP': 297, 'YALSAT03r': 313}, 7: {'glucose_hack_kiel_newScript': 60, 'Riss6': 2, 'abcdSAT_drup': 35, 'CHBR_glucose_tuned': 4, 'COMiniSatPSChandrasekharDRUP': 12, 'MapleGlucose': 12, 'Splatz06vmain': 309, 'gulch': 56, 'cmsat5_autotune2': 37, 'Glucose_nbSat': 1, 'glue_alt': 88, 'claspfolio': 4370.0, 'BeansAndEggs': 2, 'glucose': 12}}
% PAR10 on current test set: 17279.43 (27 instances)
% >>> 7-th iteration<<<
% Backup Solver: MapleCOMSPS_LRB_DRUP
% 
% >>> Algorithm Scheduler: Aspeed <<<
% 
% >>> 1-th iteration<<<
% Backup Solver: MapleCOMSPS_LRB_DRUP
% Input Instances for Training: 222 (-unsolvable)
% Used Instances for Training: 222 (-unsolvable)
% Train with k-NN
% PAR10 on current test set: 27561.43 (24 instances)
% >>> 2-th iteration<<<
% Backup Solver: MapleCOMSPS_LRB_DRUP
% Input Instances for Training: 222 (-unsolvable)
% Used Instances for Training: 222 (-unsolvable)
% Train with k-NN
% PAR10 on current test set: 25411.91 (24 instances)
% >>> 3-th iteration<<<
% Backup Solver: MapleCOMSPS_LRB_DRUP
% Input Instances for Training: 222 (-unsolvable)
% Used Instances for Training: 222 (-unsolvable)
% Train with k-NN
% PAR10 on current test set: 23072.09 (24 instances)
% >>> 4-th iteration<<<
% Backup Solver: MapleCOMSPS_LRB_DRUP
% Input Instances for Training: 222 (-unsolvable)
% Used Instances for Training: 222 (-unsolvable)
% Train with k-NN
% PAR10 on current test set: 17207.72 (24 instances)
% >>> 5-th iteration<<<
% Backup Solver: MapleCOMSPS_LRB_DRUP
% Input Instances for Training: 221 (-unsolvable)
% Used Instances for Training: 221 (-unsolvable)
% Train with k-NN
% PAR10 on current test set: 18507.47 (25 instances)
% >>> 6-th iteration<<<
% Backup Solver: MapleCOMSPS_LRB_DRUP
% Input Instances for Training: 221 (-unsolvable)
% Used Instances for Training: 221 (-unsolvable)
% Train with k-NN
% PAR10 on current test set: 20567.72 (25 instances)
% >>> 7-th iteration<<<
% Backup Solver: MapleCOMSPS_LRB_DRUP
% Input Instances for Training: 221 (-unsolvable)
% Used Instances for Training: 221 (-unsolvable)
% Train with k-NN
% PAR10 on current test set: 26506.17 (25 instances)
% >>> 8-th iteration<<<
% Backup Solver: MapleCOMSPS_LRB_DRUP
% Input Instances for Training: 221 (-unsolvable)
% Used Instances for Training: 221 (-unsolvable)
% Train with k-NN
% PAR10 on current test set: 24733.49 (25 instances)
% >>> 9-th iteration<<<
% Backup Solver: MapleCOMSPS_LRB_DRUP
% Input Instances for Training: 221 (-unsolvable)
% Used Instances for Training: 221 (-unsolvable)
% Train with k-NN
% PAR10 on current test set: 16547.24 (25 instances)
% >>> 10-th iteration<<<
% Backup Solver: MapleCOMSPS_LRB_DRUP
% Input Instances for Training: 221 (-unsolvable)
% Used Instances for Training: 221 (-unsolvable)
% Train with k-NN
% PAR10 on current test set: 24326.41 (25 instances)
% 
%  >>> Instances: 246 <<<
%  >>> Oracle Evaluation (w/o unsolved) <<<
% 
% Unsolved (not by any algorithm and not by feature computation): 75
% PAR1 time: 1958.725895 (624.833744)
% Par10 time: 15677.933212 (624.395148)
% #TOs: 75 (0)
% 
%  >>> Cross Fold Evaluation <<<
% 
% Presolved: 0
% Prediction ties: 0
% >>>With Unsolvable Instances
% Timeouts (with unsolved): 108
% Solved (perc) (with unsolved): 0.5610
% PAR1 (with unsolved): 2673.94
% PAR10 (with unsolved): 22430.03
% >>>Without Unsolved Instances (depends on pre-solved in feature groups)
% Timeouts (without unsolved): 33
% Solved (perc) (without unsolved): 0.8070
% PAR1 (without unsolved): 1653.73
% PAR10 (without unsolved): 10337.94
% 
% Time used by each solver: {'abcdSAT_drup': 26814.739999999998, 'MapleGlucose': 0, 'gulch': 0, 'YALSAT03r': 0, 'glucose_hack_kiel_newScript': 5451.049999999999, 'cmsat5_autotune2': 3584.59, 'glue_alt': 38937.81999999999, 'BeansAndEggs': 0, 'glucose': 93815.38999999998, 'COMiniSatPSChandrasekharDRUP': 46745.719999999994, 'MapleCMS': 14891.800000000001, 'CHBR_glucose_tuned': 254.2, 'Glucose_nbSat': 4971.6, 'Riss6': 19052.67, 'MapleCOMSPS_DRUP': 34843.19686545548, 'cmsat5_main2': 0, 'tc_glucose': 0, 'CHBR_glucose': 2984.03, 'GHackCOMSPS_DRUP': 0, 'Splatz06vmain': 32853.16, 'glueminisat.2210.81.main': 4977.57, 'MapleCOMSPS_CHB_DRUP': 0, 'MapleCOMSPS_LRB_DRUP': 209888.18857879535, 'tb_glucose': 46875.32, 'Lingelingbbcmain': 57618.38999999999}
% Optimal Time used by each solver: {'abcdSAT_drup': 386946.85000000003, 'MapleGlucose': 3782.76, 'gulch': 123.27, 'YALSAT03r': 355.91000999999994, 'glucose_hack_kiel_newScript': 10503.599999999999, 'cmsat5_autotune2': 4559.91, 'glue_alt': 4002.1700100000003, 'BeansAndEggs': 2417.7600500000012, 'glucose': 398.963523938398, 'COMiniSatPSChandrasekharDRUP': 1021.4700000000001, 'MapleCMS': 16826.12, 'CHBR_glucose_tuned': 1089.23, 'Glucose_nbSat': 2143.41, 'Riss6': 580.6999999999999, 'MapleCOMSPS_DRUP': 4523.30327807641, 'cmsat5_main2': 2525.3250695926104, 'tc_glucose': 0, 'CHBR_glucose': 464.71000000000004, 'GHackCOMSPS_DRUP': 391.35, 'Splatz06vmain': 10947.58, 'glueminisat.2210.81.main': 718.8800000000001, 'MapleCOMSPS_CHB_DRUP': 1417.79, 'MapleCOMSPS_LRB_DRUP': 13658.098322070327, 'tb_glucose': 8378.089999999998, 'Lingelingbbcmain': 4069.3199999999997}
% src/../binaries/runsolver -w /dev/null -M 6000 -W 1000 src/../binaries/gringo src/trainer/aspeed/enc/encoding-bounded-paper-Step1.lp /pfs/tc1/gscratch/hkashgar/flexfolio/SAT2016/models/7-core/ASPEEDcH6s8E.facts -c maxsolver=100 -c optMode=1 -c maxPreSlice=500 -c cores=7 -c featTime=500
% src/../binaries/runsolver -w /dev/null -M 6000 -W 1000 src/../binaries/clasp /pfs/tc1/gscratch/hkashgar/flexfolio/SAT2016/models/7-core/GROUNDUSIUBO.gr --quiet=1,1
% 
% Schedule {1: {'claspfolio': 5000.0}, 2: {'claspfolio': 5000.0}, 3: {'claspfolio': 4109.0, 'COMiniSatPSChandrasekharDRUP': 81, 'Splatz06vmain': 468, 'MapleCOMSPS_DRUP': 342}, 4: {'claspfolio': 5000.0}, 5: {'CHBR_glucose': 363.6363636363636, 'GHackCOMSPS_DRUP': 11.363636363636363, 'MapleCOMSPS_CHB_DRUP': 45.45454545454545, 'claspfolio': 4500.0, 'Lingelingbbcmain': 22.727272727272727, 'tb_glucose': 45.45454545454545, 'MapleCOMSPS_LRB_DRUP': 11.363636363636363}, 6: {'cmsat5_main2': 2, 'tc_glucose': 2, 'Riss6': 14, 'CHBR_glucose_tuned': 103, 'Glucose_nbSat': 31, 'claspfolio': 4787.0, 'glucose': 61}, 7: {'glucose_hack_kiel_newScript': 18, 'abcdSAT_drup': 7, 'MapleCMS': 917, 'MapleGlucose': 12, 'gulch': 18, 'cmsat5_autotune2': 9, 'glue_alt': 8, 'claspfolio': 4000.0, 'YALSAT03r': 10, 'BeansAndEggs': 1}}
% 
% >>> End of Algorithm Scheduler <<<
% 
% Input Instances for Training: 246 (-unsolvable)
% Used Instances for Training: 246 (-unsolvable)
% Train with k-NN
% Pre-Solving schedule: {1: {'claspfolio': 5000.0}, 2: {'claspfolio': 5000.0}, 3: {'claspfolio': 4109.0, 'COMiniSatPSChandrasekharDRUP': 81, 'Splatz06vmain': 468, 'MapleCOMSPS_DRUP': 342}, 4: {'claspfolio': 5000.0}, 5: {'CHBR_glucose': 363.6363636363636, 'GHackCOMSPS_DRUP': 11.363636363636363, 'MapleCOMSPS_CHB_DRUP': 45.45454545454545, 'claspfolio': 4500.0, 'Lingelingbbcmain': 22.727272727272727, 'tb_glucose': 45.45454545454545, 'MapleCOMSPS_LRB_DRUP': 11.363636363636363}, 6: {'cmsat5_main2': 2, 'tc_glucose': 2, 'Riss6': 14, 'CHBR_glucose_tuned': 103, 'Glucose_nbSat': 31, 'claspfolio': 4787.0, 'glucose': 61}, 7: {'glucose_hack_kiel_newScript': 18, 'abcdSAT_drup': 7, 'MapleCMS': 917, 'MapleGlucose': 12, 'gulch': 18, 'cmsat5_autotune2': 9, 'glue_alt': 8, 'claspfolio': 4000.0, 'YALSAT03r': 10, 'BeansAndEggs': 1}}
% PAR10 on current test set: 18221.63 (28 instances)
% >>> 8-th iteration<<<
% Backup Solver: MapleCOMSPS_LRB_DRUP
% 
% >>> Algorithm Scheduler: Aspeed <<<
% 
% >>> 1-th iteration<<<
% Backup Solver: MapleCOMSPS_LRB_DRUP
% Input Instances for Training: 222 (-unsolvable)
% Used Instances for Training: 222 (-unsolvable)
% Train with k-NN
% PAR10 on current test set: 25352.98 (24 instances)
% >>> 2-th iteration<<<
% Backup Solver: MapleCOMSPS_LRB_DRUP
% Input Instances for Training: 222 (-unsolvable)
% Used Instances for Training: 222 (-unsolvable)
% Train with k-NN
% PAR10 on current test set: 23428.13 (24 instances)
% >>> 3-th iteration<<<
% Backup Solver: MapleCOMSPS_LRB_DRUP
% Input Instances for Training: 222 (-unsolvable)
% Used Instances for Training: 222 (-unsolvable)
% Train with k-NN
% PAR10 on current test set: 25505.25 (24 instances)
% >>> 4-th iteration<<<
% Backup Solver: MapleCOMSPS_LRB_DRUP
% Input Instances for Training: 222 (-unsolvable)
% Used Instances for Training: 222 (-unsolvable)
% Train with k-NN
% PAR10 on current test set: 21489.65 (24 instances)
% >>> 5-th iteration<<<
% Backup Solver: MapleCOMSPS_LRB_DRUP
% Input Instances for Training: 221 (-unsolvable)
% Used Instances for Training: 221 (-unsolvable)
% Train with k-NN
% PAR10 on current test set: 18198.33 (25 instances)
% >>> 6-th iteration<<<
% Backup Solver: MapleCOMSPS_LRB_DRUP
% Input Instances for Training: 221 (-unsolvable)
% Used Instances for Training: 221 (-unsolvable)
% Train with k-NN
% PAR10 on current test set: 16540.23 (25 instances)
% >>> 7-th iteration<<<
% Backup Solver: MapleCOMSPS_LRB_DRUP
% Input Instances for Training: 221 (-unsolvable)
% Used Instances for Training: 221 (-unsolvable)
% Train with k-NN
% PAR10 on current test set: 20755.65 (25 instances)
% >>> 8-th iteration<<<
% Backup Solver: MapleCOMSPS_LRB_DRUP
% Input Instances for Training: 221 (-unsolvable)
% Used Instances for Training: 221 (-unsolvable)
% Train with k-NN
% PAR10 on current test set: 24612.19 (25 instances)
% >>> 9-th iteration<<<
% Backup Solver: MapleCOMSPS_LRB_DRUP
% Input Instances for Training: 221 (-unsolvable)
% Used Instances for Training: 221 (-unsolvable)
% Train with k-NN
% PAR10 on current test set: 24273.32 (25 instances)
% >>> 10-th iteration<<<
% Backup Solver: MapleCOMSPS_LRB_DRUP
% Input Instances for Training: 221 (-unsolvable)
% Used Instances for Training: 221 (-unsolvable)
% Train with k-NN
% PAR10 on current test set: 20588.22 (25 instances)
% 
%  >>> Instances: 246 <<<
%  >>> Oracle Evaluation (w/o unsolved) <<<
% 
% Unsolved (not by any algorithm and not by feature computation): 73
% PAR1 time: 1903.762399 (597.257516)
% Par10 time: 15257.124188 (596.835551)
% #TOs: 73 (0)
% 
%  >>> Cross Fold Evaluation <<<
% 
% Presolved: 0
% Prediction ties: 0
% >>>With Unsolvable Instances
% Timeouts (with unsolved): 106
% Solved (perc) (with unsolved): 0.5691
% PAR1 (with unsolved): 2653.75
% PAR10 (with unsolved): 22043.99
% >>>Without Unsolved Instances (depends on pre-solved in feature groups)
% Timeouts (without unsolved): 33
% Solved (perc) (without unsolved): 0.8092
% PAR1 (without unsolved): 1663.71
% PAR10 (without unsolved): 10247.53
% 
% Time used by each solver: {'abcdSAT_drup': 38938.079999999994, 'MapleGlucose': 0, 'gulch': 0, 'YALSAT03r': 0, 'glucose_hack_kiel_newScript': 26582.100000000002, 'cmsat5_autotune2': 11.44, 'glue_alt': 43256.32, 'BeansAndEggs': 0, 'glucose': 25133.970000000005, 'COMiniSatPSChandrasekharDRUP': 4968.65, 'MapleCMS': 19942.62, 'CHBR_glucose_tuned': 17115.42, 'Glucose_nbSat': 0.43, 'Riss6': 8900.740000000002, 'MapleCOMSPS_DRUP': 71646.05902680158, 'cmsat5_main2': 0, 'tc_glucose': 4929.69, 'CHBR_glucose': 1158.62, 'GHackCOMSPS_DRUP': 0, 'Splatz06vmain': 0, 'glueminisat.2210.81.main': 0, 'MapleCOMSPS_CHB_DRUP': 6084.29, 'MapleCOMSPS_LRB_DRUP': 224972.45369739714, 'tb_glucose': 20784.949999999997, 'Lingelingbbcmain': 125495.54000000004}
% Optimal Time used by each solver: {'abcdSAT_drup': 377999.37000000005, 'MapleGlucose': 3782.76, 'gulch': 121.99, 'YALSAT03r': 355.92001, 'glucose_hack_kiel_newScript': 10506.9, 'cmsat5_autotune2': 4559.91, 'glue_alt': 4002.1700100000003, 'BeansAndEggs': 68.81005000000002, 'glucose': 398.963523938398, 'COMiniSatPSChandrasekharDRUP': 919.6800000000001, 'MapleCMS': 12108.57, 'CHBR_glucose_tuned': 1111.99, 'Glucose_nbSat': 2143.41, 'Riss6': 543.4, 'MapleCOMSPS_DRUP': 4983.91327807641, 'cmsat5_main2': 2525.3250695926104, 'tc_glucose': 0, 'CHBR_glucose': 464.71000000000004, 'GHackCOMSPS_DRUP': 289.94000000000005, 'Splatz06vmain': 8149.830000000001, 'glueminisat.2210.81.main': 848.95, 'MapleCOMSPS_CHB_DRUP': 1284.94, 'MapleCOMSPS_LRB_DRUP': 13214.308322070328, 'tb_glucose': 10158.829999999998, 'Lingelingbbcmain': 7780.96}
% src/../binaries/runsolver -w /dev/null -M 6000 -W 1000 src/../binaries/gringo src/trainer/aspeed/enc/encoding-bounded-paper-Step1.lp /pfs/tc1/gscratch/hkashgar/flexfolio/SAT2016/models/7-core/ASPEEDn5aiXB.facts -c maxsolver=100 -c optMode=1 -c maxPreSlice=500 -c cores=7 -c featTime=500
% src/../binaries/runsolver -w /dev/null -M 6000 -W 1000 src/../binaries/clasp /pfs/tc1/gscratch/hkashgar/flexfolio/SAT2016/models/7-core/GROUNDvloyZm.gr --quiet=1,1
% 
% Schedule {1: {'claspfolio': 5000.0}, 2: {'claspfolio': 4107.0, 'tb_glucose': 893}, 3: {'claspfolio': 5000.0}, 4: {'claspfolio': 5000.0}, 5: {'claspfolio': 4020.0, 'MapleCMS': 715, 'MapleCOMSPS_CHB_DRUP': 265}, 6: {'claspfolio': 4030.0, 'Riss6': 401, 'BeansAndEggs': 569}, 7: {'MapleCOMSPS_DRUP': 19, 'glucose_hack_kiel_newScript': 18, 'cmsat5_main2': 10, 'tc_glucose': 16, 'abcdSAT_drup': 169, 'CHBR_glucose_tuned': 21, 'COMiniSatPSChandrasekharDRUP': 19, 'MapleCOMSPS_LRB_DRUP': 4, 'CHBR_glucose': 6, 'MapleGlucose': 12, 'Splatz06vmain': 6, 'gulch': 81, 'cmsat5_autotune2': 37, 'Glucose_nbSat': 12, 'glue_alt': 91, 'claspfolio': 4154.0, 'Lingelingbbcmain': 1, 'YALSAT03r': 301, 'glucose': 23}}
% 
% >>> End of Algorithm Scheduler <<<
% 
% Input Instances for Training: 246 (-unsolvable)
% Used Instances for Training: 246 (-unsolvable)
% Train with k-NN
% Pre-Solving schedule: {1: {'claspfolio': 5000.0}, 2: {'claspfolio': 4107.0, 'tb_glucose': 893}, 3: {'claspfolio': 5000.0}, 4: {'claspfolio': 5000.0}, 5: {'claspfolio': 4020.0, 'MapleCMS': 715, 'MapleCOMSPS_CHB_DRUP': 265}, 6: {'claspfolio': 4030.0, 'Riss6': 401, 'BeansAndEggs': 569}, 7: {'MapleCOMSPS_DRUP': 19, 'glucose_hack_kiel_newScript': 18, 'cmsat5_main2': 10, 'tc_glucose': 16, 'abcdSAT_drup': 169, 'CHBR_glucose_tuned': 21, 'COMiniSatPSChandrasekharDRUP': 19, 'MapleCOMSPS_LRB_DRUP': 4, 'CHBR_glucose': 6, 'MapleGlucose': 12, 'Splatz06vmain': 6, 'gulch': 81, 'cmsat5_autotune2': 37, 'Glucose_nbSat': 12, 'glue_alt': 91, 'claspfolio': 4154.0, 'Lingelingbbcmain': 1, 'YALSAT03r': 301, 'glucose': 23}}
% PAR10 on current test set: 20371.16 (28 instances)
% >>> 9-th iteration<<<
% Backup Solver: MapleCOMSPS_LRB_DRUP
% 
% >>> Algorithm Scheduler: Aspeed <<<
% 
% >>> 1-th iteration<<<
% Backup Solver: MapleCOMSPS_LRB_DRUP
% Input Instances for Training: 222 (-unsolvable)
% Used Instances for Training: 222 (-unsolvable)
% Train with k-NN
% PAR10 on current test set: 17180.04 (24 instances)
% >>> 2-th iteration<<<
% Backup Solver: MapleCOMSPS_LRB_DRUP
% Input Instances for Training: 222 (-unsolvable)
% Used Instances for Training: 222 (-unsolvable)
% Train with k-NN
% PAR10 on current test set: 25250.04 (24 instances)
% >>> 3-th iteration<<<
% Backup Solver: MapleCOMSPS_LRB_DRUP
% Input Instances for Training: 222 (-unsolvable)
% Used Instances for Training: 222 (-unsolvable)
% Train with k-NN
% PAR10 on current test set: 15149.50 (24 instances)
% >>> 4-th iteration<<<
% Backup Solver: MapleCOMSPS_LRB_DRUP
% Input Instances for Training: 222 (-unsolvable)
% Used Instances for Training: 222 (-unsolvable)
% Train with k-NN
% PAR10 on current test set: 17427.15 (24 instances)
% >>> 5-th iteration<<<
% Backup Solver: MapleCOMSPS_LRB_DRUP
% Input Instances for Training: 221 (-unsolvable)
% Used Instances for Training: 221 (-unsolvable)
% Train with k-NN
% PAR10 on current test set: 34129.36 (25 instances)
% >>> 6-th iteration<<<
% Backup Solver: MapleCOMSPS_LRB_DRUP
% Input Instances for Training: 221 (-unsolvable)
% Used Instances for Training: 221 (-unsolvable)
% Train with k-NN
% PAR10 on current test set: 20101.42 (25 instances)
% >>> 7-th iteration<<<
% Backup Solver: MapleCOMSPS_LRB_DRUP
% Input Instances for Training: 221 (-unsolvable)
% Used Instances for Training: 221 (-unsolvable)
% Train with k-NN
% PAR10 on current test set: 20690.32 (25 instances)
% >>> 8-th iteration<<<
% Backup Solver: MapleCOMSPS_LRB_DRUP
% Input Instances for Training: 221 (-unsolvable)
% Used Instances for Training: 221 (-unsolvable)
% Train with k-NN
% PAR10 on current test set: 24288.60 (25 instances)
% >>> 9-th iteration<<<
% Backup Solver: MapleCOMSPS_DRUP
% Input Instances for Training: 221 (-unsolvable)
% Used Instances for Training: 221 (-unsolvable)
% Train with k-NN
% PAR10 on current test set: 22545.44 (25 instances)
% >>> 10-th iteration<<<
% Backup Solver: MapleCOMSPS_LRB_DRUP
% Input Instances for Training: 221 (-unsolvable)
% Used Instances for Training: 221 (-unsolvable)
% Train with k-NN
% PAR10 on current test set: 26232.56 (25 instances)
% 
%  >>> Instances: 246 <<<
%  >>> Oracle Evaluation (w/o unsolved) <<<
% 
% Unsolved (not by any algorithm and not by feature computation): 73
% PAR1 time: 1911.404899 (608.124885)
% Par10 time: 15264.766688 (607.702920)
% #TOs: 73 (0)
% 
%  >>> Cross Fold Evaluation <<<
% 
% Presolved: 0
% Prediction ties: 0
% >>>With Unsolvable Instances
% Timeouts (with unsolved): 108
% Solved (perc) (with unsolved): 0.5610
% PAR1 (with unsolved): 2601.03
% PAR10 (with unsolved): 22357.13
% >>>Without Unsolved Instances (depends on pre-solved in feature groups)
% Timeouts (without unsolved): 35
% Solved (perc) (without unsolved): 0.7977
% PAR1 (without unsolved): 1588.75
% PAR10 (without unsolved): 10692.80
% 
% Time used by each solver: {'abcdSAT_drup': 31203.199999999997, 'MapleGlucose': 4997.509999999999, 'gulch': 3.02, 'YALSAT03r': 0, 'glucose_hack_kiel_newScript': 5140.320000000001, 'cmsat5_autotune2': 9503.109999999999, 'glue_alt': 14958.31, 'BeansAndEggs': 0, 'glucose': 33719.3, 'COMiniSatPSChandrasekharDRUP': 21722.730000000003, 'MapleCMS': 5085.830000000001, 'CHBR_glucose_tuned': 591.5, 'Glucose_nbSat': 0.43, 'Riss6': 35454.899999999994, 'MapleCOMSPS_DRUP': 216042.2552343447, 'cmsat5_main2': 9943.83, 'tc_glucose': 0, 'CHBR_glucose': 297.72, 'GHackCOMSPS_DRUP': 0, 'Splatz06vmain': 21369.89, 'glueminisat.2210.81.main': 0, 'MapleCOMSPS_CHB_DRUP': 0, 'MapleCOMSPS_LRB_DRUP': 152183.4830231847, 'tb_glucose': 15293.76, 'Lingelingbbcmain': 48727.6}
% Optimal Time used by each solver: {'abcdSAT_drup': 376736.78, 'MapleGlucose': 3782.76, 'gulch': 123.27, 'YALSAT03r': 39.500009999999996, 'glucose_hack_kiel_newScript': 10506.9, 'cmsat5_autotune2': 4559.91, 'glue_alt': 1977.6800099999998, 'BeansAndEggs': 2416.020040000001, 'glucose': 395.003523938398, 'COMiniSatPSChandrasekharDRUP': 961.4800000000001, 'MapleCMS': 14095.92, 'CHBR_glucose_tuned': 1111.99, 'Glucose_nbSat': 2143.41, 'Riss6': 580.6999999999999, 'MapleCOMSPS_DRUP': 5907.223278076411, 'cmsat5_main2': 876.47, 'tc_glucose': 0, 'CHBR_glucose': 464.71000000000004, 'GHackCOMSPS_DRUP': 392.16, 'Splatz06vmain': 10947.579999999998, 'glueminisat.2210.81.main': 692.48, 'MapleCOMSPS_CHB_DRUP': 1417.79, 'MapleCOMSPS_LRB_DRUP': 13751.438322070331, 'tb_glucose': 9526.71, 'Lingelingbbcmain': 6797.72}
% src/../binaries/runsolver -w /dev/null -M 6000 -W 1000 src/../binaries/gringo src/trainer/aspeed/enc/encoding-bounded-paper-Step1.lp /pfs/tc1/gscratch/hkashgar/flexfolio/SAT2016/models/7-core/ASPEEDRHPVrP.facts -c maxsolver=100 -c optMode=1 -c maxPreSlice=500 -c cores=7 -c featTime=500
% src/../binaries/runsolver -w /dev/null -M 6000 -W 1000 src/../binaries/clasp /pfs/tc1/gscratch/hkashgar/flexfolio/SAT2016/models/7-core/GROUNDhUSRQU.gr --quiet=1,1
% 
% Schedule {1: {'claspfolio': 5000.0}, 2: {'claspfolio': 4058.0, 'MapleGlucose': 942}, 3: {'claspfolio': 4475.0, 'Splatz06vmain': 525}, 4: {'claspfolio': 4500.0, 'glucose': 500.0}, 5: {'claspfolio': 4086.0, 'MapleCOMSPS_LRB_DRUP': 914}, 6: {'claspfolio': 4335.0, 'MapleCOMSPS_DRUP': 665}, 7: {'glucose_hack_kiel_newScript': 62.63048016701461, 'cmsat5_main2': 6.263048016701461, 'Riss6': 13.569937369519833, 'abcdSAT_drup': 36.53444676409186, 'CHBR_glucose_tuned': 21.920668058455114, 'COMiniSatPSChandrasekharDRUP': 19.832985386221296, 'MapleCMS': 53.23590814196242, 'CHBR_glucose': 12.526096033402922, 'GHackCOMSPS_DRUP': 4.175365344467641, 'gulch': 24.008350730688935, 'cmsat5_autotune2': 38.62212943632568, 'Glucose_nbSat': 22.964509394572026, 'MapleCOMSPS_CHB_DRUP': 4.175365344467641, 'glue_alt': 26.096033402922757, 'claspfolio': 4500.0, 'tc_glucose': 16.701461377870565, 'glueminisat.2210.81.main': 4.175365344467641, 'YALSAT03r': 99.16492693110646, 'tb_glucose': 15.657620041753653, 'BeansAndEggs': 10.438413361169102, 'Lingelingbbcmain': 7.306889352818372}}
% 
% >>> End of Algorithm Scheduler <<<
% 
% Input Instances for Training: 246 (-unsolvable)
% Used Instances for Training: 246 (-unsolvable)
% Train with k-NN
% Pre-Solving schedule: {1: {'claspfolio': 5000.0}, 2: {'claspfolio': 4058.0, 'MapleGlucose': 942}, 3: {'claspfolio': 4475.0, 'Splatz06vmain': 525}, 4: {'claspfolio': 4500.0, 'glucose': 500.0}, 5: {'claspfolio': 4086.0, 'MapleCOMSPS_LRB_DRUP': 914}, 6: {'claspfolio': 4335.0, 'MapleCOMSPS_DRUP': 665}, 7: {'glucose_hack_kiel_newScript': 62.63048016701461, 'cmsat5_main2': 6.263048016701461, 'Riss6': 13.569937369519833, 'abcdSAT_drup': 36.53444676409186, 'CHBR_glucose_tuned': 21.920668058455114, 'COMiniSatPSChandrasekharDRUP': 19.832985386221296, 'MapleCMS': 53.23590814196242, 'CHBR_glucose': 12.526096033402922, 'GHackCOMSPS_DRUP': 4.175365344467641, 'gulch': 24.008350730688935, 'cmsat5_autotune2': 38.62212943632568, 'Glucose_nbSat': 22.964509394572026, 'MapleCOMSPS_CHB_DRUP': 4.175365344467641, 'glue_alt': 26.096033402922757, 'claspfolio': 4500.0, 'tc_glucose': 16.701461377870565, 'glueminisat.2210.81.main': 4.175365344467641, 'YALSAT03r': 99.16492693110646, 'tb_glucose': 15.657620041753653, 'BeansAndEggs': 10.438413361169102, 'Lingelingbbcmain': 7.306889352818372}}
% PAR10 on current test set: 25537.69 (28 instances)
% >>> 10-th iteration<<<
% Backup Solver: MapleCOMSPS_LRB_DRUP
% 
% >>> Algorithm Scheduler: Aspeed <<<
% 
% >>> 1-th iteration<<<
% Backup Solver: MapleCOMSPS_LRB_DRUP
% Input Instances for Training: 222 (-unsolvable)
% Used Instances for Training: 222 (-unsolvable)
% Train with k-NN
% PAR10 on current test set: 21227.86 (24 instances)
% >>> 2-th iteration<<<
% Backup Solver: MapleCOMSPS_LRB_DRUP
% Input Instances for Training: 222 (-unsolvable)
% Used Instances for Training: 222 (-unsolvable)
% Train with k-NN
% PAR10 on current test set: 21337.14 (24 instances)
% >>> 3-th iteration<<<
% Backup Solver: MapleCOMSPS_DRUP
% Input Instances for Training: 222 (-unsolvable)
% Used Instances for Training: 222 (-unsolvable)
% Train with k-NN
% PAR10 on current test set: 17252.67 (24 instances)
% >>> 4-th iteration<<<
% Backup Solver: MapleCOMSPS_LRB_DRUP
% Input Instances for Training: 222 (-unsolvable)
% Used Instances for Training: 222 (-unsolvable)
% Train with k-NN
% PAR10 on current test set: 17036.88 (24 instances)
% >>> 5-th iteration<<<
% Backup Solver: MapleCOMSPS_DRUP
% Input Instances for Training: 221 (-unsolvable)
% Used Instances for Training: 221 (-unsolvable)
% Train with k-NN
% PAR10 on current test set: 20800.44 (25 instances)
% >>> 6-th iteration<<<
% Backup Solver: MapleCOMSPS_LRB_DRUP
% Input Instances for Training: 221 (-unsolvable)
% Used Instances for Training: 221 (-unsolvable)
% Train with k-NN
% PAR10 on current test set: 26513.35 (25 instances)
% >>> 7-th iteration<<<
% Backup Solver: MapleCOMSPS_LRB_DRUP
% Input Instances for Training: 221 (-unsolvable)
% Used Instances for Training: 221 (-unsolvable)
% Train with k-NN
% PAR10 on current test set: 22442.33 (25 instances)
% >>> 8-th iteration<<<
% Backup Solver: MapleCOMSPS_DRUP
% Input Instances for Training: 221 (-unsolvable)
% Used Instances for Training: 221 (-unsolvable)
% Train with k-NN
% PAR10 on current test set: 26156.76 (25 instances)
% >>> 9-th iteration<<<
% Backup Solver: MapleCOMSPS_LRB_DRUP
% Input Instances for Training: 221 (-unsolvable)
% Used Instances for Training: 221 (-unsolvable)
% Train with k-NN
% PAR10 on current test set: 20492.30 (25 instances)
% >>> 10-th iteration<<<
% Backup Solver: MapleCOMSPS_LRB_DRUP
% Input Instances for Training: 221 (-unsolvable)
% Used Instances for Training: 221 (-unsolvable)
% Train with k-NN
% PAR10 on current test set: 20392.78 (25 instances)
% 
%  >>> Instances: 246 <<<
%  >>> Oracle Evaluation (w/o unsolved) <<<
% 
% Unsolved (not by any algorithm and not by feature computation): 70
% PAR1 time: 1861.883911 (613.769557)
% Par10 time: 14666.477407 (613.371830)
% #TOs: 70 (0)
% 
%  >>> Cross Fold Evaluation <<<
% 
% Presolved: 0
% Prediction ties: 0
% >>>With Unsolvable Instances
% Timeouts (with unsolved): 103
% Solved (perc) (with unsolved): 0.5813
% PAR1 (with unsolved): 2558.77
% PAR10 (with unsolved): 21400.24
% >>>Without Unsolved Instances (depends on pre-solved in feature groups)
% Timeouts (without unsolved): 33
% Solved (perc) (without unsolved): 0.8125
% PAR1 (without unsolved): 1587.83
% PAR10 (without unsolved): 10025.33
% 
% Time used by each solver: {'abcdSAT_drup': 9552.610000000002, 'MapleGlucose': 0, 'gulch': 0, 'YALSAT03r': 0, 'glucose_hack_kiel_newScript': 15096.71, 'cmsat5_autotune2': 0, 'glue_alt': 32037.379999999997, 'BeansAndEggs': 0, 'glucose': 28573.109999999997, 'COMiniSatPSChandrasekharDRUP': 29828.29, 'MapleCMS': 11573.83, 'CHBR_glucose_tuned': 4975.54, 'Glucose_nbSat': 0, 'Riss6': 52648.46000000001, 'MapleCOMSPS_DRUP': 117457.82414292404, 'cmsat5_main2': 0, 'tc_glucose': 0, 'CHBR_glucose': 297.72, 'GHackCOMSPS_DRUP': 0, 'Splatz06vmain': 49035.939999999995, 'glueminisat.2210.81.main': 0, 'MapleCOMSPS_CHB_DRUP': 0, 'MapleCOMSPS_LRB_DRUP': 147398.74151672114, 'tb_glucose': 38317.549999999996, 'Lingelingbbcmain': 79624.56999999998}
% Optimal Time used by each solver: {'abcdSAT_drup': 362996.37000000005, 'MapleGlucose': 3734.8, 'gulch': 123.27, 'YALSAT03r': 335.89000999999996, 'glucose_hack_kiel_newScript': 10506.9, 'cmsat5_autotune2': 4559.91, 'glue_alt': 3894.16, 'BeansAndEggs': 2417.760050000001, 'glucose': 23.7, 'COMiniSatPSChandrasekharDRUP': 1045.22, 'MapleCMS': 13001.1, 'CHBR_glucose_tuned': 1111.99, 'Glucose_nbSat': 2143.41, 'Riss6': 580.6999999999999, 'MapleCOMSPS_DRUP': 5910.04327807641, 'cmsat5_main2': 2525.3250695926104, 'tc_glucose': 0, 'CHBR_glucose': 464.71000000000004, 'GHackCOMSPS_DRUP': 390.0, 'Splatz06vmain': 10743.609999999999, 'glueminisat.2210.81.main': 620.74, 'MapleCOMSPS_CHB_DRUP': 1417.79, 'MapleCOMSPS_LRB_DRUP': 11211.09368349741, 'tb_glucose': 10344.47, 'Lingelingbbcmain': 7920.4800000000005}
% src/../binaries/runsolver -w /dev/null -M 6000 -W 1000 src/../binaries/gringo src/trainer/aspeed/enc/encoding-bounded-paper-Step1.lp /pfs/tc1/gscratch/hkashgar/flexfolio/SAT2016/models/7-core/ASPEEDgUwtqx.facts -c maxsolver=100 -c optMode=1 -c maxPreSlice=500 -c cores=7 -c featTime=500
% src/../binaries/runsolver -w /dev/null -M 6000 -W 1000 src/../binaries/clasp /pfs/tc1/gscratch/hkashgar/flexfolio/SAT2016/models/7-core/GROUNDu78MQr.gr --quiet=1,1
% 
% Schedule {1: {'claspfolio': 5000.0}, 2: {'claspfolio': 5000.0}, 3: {'claspfolio': 4051.0, 'cmsat5_autotune2': 949}, 4: {'claspfolio': 4500.0, 'MapleCOMSPS_LRB_DRUP': 500.0}, 5: {'claspfolio': 4067.0, 'MapleCMS': 933}, 6: {'claspfolio': 5000.0}, 7: {'MapleCOMSPS_DRUP': 5, 'glucose_hack_kiel_newScript': 248, 'cmsat5_main2': 2, 'Riss6': 14, 'abcdSAT_drup': 515, 'CHBR_glucose_tuned': 8, 'COMiniSatPSChandrasekharDRUP': 19, 'CHBR_glucose': 3, 'MapleGlucose': 12, 'Splatz06vmain': 1, 'gulch': 23, 'glueminisat.2210.81.main': 1, 'Glucose_nbSat': 10, 'glue_alt': 67, 'claspfolio': 4033.0, 'tc_glucose': 4, 'Lingelingbbcmain': 1, 'YALSAT03r': 10, 'BeansAndEggs': 1, 'glucose': 23}}
% 
% >>> End of Algorithm Scheduler <<<
% 
% Input Instances for Training: 246 (-unsolvable)
% Used Instances for Training: 246 (-unsolvable)
% Train with k-NN
% Pre-Solving schedule: {1: {'claspfolio': 5000.0}, 2: {'claspfolio': 5000.0}, 3: {'claspfolio': 4051.0, 'cmsat5_autotune2': 949}, 4: {'claspfolio': 4500.0, 'MapleCOMSPS_LRB_DRUP': 500.0}, 5: {'claspfolio': 4067.0, 'MapleCMS': 933}, 6: {'claspfolio': 5000.0}, 7: {'MapleCOMSPS_DRUP': 5, 'glucose_hack_kiel_newScript': 248, 'cmsat5_main2': 2, 'Riss6': 14, 'abcdSAT_drup': 515, 'CHBR_glucose_tuned': 8, 'COMiniSatPSChandrasekharDRUP': 19, 'CHBR_glucose': 3, 'MapleGlucose': 12, 'Splatz06vmain': 1, 'gulch': 23, 'glueminisat.2210.81.main': 1, 'Glucose_nbSat': 10, 'glue_alt': 67, 'claspfolio': 4033.0, 'tc_glucose': 4, 'Lingelingbbcmain': 1, 'YALSAT03r': 10, 'BeansAndEggs': 1, 'glucose': 23}}
% PAR10 on current test set: 21952.91 (28 instances)
% 
%  >>> Instances: 274 <<<
%  >>> Oracle Evaluation (w/o unsolved) <<<
% 
% Unsolved (not by any algorithm and not by feature computation): 82
% PAR1 time: 1917.963687 (601.677345)
% Par10 time: 15384.817702 (601.250262)
% #TOs: 82 (0)
% 
%  >>> Cross Fold Evaluation <<<
% 
% Presolved: 0
% Prediction ties: 0
% >>>With Unsolvable Instances
% Timeouts (with unsolved): 114
% Solved (perc) (with unsolved): 0.5839
% PAR1 (with unsolved): 2606.47
% PAR10 (with unsolved): 21329.10
% >>>Without Unsolved Instances (depends on pre-solved in feature groups)
% Timeouts (without unsolved): 32
% Solved (perc) (without unsolved): 0.8333
% PAR1 (without unsolved): 1584.23
% PAR10 (without unsolved): 9084.23
% 
% Time used by each solver: {'abcdSAT_drup': 73297.06631271735, 'MapleGlucose': 30176.01767123287, 'gulch': 11851.186349687623, 'YALSAT03r': 17624.33668648754, 'glucose_hack_kiel_newScript': 31713.42172981414, 'cmsat5_autotune2': 27326.198687763328, 'glue_alt': 72447.85682800021, 'BeansAndEggs': 22648.44896271777, 'glucose': 79949.55041891555, 'COMiniSatPSChandrasekharDRUP': 17269.173770671423, 'MapleCMS': 129798.55287412622, 'CHBR_glucose_tuned': 13773.257312781558, 'Glucose_nbSat': 2128.4066921223266, 'Riss6': 65567.04132791865, 'MapleCOMSPS_DRUP': 153115.652517104, 'cmsat5_main2': 911.5113927042901, 'tc_glucose': 1130.9782660825347, 'CHBR_glucose': 7074.260826694094, 'GHackCOMSPS_DRUP': 17935.99850066428, 'Splatz06vmain': 74150.74270007892, 'glueminisat.2210.81.main': 139.73486430062627, 'MapleCOMSPS_CHB_DRUP': 11316.511227936986, 'MapleCOMSPS_LRB_DRUP': 198038.8032437968, 'tb_glucose': 36321.66603607325, 'Lingelingbbcmain': 114230.57185044634}
% Optimal Time used by each solver: {'abcdSAT_drup': 423008.37000000005, 'MapleGlucose': 3782.76, 'gulch': 123.27, 'YALSAT03r': 355.92001, 'glucose_hack_kiel_newScript': 10506.9, 'cmsat5_autotune2': 4559.91, 'glue_alt': 4002.1700100000003, 'BeansAndEggs': 2417.760050000001, 'glucose': 398.963523938398, 'COMiniSatPSChandrasekharDRUP': 1045.22, 'MapleCMS': 16826.120000000003, 'CHBR_glucose_tuned': 1111.99, 'Glucose_nbSat': 2143.41, 'Riss6': 580.6999999999999, 'MapleCOMSPS_DRUP': 5910.04327807641, 'cmsat5_main2': 2525.3250695926104, 'tc_glucose': 0, 'CHBR_glucose': 464.71000000000004, 'GHackCOMSPS_DRUP': 392.16, 'Splatz06vmain': 10947.58, 'glueminisat.2210.81.main': 848.95, 'MapleCOMSPS_CHB_DRUP': 1417.79, 'MapleCOMSPS_LRB_DRUP': 13765.828322070329, 'tb_glucose': 10344.47, 'Lingelingbbcmain': 8041.7300000000005}
